<?xml version="1.0" encoding="UTF-8" ?>
<testsuite tests="4" failures="4" name="com.everhomes.test.junit.version.GetUpgradeInfoExceptionTest" time="0.013" errors="0" skipped="0">
  <properties>
    <property name="idea.version" value="2016.1.3"/>
    <property name="java.runtime.name" value="Java(TM) SE Runtime Environment"/>
    <property name="sun.boot.library.path" value="/Library/Java/JavaVirtualMachines/jdk1.8.0_92.jdk/Contents/Home/jre/lib"/>
    <property name="java.vm.version" value="25.92-b14"/>
    <property name="gopherProxySet" value="false"/>
    <property name="java.vm.vendor" value="Oracle Corporation"/>
    <property name="java.vendor.url" value="http://java.oracle.com/"/>
    <property name="path.separator" value=":"/>
    <property name="guice.disable.misplaced.annotation.check" value="true"/>
    <property name="java.vm.name" value="Java HotSpot(TM) 64-Bit Server VM"/>
    <property name="file.encoding.pkg" value="sun.io"/>
    <property name="idea.launcher.port" value="7532"/>
    <property name="user.country" value="CN"/>
    <property name="sun.java.launcher" value="SUN_STANDARD"/>
    <property name="sun.os.patch.level" value="unknown"/>
    <property name="java.vm.specification.name" value="Java Virtual Machine Specification"/>
    <property name="user.dir" value="/Users/wuhan/workspace/ehnextgen/ehtest-integration"/>
    <property name="java.runtime.version" value="1.8.0_92-b14"/>
    <property name="java.awt.graphicsenv" value="sun.awt.CGraphicsEnvironment"/>
    <property name="java.endorsed.dirs" value="/Library/Java/JavaVirtualMachines/jdk1.8.0_92.jdk/Contents/Home/jre/lib/endorsed"/>
    <property name="os.arch" value="x86_64"/>
    <property name="java.io.tmpdir" value="/var/folders/bb/zz9n79kd7dgg67_c9rrkrdlc0000gn/T/"/>
    <property name="line.separator" value="
"/>
    <property name="java.vm.specification.vendor" value="Oracle Corporation"/>
    <property name="os.name" value="Mac OS X"/>
    <property name="classworlds.conf" value="/Applications/IntelliJ IDEA.app/Contents/plugins/maven/lib/maven3/bin/m2.conf"/>
    <property name="sun.jnu.encoding" value="UTF-8"/>
    <property name="java.library.path" value="/Users/wuhan/Library/Java/Extensions:/Library/Java/Extensions:/Network/Library/Java/Extensions:/System/Library/Java/Extensions:/usr/lib/java:."/>
    <property name="java.specification.name" value="Java Platform API Specification"/>
    <property name="java.class.version" value="52.0"/>
    <property name="sun.management.compiler" value="HotSpot 64-Bit Tiered Compilers"/>
    <property name="maven.repo.local" value="/Users/wuhan/.m2/repository"/>
    <property name="os.version" value="10.12"/>
    <property name="http.nonProxyHosts" value="local„ÄÅ169.254/16|*.local„ÄÅ169.254/16"/>
    <property name="user.home" value="/Users/wuhan"/>
    <property name="user.timezone" value="Asia/Shanghai"/>
    <property name="java.awt.printerjob" value="sun.lwawt.macosx.CPrinterJob"/>
    <property name="java.specification.version" value="1.8"/>
    <property name="idea.launcher.bin.path" value="/Applications/IntelliJ IDEA.app/Contents/bin"/>
    <property name="file.encoding" value="UTF-8"/>
    <property name="user.name" value="wuhan"/>
    <property name="java.class.path" value="/Applications/IntelliJ IDEA.app/Contents/plugins/maven/lib/maven3/boot/plexus-classworlds-2.4.jar:/Applications/IntelliJ IDEA.app/Contents/lib/idea_rt.jar"/>
    <property name="java.vm.specification.version" value="1.8"/>
    <property name="sun.arch.data.model" value="64"/>
    <property name="java.home" value="/Library/Java/JavaVirtualMachines/jdk1.8.0_92.jdk/Contents/Home/jre"/>
    <property name="sun.java.command" value="com.intellij.rt.execution.application.AppMain org.codehaus.classworlds.Launcher -Didea.version=2016.1.3 -s /Users/wuhan/.m2/everhome.settings.xml -Dmaven.repo.local=/Users/wuhan/.m2/repository clean install -P !U"/>
    <property name="java.specification.vendor" value="Oracle Corporation"/>
    <property name="user.language" value="zh"/>
    <property name="awt.toolkit" value="sun.lwawt.macosx.LWCToolkit"/>
    <property name="java.vm.info" value="mixed mode"/>
    <property name="java.version" value="1.8.0_92"/>
    <property name="java.ext.dirs" value="/Users/wuhan/Library/Java/Extensions:/Library/Java/JavaVirtualMachines/jdk1.8.0_92.jdk/Contents/Home/jre/lib/ext:/Library/Java/Extensions:/Network/Library/Java/Extensions:/System/Library/Java/Extensions:/usr/lib/java"/>
    <property name="sun.boot.class.path" value="/Library/Java/JavaVirtualMachines/jdk1.8.0_92.jdk/Contents/Home/jre/lib/resources.jar:/Library/Java/JavaVirtualMachines/jdk1.8.0_92.jdk/Contents/Home/jre/lib/rt.jar:/Library/Java/JavaVirtualMachines/jdk1.8.0_92.jdk/Contents/Home/jre/lib/sunrsasign.jar:/Library/Java/JavaVirtualMachines/jdk1.8.0_92.jdk/Contents/Home/jre/lib/jsse.jar:/Library/Java/JavaVirtualMachines/jdk1.8.0_92.jdk/Contents/Home/jre/lib/jce.jar:/Library/Java/JavaVirtualMachines/jdk1.8.0_92.jdk/Contents/Home/jre/lib/charsets.jar:/Library/Java/JavaVirtualMachines/jdk1.8.0_92.jdk/Contents/Home/jre/lib/jfr.jar:/Library/Java/JavaVirtualMachines/jdk1.8.0_92.jdk/Contents/Home/jre/classes"/>
    <property name="java.vendor" value="Oracle Corporation"/>
    <property name="maven.home" value="/Applications/IntelliJ IDEA.app/Contents/plugins/maven/lib/maven3"/>
    <property name="file.separator" value="/"/>
    <property name="java.vendor.url.bug" value="http://bugreport.sun.com/bugreport/"/>
    <property name="sun.cpu.endian" value="little"/>
    <property name="sun.io.unicode.encoding" value="UnicodeBig"/>
    <property name="socksNonProxyHosts" value="local„ÄÅ169.254/16|*.local„ÄÅ169.254/16"/>
    <property name="ftp.nonProxyHosts" value="local„ÄÅ169.254/16|*.local„ÄÅ169.254/16"/>
    <property name="sun.cpu.isalist" value=""/>
  </properties>
  <testcase classname="com.everhomes.test.junit.version.GetUpgradeInfoExceptionTest" name="testEmptyRealm" time="0.001">
    <failure message="expected:&lt;[general]&gt; but was:&lt;[HTTP]&gt;" type="junit.framework.ComparisonFailure">junit.framework.ComparisonFailure: expected:&lt;[general]&gt; but was:&lt;[HTTP]&gt;
	at junit.framework.Assert.assertEquals(Assert.java:100)
	at junit.framework.Assert.assertEquals(Assert.java:107)
	at junit.framework.TestCase.assertEquals(TestCase.java:269)
	at com.everhomes.test.junit.version.GetUpgradeInfoExceptionTest.testEmptyRealm(GetUpgradeInfoExceptionTest.java:51)
	at sun.reflect.NativeMethodAccessorImpl.invoke0(Native Method)
	at sun.reflect.NativeMethodAccessorImpl.invoke(NativeMethodAccessorImpl.java:62)
	at sun.reflect.DelegatingMethodAccessorImpl.invoke(DelegatingMethodAccessorImpl.java:43)
	at java.lang.reflect.Method.invoke(Method.java:498)
	at org.junit.runners.model.FrameworkMethod$1.runReflectiveCall(FrameworkMethod.java:47)
	at org.junit.internal.runners.model.ReflectiveCallable.run(ReflectiveCallable.java:12)
	at org.junit.runners.model.FrameworkMethod.invokeExplosively(FrameworkMethod.java:44)
	at org.junit.internal.runners.statements.InvokeMethod.evaluate(InvokeMethod.java:17)
	at org.junit.internal.runners.statements.RunBefores.evaluate(RunBefores.java:26)
	at org.springframework.test.context.junit4.statements.RunBeforeTestMethodCallbacks.evaluate(RunBeforeTestMethodCallbacks.java:74)
	at org.junit.internal.runners.statements.RunAfters.evaluate(RunAfters.java:27)
	at org.springframework.test.context.junit4.statements.RunAfterTestMethodCallbacks.evaluate(RunAfterTestMethodCallbacks.java:83)
	at org.springframework.test.context.junit4.statements.SpringRepeat.evaluate(SpringRepeat.java:72)
	at org.springframework.test.context.junit4.SpringJUnit4ClassRunner.runChild(SpringJUnit4ClassRunner.java:233)
	at org.springframework.test.context.junit4.SpringJUnit4ClassRunner.runChild(SpringJUnit4ClassRunner.java:87)
	at org.junit.runners.ParentRunner$3.run(ParentRunner.java:238)
	at org.junit.runners.ParentRunner$1.schedule(ParentRunner.java:63)
	at org.junit.runners.ParentRunner.runChildren(ParentRunner.java:236)
	at org.junit.runners.ParentRunner.access$000(ParentRunner.java:53)
	at org.junit.runners.ParentRunner$2.evaluate(ParentRunner.java:229)
	at org.springframework.test.context.junit4.statements.RunBeforeTestClassCallbacks.evaluate(RunBeforeTestClassCallbacks.java:61)
	at org.springframework.test.context.junit4.statements.RunAfterTestClassCallbacks.evaluate(RunAfterTestClassCallbacks.java:71)
	at org.junit.runners.ParentRunner.run(ParentRunner.java:309)
	at org.springframework.test.context.junit4.SpringJUnit4ClassRunner.run(SpringJUnit4ClassRunner.java:176)
	at org.apache.maven.surefire.junit4.JUnit4TestSet.execute(JUnit4TestSet.java:53)
	at org.apache.maven.surefire.junit4.JUnit4Provider.executeTestSet(JUnit4Provider.java:123)
	at org.apache.maven.surefire.junit4.JUnit4Provider.invoke(JUnit4Provider.java:104)
	at sun.reflect.NativeMethodAccessorImpl.invoke0(Native Method)
	at sun.reflect.NativeMethodAccessorImpl.invoke(NativeMethodAccessorImpl.java:62)
	at sun.reflect.DelegatingMethodAccessorImpl.invoke(DelegatingMethodAccessorImpl.java:43)
	at java.lang.reflect.Method.invoke(Method.java:498)
	at org.apache.maven.surefire.util.ReflectionUtils.invokeMethodWithArray(ReflectionUtils.java:164)
	at org.apache.maven.surefire.booter.ProviderFactory$ProviderProxy.invoke(ProviderFactory.java:110)
	at org.apache.maven.surefire.booter.SurefireStarter.invokeProvider(SurefireStarter.java:175)
	at org.apache.maven.surefire.booter.SurefireStarter.runSuitesInProcessWhenForked(SurefireStarter.java:107)
	at org.apache.maven.surefire.booter.ForkedBooter.main(ForkedBooter.java:68)
</failure>
    <system-out>13:29:22.526 [main] DEBUG o.s.t.c.s.DirtiesContextTestExecutionListener - After test class: context [DefaultTestContext@5ba4ae3a testClass = UserInfoTest, testInstance = [null], testMethod = [null], testException = [null], mergedContextConfiguration = [MergedContextConfiguration@439afc1b testClass = UserInfoTest, locations = &apos;{}&apos;, classes = &apos;{class com.everhomes.test.core.base.BaseServerConfig, class com.everhomes.test.core.persist.PersistConfig, class com.everhomes.test.core.redis.RedisConfig}&apos;, contextInitializerClasses = &apos;[]&apos;, activeProfiles = &apos;{}&apos;, contextLoader = &apos;org.springframework.test.context.support.AnnotationConfigContextLoader&apos;, parent = [null]]], dirtiesContext [false].
13:29:22.526 [main] DEBUG o.s.t.c.j.SpringJUnit4ClassRunner - SpringJUnit4ClassRunner constructor called with [class com.everhomes.test.junit.version.GetUpgradeInfoExceptionTest].
13:29:22.527 [main] DEBUG o.s.test.context.ContextLoaderUtils - Found explicit ContextLoader class [org.springframework.test.context.support.AnnotationConfigContextLoader] for context configuration attributes [ContextConfigurationAttributes@d90cf9c declaringClass = &apos;com.everhomes.test.core.base.BaseServerTestCase&apos;, classes = &apos;{class com.everhomes.test.core.base.BaseServerConfig, class com.everhomes.test.core.persist.PersistConfig, class com.everhomes.test.core.redis.RedisConfig}&apos;, locations = &apos;{}&apos;, inheritLocations = true, initializers = &apos;{}&apos;, inheritInitializers = true, name = [null], contextLoaderClass = &apos;org.springframework.test.context.support.AnnotationConfigContextLoader&apos;]
13:29:22.527 [main] DEBUG o.s.test.context.ContextLoaderUtils - Could not find an &apos;annotation declaring class&apos; for annotation type [org.springframework.test.context.ActiveProfiles] and class [com.everhomes.test.junit.version.GetUpgradeInfoExceptionTest]
13:29:22.527 [main] DEBUG o.s.test.context.TestContextManager - @TestExecutionListeners is not present for class [com.everhomes.test.junit.version.GetUpgradeInfoExceptionTest]: using defaults.
13:29:22.527 [main] DEBUG o.s.t.annotation.ProfileValueUtils - Retrieved @ProfileValueSourceConfiguration [null] for test class [com.everhomes.test.junit.version.GetUpgradeInfoExceptionTest]
13:29:22.527 [main] DEBUG o.s.t.annotation.ProfileValueUtils - Retrieved ProfileValueSource type [class org.springframework.test.annotation.SystemProfileValueSource] for class [com.everhomes.test.junit.version.GetUpgradeInfoExceptionTest]
13:29:22.527 [main] DEBUG o.s.t.annotation.ProfileValueUtils - Retrieved @ProfileValueSourceConfiguration [null] for test class [com.everhomes.test.junit.version.GetUpgradeInfoExceptionTest]
13:29:22.527 [main] DEBUG o.s.t.annotation.ProfileValueUtils - Retrieved ProfileValueSource type [class org.springframework.test.annotation.SystemProfileValueSource] for class [com.everhomes.test.junit.version.GetUpgradeInfoExceptionTest]
13:29:22.527 [main] DEBUG o.s.t.annotation.ProfileValueUtils - Retrieved @ProfileValueSourceConfiguration [null] for test class [com.everhomes.test.junit.version.GetUpgradeInfoExceptionTest]
13:29:22.527 [main] DEBUG o.s.t.annotation.ProfileValueUtils - Retrieved ProfileValueSource type [class org.springframework.test.annotation.SystemProfileValueSource] for class [com.everhomes.test.junit.version.GetUpgradeInfoExceptionTest]
13:29:22.527 [main] DEBUG o.s.t.c.s.DependencyInjectionTestExecutionListener - Performing dependency injection for test context [[DefaultTestContext@dd53dd9 testClass = GetUpgradeInfoExceptionTest, testInstance = null(com.everhomes.test.junit.version.GetUpgradeInfoExceptionTest), testMethod = [null], testException = [null], mergedContextConfiguration = [MergedContextConfiguration@1b3f8d20 testClass = GetUpgradeInfoExceptionTest, locations = &apos;{}&apos;, classes = &apos;{class com.everhomes.test.core.base.BaseServerConfig, class com.everhomes.test.core.persist.PersistConfig, class com.everhomes.test.core.redis.RedisConfig}&apos;, contextInitializerClasses = &apos;[]&apos;, activeProfiles = &apos;{}&apos;, contextLoader = &apos;org.springframework.test.context.support.AnnotationConfigContextLoader&apos;, parent = [null]]]].
13:29:22.527 [main] DEBUG o.s.t.c.CacheAwareContextLoaderDelegate - Retrieved ApplicationContext from cache with key [[MergedContextConfiguration@1b3f8d20 testClass = GetUpgradeInfoExceptionTest, locations = &apos;{}&apos;, classes = &apos;{class com.everhomes.test.core.base.BaseServerConfig, class com.everhomes.test.core.persist.PersistConfig, class com.everhomes.test.core.redis.RedisConfig}&apos;, contextInitializerClasses = &apos;[]&apos;, activeProfiles = &apos;{}&apos;, contextLoader = &apos;org.springframework.test.context.support.AnnotationConfigContextLoader&apos;, parent = [null]]]
13:29:22.527 [main] DEBUG o.springframework.test.context.cache - Spring test ApplicationContext cache statistics: [ContextCache@5d8445d7 size = 1, hitCount = 470, missCount = 1, parentContextCount = 0]
13:29:22.527 [main] DEBUG o.s.b.f.annotation.InjectionMetadata - Processing injected method of bean &apos;com.everhomes.test.junit.version.GetUpgradeInfoExceptionTest&apos;: AutowiredFieldElement for private com.everhomes.test.core.http.HttpClientService com.everhomes.test.junit.version.GetUpgradeInfoExceptionTest.httpClientService
13:29:22.527 [main] DEBUG o.s.b.f.s.DefaultListableBeanFactory - Creating instance of bean &apos;httpClientServiceImpl&apos;
13:29:22.528 [main] DEBUG o.s.b.f.annotation.InjectionMetadata - Processing injected method of bean &apos;httpClientServiceImpl&apos;: AutowiredFieldElement for private java.lang.String com.everhomes.test.core.http.HttpClientServiceImpl.serverContextPath
13:29:22.528 [main] DEBUG o.s.c.e.PropertySourcesPropertyResolver - Searching for key &apos;server.contextPath:&apos; in [environmentProperties]
13:29:22.528 [main] DEBUG o.s.c.e.PropertySourcesPropertyResolver - Searching for key &apos;server.contextPath:&apos; in [systemProperties]
13:29:22.528 [main] DEBUG o.s.c.e.PropertySourcesPropertyResolver - Searching for key &apos;server.contextPath:&apos; in [systemEnvironment]
13:29:22.528 [main] DEBUG o.s.c.e.PropertySourcesPropertyResolver - Searching for key &apos;server.contextPath:&apos; in [class path resource [config/ehcore.properties]]
13:29:22.528 [main] DEBUG o.s.c.e.PropertySourcesPropertyResolver - Could not find key &apos;server.contextPath:&apos; in any property source. Returning [null]
13:29:22.528 [main] DEBUG o.s.c.e.PropertySourcesPropertyResolver - Searching for key &apos;server.contextPath:&apos; in [localProperties]
13:29:22.528 [main] DEBUG o.s.c.e.PropertySourcesPropertyResolver - Could not find key &apos;server.contextPath:&apos; in any property source. Returning [null]
13:29:22.528 [main] DEBUG o.s.c.e.PropertySourcesPropertyResolver - Searching for key &apos;server.contextPath&apos; in [environmentProperties]
13:29:22.528 [main] DEBUG o.s.c.e.PropertySourcesPropertyResolver - Searching for key &apos;server.contextPath&apos; in [systemProperties]
13:29:22.528 [main] DEBUG o.s.c.e.PropertySourcesPropertyResolver - Searching for key &apos;server.contextPath&apos; in [systemEnvironment]
13:29:22.528 [main] DEBUG o.s.c.e.PropertySourcesPropertyResolver - Searching for key &apos;server.contextPath&apos; in [class path resource [config/ehcore.properties]]
13:29:22.528 [main] DEBUG o.s.c.e.PropertySourcesPropertyResolver - Found key &apos;server.contextPath&apos; in [class path resource [config/ehcore.properties]] with type [String] and value &apos;/evh&apos;
13:29:22.528 [main] DEBUG o.s.c.e.PropertySourcesPropertyResolver - Found key &apos;server.contextPath&apos; in [environmentProperties] with type [String] and value &apos;/evh&apos;
13:29:22.528 [main] DEBUG o.s.b.f.annotation.InjectionMetadata - Processing injected method of bean &apos;httpClientServiceImpl&apos;: AutowiredFieldElement for private java.lang.String com.everhomes.test.core.http.HttpClientServiceImpl.serverAddress
13:29:22.528 [main] DEBUG o.s.c.e.PropertySourcesPropertyResolver - Searching for key &apos;server.address:&apos; in [environmentProperties]
13:29:22.528 [main] DEBUG o.s.c.e.PropertySourcesPropertyResolver - Searching for key &apos;server.address:&apos; in [systemProperties]
13:29:22.528 [main] DEBUG o.s.c.e.PropertySourcesPropertyResolver - Searching for key &apos;server.address:&apos; in [systemEnvironment]
13:29:22.528 [main] DEBUG o.s.c.e.PropertySourcesPropertyResolver - Searching for key &apos;server.address:&apos; in [class path resource [config/ehcore.properties]]
13:29:22.528 [main] DEBUG o.s.c.e.PropertySourcesPropertyResolver - Could not find key &apos;server.address:&apos; in any property source. Returning [null]
13:29:22.528 [main] DEBUG o.s.c.e.PropertySourcesPropertyResolver - Searching for key &apos;server.address:&apos; in [localProperties]
13:29:22.528 [main] DEBUG o.s.c.e.PropertySourcesPropertyResolver - Could not find key &apos;server.address:&apos; in any property source. Returning [null]
13:29:22.528 [main] DEBUG o.s.c.e.PropertySourcesPropertyResolver - Searching for key &apos;server.address&apos; in [environmentProperties]
13:29:22.528 [main] DEBUG o.s.c.e.PropertySourcesPropertyResolver - Searching for key &apos;server.address&apos; in [systemProperties]
13:29:22.528 [main] DEBUG o.s.c.e.PropertySourcesPropertyResolver - Searching for key &apos;server.address&apos; in [systemEnvironment]
13:29:22.528 [main] DEBUG o.s.c.e.PropertySourcesPropertyResolver - Searching for key &apos;server.address&apos; in [class path resource [config/ehcore.properties]]
13:29:22.528 [main] DEBUG o.s.c.e.PropertySourcesPropertyResolver - Found key &apos;server.address&apos; in [class path resource [config/ehcore.properties]] with type [String] and value &apos;http://127.0.0.1:8080&apos;
13:29:22.528 [main] DEBUG o.s.c.e.PropertySourcesPropertyResolver - Found key &apos;server.address&apos; in [environmentProperties] with type [String] and value &apos;http://127.0.0.1:8080&apos;
13:29:22.528 [main] DEBUG o.s.c.a.CommonAnnotationBeanPostProcessor - Invoking init method on bean &apos;httpClientServiceImpl&apos;: private org.apache.http.impl.client.CloseableHttpClient com.everhomes.test.core.http.HttpClientServiceImpl.openHttpClient()
13:29:22.529 [main] DEBUG o.s.b.f.s.DefaultListableBeanFactory - Finished creating instance of bean &apos;httpClientServiceImpl&apos;
13:29:22.529 [main] DEBUG o.a.h.c.protocol.RequestAddCookies - CookieSpec selected: best-match
13:29:22.529 [main] DEBUG o.a.h.c.protocol.RequestAuthCache - Auth cache not set in the context
13:29:22.529 [main] DEBUG o.a.h.i.c.PoolingHttpClientConnectionManager - Connection request: [route: {}-&gt;http://127.0.0.1:8080][total kept alive: 0; route allocated: 0 of 2; total allocated: 0 of 20]
13:29:22.529 [main] DEBUG o.a.h.i.c.PoolingHttpClientConnectionManager - Connection leased: [id: 468][route: {}-&gt;http://127.0.0.1:8080][total kept alive: 0; route allocated: 1 of 2; total allocated: 1 of 20]
13:29:22.529 [main] DEBUG o.a.h.impl.execchain.MainClientExec - Opening connection {}-&gt;http://127.0.0.1:8080
13:29:22.530 [main] DEBUG o.a.h.i.c.HttpClientConnectionOperator - Connecting to /127.0.0.1:8080
13:29:22.530 [main] DEBUG o.a.h.i.c.DefaultManagedHttpClientConnection - http-outgoing-468: Shutdown connection
13:29:22.530 [main] DEBUG o.a.h.impl.execchain.MainClientExec - Connection discarded
13:29:22.530 [main] DEBUG o.a.h.i.c.DefaultManagedHttpClientConnection - http-outgoing-468: Close connection
13:29:22.530 [main] DEBUG o.a.h.i.c.PoolingHttpClientConnectionManager - Connection released: [id: 468][route: {}-&gt;http://127.0.0.1:8080][total kept alive: 0; route allocated: 0 of 2; total allocated: 0 of 20]
13:29:22.530 [main] DEBUG o.s.t.c.s.DirtiesContextTestExecutionListener - After test method: context [DefaultTestContext@dd53dd9 testClass = GetUpgradeInfoExceptionTest, testInstance = null(com.everhomes.test.junit.version.GetUpgradeInfoExceptionTest), testMethod = testEmptyRealm@GetUpgradeInfoExceptionTest, testException = junit.framework.ComparisonFailure: expected:&lt;[general]&gt; but was:&lt;[HTTP]&gt;, mergedContextConfiguration = [MergedContextConfiguration@1b3f8d20 testClass = GetUpgradeInfoExceptionTest, locations = &apos;{}&apos;, classes = &apos;{class com.everhomes.test.core.base.BaseServerConfig, class com.everhomes.test.core.persist.PersistConfig, class com.everhomes.test.core.redis.RedisConfig}&apos;, contextInitializerClasses = &apos;[]&apos;, activeProfiles = &apos;{}&apos;, contextLoader = &apos;org.springframework.test.context.support.AnnotationConfigContextLoader&apos;, parent = [null]]], class dirties context [false], class mode [null], method dirties context [false].
</system-out>
  </testcase>
  <testcase classname="com.everhomes.test.junit.version.GetUpgradeInfoExceptionTest" name="testRealmNotFound" time="0.003">
    <failure message="expected:&lt;[general]&gt; but was:&lt;[HTTP]&gt;" type="junit.framework.ComparisonFailure">junit.framework.ComparisonFailure: expected:&lt;[general]&gt; but was:&lt;[HTTP]&gt;
	at junit.framework.Assert.assertEquals(Assert.java:100)
	at junit.framework.Assert.assertEquals(Assert.java:107)
	at junit.framework.TestCase.assertEquals(TestCase.java:269)
	at com.everhomes.test.junit.version.GetUpgradeInfoExceptionTest.testRealmNotFound(GetUpgradeInfoExceptionTest.java:89)
	at sun.reflect.NativeMethodAccessorImpl.invoke0(Native Method)
	at sun.reflect.NativeMethodAccessorImpl.invoke(NativeMethodAccessorImpl.java:62)
	at sun.reflect.DelegatingMethodAccessorImpl.invoke(DelegatingMethodAccessorImpl.java:43)
	at java.lang.reflect.Method.invoke(Method.java:498)
	at org.junit.runners.model.FrameworkMethod$1.runReflectiveCall(FrameworkMethod.java:47)
	at org.junit.internal.runners.model.ReflectiveCallable.run(ReflectiveCallable.java:12)
	at org.junit.runners.model.FrameworkMethod.invokeExplosively(FrameworkMethod.java:44)
	at org.junit.internal.runners.statements.InvokeMethod.evaluate(InvokeMethod.java:17)
	at org.junit.internal.runners.statements.RunBefores.evaluate(RunBefores.java:26)
	at org.springframework.test.context.junit4.statements.RunBeforeTestMethodCallbacks.evaluate(RunBeforeTestMethodCallbacks.java:74)
	at org.junit.internal.runners.statements.RunAfters.evaluate(RunAfters.java:27)
	at org.springframework.test.context.junit4.statements.RunAfterTestMethodCallbacks.evaluate(RunAfterTestMethodCallbacks.java:83)
	at org.springframework.test.context.junit4.statements.SpringRepeat.evaluate(SpringRepeat.java:72)
	at org.springframework.test.context.junit4.SpringJUnit4ClassRunner.runChild(SpringJUnit4ClassRunner.java:233)
	at org.springframework.test.context.junit4.SpringJUnit4ClassRunner.runChild(SpringJUnit4ClassRunner.java:87)
	at org.junit.runners.ParentRunner$3.run(ParentRunner.java:238)
	at org.junit.runners.ParentRunner$1.schedule(ParentRunner.java:63)
	at org.junit.runners.ParentRunner.runChildren(ParentRunner.java:236)
	at org.junit.runners.ParentRunner.access$000(ParentRunner.java:53)
	at org.junit.runners.ParentRunner$2.evaluate(ParentRunner.java:229)
	at org.springframework.test.context.junit4.statements.RunBeforeTestClassCallbacks.evaluate(RunBeforeTestClassCallbacks.java:61)
	at org.springframework.test.context.junit4.statements.RunAfterTestClassCallbacks.evaluate(RunAfterTestClassCallbacks.java:71)
	at org.junit.runners.ParentRunner.run(ParentRunner.java:309)
	at org.springframework.test.context.junit4.SpringJUnit4ClassRunner.run(SpringJUnit4ClassRunner.java:176)
	at org.apache.maven.surefire.junit4.JUnit4TestSet.execute(JUnit4TestSet.java:53)
	at org.apache.maven.surefire.junit4.JUnit4Provider.executeTestSet(JUnit4Provider.java:123)
	at org.apache.maven.surefire.junit4.JUnit4Provider.invoke(JUnit4Provider.java:104)
	at sun.reflect.NativeMethodAccessorImpl.invoke0(Native Method)
	at sun.reflect.NativeMethodAccessorImpl.invoke(NativeMethodAccessorImpl.java:62)
	at sun.reflect.DelegatingMethodAccessorImpl.invoke(DelegatingMethodAccessorImpl.java:43)
	at java.lang.reflect.Method.invoke(Method.java:498)
	at org.apache.maven.surefire.util.ReflectionUtils.invokeMethodWithArray(ReflectionUtils.java:164)
	at org.apache.maven.surefire.booter.ProviderFactory$ProviderProxy.invoke(ProviderFactory.java:110)
	at org.apache.maven.surefire.booter.SurefireStarter.invokeProvider(SurefireStarter.java:175)
	at org.apache.maven.surefire.booter.SurefireStarter.runSuitesInProcessWhenForked(SurefireStarter.java:107)
	at org.apache.maven.surefire.booter.ForkedBooter.main(ForkedBooter.java:68)
</failure>
    <system-out>13:29:22.530 [main] DEBUG o.s.t.annotation.ProfileValueUtils - Retrieved @ProfileValueSourceConfiguration [null] for test class [com.everhomes.test.junit.version.GetUpgradeInfoExceptionTest]
13:29:22.530 [main] DEBUG o.s.t.annotation.ProfileValueUtils - Retrieved ProfileValueSource type [class org.springframework.test.annotation.SystemProfileValueSource] for class [com.everhomes.test.junit.version.GetUpgradeInfoExceptionTest]
13:29:22.530 [main] DEBUG o.s.t.c.s.DependencyInjectionTestExecutionListener - Performing dependency injection for test context [[DefaultTestContext@dd53dd9 testClass = GetUpgradeInfoExceptionTest, testInstance = null(com.everhomes.test.junit.version.GetUpgradeInfoExceptionTest), testMethod = [null], testException = [null], mergedContextConfiguration = [MergedContextConfiguration@1b3f8d20 testClass = GetUpgradeInfoExceptionTest, locations = &apos;{}&apos;, classes = &apos;{class com.everhomes.test.core.base.BaseServerConfig, class com.everhomes.test.core.persist.PersistConfig, class com.everhomes.test.core.redis.RedisConfig}&apos;, contextInitializerClasses = &apos;[]&apos;, activeProfiles = &apos;{}&apos;, contextLoader = &apos;org.springframework.test.context.support.AnnotationConfigContextLoader&apos;, parent = [null]]]].
13:29:22.531 [main] DEBUG o.s.t.c.CacheAwareContextLoaderDelegate - Retrieved ApplicationContext from cache with key [[MergedContextConfiguration@1b3f8d20 testClass = GetUpgradeInfoExceptionTest, locations = &apos;{}&apos;, classes = &apos;{class com.everhomes.test.core.base.BaseServerConfig, class com.everhomes.test.core.persist.PersistConfig, class com.everhomes.test.core.redis.RedisConfig}&apos;, contextInitializerClasses = &apos;[]&apos;, activeProfiles = &apos;{}&apos;, contextLoader = &apos;org.springframework.test.context.support.AnnotationConfigContextLoader&apos;, parent = [null]]]
13:29:22.531 [main] DEBUG o.springframework.test.context.cache - Spring test ApplicationContext cache statistics: [ContextCache@5d8445d7 size = 1, hitCount = 471, missCount = 1, parentContextCount = 0]
13:29:22.531 [main] DEBUG o.s.b.f.annotation.InjectionMetadata - Processing injected method of bean &apos;com.everhomes.test.junit.version.GetUpgradeInfoExceptionTest&apos;: AutowiredFieldElement for private com.everhomes.test.core.http.HttpClientService com.everhomes.test.junit.version.GetUpgradeInfoExceptionTest.httpClientService
13:29:22.531 [main] DEBUG o.s.b.f.s.DefaultListableBeanFactory - Creating instance of bean &apos;httpClientServiceImpl&apos;
13:29:22.531 [main] DEBUG o.s.b.f.annotation.InjectionMetadata - Processing injected method of bean &apos;httpClientServiceImpl&apos;: AutowiredFieldElement for private java.lang.String com.everhomes.test.core.http.HttpClientServiceImpl.serverContextPath
13:29:22.531 [main] DEBUG o.s.c.e.PropertySourcesPropertyResolver - Searching for key &apos;server.contextPath:&apos; in [environmentProperties]
13:29:22.531 [main] DEBUG o.s.c.e.PropertySourcesPropertyResolver - Searching for key &apos;server.contextPath:&apos; in [systemProperties]
13:29:22.531 [main] DEBUG o.s.c.e.PropertySourcesPropertyResolver - Searching for key &apos;server.contextPath:&apos; in [systemEnvironment]
13:29:22.531 [main] DEBUG o.s.c.e.PropertySourcesPropertyResolver - Searching for key &apos;server.contextPath:&apos; in [class path resource [config/ehcore.properties]]
13:29:22.531 [main] DEBUG o.s.c.e.PropertySourcesPropertyResolver - Could not find key &apos;server.contextPath:&apos; in any property source. Returning [null]
13:29:22.531 [main] DEBUG o.s.c.e.PropertySourcesPropertyResolver - Searching for key &apos;server.contextPath:&apos; in [localProperties]
13:29:22.531 [main] DEBUG o.s.c.e.PropertySourcesPropertyResolver - Could not find key &apos;server.contextPath:&apos; in any property source. Returning [null]
13:29:22.531 [main] DEBUG o.s.c.e.PropertySourcesPropertyResolver - Searching for key &apos;server.contextPath&apos; in [environmentProperties]
13:29:22.531 [main] DEBUG o.s.c.e.PropertySourcesPropertyResolver - Searching for key &apos;server.contextPath&apos; in [systemProperties]
13:29:22.531 [main] DEBUG o.s.c.e.PropertySourcesPropertyResolver - Searching for key &apos;server.contextPath&apos; in [systemEnvironment]
13:29:22.531 [main] DEBUG o.s.c.e.PropertySourcesPropertyResolver - Searching for key &apos;server.contextPath&apos; in [class path resource [config/ehcore.properties]]
13:29:22.531 [main] DEBUG o.s.c.e.PropertySourcesPropertyResolver - Found key &apos;server.contextPath&apos; in [class path resource [config/ehcore.properties]] with type [String] and value &apos;/evh&apos;
13:29:22.531 [main] DEBUG o.s.c.e.PropertySourcesPropertyResolver - Found key &apos;server.contextPath&apos; in [environmentProperties] with type [String] and value &apos;/evh&apos;
13:29:22.531 [main] DEBUG o.s.b.f.annotation.InjectionMetadata - Processing injected method of bean &apos;httpClientServiceImpl&apos;: AutowiredFieldElement for private java.lang.String com.everhomes.test.core.http.HttpClientServiceImpl.serverAddress
13:29:22.531 [main] DEBUG o.s.c.e.PropertySourcesPropertyResolver - Searching for key &apos;server.address:&apos; in [environmentProperties]
13:29:22.531 [main] DEBUG o.s.c.e.PropertySourcesPropertyResolver - Searching for key &apos;server.address:&apos; in [systemProperties]
13:29:22.531 [main] DEBUG o.s.c.e.PropertySourcesPropertyResolver - Searching for key &apos;server.address:&apos; in [systemEnvironment]
13:29:22.531 [main] DEBUG o.s.c.e.PropertySourcesPropertyResolver - Searching for key &apos;server.address:&apos; in [class path resource [config/ehcore.properties]]
13:29:22.531 [main] DEBUG o.s.c.e.PropertySourcesPropertyResolver - Could not find key &apos;server.address:&apos; in any property source. Returning [null]
13:29:22.531 [main] DEBUG o.s.c.e.PropertySourcesPropertyResolver - Searching for key &apos;server.address:&apos; in [localProperties]
13:29:22.531 [main] DEBUG o.s.c.e.PropertySourcesPropertyResolver - Could not find key &apos;server.address:&apos; in any property source. Returning [null]
13:29:22.531 [main] DEBUG o.s.c.e.PropertySourcesPropertyResolver - Searching for key &apos;server.address&apos; in [environmentProperties]
13:29:22.531 [main] DEBUG o.s.c.e.PropertySourcesPropertyResolver - Searching for key &apos;server.address&apos; in [systemProperties]
13:29:22.531 [main] DEBUG o.s.c.e.PropertySourcesPropertyResolver - Searching for key &apos;server.address&apos; in [systemEnvironment]
13:29:22.531 [main] DEBUG o.s.c.e.PropertySourcesPropertyResolver - Searching for key &apos;server.address&apos; in [class path resource [config/ehcore.properties]]
13:29:22.531 [main] DEBUG o.s.c.e.PropertySourcesPropertyResolver - Found key &apos;server.address&apos; in [class path resource [config/ehcore.properties]] with type [String] and value &apos;http://127.0.0.1:8080&apos;
13:29:22.531 [main] DEBUG o.s.c.e.PropertySourcesPropertyResolver - Found key &apos;server.address&apos; in [environmentProperties] with type [String] and value &apos;http://127.0.0.1:8080&apos;
13:29:22.531 [main] DEBUG o.s.c.a.CommonAnnotationBeanPostProcessor - Invoking init method on bean &apos;httpClientServiceImpl&apos;: private org.apache.http.impl.client.CloseableHttpClient com.everhomes.test.core.http.HttpClientServiceImpl.openHttpClient()
13:29:22.532 [main] DEBUG o.s.b.f.s.DefaultListableBeanFactory - Finished creating instance of bean &apos;httpClientServiceImpl&apos;
13:29:22.532 [main] DEBUG o.a.h.c.protocol.RequestAddCookies - CookieSpec selected: best-match
13:29:22.532 [main] DEBUG o.a.h.c.protocol.RequestAuthCache - Auth cache not set in the context
13:29:22.532 [main] DEBUG o.a.h.i.c.PoolingHttpClientConnectionManager - Connection request: [route: {}-&gt;http://127.0.0.1:8080][total kept alive: 0; route allocated: 0 of 2; total allocated: 0 of 20]
13:29:22.532 [main] DEBUG o.a.h.i.c.PoolingHttpClientConnectionManager - Connection leased: [id: 469][route: {}-&gt;http://127.0.0.1:8080][total kept alive: 0; route allocated: 1 of 2; total allocated: 1 of 20]
13:29:22.532 [main] DEBUG o.a.h.impl.execchain.MainClientExec - Opening connection {}-&gt;http://127.0.0.1:8080
13:29:22.532 [main] DEBUG o.a.h.i.c.HttpClientConnectionOperator - Connecting to /127.0.0.1:8080
13:29:22.533 [main] DEBUG o.a.h.i.c.DefaultManagedHttpClientConnection - http-outgoing-469: Shutdown connection
13:29:22.533 [main] DEBUG o.a.h.impl.execchain.MainClientExec - Connection discarded
13:29:22.533 [main] DEBUG o.a.h.i.c.DefaultManagedHttpClientConnection - http-outgoing-469: Close connection
13:29:22.533 [main] DEBUG o.a.h.i.c.PoolingHttpClientConnectionManager - Connection released: [id: 469][route: {}-&gt;http://127.0.0.1:8080][total kept alive: 0; route allocated: 0 of 2; total allocated: 0 of 20]
13:29:22.533 [main] DEBUG o.s.t.c.s.DirtiesContextTestExecutionListener - After test method: context [DefaultTestContext@dd53dd9 testClass = GetUpgradeInfoExceptionTest, testInstance = null(com.everhomes.test.junit.version.GetUpgradeInfoExceptionTest), testMethod = testRealmNotFound@GetUpgradeInfoExceptionTest, testException = junit.framework.ComparisonFailure: expected:&lt;[general]&gt; but was:&lt;[HTTP]&gt;, mergedContextConfiguration = [MergedContextConfiguration@1b3f8d20 testClass = GetUpgradeInfoExceptionTest, locations = &apos;{}&apos;, classes = &apos;{class com.everhomes.test.core.base.BaseServerConfig, class com.everhomes.test.core.persist.PersistConfig, class com.everhomes.test.core.redis.RedisConfig}&apos;, contextInitializerClasses = &apos;[]&apos;, activeProfiles = &apos;{}&apos;, contextLoader = &apos;org.springframework.test.context.support.AnnotationConfigContextLoader&apos;, parent = [null]]], class dirties context [false], class mode [null], method dirties context [false].
</system-out>
  </testcase>
  <testcase classname="com.everhomes.test.junit.version.GetUpgradeInfoExceptionTest" name="testInvalidVersion" time="0.005">
    <failure message="expected:&lt;[general]&gt; but was:&lt;[HTTP]&gt;" type="junit.framework.ComparisonFailure">junit.framework.ComparisonFailure: expected:&lt;[general]&gt; but was:&lt;[HTTP]&gt;
	at junit.framework.Assert.assertEquals(Assert.java:100)
	at junit.framework.Assert.assertEquals(Assert.java:107)
	at junit.framework.TestCase.assertEquals(TestCase.java:269)
	at com.everhomes.test.junit.version.GetUpgradeInfoExceptionTest.testInvalidVersion(GetUpgradeInfoExceptionTest.java:67)
	at sun.reflect.NativeMethodAccessorImpl.invoke0(Native Method)
	at sun.reflect.NativeMethodAccessorImpl.invoke(NativeMethodAccessorImpl.java:62)
	at sun.reflect.DelegatingMethodAccessorImpl.invoke(DelegatingMethodAccessorImpl.java:43)
	at java.lang.reflect.Method.invoke(Method.java:498)
	at org.junit.runners.model.FrameworkMethod$1.runReflectiveCall(FrameworkMethod.java:47)
	at org.junit.internal.runners.model.ReflectiveCallable.run(ReflectiveCallable.java:12)
	at org.junit.runners.model.FrameworkMethod.invokeExplosively(FrameworkMethod.java:44)
	at org.junit.internal.runners.statements.InvokeMethod.evaluate(InvokeMethod.java:17)
	at org.junit.internal.runners.statements.RunBefores.evaluate(RunBefores.java:26)
	at org.springframework.test.context.junit4.statements.RunBeforeTestMethodCallbacks.evaluate(RunBeforeTestMethodCallbacks.java:74)
	at org.junit.internal.runners.statements.RunAfters.evaluate(RunAfters.java:27)
	at org.springframework.test.context.junit4.statements.RunAfterTestMethodCallbacks.evaluate(RunAfterTestMethodCallbacks.java:83)
	at org.springframework.test.context.junit4.statements.SpringRepeat.evaluate(SpringRepeat.java:72)
	at org.springframework.test.context.junit4.SpringJUnit4ClassRunner.runChild(SpringJUnit4ClassRunner.java:233)
	at org.springframework.test.context.junit4.SpringJUnit4ClassRunner.runChild(SpringJUnit4ClassRunner.java:87)
	at org.junit.runners.ParentRunner$3.run(ParentRunner.java:238)
	at org.junit.runners.ParentRunner$1.schedule(ParentRunner.java:63)
	at org.junit.runners.ParentRunner.runChildren(ParentRunner.java:236)
	at org.junit.runners.ParentRunner.access$000(ParentRunner.java:53)
	at org.junit.runners.ParentRunner$2.evaluate(ParentRunner.java:229)
	at org.springframework.test.context.junit4.statements.RunBeforeTestClassCallbacks.evaluate(RunBeforeTestClassCallbacks.java:61)
	at org.springframework.test.context.junit4.statements.RunAfterTestClassCallbacks.evaluate(RunAfterTestClassCallbacks.java:71)
	at org.junit.runners.ParentRunner.run(ParentRunner.java:309)
	at org.springframework.test.context.junit4.SpringJUnit4ClassRunner.run(SpringJUnit4ClassRunner.java:176)
	at org.apache.maven.surefire.junit4.JUnit4TestSet.execute(JUnit4TestSet.java:53)
	at org.apache.maven.surefire.junit4.JUnit4Provider.executeTestSet(JUnit4Provider.java:123)
	at org.apache.maven.surefire.junit4.JUnit4Provider.invoke(JUnit4Provider.java:104)
	at sun.reflect.NativeMethodAccessorImpl.invoke0(Native Method)
	at sun.reflect.NativeMethodAccessorImpl.invoke(NativeMethodAccessorImpl.java:62)
	at sun.reflect.DelegatingMethodAccessorImpl.invoke(DelegatingMethodAccessorImpl.java:43)
	at java.lang.reflect.Method.invoke(Method.java:498)
	at org.apache.maven.surefire.util.ReflectionUtils.invokeMethodWithArray(ReflectionUtils.java:164)
	at org.apache.maven.surefire.booter.ProviderFactory$ProviderProxy.invoke(ProviderFactory.java:110)
	at org.apache.maven.surefire.booter.SurefireStarter.invokeProvider(SurefireStarter.java:175)
	at org.apache.maven.surefire.booter.SurefireStarter.runSuitesInProcessWhenForked(SurefireStarter.java:107)
	at org.apache.maven.surefire.booter.ForkedBooter.main(ForkedBooter.java:68)
</failure>
    <system-out>13:29:22.533 [main] DEBUG o.s.t.annotation.ProfileValueUtils - Retrieved @ProfileValueSourceConfiguration [null] for test class [com.everhomes.test.junit.version.GetUpgradeInfoExceptionTest]
13:29:22.533 [main] DEBUG o.s.t.annotation.ProfileValueUtils - Retrieved ProfileValueSource type [class org.springframework.test.annotation.SystemProfileValueSource] for class [com.everhomes.test.junit.version.GetUpgradeInfoExceptionTest]
13:29:22.533 [main] DEBUG o.s.t.c.s.DependencyInjectionTestExecutionListener - Performing dependency injection for test context [[DefaultTestContext@dd53dd9 testClass = GetUpgradeInfoExceptionTest, testInstance = null(com.everhomes.test.junit.version.GetUpgradeInfoExceptionTest), testMethod = [null], testException = [null], mergedContextConfiguration = [MergedContextConfiguration@1b3f8d20 testClass = GetUpgradeInfoExceptionTest, locations = &apos;{}&apos;, classes = &apos;{class com.everhomes.test.core.base.BaseServerConfig, class com.everhomes.test.core.persist.PersistConfig, class com.everhomes.test.core.redis.RedisConfig}&apos;, contextInitializerClasses = &apos;[]&apos;, activeProfiles = &apos;{}&apos;, contextLoader = &apos;org.springframework.test.context.support.AnnotationConfigContextLoader&apos;, parent = [null]]]].
13:29:22.533 [main] DEBUG o.s.t.c.CacheAwareContextLoaderDelegate - Retrieved ApplicationContext from cache with key [[MergedContextConfiguration@1b3f8d20 testClass = GetUpgradeInfoExceptionTest, locations = &apos;{}&apos;, classes = &apos;{class com.everhomes.test.core.base.BaseServerConfig, class com.everhomes.test.core.persist.PersistConfig, class com.everhomes.test.core.redis.RedisConfig}&apos;, contextInitializerClasses = &apos;[]&apos;, activeProfiles = &apos;{}&apos;, contextLoader = &apos;org.springframework.test.context.support.AnnotationConfigContextLoader&apos;, parent = [null]]]
13:29:22.533 [main] DEBUG o.springframework.test.context.cache - Spring test ApplicationContext cache statistics: [ContextCache@5d8445d7 size = 1, hitCount = 472, missCount = 1, parentContextCount = 0]
13:29:22.533 [main] DEBUG o.s.b.f.annotation.InjectionMetadata - Processing injected method of bean &apos;com.everhomes.test.junit.version.GetUpgradeInfoExceptionTest&apos;: AutowiredFieldElement for private com.everhomes.test.core.http.HttpClientService com.everhomes.test.junit.version.GetUpgradeInfoExceptionTest.httpClientService
13:29:22.533 [main] DEBUG o.s.b.f.s.DefaultListableBeanFactory - Creating instance of bean &apos;httpClientServiceImpl&apos;
13:29:22.534 [main] DEBUG o.s.b.f.annotation.InjectionMetadata - Processing injected method of bean &apos;httpClientServiceImpl&apos;: AutowiredFieldElement for private java.lang.String com.everhomes.test.core.http.HttpClientServiceImpl.serverContextPath
13:29:22.534 [main] DEBUG o.s.c.e.PropertySourcesPropertyResolver - Searching for key &apos;server.contextPath:&apos; in [environmentProperties]
13:29:22.534 [main] DEBUG o.s.c.e.PropertySourcesPropertyResolver - Searching for key &apos;server.contextPath:&apos; in [systemProperties]
13:29:22.534 [main] DEBUG o.s.c.e.PropertySourcesPropertyResolver - Searching for key &apos;server.contextPath:&apos; in [systemEnvironment]
13:29:22.534 [main] DEBUG o.s.c.e.PropertySourcesPropertyResolver - Searching for key &apos;server.contextPath:&apos; in [class path resource [config/ehcore.properties]]
13:29:22.534 [main] DEBUG o.s.c.e.PropertySourcesPropertyResolver - Could not find key &apos;server.contextPath:&apos; in any property source. Returning [null]
13:29:22.534 [main] DEBUG o.s.c.e.PropertySourcesPropertyResolver - Searching for key &apos;server.contextPath:&apos; in [localProperties]
13:29:22.534 [main] DEBUG o.s.c.e.PropertySourcesPropertyResolver - Could not find key &apos;server.contextPath:&apos; in any property source. Returning [null]
13:29:22.534 [main] DEBUG o.s.c.e.PropertySourcesPropertyResolver - Searching for key &apos;server.contextPath&apos; in [environmentProperties]
13:29:22.534 [main] DEBUG o.s.c.e.PropertySourcesPropertyResolver - Searching for key &apos;server.contextPath&apos; in [systemProperties]
13:29:22.534 [main] DEBUG o.s.c.e.PropertySourcesPropertyResolver - Searching for key &apos;server.contextPath&apos; in [systemEnvironment]
13:29:22.534 [main] DEBUG o.s.c.e.PropertySourcesPropertyResolver - Searching for key &apos;server.contextPath&apos; in [class path resource [config/ehcore.properties]]
13:29:22.534 [main] DEBUG o.s.c.e.PropertySourcesPropertyResolver - Found key &apos;server.contextPath&apos; in [class path resource [config/ehcore.properties]] with type [String] and value &apos;/evh&apos;
13:29:22.534 [main] DEBUG o.s.c.e.PropertySourcesPropertyResolver - Found key &apos;server.contextPath&apos; in [environmentProperties] with type [String] and value &apos;/evh&apos;
13:29:22.535 [main] DEBUG o.s.b.f.annotation.InjectionMetadata - Processing injected method of bean &apos;httpClientServiceImpl&apos;: AutowiredFieldElement for private java.lang.String com.everhomes.test.core.http.HttpClientServiceImpl.serverAddress
13:29:22.535 [main] DEBUG o.s.c.e.PropertySourcesPropertyResolver - Searching for key &apos;server.address:&apos; in [environmentProperties]
13:29:22.535 [main] DEBUG o.s.c.e.PropertySourcesPropertyResolver - Searching for key &apos;server.address:&apos; in [systemProperties]
13:29:22.535 [main] DEBUG o.s.c.e.PropertySourcesPropertyResolver - Searching for key &apos;server.address:&apos; in [systemEnvironment]
13:29:22.535 [main] DEBUG o.s.c.e.PropertySourcesPropertyResolver - Searching for key &apos;server.address:&apos; in [class path resource [config/ehcore.properties]]
13:29:22.535 [main] DEBUG o.s.c.e.PropertySourcesPropertyResolver - Could not find key &apos;server.address:&apos; in any property source. Returning [null]
13:29:22.535 [main] DEBUG o.s.c.e.PropertySourcesPropertyResolver - Searching for key &apos;server.address:&apos; in [localProperties]
13:29:22.535 [main] DEBUG o.s.c.e.PropertySourcesPropertyResolver - Could not find key &apos;server.address:&apos; in any property source. Returning [null]
13:29:22.535 [main] DEBUG o.s.c.e.PropertySourcesPropertyResolver - Searching for key &apos;server.address&apos; in [environmentProperties]
13:29:22.535 [main] DEBUG o.s.c.e.PropertySourcesPropertyResolver - Searching for key &apos;server.address&apos; in [systemProperties]
13:29:22.535 [main] DEBUG o.s.c.e.PropertySourcesPropertyResolver - Searching for key &apos;server.address&apos; in [systemEnvironment]
13:29:22.535 [main] DEBUG o.s.c.e.PropertySourcesPropertyResolver - Searching for key &apos;server.address&apos; in [class path resource [config/ehcore.properties]]
13:29:22.535 [main] DEBUG o.s.c.e.PropertySourcesPropertyResolver - Found key &apos;server.address&apos; in [class path resource [config/ehcore.properties]] with type [String] and value &apos;http://127.0.0.1:8080&apos;
13:29:22.535 [main] DEBUG o.s.c.e.PropertySourcesPropertyResolver - Found key &apos;server.address&apos; in [environmentProperties] with type [String] and value &apos;http://127.0.0.1:8080&apos;
13:29:22.535 [main] DEBUG o.s.c.a.CommonAnnotationBeanPostProcessor - Invoking init method on bean &apos;httpClientServiceImpl&apos;: private org.apache.http.impl.client.CloseableHttpClient com.everhomes.test.core.http.HttpClientServiceImpl.openHttpClient()
13:29:22.537 [main] DEBUG o.s.b.f.s.DefaultListableBeanFactory - Finished creating instance of bean &apos;httpClientServiceImpl&apos;
13:29:22.537 [main] DEBUG o.a.h.c.protocol.RequestAddCookies - CookieSpec selected: best-match
13:29:22.537 [main] DEBUG o.a.h.c.protocol.RequestAuthCache - Auth cache not set in the context
13:29:22.537 [main] DEBUG o.a.h.i.c.PoolingHttpClientConnectionManager - Connection request: [route: {}-&gt;http://127.0.0.1:8080][total kept alive: 0; route allocated: 0 of 2; total allocated: 0 of 20]
13:29:22.537 [main] DEBUG o.a.h.i.c.PoolingHttpClientConnectionManager - Connection leased: [id: 470][route: {}-&gt;http://127.0.0.1:8080][total kept alive: 0; route allocated: 1 of 2; total allocated: 1 of 20]
13:29:22.537 [main] DEBUG o.a.h.impl.execchain.MainClientExec - Opening connection {}-&gt;http://127.0.0.1:8080
13:29:22.537 [main] DEBUG o.a.h.i.c.HttpClientConnectionOperator - Connecting to /127.0.0.1:8080
13:29:22.537 [main] DEBUG o.a.h.i.c.DefaultManagedHttpClientConnection - http-outgoing-470: Shutdown connection
13:29:22.537 [main] DEBUG o.a.h.impl.execchain.MainClientExec - Connection discarded
13:29:22.537 [main] DEBUG o.a.h.i.c.DefaultManagedHttpClientConnection - http-outgoing-470: Close connection
13:29:22.537 [main] DEBUG o.a.h.i.c.PoolingHttpClientConnectionManager - Connection released: [id: 470][route: {}-&gt;http://127.0.0.1:8080][total kept alive: 0; route allocated: 0 of 2; total allocated: 0 of 20]
13:29:22.538 [main] DEBUG o.s.t.c.s.DirtiesContextTestExecutionListener - After test method: context [DefaultTestContext@dd53dd9 testClass = GetUpgradeInfoExceptionTest, testInstance = null(com.everhomes.test.junit.version.GetUpgradeInfoExceptionTest), testMethod = testInvalidVersion@GetUpgradeInfoExceptionTest, testException = junit.framework.ComparisonFailure: expected:&lt;[general]&gt; but was:&lt;[HTTP]&gt;, mergedContextConfiguration = [MergedContextConfiguration@1b3f8d20 testClass = GetUpgradeInfoExceptionTest, locations = &apos;{}&apos;, classes = &apos;{class com.everhomes.test.core.base.BaseServerConfig, class com.everhomes.test.core.persist.PersistConfig, class com.everhomes.test.core.redis.RedisConfig}&apos;, contextInitializerClasses = &apos;[]&apos;, activeProfiles = &apos;{}&apos;, contextLoader = &apos;org.springframework.test.context.support.AnnotationConfigContextLoader&apos;, parent = [null]]], class dirties context [false], class mode [null], method dirties context [false].
</system-out>
  </testcase>
  <testcase classname="com.everhomes.test.junit.version.GetUpgradeInfoExceptionTest" name="testNullRealm" time="0.003">
    <failure message="expected:&lt;[general]&gt; but was:&lt;[HTTP]&gt;" type="junit.framework.ComparisonFailure">junit.framework.ComparisonFailure: expected:&lt;[general]&gt; but was:&lt;[HTTP]&gt;
	at junit.framework.Assert.assertEquals(Assert.java:100)
	at junit.framework.Assert.assertEquals(Assert.java:107)
	at junit.framework.TestCase.assertEquals(TestCase.java:269)
	at com.everhomes.test.junit.version.GetUpgradeInfoExceptionTest.testNullRealm(GetUpgradeInfoExceptionTest.java:35)
	at sun.reflect.NativeMethodAccessorImpl.invoke0(Native Method)
	at sun.reflect.NativeMethodAccessorImpl.invoke(NativeMethodAccessorImpl.java:62)
	at sun.reflect.DelegatingMethodAccessorImpl.invoke(DelegatingMethodAccessorImpl.java:43)
	at java.lang.reflect.Method.invoke(Method.java:498)
	at org.junit.runners.model.FrameworkMethod$1.runReflectiveCall(FrameworkMethod.java:47)
	at org.junit.internal.runners.model.ReflectiveCallable.run(ReflectiveCallable.java:12)
	at org.junit.runners.model.FrameworkMethod.invokeExplosively(FrameworkMethod.java:44)
	at org.junit.internal.runners.statements.InvokeMethod.evaluate(InvokeMethod.java:17)
	at org.junit.internal.runners.statements.RunBefores.evaluate(RunBefores.java:26)
	at org.springframework.test.context.junit4.statements.RunBeforeTestMethodCallbacks.evaluate(RunBeforeTestMethodCallbacks.java:74)
	at org.junit.internal.runners.statements.RunAfters.evaluate(RunAfters.java:27)
	at org.springframework.test.context.junit4.statements.RunAfterTestMethodCallbacks.evaluate(RunAfterTestMethodCallbacks.java:83)
	at org.springframework.test.context.junit4.statements.SpringRepeat.evaluate(SpringRepeat.java:72)
	at org.springframework.test.context.junit4.SpringJUnit4ClassRunner.runChild(SpringJUnit4ClassRunner.java:233)
	at org.springframework.test.context.junit4.SpringJUnit4ClassRunner.runChild(SpringJUnit4ClassRunner.java:87)
	at org.junit.runners.ParentRunner$3.run(ParentRunner.java:238)
	at org.junit.runners.ParentRunner$1.schedule(ParentRunner.java:63)
	at org.junit.runners.ParentRunner.runChildren(ParentRunner.java:236)
	at org.junit.runners.ParentRunner.access$000(ParentRunner.java:53)
	at org.junit.runners.ParentRunner$2.evaluate(ParentRunner.java:229)
	at org.springframework.test.context.junit4.statements.RunBeforeTestClassCallbacks.evaluate(RunBeforeTestClassCallbacks.java:61)
	at org.springframework.test.context.junit4.statements.RunAfterTestClassCallbacks.evaluate(RunAfterTestClassCallbacks.java:71)
	at org.junit.runners.ParentRunner.run(ParentRunner.java:309)
	at org.springframework.test.context.junit4.SpringJUnit4ClassRunner.run(SpringJUnit4ClassRunner.java:176)
	at org.apache.maven.surefire.junit4.JUnit4TestSet.execute(JUnit4TestSet.java:53)
	at org.apache.maven.surefire.junit4.JUnit4Provider.executeTestSet(JUnit4Provider.java:123)
	at org.apache.maven.surefire.junit4.JUnit4Provider.invoke(JUnit4Provider.java:104)
	at sun.reflect.NativeMethodAccessorImpl.invoke0(Native Method)
	at sun.reflect.NativeMethodAccessorImpl.invoke(NativeMethodAccessorImpl.java:62)
	at sun.reflect.DelegatingMethodAccessorImpl.invoke(DelegatingMethodAccessorImpl.java:43)
	at java.lang.reflect.Method.invoke(Method.java:498)
	at org.apache.maven.surefire.util.ReflectionUtils.invokeMethodWithArray(ReflectionUtils.java:164)
	at org.apache.maven.surefire.booter.ProviderFactory$ProviderProxy.invoke(ProviderFactory.java:110)
	at org.apache.maven.surefire.booter.SurefireStarter.invokeProvider(SurefireStarter.java:175)
	at org.apache.maven.surefire.booter.SurefireStarter.runSuitesInProcessWhenForked(SurefireStarter.java:107)
	at org.apache.maven.surefire.booter.ForkedBooter.main(ForkedBooter.java:68)
</failure>
    <system-out>13:29:22.538 [main] DEBUG o.s.t.annotation.ProfileValueUtils - Retrieved @ProfileValueSourceConfiguration [null] for test class [com.everhomes.test.junit.version.GetUpgradeInfoExceptionTest]
13:29:22.538 [main] DEBUG o.s.t.annotation.ProfileValueUtils - Retrieved ProfileValueSource type [class org.springframework.test.annotation.SystemProfileValueSource] for class [com.everhomes.test.junit.version.GetUpgradeInfoExceptionTest]
13:29:22.538 [main] DEBUG o.s.t.c.s.DependencyInjectionTestExecutionListener - Performing dependency injection for test context [[DefaultTestContext@dd53dd9 testClass = GetUpgradeInfoExceptionTest, testInstance = null(com.everhomes.test.junit.version.GetUpgradeInfoExceptionTest), testMethod = [null], testException = [null], mergedContextConfiguration = [MergedContextConfiguration@1b3f8d20 testClass = GetUpgradeInfoExceptionTest, locations = &apos;{}&apos;, classes = &apos;{class com.everhomes.test.core.base.BaseServerConfig, class com.everhomes.test.core.persist.PersistConfig, class com.everhomes.test.core.redis.RedisConfig}&apos;, contextInitializerClasses = &apos;[]&apos;, activeProfiles = &apos;{}&apos;, contextLoader = &apos;org.springframework.test.context.support.AnnotationConfigContextLoader&apos;, parent = [null]]]].
13:29:22.538 [main] DEBUG o.s.t.c.CacheAwareContextLoaderDelegate - Retrieved ApplicationContext from cache with key [[MergedContextConfiguration@1b3f8d20 testClass = GetUpgradeInfoExceptionTest, locations = &apos;{}&apos;, classes = &apos;{class com.everhomes.test.core.base.BaseServerConfig, class com.everhomes.test.core.persist.PersistConfig, class com.everhomes.test.core.redis.RedisConfig}&apos;, contextInitializerClasses = &apos;[]&apos;, activeProfiles = &apos;{}&apos;, contextLoader = &apos;org.springframework.test.context.support.AnnotationConfigContextLoader&apos;, parent = [null]]]
13:29:22.538 [main] DEBUG o.springframework.test.context.cache - Spring test ApplicationContext cache statistics: [ContextCache@5d8445d7 size = 1, hitCount = 473, missCount = 1, parentContextCount = 0]
13:29:22.538 [main] DEBUG o.s.b.f.annotation.InjectionMetadata - Processing injected method of bean &apos;com.everhomes.test.junit.version.GetUpgradeInfoExceptionTest&apos;: AutowiredFieldElement for private com.everhomes.test.core.http.HttpClientService com.everhomes.test.junit.version.GetUpgradeInfoExceptionTest.httpClientService
13:29:22.538 [main] DEBUG o.s.b.f.s.DefaultListableBeanFactory - Creating instance of bean &apos;httpClientServiceImpl&apos;
13:29:22.538 [main] DEBUG o.s.b.f.annotation.InjectionMetadata - Processing injected method of bean &apos;httpClientServiceImpl&apos;: AutowiredFieldElement for private java.lang.String com.everhomes.test.core.http.HttpClientServiceImpl.serverContextPath
13:29:22.539 [main] DEBUG o.s.c.e.PropertySourcesPropertyResolver - Searching for key &apos;server.contextPath:&apos; in [environmentProperties]
13:29:22.539 [main] DEBUG o.s.c.e.PropertySourcesPropertyResolver - Searching for key &apos;server.contextPath:&apos; in [systemProperties]
13:29:22.539 [main] DEBUG o.s.c.e.PropertySourcesPropertyResolver - Searching for key &apos;server.contextPath:&apos; in [systemEnvironment]
13:29:22.539 [main] DEBUG o.s.c.e.PropertySourcesPropertyResolver - Searching for key &apos;server.contextPath:&apos; in [class path resource [config/ehcore.properties]]
13:29:22.539 [main] DEBUG o.s.c.e.PropertySourcesPropertyResolver - Could not find key &apos;server.contextPath:&apos; in any property source. Returning [null]
13:29:22.539 [main] DEBUG o.s.c.e.PropertySourcesPropertyResolver - Searching for key &apos;server.contextPath:&apos; in [localProperties]
13:29:22.539 [main] DEBUG o.s.c.e.PropertySourcesPropertyResolver - Could not find key &apos;server.contextPath:&apos; in any property source. Returning [null]
13:29:22.539 [main] DEBUG o.s.c.e.PropertySourcesPropertyResolver - Searching for key &apos;server.contextPath&apos; in [environmentProperties]
13:29:22.539 [main] DEBUG o.s.c.e.PropertySourcesPropertyResolver - Searching for key &apos;server.contextPath&apos; in [systemProperties]
13:29:22.539 [main] DEBUG o.s.c.e.PropertySourcesPropertyResolver - Searching for key &apos;server.contextPath&apos; in [systemEnvironment]
13:29:22.539 [main] DEBUG o.s.c.e.PropertySourcesPropertyResolver - Searching for key &apos;server.contextPath&apos; in [class path resource [config/ehcore.properties]]
13:29:22.539 [main] DEBUG o.s.c.e.PropertySourcesPropertyResolver - Found key &apos;server.contextPath&apos; in [class path resource [config/ehcore.properties]] with type [String] and value &apos;/evh&apos;
13:29:22.539 [main] DEBUG o.s.c.e.PropertySourcesPropertyResolver - Found key &apos;server.contextPath&apos; in [environmentProperties] with type [String] and value &apos;/evh&apos;
13:29:22.539 [main] DEBUG o.s.b.f.annotation.InjectionMetadata - Processing injected method of bean &apos;httpClientServiceImpl&apos;: AutowiredFieldElement for private java.lang.String com.everhomes.test.core.http.HttpClientServiceImpl.serverAddress
13:29:22.539 [main] DEBUG o.s.c.e.PropertySourcesPropertyResolver - Searching for key &apos;server.address:&apos; in [environmentProperties]
13:29:22.539 [main] DEBUG o.s.c.e.PropertySourcesPropertyResolver - Searching for key &apos;server.address:&apos; in [systemProperties]
13:29:22.539 [main] DEBUG o.s.c.e.PropertySourcesPropertyResolver - Searching for key &apos;server.address:&apos; in [systemEnvironment]
13:29:22.539 [main] DEBUG o.s.c.e.PropertySourcesPropertyResolver - Searching for key &apos;server.address:&apos; in [class path resource [config/ehcore.properties]]
13:29:22.539 [main] DEBUG o.s.c.e.PropertySourcesPropertyResolver - Could not find key &apos;server.address:&apos; in any property source. Returning [null]
13:29:22.539 [main] DEBUG o.s.c.e.PropertySourcesPropertyResolver - Searching for key &apos;server.address:&apos; in [localProperties]
13:29:22.539 [main] DEBUG o.s.c.e.PropertySourcesPropertyResolver - Could not find key &apos;server.address:&apos; in any property source. Returning [null]
13:29:22.539 [main] DEBUG o.s.c.e.PropertySourcesPropertyResolver - Searching for key &apos;server.address&apos; in [environmentProperties]
13:29:22.539 [main] DEBUG o.s.c.e.PropertySourcesPropertyResolver - Searching for key &apos;server.address&apos; in [systemProperties]
13:29:22.539 [main] DEBUG o.s.c.e.PropertySourcesPropertyResolver - Searching for key &apos;server.address&apos; in [systemEnvironment]
13:29:22.539 [main] DEBUG o.s.c.e.PropertySourcesPropertyResolver - Searching for key &apos;server.address&apos; in [class path resource [config/ehcore.properties]]
13:29:22.539 [main] DEBUG o.s.c.e.PropertySourcesPropertyResolver - Found key &apos;server.address&apos; in [class path resource [config/ehcore.properties]] with type [String] and value &apos;http://127.0.0.1:8080&apos;
13:29:22.539 [main] DEBUG o.s.c.e.PropertySourcesPropertyResolver - Found key &apos;server.address&apos; in [environmentProperties] with type [String] and value &apos;http://127.0.0.1:8080&apos;
13:29:22.539 [main] DEBUG o.s.c.a.CommonAnnotationBeanPostProcessor - Invoking init method on bean &apos;httpClientServiceImpl&apos;: private org.apache.http.impl.client.CloseableHttpClient com.everhomes.test.core.http.HttpClientServiceImpl.openHttpClient()
13:29:22.540 [main] DEBUG o.s.b.f.s.DefaultListableBeanFactory - Finished creating instance of bean &apos;httpClientServiceImpl&apos;
13:29:22.540 [main] DEBUG o.a.h.c.protocol.RequestAddCookies - CookieSpec selected: best-match
13:29:22.540 [main] DEBUG o.a.h.c.protocol.RequestAuthCache - Auth cache not set in the context
13:29:22.540 [main] DEBUG o.a.h.i.c.PoolingHttpClientConnectionManager - Connection request: [route: {}-&gt;http://127.0.0.1:8080][total kept alive: 0; route allocated: 0 of 2; total allocated: 0 of 20]
13:29:22.540 [main] DEBUG o.a.h.i.c.PoolingHttpClientConnectionManager - Connection leased: [id: 471][route: {}-&gt;http://127.0.0.1:8080][total kept alive: 0; route allocated: 1 of 2; total allocated: 1 of 20]
13:29:22.540 [main] DEBUG o.a.h.impl.execchain.MainClientExec - Opening connection {}-&gt;http://127.0.0.1:8080
13:29:22.540 [main] DEBUG o.a.h.i.c.HttpClientConnectionOperator - Connecting to /127.0.0.1:8080
13:29:22.540 [main] DEBUG o.a.h.i.c.DefaultManagedHttpClientConnection - http-outgoing-471: Shutdown connection
13:29:22.540 [main] DEBUG o.a.h.impl.execchain.MainClientExec - Connection discarded
13:29:22.540 [main] DEBUG o.a.h.i.c.DefaultManagedHttpClientConnection - http-outgoing-471: Close connection
13:29:22.540 [main] DEBUG o.a.h.i.c.PoolingHttpClientConnectionManager - Connection released: [id: 471][route: {}-&gt;http://127.0.0.1:8080][total kept alive: 0; route allocated: 0 of 2; total allocated: 0 of 20]
13:29:22.541 [main] DEBUG o.s.t.c.s.DirtiesContextTestExecutionListener - After test method: context [DefaultTestContext@dd53dd9 testClass = GetUpgradeInfoExceptionTest, testInstance = null(com.everhomes.test.junit.version.GetUpgradeInfoExceptionTest), testMethod = testNullRealm@GetUpgradeInfoExceptionTest, testException = junit.framework.ComparisonFailure: expected:&lt;[general]&gt; but was:&lt;[HTTP]&gt;, mergedContextConfiguration = [MergedContextConfiguration@1b3f8d20 testClass = GetUpgradeInfoExceptionTest, locations = &apos;{}&apos;, classes = &apos;{class com.everhomes.test.core.base.BaseServerConfig, class com.everhomes.test.core.persist.PersistConfig, class com.everhomes.test.core.redis.RedisConfig}&apos;, contextInitializerClasses = &apos;[]&apos;, activeProfiles = &apos;{}&apos;, contextLoader = &apos;org.springframework.test.context.support.AnnotationConfigContextLoader&apos;, parent = [null]]], class dirties context [false], class mode [null], method dirties context [false].
</system-out>
  </testcase>
</testsuite>