<?xml version="1.0" encoding="UTF-8" ?>
<testsuite tests="6" failures="0" name="com.everhomes.test.junit.yellowpage.YellowPageTest" time="31.934" errors="6" skipped="0">
  <properties>
[...]
</properties>
  <testcase classname="com.everhomes.test.junit.yellowpage.YellowPageTest" name="testListServiceAllianceEnterprisel" time="5.252">
    <error message="Failed to login before synchronizing sequence, user=root, error={&quot;version&quot;:&quot;1.0.0&quot;,&quot;errorScope&quot;:&quot;HTTP&quot;,&quot;errorCode&quot;:502,&quot;errorDescription&quot;:&quot;Connect to 127.0.0.1:8080 [/127.0.0.1] failed: Connection refused&quot;}" type="java.lang.IllegalStateException">java.lang.IllegalStateException: Failed to login before synchronizing sequence, user=root, error={&quot;version&quot;:&quot;1.0.0&quot;,&quot;errorScope&quot;:&quot;HTTP&quot;,&quot;errorCode&quot;:502,&quot;errorDescription&quot;:&quot;Connect to 127.0.0.1:8080 [/127.0.0.1] failed: Connection refused&quot;}
	at com.everhomes.test.core.api.ApiProviderImpl.syncSequence(ApiProviderImpl.java:36)
	at com.everhomes.test.core.base.BaseLoginAuthTestCase.syncSequence(BaseLoginAuthTestCase.java:74)
	at com.everhomes.test.core.base.BaseLoginAuthTestCase.setUp(BaseLoginAuthTestCase.java:46)
	at com.everhomes.test.junit.yellowpage.YellowPageTest.setUp(YellowPageTest.java:47)
	at sun.reflect.NativeMethodAccessorImpl.invoke0(Native Method)
	at sun.reflect.NativeMethodAccessorImpl.invoke(NativeMethodAccessorImpl.java:62)
	at sun.reflect.DelegatingMethodAccessorImpl.invoke(DelegatingMethodAccessorImpl.java:43)
	at java.lang.reflect.Method.invoke(Method.java:498)
	at org.junit.runners.model.FrameworkMethod$1.runReflectiveCall(FrameworkMethod.java:47)
	at org.junit.internal.runners.model.ReflectiveCallable.run(ReflectiveCallable.java:12)
	at org.junit.runners.model.FrameworkMethod.invokeExplosively(FrameworkMethod.java:44)
	at org.junit.internal.runners.statements.RunBefores.evaluate(RunBefores.java:24)
	at org.springframework.test.context.junit4.statements.RunBeforeTestMethodCallbacks.evaluate(RunBeforeTestMethodCallbacks.java:74)
	at org.junit.internal.runners.statements.RunAfters.evaluate(RunAfters.java:27)
	at org.springframework.test.context.junit4.statements.RunAfterTestMethodCallbacks.evaluate(RunAfterTestMethodCallbacks.java:83)
	at org.springframework.test.context.junit4.statements.SpringRepeat.evaluate(SpringRepeat.java:72)
	at org.springframework.test.context.junit4.SpringJUnit4ClassRunner.runChild(SpringJUnit4ClassRunner.java:233)
	at org.springframework.test.context.junit4.SpringJUnit4ClassRunner.runChild(SpringJUnit4ClassRunner.java:87)
	at org.junit.runners.ParentRunner$3.run(ParentRunner.java:238)
	at org.junit.runners.ParentRunner$1.schedule(ParentRunner.java:63)
	at org.junit.runners.ParentRunner.runChildren(ParentRunner.java:236)
	at org.junit.runners.ParentRunner.access$000(ParentRunner.java:53)
	at org.junit.runners.ParentRunner$2.evaluate(ParentRunner.java:229)
	at org.springframework.test.context.junit4.statements.RunBeforeTestClassCallbacks.evaluate(RunBeforeTestClassCallbacks.java:61)
	at org.springframework.test.context.junit4.statements.RunAfterTestClassCallbacks.evaluate(RunAfterTestClassCallbacks.java:71)
	at org.junit.runners.ParentRunner.run(ParentRunner.java:309)
	at org.springframework.test.context.junit4.SpringJUnit4ClassRunner.run(SpringJUnit4ClassRunner.java:176)
	at org.apache.maven.surefire.junit4.JUnit4TestSet.execute(JUnit4TestSet.java:53)
	at org.apache.maven.surefire.junit4.JUnit4Provider.executeTestSet(JUnit4Provider.java:123)
	at org.apache.maven.surefire.junit4.JUnit4Provider.invoke(JUnit4Provider.java:104)
	at sun.reflect.NativeMethodAccessorImpl.invoke0(Native Method)
	at sun.reflect.NativeMethodAccessorImpl.invoke(NativeMethodAccessorImpl.java:62)
	at sun.reflect.DelegatingMethodAccessorImpl.invoke(DelegatingMethodAccessorImpl.java:43)
	at java.lang.reflect.Method.invoke(Method.java:498)
	at org.apache.maven.surefire.util.ReflectionUtils.invokeMethodWithArray(ReflectionUtils.java:164)
	at org.apache.maven.surefire.booter.ProviderFactory$ProviderProxy.invoke(ProviderFactory.java:110)
	at org.apache.maven.surefire.booter.SurefireStarter.invokeProvider(SurefireStarter.java:175)
	at org.apache.maven.surefire.booter.SurefireStarter.runSuitesInProcessWhenForked(SurefireStarter.java:107)
	at org.apache.maven.surefire.booter.ForkedBooter.main(ForkedBooter.java:68)
</error>
    <system-out>13:30:01.340 [main] DEBUG o.s.t.c.s.DirtiesContextTestExecutionListener - After test class: context [DefaultTestContext@4791c400 testClass = NotifyTargetTest, testInstance = [null], testMethod = [null], testException = [null], mergedContextConfiguration = [MergedContextConfiguration@d454c94 testClass = NotifyTargetTest, locations = &apos;{}&apos;, classes = &apos;{class com.everhomes.test.core.base.BaseServerConfig, class com.everhomes.test.core.persist.PersistConfig, class com.everhomes.test.core.redis.RedisConfig}&apos;, contextInitializerClasses = &apos;[]&apos;, activeProfiles = &apos;{}&apos;, contextLoader = &apos;org.springframework.test.context.support.AnnotationConfigContextLoader&apos;, parent = [null]]], dirtiesContext [false].
13:30:01.340 [main] DEBUG o.s.t.c.j.SpringJUnit4ClassRunner - SpringJUnit4ClassRunner constructor called with [class com.everhomes.test.junit.yellowpage.YellowPageTest].
13:30:01.340 [main] DEBUG o.s.test.context.ContextLoaderUtils - Found explicit ContextLoader class [org.springframework.test.context.support.AnnotationConfigContextLoader] for context configuration attributes [ContextConfigurationAttributes@5d74dd9 declaringClass = &apos;com.everhomes.test.core.base.BaseServerTestCase&apos;, classes = &apos;{class com.everhomes.test.core.base.BaseServerConfig, class com.everhomes.test.core.persist.PersistConfig, class com.everhomes.test.core.redis.RedisConfig}&apos;, locations = &apos;{}&apos;, inheritLocations = true, initializers = &apos;{}&apos;, inheritInitializers = true, name = [null], contextLoaderClass = &apos;org.springframework.test.context.support.AnnotationConfigContextLoader&apos;]
13:30:01.340 [main] DEBUG o.s.test.context.ContextLoaderUtils - Could not find an &apos;annotation declaring class&apos; for annotation type [org.springframework.test.context.ActiveProfiles] and class [com.everhomes.test.junit.yellowpage.YellowPageTest]
13:30:01.340 [main] DEBUG o.s.test.context.TestContextManager - @TestExecutionListeners is not present for class [com.everhomes.test.junit.yellowpage.YellowPageTest]: using defaults.
13:30:01.341 [main] DEBUG o.s.t.annotation.ProfileValueUtils - Retrieved @ProfileValueSourceConfiguration [null] for test class [com.everhomes.test.junit.yellowpage.YellowPageTest]
13:30:01.341 [main] DEBUG o.s.t.annotation.ProfileValueUtils - Retrieved ProfileValueSource type [class org.springframework.test.annotation.SystemProfileValueSource] for class [com.everhomes.test.junit.yellowpage.YellowPageTest]
13:30:01.341 [main] DEBUG o.s.t.annotation.ProfileValueUtils - Retrieved @ProfileValueSourceConfiguration [null] for test class [com.everhomes.test.junit.yellowpage.YellowPageTest]
13:30:01.341 [main] DEBUG o.s.t.annotation.ProfileValueUtils - Retrieved ProfileValueSource type [class org.springframework.test.annotation.SystemProfileValueSource] for class [com.everhomes.test.junit.yellowpage.YellowPageTest]
13:30:01.341 [main] DEBUG o.s.t.annotation.ProfileValueUtils - Retrieved @ProfileValueSourceConfiguration [null] for test class [com.everhomes.test.junit.yellowpage.YellowPageTest]
13:30:01.341 [main] DEBUG o.s.t.annotation.ProfileValueUtils - Retrieved ProfileValueSource type [class org.springframework.test.annotation.SystemProfileValueSource] for class [com.everhomes.test.junit.yellowpage.YellowPageTest]
13:30:01.341 [main] DEBUG o.s.t.c.s.DependencyInjectionTestExecutionListener - Performing dependency injection for test context [[DefaultTestContext@784236e1 testClass = YellowPageTest, testInstance = null(com.everhomes.test.junit.yellowpage.YellowPageTest), testMethod = [null], testException = [null], mergedContextConfiguration = [MergedContextConfiguration@2d14037a testClass = YellowPageTest, locations = &apos;{}&apos;, classes = &apos;{class com.everhomes.test.core.base.BaseServerConfig, class com.everhomes.test.core.persist.PersistConfig, class com.everhomes.test.core.redis.RedisConfig}&apos;, contextInitializerClasses = &apos;[]&apos;, activeProfiles = &apos;{}&apos;, contextLoader = &apos;org.springframework.test.context.support.AnnotationConfigContextLoader&apos;, parent = [null]]]].
13:30:01.341 [main] DEBUG o.s.t.c.CacheAwareContextLoaderDelegate - Retrieved ApplicationContext from cache with key [[MergedContextConfiguration@2d14037a testClass = YellowPageTest, locations = &apos;{}&apos;, classes = &apos;{class com.everhomes.test.core.base.BaseServerConfig, class com.everhomes.test.core.persist.PersistConfig, class com.everhomes.test.core.redis.RedisConfig}&apos;, contextInitializerClasses = &apos;[]&apos;, activeProfiles = &apos;{}&apos;, contextLoader = &apos;org.springframework.test.context.support.AnnotationConfigContextLoader&apos;, parent = [null]]]
13:30:01.341 [main] DEBUG o.springframework.test.context.cache - Spring test ApplicationContext cache statistics: [ContextCache@5d8445d7 size = 1, hitCount = 481, missCount = 1, parentContextCount = 0]
13:30:01.341 [main] DEBUG o.s.b.f.annotation.InjectionMetadata - Processing injected method of bean &apos;com.everhomes.test.junit.yellowpage.YellowPageTest&apos;: AutowiredFieldElement for protected com.everhomes.test.core.http.HttpClientService com.everhomes.test.core.base.BaseLoginAuthTestCase.httpClientService
13:30:01.341 [main] DEBUG o.s.b.f.s.DefaultListableBeanFactory - Creating instance of bean &apos;httpClientServiceImpl&apos;
13:30:01.341 [main] DEBUG o.s.b.f.annotation.InjectionMetadata - Processing injected method of bean &apos;httpClientServiceImpl&apos;: AutowiredFieldElement for private java.lang.String com.everhomes.test.core.http.HttpClientServiceImpl.serverContextPath
13:30:01.341 [main] DEBUG o.s.c.e.PropertySourcesPropertyResolver - Searching for key &apos;server.contextPath:&apos; in [environmentProperties]
13:30:01.341 [main] DEBUG o.s.c.e.PropertySourcesPropertyResolver - Searching for key &apos;server.contextPath:&apos; in [systemProperties]
13:30:01.341 [main] DEBUG o.s.c.e.PropertySourcesPropertyResolver - Searching for key &apos;server.contextPath:&apos; in [systemEnvironment]
13:30:01.341 [main] DEBUG o.s.c.e.PropertySourcesPropertyResolver - Searching for key &apos;server.contextPath:&apos; in [class path resource [config/ehcore.properties]]
13:30:01.341 [main] DEBUG o.s.c.e.PropertySourcesPropertyResolver - Could not find key &apos;server.contextPath:&apos; in any property source. Returning [null]
13:30:01.341 [main] DEBUG o.s.c.e.PropertySourcesPropertyResolver - Searching for key &apos;server.contextPath:&apos; in [localProperties]
13:30:01.341 [main] DEBUG o.s.c.e.PropertySourcesPropertyResolver - Could not find key &apos;server.contextPath:&apos; in any property source. Returning [null]
13:30:01.342 [main] DEBUG o.s.c.e.PropertySourcesPropertyResolver - Searching for key &apos;server.contextPath&apos; in [environmentProperties]
13:30:01.342 [main] DEBUG o.s.c.e.PropertySourcesPropertyResolver - Searching for key &apos;server.contextPath&apos; in [systemProperties]
13:30:01.342 [main] DEBUG o.s.c.e.PropertySourcesPropertyResolver - Searching for key &apos;server.contextPath&apos; in [systemEnvironment]
13:30:01.342 [main] DEBUG o.s.c.e.PropertySourcesPropertyResolver - Searching for key &apos;server.contextPath&apos; in [class path resource [config/ehcore.properties]]
13:30:01.342 [main] DEBUG o.s.c.e.PropertySourcesPropertyResolver - Found key &apos;server.contextPath&apos; in [class path resource [config/ehcore.properties]] with type [String] and value &apos;/evh&apos;
13:30:01.342 [main] DEBUG o.s.c.e.PropertySourcesPropertyResolver - Found key &apos;server.contextPath&apos; in [environmentProperties] with type [String] and value &apos;/evh&apos;
13:30:01.342 [main] DEBUG o.s.b.f.annotation.InjectionMetadata - Processing injected method of bean &apos;httpClientServiceImpl&apos;: AutowiredFieldElement for private java.lang.String com.everhomes.test.core.http.HttpClientServiceImpl.serverAddress
13:30:01.342 [main] DEBUG o.s.c.e.PropertySourcesPropertyResolver - Searching for key &apos;server.address:&apos; in [environmentProperties]
13:30:01.342 [main] DEBUG o.s.c.e.PropertySourcesPropertyResolver - Searching for key &apos;server.address:&apos; in [systemProperties]
13:30:01.342 [main] DEBUG o.s.c.e.PropertySourcesPropertyResolver - Searching for key &apos;server.address:&apos; in [systemEnvironment]
13:30:01.342 [main] DEBUG o.s.c.e.PropertySourcesPropertyResolver - Searching for key &apos;server.address:&apos; in [class path resource [config/ehcore.properties]]
13:30:01.342 [main] DEBUG o.s.c.e.PropertySourcesPropertyResolver - Could not find key &apos;server.address:&apos; in any property source. Returning [null]
13:30:01.342 [main] DEBUG o.s.c.e.PropertySourcesPropertyResolver - Searching for key &apos;server.address:&apos; in [localProperties]
13:30:01.342 [main] DEBUG o.s.c.e.PropertySourcesPropertyResolver - Could not find key &apos;server.address:&apos; in any property source. Returning [null]
13:30:01.342 [main] DEBUG o.s.c.e.PropertySourcesPropertyResolver - Searching for key &apos;server.address&apos; in [environmentProperties]
13:30:01.342 [main] DEBUG o.s.c.e.PropertySourcesPropertyResolver - Searching for key &apos;server.address&apos; in [systemProperties]
13:30:01.342 [main] DEBUG o.s.c.e.PropertySourcesPropertyResolver - Searching for key &apos;server.address&apos; in [systemEnvironment]
13:30:01.342 [main] DEBUG o.s.c.e.PropertySourcesPropertyResolver - Searching for key &apos;server.address&apos; in [class path resource [config/ehcore.properties]]
13:30:01.342 [main] DEBUG o.s.c.e.PropertySourcesPropertyResolver - Found key &apos;server.address&apos; in [class path resource [config/ehcore.properties]] with type [String] and value &apos;http://127.0.0.1:8080&apos;
13:30:01.342 [main] DEBUG o.s.c.e.PropertySourcesPropertyResolver - Found key &apos;server.address&apos; in [environmentProperties] with type [String] and value &apos;http://127.0.0.1:8080&apos;
13:30:01.342 [main] DEBUG o.s.c.a.CommonAnnotationBeanPostProcessor - Invoking init method on bean &apos;httpClientServiceImpl&apos;: private org.apache.http.impl.client.CloseableHttpClient com.everhomes.test.core.http.HttpClientServiceImpl.openHttpClient()
13:30:01.343 [main] DEBUG o.s.b.f.s.DefaultListableBeanFactory - Finished creating instance of bean &apos;httpClientServiceImpl&apos;
13:30:01.343 [main] DEBUG o.s.b.f.annotation.InjectionMetadata - Processing injected method of bean &apos;com.everhomes.test.junit.yellowpage.YellowPageTest&apos;: AutowiredFieldElement for protected com.everhomes.test.core.persist.DbProvider com.everhomes.test.core.base.BaseLoginAuthTestCase.dbProvider
13:30:01.343 [main] DEBUG o.s.b.f.s.DefaultListableBeanFactory - Returning cached instance of singleton bean &apos;dbProviderImpl&apos;
13:30:01.343 [main] DEBUG o.s.b.f.annotation.InjectionMetadata - Processing injected method of bean &apos;com.everhomes.test.junit.yellowpage.YellowPageTest&apos;: AutowiredFieldElement for protected com.everhomes.test.core.redis.RedisProvider com.everhomes.test.core.base.BaseLoginAuthTestCase.redisProvider
13:30:01.343 [main] DEBUG o.s.b.f.s.DefaultListableBeanFactory - Returning cached instance of singleton bean &apos;redisProviderImpl&apos;
13:30:01.343 [main] DEBUG o.s.b.f.annotation.InjectionMetadata - Processing injected method of bean &apos;com.everhomes.test.junit.yellowpage.YellowPageTest&apos;: AutowiredFieldElement for protected com.everhomes.test.core.api.ApiProvider com.everhomes.test.core.base.BaseLoginAuthTestCase.apiProvider
13:30:01.343 [main] DEBUG o.s.b.f.s.DefaultListableBeanFactory - Returning cached instance of singleton bean &apos;apiProviderImpl&apos;
13:30:01.343 [main] DEBUG org.jooq.tools.LoggerListener - Executing query          : select `information_schema`.`TABLES`.`TABLE_SCHEMA`, `information_schema`.`TABLES`.`TABLE_NAME`, `information_schema`.`TABLES`.`TABLE_ROWS` from `information_schema`.`TABLES` where `information_schema`.`TABLES`.`TABLE_SCHEMA` in (?)
13:30:01.343 [main] DEBUG org.jooq.tools.LoggerListener - -&gt; with bind values      : select `information_schema`.`TABLES`.`TABLE_SCHEMA`, `information_schema`.`TABLES`.`TABLE_NAME`, `information_schema`.`TABLES`.`TABLE_ROWS` from `information_schema`.`TABLES` where `information_schema`.`TABLES`.`TABLE_SCHEMA` in (&apos;ehcore_test&apos;)
13:30:01.343 [main] DEBUG o.s.jdbc.datasource.DataSourceUtils - Fetching JDBC Connection from DataSource
13:30:01.343 [main] DEBUG o.s.j.d.LazyConnectionDataSourceProxy - Connecting to database for operation &apos;prepareStatement&apos;
13:30:01.351 [main] DEBUG org.jooq.tools.StopWatch - Query executed           : Total: 7.463ms
13:30:01.355 [main] DEBUG o.s.jdbc.datasource.DataSourceUtils - Returning JDBC Connection to DataSource
13:30:01.355 [main] DEBUG o.s.j.d.LazyConnectionDataSourceProxy - Using existing database connection for operation &apos;close&apos;
13:30:01.355 [main] DEBUG org.jooq.tools.LoggerListener - Fetched result           : +------------+-----------------------+----------+
13:30:01.355 [main] DEBUG org.jooq.tools.LoggerListener -                          : |TABLE_SCHEMA|TABLE_NAME             |TABLE_ROWS|
13:30:01.355 [main] DEBUG org.jooq.tools.LoggerListener -                          : +------------+-----------------------+----------+
13:30:01.355 [main] DEBUG org.jooq.tools.LoggerListener -                          : |ehcore_test |eh_acl_privileges      |        10|
13:30:01.355 [main] DEBUG org.jooq.tools.LoggerListener -                          : |ehcore_test |eh_acl_role_assignments|         1|
13:30:01.355 [main] DEBUG org.jooq.tools.LoggerListener -                          : |ehcore_test |eh_acl_roles           |         8|
13:30:01.355 [main] DEBUG org.jooq.tools.LoggerListener -                          : |ehcore_test |eh_aclink_firmware     |         0|
13:30:01.355 [main] DEBUG org.jooq.tools.LoggerListener -                          : |ehcore_test |eh_aclink_logs         |         0|
13:30:01.355 [main] DEBUG org.jooq.tools.LoggerListener -                          : +------------+-----------------------+----------+
13:30:01.355 [main] DEBUG org.jooq.tools.LoggerListener -                          : |...330 record(s) truncated...
13:30:01.355 [main] DEBUG org.jooq.tools.StopWatch - Finishing                : Total: 12.317ms, +4.854ms
13:30:01.356 [main] DEBUG org.jooq.tools.LoggerListener - Executing query          : SET foreign_key_checks = 0
13:30:01.356 [main] DEBUG o.s.jdbc.datasource.DataSourceUtils - Fetching JDBC Connection from DataSource
13:30:01.356 [main] DEBUG o.s.j.d.LazyConnectionDataSourceProxy - Connecting to database for operation &apos;prepareStatement&apos;
13:30:01.358 [main] DEBUG org.jooq.tools.LoggerListener - Affected row(s)          : 0
13:30:01.358 [main] DEBUG org.jooq.tools.StopWatch - Query executed           : Total: 2.087ms
13:30:01.360 [main] DEBUG o.s.jdbc.datasource.DataSourceUtils - Returning JDBC Connection to DataSource
13:30:01.360 [main] DEBUG o.s.j.d.LazyConnectionDataSourceProxy - Using existing database connection for operation &apos;close&apos;
13:30:01.360 [main] DEBUG org.jooq.tools.StopWatch - Finishing                : Total: 4.6ms, +2.512ms
13:30:01.360 [main] DEBUG org.jooq.tools.LoggerListener - Executing query          : truncate table eh_acl_privileges
13:30:01.360 [main] DEBUG o.s.jdbc.datasource.DataSourceUtils - Fetching JDBC Connection from DataSource
13:30:01.360 [main] DEBUG o.s.j.d.LazyConnectionDataSourceProxy - Connecting to database for operation &apos;prepareStatement&apos;
13:30:01.674 [main] DEBUG org.jooq.tools.LoggerListener - Affected row(s)          : 0
13:30:01.674 [main] DEBUG org.jooq.tools.StopWatch - Query executed           : Total: 314.25ms
13:30:01.677 [main] DEBUG o.s.jdbc.datasource.DataSourceUtils - Returning JDBC Connection to DataSource
13:30:01.677 [main] DEBUG o.s.j.d.LazyConnectionDataSourceProxy - Using existing database connection for operation &apos;close&apos;
13:30:01.677 [main] DEBUG org.jooq.tools.StopWatch - Finishing                : Total: 316.815ms, +2.564ms
13:30:01.677 [main] DEBUG org.jooq.tools.LoggerListener - Executing query          : SET foreign_key_checks = 1
13:30:01.677 [main] DEBUG o.s.jdbc.datasource.DataSourceUtils - Fetching JDBC Connection from DataSource
13:30:01.677 [main] DEBUG o.s.j.d.LazyConnectionDataSourceProxy - Connecting to database for operation &apos;prepareStatement&apos;
13:30:01.680 [main] DEBUG org.jooq.tools.LoggerListener - Affected row(s)          : 0
13:30:01.680 [main] DEBUG org.jooq.tools.StopWatch - Query executed           : Total: 2.898ms
13:30:01.684 [main] DEBUG o.s.jdbc.datasource.DataSourceUtils - Returning JDBC Connection to DataSource
13:30:01.684 [main] DEBUG o.s.j.d.LazyConnectionDataSourceProxy - Using existing database connection for operation &apos;close&apos;
13:30:01.684 [main] DEBUG org.jooq.tools.StopWatch - Finishing                : Total: 7.377ms, +4.479ms
13:30:01.684 [main] DEBUG org.jooq.tools.LoggerListener - Executing query          : SET foreign_key_checks = 0
13:30:01.684 [main] DEBUG o.s.jdbc.datasource.DataSourceUtils - Fetching JDBC Connection from DataSource
13:30:01.684 [main] DEBUG o.s.j.d.LazyConnectionDataSourceProxy - Connecting to database for operation &apos;prepareStatement&apos;
13:30:01.687 [main] DEBUG org.jooq.tools.LoggerListener - Affected row(s)          : 0
13:30:01.687 [main] DEBUG org.jooq.tools.StopWatch - Query executed           : Total: 2.465ms
13:30:01.689 [main] DEBUG o.s.jdbc.datasource.DataSourceUtils - Returning JDBC Connection to DataSource
13:30:01.689 [main] DEBUG o.s.j.d.LazyConnectionDataSourceProxy - Using existing database connection for operation &apos;close&apos;
13:30:01.689 [main] DEBUG org.jooq.tools.StopWatch - Finishing                : Total: 4.768ms, +2.302ms
13:30:01.689 [main] DEBUG org.jooq.tools.LoggerListener - Executing query          : truncate table eh_acl_role_assignments
13:30:01.689 [main] DEBUG o.s.jdbc.datasource.DataSourceUtils - Fetching JDBC Connection from DataSource
13:30:01.689 [main] DEBUG o.s.j.d.LazyConnectionDataSourceProxy - Connecting to database for operation &apos;prepareStatement&apos;
13:30:02.084 [main] DEBUG org.jooq.tools.LoggerListener - Affected row(s)          : 0
13:30:02.084 [main] DEBUG org.jooq.tools.StopWatch - Query executed           : Total: 394.778ms
13:30:02.088 [main] DEBUG o.s.jdbc.datasource.DataSourceUtils - Returning JDBC Connection to DataSource
13:30:02.088 [main] DEBUG o.s.j.d.LazyConnectionDataSourceProxy - Using existing database connection for operation &apos;close&apos;
13:30:02.088 [main] DEBUG org.jooq.tools.StopWatch - Finishing                : Total: 398.926ms, +4.148ms
13:30:02.088 [main] DEBUG org.jooq.tools.LoggerListener - Executing query          : SET foreign_key_checks = 1
13:30:02.088 [main] DEBUG o.s.jdbc.datasource.DataSourceUtils - Fetching JDBC Connection from DataSource
13:30:02.088 [main] DEBUG o.s.j.d.LazyConnectionDataSourceProxy - Connecting to database for operation &apos;prepareStatement&apos;
13:30:02.092 [main] DEBUG org.jooq.tools.LoggerListener - Affected row(s)          : 0
13:30:02.092 [main] DEBUG org.jooq.tools.StopWatch - Query executed           : Total: 3.967ms
13:30:02.095 [main] DEBUG o.s.jdbc.datasource.DataSourceUtils - Returning JDBC Connection to DataSource
13:30:02.095 [main] DEBUG o.s.j.d.LazyConnectionDataSourceProxy - Using existing database connection for operation &apos;close&apos;
13:30:02.095 [main] DEBUG org.jooq.tools.StopWatch - Finishing                : Total: 7.197ms, +3.229ms
13:30:02.095 [main] DEBUG org.jooq.tools.LoggerListener - Executing query          : SET foreign_key_checks = 0
13:30:02.095 [main] DEBUG o.s.jdbc.datasource.DataSourceUtils - Fetching JDBC Connection from DataSource
13:30:02.095 [main] DEBUG o.s.j.d.LazyConnectionDataSourceProxy - Connecting to database for operation &apos;prepareStatement&apos;
13:30:02.098 [main] DEBUG org.jooq.tools.LoggerListener - Affected row(s)          : 0
13:30:02.098 [main] DEBUG org.jooq.tools.StopWatch - Query executed           : Total: 2.774ms
13:30:02.101 [main] DEBUG o.s.jdbc.datasource.DataSourceUtils - Returning JDBC Connection to DataSource
13:30:02.101 [main] DEBUG o.s.j.d.LazyConnectionDataSourceProxy - Using existing database connection for operation &apos;close&apos;
13:30:02.101 [main] DEBUG org.jooq.tools.StopWatch - Finishing                : Total: 5.442ms, +2.667ms
13:30:02.101 [main] DEBUG org.jooq.tools.LoggerListener - Executing query          : truncate table eh_acl_roles
13:30:02.101 [main] DEBUG o.s.jdbc.datasource.DataSourceUtils - Fetching JDBC Connection from DataSource
13:30:02.101 [main] DEBUG o.s.j.d.LazyConnectionDataSourceProxy - Connecting to database for operation &apos;prepareStatement&apos;
13:30:02.399 [main] DEBUG org.jooq.tools.LoggerListener - Affected row(s)          : 0
13:30:02.399 [main] DEBUG org.jooq.tools.StopWatch - Query executed           : Total: 298.18ms
13:30:02.401 [main] DEBUG o.s.jdbc.datasource.DataSourceUtils - Returning JDBC Connection to DataSource
13:30:02.401 [main] DEBUG o.s.j.d.LazyConnectionDataSourceProxy - Using existing database connection for operation &apos;close&apos;
13:30:02.401 [main] DEBUG org.jooq.tools.StopWatch - Finishing                : Total: 300.485ms, +2.305ms
13:30:02.401 [main] DEBUG org.jooq.tools.LoggerListener - Executing query          : SET foreign_key_checks = 1
13:30:02.401 [main] DEBUG o.s.jdbc.datasource.DataSourceUtils - Fetching JDBC Connection from DataSource
13:30:02.401 [main] DEBUG o.s.j.d.LazyConnectionDataSourceProxy - Connecting to database for operation &apos;prepareStatement&apos;
13:30:02.404 [main] DEBUG org.jooq.tools.LoggerListener - Affected row(s)          : 0
13:30:02.404 [main] DEBUG org.jooq.tools.StopWatch - Query executed           : Total: 2.475ms
13:30:02.406 [main] DEBUG o.s.jdbc.datasource.DataSourceUtils - Returning JDBC Connection to DataSource
13:30:02.406 [main] DEBUG o.s.j.d.LazyConnectionDataSourceProxy - Using existing database connection for operation &apos;close&apos;
13:30:02.407 [main] DEBUG org.jooq.tools.StopWatch - Finishing                : Total: 5.196ms, +2.721ms
13:30:02.407 [main] DEBUG org.jooq.tools.LoggerListener - Executing query          : SET foreign_key_checks = 0
13:30:02.407 [main] DEBUG o.s.jdbc.datasource.DataSourceUtils - Fetching JDBC Connection from DataSource
13:30:02.407 [main] DEBUG o.s.j.d.LazyConnectionDataSourceProxy - Connecting to database for operation &apos;prepareStatement&apos;
13:30:02.409 [main] DEBUG org.jooq.tools.LoggerListener - Affected row(s)          : 0
13:30:02.409 [main] DEBUG org.jooq.tools.StopWatch - Query executed           : Total: 2.838ms
13:30:02.412 [main] DEBUG o.s.jdbc.datasource.DataSourceUtils - Returning JDBC Connection to DataSource
13:30:02.412 [main] DEBUG o.s.j.d.LazyConnectionDataSourceProxy - Using existing database connection for operation &apos;close&apos;
13:30:02.412 [main] DEBUG org.jooq.tools.StopWatch - Finishing                : Total: 4.979ms, +2.141ms
13:30:02.412 [main] DEBUG org.jooq.tools.LoggerListener - Executing query          : truncate table eh_acls
13:30:02.412 [main] DEBUG o.s.jdbc.datasource.DataSourceUtils - Fetching JDBC Connection from DataSource
13:30:02.412 [main] DEBUG o.s.j.d.LazyConnectionDataSourceProxy - Connecting to database for operation &apos;prepareStatement&apos;
13:30:02.903 [main] DEBUG org.jooq.tools.LoggerListener - Affected row(s)          : 0
13:30:02.903 [main] DEBUG org.jooq.tools.StopWatch - Query executed           : Total: 491.268ms
13:30:02.906 [main] DEBUG o.s.jdbc.datasource.DataSourceUtils - Returning JDBC Connection to DataSource
13:30:02.906 [main] DEBUG o.s.j.d.LazyConnectionDataSourceProxy - Using existing database connection for operation &apos;close&apos;
13:30:02.906 [main] DEBUG org.jooq.tools.StopWatch - Finishing                : Total: 494.105ms, +2.837ms
13:30:02.906 [main] DEBUG org.jooq.tools.LoggerListener - Executing query          : SET foreign_key_checks = 1
13:30:02.906 [main] DEBUG o.s.jdbc.datasource.DataSourceUtils - Fetching JDBC Connection from DataSource
13:30:02.906 [main] DEBUG o.s.j.d.LazyConnectionDataSourceProxy - Connecting to database for operation &apos;prepareStatement&apos;
13:30:02.908 [main] DEBUG org.jooq.tools.LoggerListener - Affected row(s)          : 0
13:30:02.908 [main] DEBUG org.jooq.tools.StopWatch - Query executed           : Total: 2.562ms
13:30:02.911 [main] DEBUG o.s.jdbc.datasource.DataSourceUtils - Returning JDBC Connection to DataSource
13:30:02.911 [main] DEBUG o.s.j.d.LazyConnectionDataSourceProxy - Using existing database connection for operation &apos;close&apos;
13:30:02.911 [main] DEBUG org.jooq.tools.StopWatch - Finishing                : Total: 5.324ms, +2.761ms
13:30:02.911 [main] DEBUG org.jooq.tools.LoggerListener - Executing query          : SET foreign_key_checks = 0
13:30:02.911 [main] DEBUG o.s.jdbc.datasource.DataSourceUtils - Fetching JDBC Connection from DataSource
13:30:02.911 [main] DEBUG o.s.j.d.LazyConnectionDataSourceProxy - Connecting to database for operation &apos;prepareStatement&apos;
13:30:02.914 [main] DEBUG org.jooq.tools.LoggerListener - Affected row(s)          : 0
13:30:02.914 [main] DEBUG org.jooq.tools.StopWatch - Query executed           : Total: 2.66ms
13:30:02.916 [main] DEBUG o.s.jdbc.datasource.DataSourceUtils - Returning JDBC Connection to DataSource
13:30:02.916 [main] DEBUG o.s.j.d.LazyConnectionDataSourceProxy - Using existing database connection for operation &apos;close&apos;
13:30:02.916 [main] DEBUG org.jooq.tools.StopWatch - Finishing                : Total: 5.239ms, +2.578ms
13:30:02.916 [main] DEBUG org.jooq.tools.LoggerListener - Executing query          : truncate table eh_categories
13:30:02.917 [main] DEBUG o.s.jdbc.datasource.DataSourceUtils - Fetching JDBC Connection from DataSource
13:30:02.917 [main] DEBUG o.s.j.d.LazyConnectionDataSourceProxy - Connecting to database for operation &apos;prepareStatement&apos;
13:30:03.313 [main] DEBUG org.jooq.tools.LoggerListener - Affected row(s)          : 0
13:30:03.313 [main] DEBUG org.jooq.tools.StopWatch - Query executed           : Total: 396.662ms
13:30:03.316 [main] DEBUG o.s.jdbc.datasource.DataSourceUtils - Returning JDBC Connection to DataSource
13:30:03.316 [main] DEBUG o.s.j.d.LazyConnectionDataSourceProxy - Using existing database connection for operation &apos;close&apos;
13:30:03.316 [main] DEBUG org.jooq.tools.StopWatch - Finishing                : Total: 399.761ms, +3.098ms
13:30:03.316 [main] DEBUG org.jooq.tools.LoggerListener - Executing query          : SET foreign_key_checks = 1
13:30:03.316 [main] DEBUG o.s.jdbc.datasource.DataSourceUtils - Fetching JDBC Connection from DataSource
13:30:03.316 [main] DEBUG o.s.j.d.LazyConnectionDataSourceProxy - Connecting to database for operation &apos;prepareStatement&apos;
13:30:03.318 [main] DEBUG org.jooq.tools.LoggerListener - Affected row(s)          : 0
13:30:03.319 [main] DEBUG org.jooq.tools.StopWatch - Query executed           : Total: 2.267ms
13:30:03.320 [main] DEBUG o.s.jdbc.datasource.DataSourceUtils - Returning JDBC Connection to DataSource
13:30:03.320 [main] DEBUG o.s.j.d.LazyConnectionDataSourceProxy - Using existing database connection for operation &apos;close&apos;
13:30:03.320 [main] DEBUG org.jooq.tools.StopWatch - Finishing                : Total: 3.757ms, +1.489ms
13:30:03.320 [main] DEBUG org.jooq.tools.LoggerListener - Executing query          : SET foreign_key_checks = 0
13:30:03.320 [main] DEBUG o.s.jdbc.datasource.DataSourceUtils - Fetching JDBC Connection from DataSource
13:30:03.320 [main] DEBUG o.s.j.d.LazyConnectionDataSourceProxy - Connecting to database for operation &apos;prepareStatement&apos;
13:30:03.324 [main] DEBUG org.jooq.tools.LoggerListener - Affected row(s)          : 0
13:30:03.324 [main] DEBUG org.jooq.tools.StopWatch - Query executed           : Total: 4.426ms
13:30:03.327 [main] DEBUG o.s.jdbc.datasource.DataSourceUtils - Returning JDBC Connection to DataSource
13:30:03.327 [main] DEBUG o.s.j.d.LazyConnectionDataSourceProxy - Using existing database connection for operation &apos;close&apos;
13:30:03.327 [main] DEBUG org.jooq.tools.StopWatch - Finishing                : Total: 7.095ms, +2.668ms
13:30:03.327 [main] DEBUG org.jooq.tools.LoggerListener - Executing query          : truncate table eh_configurations
13:30:03.327 [main] DEBUG o.s.jdbc.datasource.DataSourceUtils - Fetching JDBC Connection from DataSource
13:30:03.328 [main] DEBUG o.s.j.d.LazyConnectionDataSourceProxy - Connecting to database for operation &apos;prepareStatement&apos;
13:30:03.545 [main] DEBUG org.jooq.tools.LoggerListener - Affected row(s)          : 0
13:30:03.545 [main] DEBUG org.jooq.tools.StopWatch - Query executed           : Total: 217.648ms
13:30:03.547 [main] DEBUG o.s.jdbc.datasource.DataSourceUtils - Returning JDBC Connection to DataSource
13:30:03.547 [main] DEBUG o.s.j.d.LazyConnectionDataSourceProxy - Using existing database connection for operation &apos;close&apos;
13:30:03.547 [main] DEBUG org.jooq.tools.StopWatch - Finishing                : Total: 220.159ms, +2.511ms
13:30:03.547 [main] DEBUG org.jooq.tools.LoggerListener - Executing query          : SET foreign_key_checks = 1
13:30:03.547 [main] DEBUG o.s.jdbc.datasource.DataSourceUtils - Fetching JDBC Connection from DataSource
13:30:03.547 [main] DEBUG o.s.j.d.LazyConnectionDataSourceProxy - Connecting to database for operation &apos;prepareStatement&apos;
13:30:03.550 [main] DEBUG org.jooq.tools.LoggerListener - Affected row(s)          : 0
13:30:03.550 [main] DEBUG org.jooq.tools.StopWatch - Query executed           : Total: 2.602ms
13:30:03.553 [main] DEBUG o.s.jdbc.datasource.DataSourceUtils - Returning JDBC Connection to DataSource
13:30:03.553 [main] DEBUG o.s.j.d.LazyConnectionDataSourceProxy - Using existing database connection for operation &apos;close&apos;
13:30:03.553 [main] DEBUG org.jooq.tools.StopWatch - Finishing                : Total: 5.615ms, +3.012ms
13:30:03.553 [main] DEBUG org.jooq.tools.LoggerListener - Executing query          : SET foreign_key_checks = 0
13:30:03.553 [main] DEBUG o.s.jdbc.datasource.DataSourceUtils - Fetching JDBC Connection from DataSource
13:30:03.553 [main] DEBUG o.s.j.d.LazyConnectionDataSourceProxy - Connecting to database for operation &apos;prepareStatement&apos;
13:30:03.556 [main] DEBUG org.jooq.tools.LoggerListener - Affected row(s)          : 0
13:30:03.556 [main] DEBUG org.jooq.tools.StopWatch - Query executed           : Total: 3.018ms
13:30:03.559 [main] DEBUG o.s.jdbc.datasource.DataSourceUtils - Returning JDBC Connection to DataSource
13:30:03.559 [main] DEBUG o.s.j.d.LazyConnectionDataSourceProxy - Using existing database connection for operation &apos;close&apos;
13:30:03.559 [main] DEBUG org.jooq.tools.StopWatch - Finishing                : Total: 5.585ms, +2.566ms
13:30:03.559 [main] DEBUG org.jooq.tools.LoggerListener - Executing query          : truncate table eh_users
13:30:03.559 [main] DEBUG o.s.jdbc.datasource.DataSourceUtils - Fetching JDBC Connection from DataSource
13:30:03.559 [main] DEBUG o.s.j.d.LazyConnectionDataSourceProxy - Connecting to database for operation &apos;prepareStatement&apos;
13:30:03.927 [main] DEBUG org.jooq.tools.LoggerListener - Affected row(s)          : 0
13:30:03.927 [main] DEBUG org.jooq.tools.StopWatch - Query executed           : Total: 368.284ms
13:30:03.931 [main] DEBUG o.s.jdbc.datasource.DataSourceUtils - Returning JDBC Connection to DataSource
13:30:03.931 [main] DEBUG o.s.j.d.LazyConnectionDataSourceProxy - Using existing database connection for operation &apos;close&apos;
13:30:03.931 [main] DEBUG org.jooq.tools.StopWatch - Finishing                : Total: 372.017ms, +3.732ms
13:30:03.931 [main] DEBUG org.jooq.tools.LoggerListener - Executing query          : SET foreign_key_checks = 1
13:30:03.931 [main] DEBUG o.s.jdbc.datasource.DataSourceUtils - Fetching JDBC Connection from DataSource
13:30:03.931 [main] DEBUG o.s.j.d.LazyConnectionDataSourceProxy - Connecting to database for operation &apos;prepareStatement&apos;
13:30:03.935 [main] DEBUG org.jooq.tools.LoggerListener - Affected row(s)          : 0
13:30:03.935 [main] DEBUG org.jooq.tools.StopWatch - Query executed           : Total: 4.645ms
13:30:03.938 [main] DEBUG o.s.jdbc.datasource.DataSourceUtils - Returning JDBC Connection to DataSource
13:30:03.938 [main] DEBUG o.s.j.d.LazyConnectionDataSourceProxy - Using existing database connection for operation &apos;close&apos;
13:30:03.938 [main] DEBUG org.jooq.tools.StopWatch - Finishing                : Total: 6.937ms, +2.291ms
13:30:03.938 [main] DEBUG org.jooq.tools.LoggerListener - Executing query          : SET foreign_key_checks = 0
13:30:03.938 [main] DEBUG o.s.jdbc.datasource.DataSourceUtils - Fetching JDBC Connection from DataSource
13:30:03.938 [main] DEBUG o.s.j.d.LazyConnectionDataSourceProxy - Connecting to database for operation &apos;prepareStatement&apos;
13:30:03.940 [main] DEBUG org.jooq.tools.LoggerListener - Affected row(s)          : 0
13:30:03.940 [main] DEBUG org.jooq.tools.StopWatch - Query executed           : Total: 2.851ms
13:30:03.943 [main] DEBUG o.s.jdbc.datasource.DataSourceUtils - Returning JDBC Connection to DataSource
13:30:03.943 [main] DEBUG o.s.j.d.LazyConnectionDataSourceProxy - Using existing database connection for operation &apos;close&apos;
13:30:03.943 [main] DEBUG org.jooq.tools.StopWatch - Finishing                : Total: 5.861ms, +3.009ms
13:30:03.944 [main] DEBUG org.jooq.tools.LoggerListener - Executing query          : truncate table eh_yellow_pages
13:30:03.944 [main] DEBUG o.s.jdbc.datasource.DataSourceUtils - Fetching JDBC Connection from DataSource
13:30:03.944 [main] DEBUG o.s.j.d.LazyConnectionDataSourceProxy - Connecting to database for operation &apos;prepareStatement&apos;
13:30:04.114 [main] DEBUG org.jooq.tools.LoggerListener - Affected row(s)          : 0
13:30:04.114 [main] DEBUG org.jooq.tools.StopWatch - Query executed           : Total: 170.081ms
13:30:04.116 [main] DEBUG o.s.jdbc.datasource.DataSourceUtils - Returning JDBC Connection to DataSource
13:30:04.116 [main] DEBUG o.s.j.d.LazyConnectionDataSourceProxy - Using existing database connection for operation &apos;close&apos;
13:30:04.116 [main] DEBUG org.jooq.tools.StopWatch - Finishing                : Total: 172.156ms, +2.075ms
13:30:04.116 [main] DEBUG org.jooq.tools.LoggerListener - Executing query          : SET foreign_key_checks = 1
13:30:04.116 [main] DEBUG o.s.jdbc.datasource.DataSourceUtils - Fetching JDBC Connection from DataSource
13:30:04.116 [main] DEBUG o.s.j.d.LazyConnectionDataSourceProxy - Connecting to database for operation &apos;prepareStatement&apos;
13:30:04.118 [main] DEBUG org.jooq.tools.LoggerListener - Affected row(s)          : 0
13:30:04.118 [main] DEBUG org.jooq.tools.StopWatch - Query executed           : Total: 2.445ms
13:30:04.121 [main] DEBUG o.s.jdbc.datasource.DataSourceUtils - Returning JDBC Connection to DataSource
13:30:04.121 [main] DEBUG o.s.j.d.LazyConnectionDataSourceProxy - Using existing database connection for operation &apos;close&apos;
13:30:04.121 [main] DEBUG org.jooq.tools.StopWatch - Finishing                : Total: 5.019ms, +2.573ms
13:30:04.121 [main] DEBUG o.s.jdbc.datasource.DataSourceUtils - Fetching JDBC Connection from DataSource
13:30:04.121 [main] INFO  o.s.jdbc.datasource.init.ScriptUtils - Executing SQL script from file [/Users/wuhan/workspace/ehnextgen/ehtest-integration/target/classes/data/tables/3.0.x_ehcore-system-init.sql]
13:30:04.124 [main] DEBUG o.s.jdbc.datasource.init.ScriptUtils - 0 returned as updateCount for SQL: SET foreign_key_checks = 0
13:30:04.155 [main] DEBUG o.s.jdbc.datasource.init.ScriptUtils - 1 returned as updateCount for SQL: INSERT INTO `eh_configurations`(`namespace_id`, `name`, `value`, `description`) VALUES (0, &apos;db.init.timestamp&apos;, UTC_TIMESTAMP(), &apos;Database seeding timestamp&apos;)
13:30:04.188 [main] DEBUG o.s.jdbc.datasource.init.ScriptUtils - 1 returned as updateCount for SQL: INSERT INTO `eh_configurations`(`namespace_id`, `name`, `value`, `description`) VALUES (0, &apos;sms.handler.type&apos;,&apos;MW&apos;,&apos;sms handler&apos;)
13:30:04.222 [main] DEBUG o.s.jdbc.datasource.init.ScriptUtils - 1 returned as updateCount for SQL: INSERT INTO `eh_configurations`(`namespace_id`, `name`, `value`, `description`) VALUES (0, &apos;mw.port&apos;,&apos;9003&apos;,&apos;sms handler&apos;)
13:30:04.256 [main] DEBUG o.s.jdbc.datasource.init.ScriptUtils - 1 returned as updateCount for SQL: INSERT INTO `eh_configurations`(`namespace_id`, `name`, `value`, `description`) VALUES (0, &apos;mw.password&apos;,&apos;223651&apos;,&apos;mw password&apos;)
13:30:04.289 [main] DEBUG o.s.jdbc.datasource.init.ScriptUtils - 1 returned as updateCount for SQL: INSERT INTO `eh_configurations`(`namespace_id`, `name`, `value`, `description`) VALUES (0, &apos;mw.user&apos;,&apos;J02300&apos;,&apos;mw user&apos;)
13:30:04.329 [main] DEBUG o.s.jdbc.datasource.init.ScriptUtils - 1 returned as updateCount for SQL: INSERT INTO `eh_configurations`(`namespace_id`, `name`, `value`, `description`) VALUES (0, &apos;mw.host&apos;,&apos;61.145.229.29&apos;,&apos;mw host ,special line&apos;)
13:30:04.387 [main] DEBUG o.s.jdbc.datasource.init.ScriptUtils - 1 returned as updateCount for SQL: INSERT INTO `eh_configurations` (`namespace_id`, `name`, `value`, `description`) VALUES (0, &apos;etag.timeout&apos;, &apos;300&apos;, &apos;the timeout for etag&apos;)
13:30:04.431 [main] DEBUG o.s.jdbc.datasource.init.ScriptUtils - 1 returned as updateCount for SQL: INSERT INTO `eh_configurations` (`namespace_id`, `name`, `value`, `description`) VALUES (0, &apos;home.url&apos;, &apos;http://10.1.1.91:8080&apos;, &apos;the home url&apos;)
13:30:04.479 [main] DEBUG o.s.jdbc.datasource.init.ScriptUtils - 1 returned as updateCount for SQL: INSERT INTO `eh_configurations` (`namespace_id`, `name`, `value`, `description`) VALUES (0, &apos;user.score.url&apos;, &apos;/app/static/score/score.html&apos;, &apos;the relative path for user score&apos;)
13:30:04.523 [main] DEBUG o.s.jdbc.datasource.init.ScriptUtils - 1 returned as updateCount for SQL: INSERT INTO `eh_configurations` (`namespace_id`, `name`, `value`, `description`) VALUES (0, &apos;post.share.url&apos;, &apos;/mobile/static/share_post/share_post.html#&apos;, &apos;the relative path for sharing topic&apos;)
13:30:04.556 [main] DEBUG o.s.jdbc.datasource.init.ScriptUtils - 1 returned as updateCount for SQL: INSERT INTO `eh_configurations` (`namespace_id`, `name`, `value`, `description`) VALUES (0, &apos;yzx.vcode.templateid&apos;, &apos;9547&apos;, &apos;vcode sms template id&apos;)
13:30:04.590 [main] DEBUG o.s.jdbc.datasource.init.ScriptUtils - 1 returned as updateCount for SQL: INSERT INTO `eh_configurations` (`namespace_id`, `name`, `value`, `description`) VALUES (0, &apos;yzx.account.sid&apos;, &apos;b0b423e8f630d920aaba8aafe8f37701&apos;, NULL)
13:30:04.623 [main] DEBUG o.s.jdbc.datasource.init.ScriptUtils - 1 returned as updateCount for SQL: INSERT INTO `eh_configurations` (`namespace_id`, `name`, `value`, `description`) VALUES (0, &apos;yzx.token&apos;, &apos;1527ed4b1bb855fab12a5683bb3c7ead&apos;, NULL)
13:30:04.657 [main] DEBUG o.s.jdbc.datasource.init.ScriptUtils - 1 returned as updateCount for SQL: INSERT INTO `eh_configurations` (`namespace_id`, `name`, `value`, `description`) VALUES (0, &apos;yzx.appid&apos;, &apos;89f85f91ed974429992831fb662dbb83&apos;, NULL)
13:30:04.691 [main] DEBUG o.s.jdbc.datasource.init.ScriptUtils - 1 returned as updateCount for SQL: INSERT INTO `eh_configurations` (`namespace_id`, `name`, `value`, `description`) VALUES (0, &apos;yzx.version&apos;, &apos;2014-06-30&apos;, NULL)
13:30:04.723 [main] DEBUG o.s.jdbc.datasource.init.ScriptUtils - 1 returned as updateCount for SQL: INSERT INTO `eh_configurations` (`namespace_id`, `name`, `value`, `description`) VALUES (0, &apos;yzx.server&apos;, &apos;api.ucpaas.com&apos;, NULL)
13:30:04.756 [main] DEBUG o.s.jdbc.datasource.init.ScriptUtils - 1 returned as updateCount for SQL: INSERT INTO `eh_configurations` (`namespace_id`, `name`, `value`, `description`) VALUES (0, &apos;mw.vcode.template.content&apos;, &apos;??????????????????${vcode}???10???????????????????????????????????????&apos;, NULL)
13:30:04.815 [main] DEBUG o.s.jdbc.datasource.init.ScriptUtils - 1 returned as updateCount for SQL: INSERT INTO `eh_configurations` (`namespace_id`, `name`, `value`, `description`) VALUES (0, &apos;marketdata.item.version&apos;, &apos;2015080311&apos;, &apos;the version of all luanchpad items&apos;)
13:30:04.849 [main] DEBUG o.s.jdbc.datasource.init.ScriptUtils - 1 returned as updateCount for SQL: INSERT INTO `eh_configurations` (`namespace_id`, `name`, `value`, `description`) VALUES (0, &apos;app.agreements.url&apos;, &apos;/app/static/app_agreements/app_agreements.html&apos;, &apos;the relative path for app agreements&apos;)
13:30:04.882 [main] DEBUG o.s.jdbc.datasource.init.ScriptUtils - 1 returned as updateCount for SQL: INSERT INTO `eh_configurations` (`namespace_id`, `name`, `value`, `description`) VALUES (0, &apos;apply.shop.url&apos;, &apos;/app/static/apply_store/apply_store.html&apos;, &apos;the relative path for user shop apply&apos;)
13:30:04.916 [main] DEBUG o.s.jdbc.datasource.init.ScriptUtils - 1 returned as updateCount for SQL: INSERT INTO `eh_configurations` (`namespace_id`, `name`, `value`, `description`) VALUES (0, &apos;manage.shop.url&apos;, &apos;/app/static/my_store/my_store.html&apos;, &apos;the relative path for user shop manage&apos;)
13:30:04.982 [main] DEBUG o.s.jdbc.datasource.init.ScriptUtils - 1 returned as updateCount for SQL: INSERT INTO `eh_configurations` (`namespace_id`, `name`, `value`, `description`) VALUES (0, &apos;user.order.url&apos;, &apos;/app/static/indent/indent.html&apos;, &apos;the relative path for user order&apos;)
13:30:05.027 [main] DEBUG o.s.jdbc.datasource.init.ScriptUtils - 1 returned as updateCount for SQL: INSERT INTO `eh_configurations` (`namespace_id`, `name`, `value`, `description`) VALUES (0, &apos;user.coupon.url&apos;, &apos;/app/static/coupon/coupon.html&apos;, &apos;the relative path for user coupon&apos;)
13:30:05.057 [main] DEBUG o.s.jdbc.datasource.init.ScriptUtils - 1 returned as updateCount for SQL: INSERT INTO `eh_configurations` (`namespace_id`, `name`, `value`, `description`) VALUES (0, &apos;business.detail.url&apos;, &apos;/web/app/user/index.html#/store/details/&apos;, &apos;business details&apos;)
13:30:05.091 [main] DEBUG o.s.jdbc.datasource.init.ScriptUtils - 1 returned as updateCount for SQL: INSERT INTO `eh_configurations` (`namespace_id`, `name`, `value`, `description`) VALUES (0, &apos;business.image.url&apos;, &apos;http://121.199.69.107:8081/imageService/&apos;, &apos;business image url&apos;)
13:30:05.124 [main] DEBUG o.s.jdbc.datasource.init.ScriptUtils - 1 returned as updateCount for SQL: INSERT INTO `eh_configurations` (`namespace_id`, `name`, `value`, `description`) VALUES (0, &apos;biz.back.url&apos;, &apos;http://biz.zuolin.com/Zl-MallMgt/bizmgt/main/tokenlogin.ihtml&apos;, &apos;biz.back.url&apos;)
13:30:05.158 [main] DEBUG o.s.jdbc.datasource.init.ScriptUtils - 1 returned as updateCount for SQL: INSERT INTO `eh_configurations`(`namespace_id`, `name`, `value`, `description`) VALUES (0, &apos;user.avatar.male.url&apos;, &apos;cs://1/image/aW1hZ2UvTVRvME1qVTBZalpqT1dGa05USm1aVEE1WVRnMU9EWmhOVE0zTm1Nd1pXSTVZUQ&apos;,&apos;???????????????url&apos;)
13:30:05.191 [main] DEBUG o.s.jdbc.datasource.init.ScriptUtils - 1 returned as updateCount for SQL: INSERT INTO `eh_configurations`(`namespace_id`, `name`, `value`, `description`) VALUES (0, &apos;user.avatar.female.url&apos;, &apos;cs://1/image/aW1hZ2UvTVRvMU1EQTVZVEZrTkdVek9EQXhZbVE0WlRZd1l6UXdOVE0zWVdJNFkyTmlNUQ&apos;,&apos;???????????????url&apos;)
13:30:05.224 [main] DEBUG o.s.jdbc.datasource.init.ScriptUtils - 1 returned as updateCount for SQL: INSERT INTO `eh_configurations`(`namespace_id`, `name`, `value`, `description`) VALUES (0, &apos;user.def.pwd&apos;, &apos;123456&apos;,&apos;??????????????????&apos;)
13:30:05.257 [main] DEBUG o.s.jdbc.datasource.init.ScriptUtils - 1 returned as updateCount for SQL: INSERT INTO `eh_configurations`(`namespace_id`, `name`, `value`, `description`) VALUES (0, &apos;hotusers&apos;, &apos;&apos;, &apos;phone numbers split by ,&apos;)
13:30:05.291 [main] DEBUG o.s.jdbc.datasource.init.ScriptUtils - 1 returned as updateCount for SQL: INSERT INTO `eh_acl_role_assignments`(`id`, `owner_type`, `owner_id`, `target_type`, `target_id`, `role_id`, `creator_uid`, `create_time`) VALUES(1, &apos;system&apos;, NULL, &apos;EhUsers&apos;, 1, 2, 1, &apos;2015-09-28 17:03:22&apos;)
13:30:05.325 [main] DEBUG o.s.jdbc.datasource.init.ScriptUtils - 1 returned as updateCount for SQL: INSERT INTO `eh_acls`(`id`, `owner_type`, `owner_id`, `grant_type`, `privilege_id`, `role_id`, `order_seq`, `creator_uid`, `create_time`) VALUES(1, &apos;system&apos;, NULL, 1, 1, 2, 0, 1, &apos;2015-09-28 17:03:23&apos;)
13:30:05.366 [main] DEBUG o.s.jdbc.datasource.init.ScriptUtils - 1 returned as updateCount for SQL: INSERT INTO `eh_acls`(`id`, `owner_type`, `owner_id`, `grant_type`, `privilege_id`, `role_id`, `order_seq`, `creator_uid`, `create_time`) VALUES(2, &apos;extension&apos;, NULL, 1, 2, 8, 0, 1, &apos;2015-09-28 17:03:23&apos;)
13:30:05.433 [main] DEBUG o.s.jdbc.datasource.init.ScriptUtils - 0 returned as updateCount for SQL: ALTER TABLE `eh_acl_privileges` AUTO_INCREMENT = 4096
13:30:05.467 [main] DEBUG o.s.jdbc.datasource.init.ScriptUtils - 1 returned as updateCount for SQL: INSERT INTO `eh_acl_privileges`(`id`, `app_id`, `name`) VALUES(1, 0, &apos;All&apos;)
13:30:05.498 [main] DEBUG o.s.jdbc.datasource.init.ScriptUtils - 1 returned as updateCount for SQL: INSERT INTO `eh_acl_privileges`(`id`, `app_id`, `name`) VALUES(2, 0, &apos;Visible&apos;)
13:30:05.531 [main] DEBUG o.s.jdbc.datasource.init.ScriptUtils - 1 returned as updateCount for SQL: INSERT INTO `eh_acl_privileges`(`id`, `app_id`, `name`) VALUES(3, 0, &apos;Read&apos;)
13:30:05.565 [main] DEBUG o.s.jdbc.datasource.init.ScriptUtils - 1 returned as updateCount for SQL: INSERT INTO `eh_acl_privileges`(`id`, `app_id`, `name`) VALUES(4, 0, &apos;Create&apos;)
13:30:05.598 [main] DEBUG o.s.jdbc.datasource.init.ScriptUtils - 1 returned as updateCount for SQL: INSERT INTO `eh_acl_privileges`(`id`, `app_id`, `name`) VALUES(5, 0, &apos;Write&apos;)
13:30:05.631 [main] DEBUG o.s.jdbc.datasource.init.ScriptUtils - 1 returned as updateCount for SQL: INSERT INTO `eh_acl_privileges`(`id`, `app_id`, `name`) VALUES(6, 0, &apos;Delete&apos;)
13:30:05.673 [main] DEBUG o.s.jdbc.datasource.init.ScriptUtils - 1 returned as updateCount for SQL: INSERT INTO `eh_acl_privileges`(`id`, `app_id`, `name`) VALUES(100, 2, &apos;forum.topic.new&apos;)
13:30:05.742 [main] DEBUG o.s.jdbc.datasource.init.ScriptUtils - 1 returned as updateCount for SQL: INSERT INTO `eh_acl_privileges`(`id`, `app_id`, `name`) VALUES(101, 2, &apos;forum.topic.delete&apos;)
13:30:05.779 [main] DEBUG o.s.jdbc.datasource.init.ScriptUtils - 1 returned as updateCount for SQL: INSERT INTO `eh_acl_privileges`(`id`, `app_id`, `name`) VALUES(102, 2, &apos;forum.reply.new&apos;)
13:30:05.806 [main] DEBUG o.s.jdbc.datasource.init.ScriptUtils - 1 returned as updateCount for SQL: INSERT INTO `eh_acl_privileges`(`id`, `app_id`, `name`) VALUES(103, 2, &apos;forum.reply.delete&apos;)
13:30:05.849 [main] DEBUG o.s.jdbc.datasource.init.ScriptUtils - 0 returned as updateCount for SQL: ALTER TABLE `eh_acl_roles` AUTO_INCREMENT = 4096
13:30:05.885 [main] DEBUG o.s.jdbc.datasource.init.ScriptUtils - 1 returned as updateCount for SQL: INSERT INTO `eh_acl_roles`(`id`, `app_id`, `name`) VALUES(1, 0, &apos;Anonymous&apos;)
13:30:05.949 [main] DEBUG o.s.jdbc.datasource.init.ScriptUtils - 1 returned as updateCount for SQL: INSERT INTO `eh_acl_roles`(`id`, `app_id`, `name`) VALUES(2, 0, &apos;SystemAdmin&apos;)
13:30:05.982 [main] DEBUG o.s.jdbc.datasource.init.ScriptUtils - 1 returned as updateCount for SQL: INSERT INTO `eh_acl_roles`(`id`, `app_id`, `name`) VALUES(3, 0, &apos;AuthenticatedUser&apos;)
13:30:06.093 [main] DEBUG o.s.jdbc.datasource.init.ScriptUtils - 1 returned as updateCount for SQL: INSERT INTO `eh_acl_roles`(`id`, `app_id`, `name`) VALUES(4, 0, &apos;ResourceCreator&apos;)
13:30:06.124 [main] DEBUG o.s.jdbc.datasource.init.ScriptUtils - 1 returned as updateCount for SQL: INSERT INTO `eh_acl_roles`(`id`, `app_id`, `name`) VALUES(5, 0, &apos;ResourceAdmin&apos;)
13:30:06.157 [main] DEBUG o.s.jdbc.datasource.init.ScriptUtils - 1 returned as updateCount for SQL: INSERT INTO `eh_acl_roles`(`id`, `app_id`, `name`) VALUES(6, 0, &apos;ResourceOperator&apos;)
13:30:06.191 [main] DEBUG o.s.jdbc.datasource.init.ScriptUtils - 1 returned as updateCount for SQL: INSERT INTO `eh_acl_roles`(`id`, `app_id`, `name`) VALUES(7, 0, &apos;ResourceUser&apos;)
13:30:06.224 [main] DEBUG o.s.jdbc.datasource.init.ScriptUtils - 1 returned as updateCount for SQL: INSERT INTO `eh_acl_roles`(`id`, `app_id`, `name`) VALUES(8, 0, &apos;SystemExtension&apos;)
13:30:06.266 [main] DEBUG o.s.jdbc.datasource.init.ScriptUtils - 0 returned as updateCount for SQL: ALTER TABLE `eh_apps` AUTO_INCREMENT = 4096
13:30:06.312 [main] DEBUG o.s.jdbc.datasource.init.ScriptUtils - 0 returned as updateCount for SQL: ALTER TABLE `eh_namespaces` AUTO_INCREMENT = 4096
13:30:06.350 [main] DEBUG o.s.jdbc.datasource.init.ScriptUtils - 1 returned as updateCount for SQL: INSERT INTO `eh_users`(`id`, `namespace_id`, `uuid`, `account_name`, `nick_name`, `status`, `create_time`, `salt`, `password_hash`, `avatar`) VALUES (1, 0, UUID(), &apos;root&apos;, &apos;system user&apos;, 1, NOW(), &apos;3023538e14053565b98fdfb2050c7709&apos;, &apos;3f2d9e5202de37dab7deea632f915a6adc206583b3f228ad7e101e5cb9c4b199&apos;, &apos;cs://1/image/aW1hZ2UvTVRwak5qQm1OVGRqT1RjelpqWXpORFV3WXpsaU9UQm1Nalk1WVRsalltWmlOZw&apos;)
13:30:06.378 [main] DEBUG o.s.jdbc.datasource.init.ScriptUtils - 1 returned as updateCount for SQL: INSERT INTO `eh_users`(`id`, `namespace_id`, `uuid`, `account_name`, `nick_name`, `status`, `create_time`, `salt`, `password_hash`, `avatar`) VALUES (2, 0, UUID(), &apos;system assistant&apos;, &apos;???????????????&apos;, 1, NOW(), &apos;3023538e14053565b98fdfb2050c7709&apos;, &apos;3f2d9e5202de37dab7deea632f915a6adc206583b3f228ad7e101e5cb9c4b199&apos;, &apos;cs://1/image/aW1hZ2UvTVRwak5qQm1OVGRqT1RjelpqWXpORFV3WXpsaU9UQm1Nalk1WVRsalltWmlOZw&apos;)
13:30:06.403 [main] DEBUG o.s.jdbc.datasource.init.ScriptUtils - 1 returned as updateCount for SQL: INSERT INTO `eh_users`(`id`, `namespace_id`, `uuid`, `account_name`, `nick_name`, `status`, `create_time`, `salt`, `password_hash`, `avatar`) VALUES (3, 0, UUID(), &apos;business assistant&apos;, &apos;???????????????&apos;, 1, NOW(), &apos;3023538e14053565b98fdfb2050c7709&apos;, &apos;3f2d9e5202de37dab7deea632f915a6adc206583b3f228ad7e101e5cb9c4b199&apos;, &apos;cs://1/image/aW1hZ2UvTVRwak5qQm1OVGRqT1RjelpqWXpORFV3WXpsaU9UQm1Nalk1WVRsalltWmlOZw&apos;)
13:30:06.428 [main] DEBUG o.s.jdbc.datasource.init.ScriptUtils - 1 returned as updateCount for SQL: INSERT INTO `eh_users`(`id`, `namespace_id`, `uuid`, `account_name`, `nick_name`, `status`, `create_time`, `salt`, `password_hash`, `avatar`) VALUES (11, 999995, UUID(), &apos;tt&apos;, &apos;?????????&apos;, 1, NOW(), &apos;3023538e14053565b98fdfb2050c7709&apos;, &apos;3f2d9e5202de37dab7deea632f915a6adc206583b3f228ad7e101e5cb9c4b199&apos;, &apos;cs://1/image/aW1hZ2UvTVRwak5qQm1OVGRqT1RjelpqWXpORFV3WXpsaU9UQm1Nalk1WVRsalltWmlOZw&apos;)
13:30:06.431 [main] DEBUG o.s.jdbc.datasource.init.ScriptUtils - 0 returned as updateCount for SQL: SET foreign_key_checks = 1
13:30:06.431 [main] INFO  o.s.jdbc.datasource.init.ScriptUtils - Executed SQL script from file [/Users/wuhan/workspace/ehnextgen/ehtest-integration/target/classes/data/tables/3.0.x_ehcore-system-init.sql] in 2310 ms.
13:30:06.431 [main] DEBUG o.s.jdbc.datasource.DataSourceUtils - Returning JDBC Connection to DataSource
13:30:06.431 [main] DEBUG o.s.jdbc.datasource.DataSourceUtils - Fetching JDBC Connection from DataSource
13:30:06.431 [main] DEBUG o.s.j.d.LazyConnectionDataSourceProxy - Connecting to database for operation &apos;createStatement&apos;
13:30:06.431 [main] DEBUG org.jooq.tools.LoggerListener - Executing batch query    : insert into `eh_categories` (`id`, `parent_id`, `link_id`, `name`, `path`, `status`, `create_time`, `namespace_id`) values (&apos;1&apos;, &apos;2&apos;, &apos;0&apos;, &apos;????&apos;, &apos;??????/????&apos;, &apos;2&apos;, &apos;2016-7-27 11:58:34&apos;, &apos;1000000&apos;)
13:30:06.431 [main] DEBUG org.jooq.tools.LoggerListener - Executing batch query    : insert into `eh_categories` (`id`, `parent_id`, `link_id`, `name`, `path`, `status`, `create_time`, `namespace_id`) values (&apos;2&apos;, &apos;0&apos;, &apos;0&apos;, &apos;??????&apos;, &apos;??????&apos;, &apos;2&apos;, &apos;2016-7-27 11:58:34&apos;, &apos;1000000&apos;)
13:30:06.431 [main] DEBUG org.jooq.tools.LoggerListener - Executing batch query    : insert into `eh_yellow_pages` (`id`, `parent_id`, `owner_type`, `owner_id`, `name`, `type`, `address`, `contact`, `description`, `poster_uri`, `status`, `longitude`, `latitude`, `string_tag3`, `integral_tag2`) values (&apos;1&apos;, &apos;2&apos;, &apos;community&apos;, &apos;240111044331048623&apos;, &apos;???????????????&apos;, &apos;2&apos;, &apos;????????????????25?5??&apos;, &apos;13509667165&apos;, &apos; ??????????????????????????????????????????????????????????????????????????&apos;, &apos;cs://1/image/aW1hZ2UvTVRvM01qRmtaalk0Wm1WaE9UVmxNR00wT0RNek5tVXpObVkyT0RZek56VXdZUQ&apos;, &apos;2&apos;, &apos;113.952909&apos;, &apos;22.549597&apos;, &apos;????&apos;, &apos;2&apos;)
13:30:06.431 [main] DEBUG org.jooq.tools.LoggerListener - Executing batch query    : insert into `eh_yellow_pages` (`id`, `parent_id`, `owner_type`, `owner_id`, `name`, `nick_name`, `type`, `contact`, `description`, `poster_uri`, `status`) values (&apos;2&apos;, &apos;0&apos;, &apos;community&apos;, &apos;240111044331048623&apos;, &apos;????&apos;, &apos;??????&apos;, &apos;2&apos;, &apos;0755-86620293&apos;, &apos;???????????????????????????????????????????????????????????????????????????????????????????????????????????????????????????????????? ???????????&apos;, &apos;cs://1/image/aW1hZ2UvTVRvMU56TXpOV0l3T1RKaFlqQTRNVFJpWmpSaVlUazFNall5WldRNVlUZ3dZUQ&apos;, &apos;2&apos;)
13:30:06.562 [main] DEBUG org.jooq.tools.StopWatch - Query executed           : Total: 130.324ms
13:30:06.564 [main] DEBUG o.s.jdbc.datasource.DataSourceUtils - Returning JDBC Connection to DataSource
13:30:06.564 [main] DEBUG o.s.j.d.LazyConnectionDataSourceProxy - Using existing database connection for operation &apos;close&apos;
13:30:06.564 [main] DEBUG org.jooq.tools.StopWatch - Finishing                : Total: 132.953ms, +2.628ms
13:30:06.564 [main] DEBUG o.s.d.r.core.RedisConnectionUtils - Opening RedisConnection
13:30:06.595 [main] DEBUG o.s.d.r.core.RedisConnectionUtils - Closing Redis Connection
13:30:06.595 [main] DEBUG o.a.h.c.protocol.RequestAddCookies - CookieSpec selected: best-match
13:30:06.596 [main] DEBUG o.a.h.c.protocol.RequestAuthCache - Auth cache not set in the context
13:30:06.596 [main] DEBUG o.a.h.i.c.PoolingHttpClientConnectionManager - Connection request: [route: {}-&gt;http://127.0.0.1:8080][total kept alive: 0; route allocated: 0 of 2; total allocated: 0 of 20]
13:30:06.596 [main] DEBUG o.a.h.i.c.PoolingHttpClientConnectionManager - Connection leased: [id: 479][route: {}-&gt;http://127.0.0.1:8080][total kept alive: 0; route allocated: 1 of 2; total allocated: 1 of 20]
13:30:06.596 [main] DEBUG o.a.h.impl.execchain.MainClientExec - Opening connection {}-&gt;http://127.0.0.1:8080
13:30:06.596 [main] DEBUG o.a.h.i.c.HttpClientConnectionOperator - Connecting to /127.0.0.1:8080
13:30:06.596 [main] DEBUG o.a.h.i.c.DefaultManagedHttpClientConnection - http-outgoing-479: Shutdown connection
13:30:06.596 [main] DEBUG o.a.h.impl.execchain.MainClientExec - Connection discarded
13:30:06.596 [main] DEBUG o.a.h.i.c.DefaultManagedHttpClientConnection - http-outgoing-479: Close connection
13:30:06.596 [main] DEBUG o.a.h.i.c.PoolingHttpClientConnectionManager - Connection released: [id: 479][route: {}-&gt;http://127.0.0.1:8080][total kept alive: 0; route allocated: 0 of 2; total allocated: 0 of 20]
13:30:06.596 [main] DEBUG o.s.t.c.s.DirtiesContextTestExecutionListener - After test method: context [DefaultTestContext@784236e1 testClass = YellowPageTest, testInstance = null(com.everhomes.test.junit.yellowpage.YellowPageTest), testMethod = testListServiceAllianceEnterprisel@YellowPageTest, testException = java.lang.IllegalStateException: Failed to login before synchronizing sequence, user=root, error={&quot;version&quot;:&quot;1.0.0&quot;,&quot;errorScope&quot;:&quot;HTTP&quot;,&quot;errorCode&quot;:502,&quot;errorDescription&quot;:&quot;Connect to 127.0.0.1:8080 [/127.0.0.1] failed: Connection refused&quot;}, mergedContextConfiguration = [MergedContextConfiguration@2d14037a testClass = YellowPageTest, locations = &apos;{}&apos;, classes = &apos;{class com.everhomes.test.core.base.BaseServerConfig, class com.everhomes.test.core.persist.PersistConfig, class com.everhomes.test.core.redis.RedisConfig}&apos;, contextInitializerClasses = &apos;[]&apos;, activeProfiles = &apos;{}&apos;, contextLoader = &apos;org.springframework.test.context.support.AnnotationConfigContextLoader&apos;, parent = [null]]], class dirties context [false], class mode [null], method dirties context [false].
</system-out>
  </testcase>
  <testcase classname="com.everhomes.test.junit.yellowpage.YellowPageTest" name="testDeleteSACategory" time="5.713">
    <error message="Failed to login before synchronizing sequence, user=root, error={&quot;version&quot;:&quot;1.0.0&quot;,&quot;errorScope&quot;:&quot;HTTP&quot;,&quot;errorCode&quot;:502,&quot;errorDescription&quot;:&quot;Connect to 127.0.0.1:8080 [/127.0.0.1] failed: Connection refused&quot;}" type="java.lang.IllegalStateException">java.lang.IllegalStateException: Failed to login before synchronizing sequence, user=root, error={&quot;version&quot;:&quot;1.0.0&quot;,&quot;errorScope&quot;:&quot;HTTP&quot;,&quot;errorCode&quot;:502,&quot;errorDescription&quot;:&quot;Connect to 127.0.0.1:8080 [/127.0.0.1] failed: Connection refused&quot;}
	at com.everhomes.test.core.api.ApiProviderImpl.syncSequence(ApiProviderImpl.java:36)
	at com.everhomes.test.core.base.BaseLoginAuthTestCase.syncSequence(BaseLoginAuthTestCase.java:74)
	at com.everhomes.test.core.base.BaseLoginAuthTestCase.setUp(BaseLoginAuthTestCase.java:46)
	at com.everhomes.test.junit.yellowpage.YellowPageTest.setUp(YellowPageTest.java:47)
	at sun.reflect.NativeMethodAccessorImpl.invoke0(Native Method)
	at sun.reflect.NativeMethodAccessorImpl.invoke(NativeMethodAccessorImpl.java:62)
	at sun.reflect.DelegatingMethodAccessorImpl.invoke(DelegatingMethodAccessorImpl.java:43)
	at java.lang.reflect.Method.invoke(Method.java:498)
	at org.junit.runners.model.FrameworkMethod$1.runReflectiveCall(FrameworkMethod.java:47)
	at org.junit.internal.runners.model.ReflectiveCallable.run(ReflectiveCallable.java:12)
	at org.junit.runners.model.FrameworkMethod.invokeExplosively(FrameworkMethod.java:44)
	at org.junit.internal.runners.statements.RunBefores.evaluate(RunBefores.java:24)
	at org.springframework.test.context.junit4.statements.RunBeforeTestMethodCallbacks.evaluate(RunBeforeTestMethodCallbacks.java:74)
	at org.junit.internal.runners.statements.RunAfters.evaluate(RunAfters.java:27)
	at org.springframework.test.context.junit4.statements.RunAfterTestMethodCallbacks.evaluate(RunAfterTestMethodCallbacks.java:83)
	at org.springframework.test.context.junit4.statements.SpringRepeat.evaluate(SpringRepeat.java:72)
	at org.springframework.test.context.junit4.SpringJUnit4ClassRunner.runChild(SpringJUnit4ClassRunner.java:233)
	at org.springframework.test.context.junit4.SpringJUnit4ClassRunner.runChild(SpringJUnit4ClassRunner.java:87)
	at org.junit.runners.ParentRunner$3.run(ParentRunner.java:238)
	at org.junit.runners.ParentRunner$1.schedule(ParentRunner.java:63)
	at org.junit.runners.ParentRunner.runChildren(ParentRunner.java:236)
	at org.junit.runners.ParentRunner.access$000(ParentRunner.java:53)
	at org.junit.runners.ParentRunner$2.evaluate(ParentRunner.java:229)
	at org.springframework.test.context.junit4.statements.RunBeforeTestClassCallbacks.evaluate(RunBeforeTestClassCallbacks.java:61)
	at org.springframework.test.context.junit4.statements.RunAfterTestClassCallbacks.evaluate(RunAfterTestClassCallbacks.java:71)
	at org.junit.runners.ParentRunner.run(ParentRunner.java:309)
	at org.springframework.test.context.junit4.SpringJUnit4ClassRunner.run(SpringJUnit4ClassRunner.java:176)
	at org.apache.maven.surefire.junit4.JUnit4TestSet.execute(JUnit4TestSet.java:53)
	at org.apache.maven.surefire.junit4.JUnit4Provider.executeTestSet(JUnit4Provider.java:123)
	at org.apache.maven.surefire.junit4.JUnit4Provider.invoke(JUnit4Provider.java:104)
	at sun.reflect.NativeMethodAccessorImpl.invoke0(Native Method)
	at sun.reflect.NativeMethodAccessorImpl.invoke(NativeMethodAccessorImpl.java:62)
	at sun.reflect.DelegatingMethodAccessorImpl.invoke(DelegatingMethodAccessorImpl.java:43)
	at java.lang.reflect.Method.invoke(Method.java:498)
	at org.apache.maven.surefire.util.ReflectionUtils.invokeMethodWithArray(ReflectionUtils.java:164)
	at org.apache.maven.surefire.booter.ProviderFactory$ProviderProxy.invoke(ProviderFactory.java:110)
	at org.apache.maven.surefire.booter.SurefireStarter.invokeProvider(SurefireStarter.java:175)
	at org.apache.maven.surefire.booter.SurefireStarter.runSuitesInProcessWhenForked(SurefireStarter.java:107)
	at org.apache.maven.surefire.booter.ForkedBooter.main(ForkedBooter.java:68)
</error>
    <system-out>13:30:06.597 [main] DEBUG o.s.t.annotation.ProfileValueUtils - Retrieved @ProfileValueSourceConfiguration [null] for test class [com.everhomes.test.junit.yellowpage.YellowPageTest]
13:30:06.597 [main] DEBUG o.s.t.annotation.ProfileValueUtils - Retrieved ProfileValueSource type [class org.springframework.test.annotation.SystemProfileValueSource] for class [com.everhomes.test.junit.yellowpage.YellowPageTest]
13:30:06.597 [main] DEBUG o.s.t.c.s.DependencyInjectionTestExecutionListener - Performing dependency injection for test context [[DefaultTestContext@784236e1 testClass = YellowPageTest, testInstance = null(com.everhomes.test.junit.yellowpage.YellowPageTest), testMethod = [null], testException = [null], mergedContextConfiguration = [MergedContextConfiguration@2d14037a testClass = YellowPageTest, locations = &apos;{}&apos;, classes = &apos;{class com.everhomes.test.core.base.BaseServerConfig, class com.everhomes.test.core.persist.PersistConfig, class com.everhomes.test.core.redis.RedisConfig}&apos;, contextInitializerClasses = &apos;[]&apos;, activeProfiles = &apos;{}&apos;, contextLoader = &apos;org.springframework.test.context.support.AnnotationConfigContextLoader&apos;, parent = [null]]]].
13:30:06.597 [main] DEBUG o.s.t.c.CacheAwareContextLoaderDelegate - Retrieved ApplicationContext from cache with key [[MergedContextConfiguration@2d14037a testClass = YellowPageTest, locations = &apos;{}&apos;, classes = &apos;{class com.everhomes.test.core.base.BaseServerConfig, class com.everhomes.test.core.persist.PersistConfig, class com.everhomes.test.core.redis.RedisConfig}&apos;, contextInitializerClasses = &apos;[]&apos;, activeProfiles = &apos;{}&apos;, contextLoader = &apos;org.springframework.test.context.support.AnnotationConfigContextLoader&apos;, parent = [null]]]
13:30:06.597 [main] DEBUG o.springframework.test.context.cache - Spring test ApplicationContext cache statistics: [ContextCache@5d8445d7 size = 1, hitCount = 482, missCount = 1, parentContextCount = 0]
13:30:06.597 [main] DEBUG o.s.b.f.annotation.InjectionMetadata - Processing injected method of bean &apos;com.everhomes.test.junit.yellowpage.YellowPageTest&apos;: AutowiredFieldElement for protected com.everhomes.test.core.http.HttpClientService com.everhomes.test.core.base.BaseLoginAuthTestCase.httpClientService
13:30:06.597 [main] DEBUG o.s.b.f.s.DefaultListableBeanFactory - Creating instance of bean &apos;httpClientServiceImpl&apos;
13:30:06.597 [main] DEBUG o.s.b.f.annotation.InjectionMetadata - Processing injected method of bean &apos;httpClientServiceImpl&apos;: AutowiredFieldElement for private java.lang.String com.everhomes.test.core.http.HttpClientServiceImpl.serverContextPath
13:30:06.597 [main] DEBUG o.s.c.e.PropertySourcesPropertyResolver - Searching for key &apos;server.contextPath:&apos; in [environmentProperties]
13:30:06.597 [main] DEBUG o.s.c.e.PropertySourcesPropertyResolver - Searching for key &apos;server.contextPath:&apos; in [systemProperties]
13:30:06.597 [main] DEBUG o.s.c.e.PropertySourcesPropertyResolver - Searching for key &apos;server.contextPath:&apos; in [systemEnvironment]
13:30:06.597 [main] DEBUG o.s.c.e.PropertySourcesPropertyResolver - Searching for key &apos;server.contextPath:&apos; in [class path resource [config/ehcore.properties]]
13:30:06.597 [main] DEBUG o.s.c.e.PropertySourcesPropertyResolver - Could not find key &apos;server.contextPath:&apos; in any property source. Returning [null]
13:30:06.597 [main] DEBUG o.s.c.e.PropertySourcesPropertyResolver - Searching for key &apos;server.contextPath:&apos; in [localProperties]
13:30:06.597 [main] DEBUG o.s.c.e.PropertySourcesPropertyResolver - Could not find key &apos;server.contextPath:&apos; in any property source. Returning [null]
13:30:06.597 [main] DEBUG o.s.c.e.PropertySourcesPropertyResolver - Searching for key &apos;server.contextPath&apos; in [environmentProperties]
13:30:06.597 [main] DEBUG o.s.c.e.PropertySourcesPropertyResolver - Searching for key &apos;server.contextPath&apos; in [systemProperties]
13:30:06.597 [main] DEBUG o.s.c.e.PropertySourcesPropertyResolver - Searching for key &apos;server.contextPath&apos; in [systemEnvironment]
13:30:06.597 [main] DEBUG o.s.c.e.PropertySourcesPropertyResolver - Searching for key &apos;server.contextPath&apos; in [class path resource [config/ehcore.properties]]
13:30:06.597 [main] DEBUG o.s.c.e.PropertySourcesPropertyResolver - Found key &apos;server.contextPath&apos; in [class path resource [config/ehcore.properties]] with type [String] and value &apos;/evh&apos;
13:30:06.597 [main] DEBUG o.s.c.e.PropertySourcesPropertyResolver - Found key &apos;server.contextPath&apos; in [environmentProperties] with type [String] and value &apos;/evh&apos;
13:30:06.597 [main] DEBUG o.s.b.f.annotation.InjectionMetadata - Processing injected method of bean &apos;httpClientServiceImpl&apos;: AutowiredFieldElement for private java.lang.String com.everhomes.test.core.http.HttpClientServiceImpl.serverAddress
13:30:06.597 [main] DEBUG o.s.c.e.PropertySourcesPropertyResolver - Searching for key &apos;server.address:&apos; in [environmentProperties]
13:30:06.597 [main] DEBUG o.s.c.e.PropertySourcesPropertyResolver - Searching for key &apos;server.address:&apos; in [systemProperties]
13:30:06.597 [main] DEBUG o.s.c.e.PropertySourcesPropertyResolver - Searching for key &apos;server.address:&apos; in [systemEnvironment]
13:30:06.597 [main] DEBUG o.s.c.e.PropertySourcesPropertyResolver - Searching for key &apos;server.address:&apos; in [class path resource [config/ehcore.properties]]
13:30:06.597 [main] DEBUG o.s.c.e.PropertySourcesPropertyResolver - Could not find key &apos;server.address:&apos; in any property source. Returning [null]
13:30:06.597 [main] DEBUG o.s.c.e.PropertySourcesPropertyResolver - Searching for key &apos;server.address:&apos; in [localProperties]
13:30:06.597 [main] DEBUG o.s.c.e.PropertySourcesPropertyResolver - Could not find key &apos;server.address:&apos; in any property source. Returning [null]
13:30:06.597 [main] DEBUG o.s.c.e.PropertySourcesPropertyResolver - Searching for key &apos;server.address&apos; in [environmentProperties]
13:30:06.597 [main] DEBUG o.s.c.e.PropertySourcesPropertyResolver - Searching for key &apos;server.address&apos; in [systemProperties]
13:30:06.597 [main] DEBUG o.s.c.e.PropertySourcesPropertyResolver - Searching for key &apos;server.address&apos; in [systemEnvironment]
13:30:06.597 [main] DEBUG o.s.c.e.PropertySourcesPropertyResolver - Searching for key &apos;server.address&apos; in [class path resource [config/ehcore.properties]]
13:30:06.597 [main] DEBUG o.s.c.e.PropertySourcesPropertyResolver - Found key &apos;server.address&apos; in [class path resource [config/ehcore.properties]] with type [String] and value &apos;http://127.0.0.1:8080&apos;
13:30:06.597 [main] DEBUG o.s.c.e.PropertySourcesPropertyResolver - Found key &apos;server.address&apos; in [environmentProperties] with type [String] and value &apos;http://127.0.0.1:8080&apos;
13:30:06.597 [main] DEBUG o.s.c.a.CommonAnnotationBeanPostProcessor - Invoking init method on bean &apos;httpClientServiceImpl&apos;: private org.apache.http.impl.client.CloseableHttpClient com.everhomes.test.core.http.HttpClientServiceImpl.openHttpClient()
13:30:06.598 [main] DEBUG o.s.b.f.s.DefaultListableBeanFactory - Finished creating instance of bean &apos;httpClientServiceImpl&apos;
13:30:06.598 [main] DEBUG o.s.b.f.annotation.InjectionMetadata - Processing injected method of bean &apos;com.everhomes.test.junit.yellowpage.YellowPageTest&apos;: AutowiredFieldElement for protected com.everhomes.test.core.persist.DbProvider com.everhomes.test.core.base.BaseLoginAuthTestCase.dbProvider
13:30:06.598 [main] DEBUG o.s.b.f.s.DefaultListableBeanFactory - Returning cached instance of singleton bean &apos;dbProviderImpl&apos;
13:30:06.598 [main] DEBUG o.s.b.f.annotation.InjectionMetadata - Processing injected method of bean &apos;com.everhomes.test.junit.yellowpage.YellowPageTest&apos;: AutowiredFieldElement for protected com.everhomes.test.core.redis.RedisProvider com.everhomes.test.core.base.BaseLoginAuthTestCase.redisProvider
13:30:06.598 [main] DEBUG o.s.b.f.s.DefaultListableBeanFactory - Returning cached instance of singleton bean &apos;redisProviderImpl&apos;
13:30:06.598 [main] DEBUG o.s.b.f.annotation.InjectionMetadata - Processing injected method of bean &apos;com.everhomes.test.junit.yellowpage.YellowPageTest&apos;: AutowiredFieldElement for protected com.everhomes.test.core.api.ApiProvider com.everhomes.test.core.base.BaseLoginAuthTestCase.apiProvider
13:30:06.598 [main] DEBUG o.s.b.f.s.DefaultListableBeanFactory - Returning cached instance of singleton bean &apos;apiProviderImpl&apos;
13:30:06.598 [main] DEBUG org.jooq.tools.LoggerListener - Executing query          : select `information_schema`.`TABLES`.`TABLE_SCHEMA`, `information_schema`.`TABLES`.`TABLE_NAME`, `information_schema`.`TABLES`.`TABLE_ROWS` from `information_schema`.`TABLES` where `information_schema`.`TABLES`.`TABLE_SCHEMA` in (?)
13:30:06.598 [main] DEBUG org.jooq.tools.LoggerListener - -&gt; with bind values      : select `information_schema`.`TABLES`.`TABLE_SCHEMA`, `information_schema`.`TABLES`.`TABLE_NAME`, `information_schema`.`TABLES`.`TABLE_ROWS` from `information_schema`.`TABLES` where `information_schema`.`TABLES`.`TABLE_SCHEMA` in (&apos;ehcore_test&apos;)
13:30:06.598 [main] DEBUG o.s.jdbc.datasource.DataSourceUtils - Fetching JDBC Connection from DataSource
13:30:06.598 [main] DEBUG o.s.j.d.LazyConnectionDataSourceProxy - Connecting to database for operation &apos;prepareStatement&apos;
13:30:06.610 [main] DEBUG org.jooq.tools.StopWatch - Query executed           : Total: 11.578ms
13:30:06.613 [main] DEBUG o.s.jdbc.datasource.DataSourceUtils - Returning JDBC Connection to DataSource
13:30:06.613 [main] DEBUG o.s.j.d.LazyConnectionDataSourceProxy - Using existing database connection for operation &apos;close&apos;
13:30:06.613 [main] DEBUG org.jooq.tools.LoggerListener - Fetched result           : +------------+-----------------------+----------+
13:30:06.613 [main] DEBUG org.jooq.tools.LoggerListener -                          : |TABLE_SCHEMA|TABLE_NAME             |TABLE_ROWS|
13:30:06.613 [main] DEBUG org.jooq.tools.LoggerListener -                          : +------------+-----------------------+----------+
13:30:06.613 [main] DEBUG org.jooq.tools.LoggerListener -                          : |ehcore_test |eh_acl_privileges      |        10|
13:30:06.613 [main] DEBUG org.jooq.tools.LoggerListener -                          : |ehcore_test |eh_acl_role_assignments|         1|
13:30:06.613 [main] DEBUG org.jooq.tools.LoggerListener -                          : |ehcore_test |eh_acl_roles           |         8|
13:30:06.613 [main] DEBUG org.jooq.tools.LoggerListener -                          : |ehcore_test |eh_aclink_firmware     |         0|
13:30:06.613 [main] DEBUG org.jooq.tools.LoggerListener -                          : |ehcore_test |eh_aclink_logs         |         0|
13:30:06.613 [main] DEBUG org.jooq.tools.LoggerListener -                          : +------------+-----------------------+----------+
13:30:06.613 [main] DEBUG org.jooq.tools.LoggerListener -                          : |...330 record(s) truncated...
13:30:06.613 [main] DEBUG org.jooq.tools.StopWatch - Finishing                : Total: 14.725ms, +3.147ms
13:30:06.613 [main] DEBUG org.jooq.tools.LoggerListener - Executing query          : SET foreign_key_checks = 0
13:30:06.613 [main] DEBUG o.s.jdbc.datasource.DataSourceUtils - Fetching JDBC Connection from DataSource
13:30:06.613 [main] DEBUG o.s.j.d.LazyConnectionDataSourceProxy - Connecting to database for operation &apos;prepareStatement&apos;
13:30:06.616 [main] DEBUG org.jooq.tools.LoggerListener - Affected row(s)          : 0
13:30:06.616 [main] DEBUG org.jooq.tools.StopWatch - Query executed           : Total: 3.059ms
13:30:06.618 [main] DEBUG o.s.jdbc.datasource.DataSourceUtils - Returning JDBC Connection to DataSource
13:30:06.618 [main] DEBUG o.s.j.d.LazyConnectionDataSourceProxy - Using existing database connection for operation &apos;close&apos;
13:30:06.618 [main] DEBUG org.jooq.tools.StopWatch - Finishing                : Total: 5.289ms, +2.229ms
13:30:06.618 [main] DEBUG org.jooq.tools.LoggerListener - Executing query          : truncate table eh_acl_privileges
13:30:06.618 [main] DEBUG o.s.jdbc.datasource.DataSourceUtils - Fetching JDBC Connection from DataSource
13:30:06.618 [main] DEBUG o.s.j.d.LazyConnectionDataSourceProxy - Connecting to database for operation &apos;prepareStatement&apos;
13:30:06.999 [main] DEBUG org.jooq.tools.LoggerListener - Affected row(s)          : 0
13:30:06.999 [main] DEBUG org.jooq.tools.StopWatch - Query executed           : Total: 380.507ms
13:30:07.001 [main] DEBUG o.s.jdbc.datasource.DataSourceUtils - Returning JDBC Connection to DataSource
13:30:07.001 [main] DEBUG o.s.j.d.LazyConnectionDataSourceProxy - Using existing database connection for operation &apos;close&apos;
13:30:07.001 [main] DEBUG org.jooq.tools.StopWatch - Finishing                : Total: 383.13ms, +2.623ms
13:30:07.002 [main] DEBUG org.jooq.tools.LoggerListener - Executing query          : SET foreign_key_checks = 1
13:30:07.002 [main] DEBUG o.s.jdbc.datasource.DataSourceUtils - Fetching JDBC Connection from DataSource
13:30:07.002 [main] DEBUG o.s.j.d.LazyConnectionDataSourceProxy - Connecting to database for operation &apos;prepareStatement&apos;
[...]
13:30:31.204 [main] DEBUG o.s.jdbc.datasource.init.ScriptUtils - 1 returned as updateCount for SQL: INSERT INTO `eh_configurations` (`namespace_id`, `name`, `value`, `description`) VALUES (0, &apos;user.score.url&apos;, &apos;/app/static/score/score.html&apos;, &apos;the relative path for user score&apos;)
13:30:31.238 [main] DEBUG o.s.jdbc.datasource.init.ScriptUtils - 1 returned as updateCount for SQL: INSERT INTO `eh_configurations` (`namespace_id`, `name`, `value`, `description`) VALUES (0, &apos;post.share.url&apos;, &apos;/mobile/static/share_post/share_post.html#&apos;, &apos;the relative path for sharing topic&apos;)
13:30:31.288 [main] DEBUG o.s.jdbc.datasource.init.ScriptUtils - 1 returned as updateCount for SQL: INSERT INTO `eh_configurations` (`namespace_id`, `name`, `value`, `description`) VALUES (0, &apos;yzx.vcode.templateid&apos;, &apos;9547&apos;, &apos;vcode sms template id&apos;)
13:30:31.338 [main] DEBUG o.s.jdbc.datasource.init.ScriptUtils - 1 returned as updateCount for SQL: INSERT INTO `eh_configurations` (`namespace_id`, `name`, `value`, `description`) VALUES (0, &apos;yzx.account.sid&apos;, &apos;b0b423e8f630d920aaba8aafe8f37701&apos;, NULL)
13:30:31.380 [main] DEBUG o.s.jdbc.datasource.init.ScriptUtils - 1 returned as updateCount for SQL: INSERT INTO `eh_configurations` (`namespace_id`, `name`, `value`, `description`) VALUES (0, &apos;yzx.token&apos;, &apos;1527ed4b1bb855fab12a5683bb3c7ead&apos;, NULL)
13:30:31.413 [main] DEBUG o.s.jdbc.datasource.init.ScriptUtils - 1 returned as updateCount for SQL: INSERT INTO `eh_configurations` (`namespace_id`, `name`, `value`, `description`) VALUES (0, &apos;yzx.appid&apos;, &apos;89f85f91ed974429992831fb662dbb83&apos;, NULL)
13:30:31.447 [main] DEBUG o.s.jdbc.datasource.init.ScriptUtils - 1 returned as updateCount for SQL: INSERT INTO `eh_configurations` (`namespace_id`, `name`, `value`, `description`) VALUES (0, &apos;yzx.version&apos;, &apos;2014-06-30&apos;, NULL)
13:30:31.480 [main] DEBUG o.s.jdbc.datasource.init.ScriptUtils - 1 returned as updateCount for SQL: INSERT INTO `eh_configurations` (`namespace_id`, `name`, `value`, `description`) VALUES (0, &apos;yzx.server&apos;, &apos;api.ucpaas.com&apos;, NULL)
13:30:31.514 [main] DEBUG o.s.jdbc.datasource.init.ScriptUtils - 1 returned as updateCount for SQL: INSERT INTO `eh_configurations` (`namespace_id`, `name`, `value`, `description`) VALUES (0, &apos;mw.vcode.template.content&apos;, &apos;??????????????????${vcode}???10???????????????????????????????????????&apos;, NULL)
13:30:31.547 [main] DEBUG o.s.jdbc.datasource.init.ScriptUtils - 1 returned as updateCount for SQL: INSERT INTO `eh_configurations` (`namespace_id`, `name`, `value`, `description`) VALUES (0, &apos;marketdata.item.version&apos;, &apos;2015080311&apos;, &apos;the version of all luanchpad items&apos;)
13:30:31.580 [main] DEBUG o.s.jdbc.datasource.init.ScriptUtils - 1 returned as updateCount for SQL: INSERT INTO `eh_configurations` (`namespace_id`, `name`, `value`, `description`) VALUES (0, &apos;app.agreements.url&apos;, &apos;/app/static/app_agreements/app_agreements.html&apos;, &apos;the relative path for app agreements&apos;)
13:30:31.613 [main] DEBUG o.s.jdbc.datasource.init.ScriptUtils - 1 returned as updateCount for SQL: INSERT INTO `eh_configurations` (`namespace_id`, `name`, `value`, `description`) VALUES (0, &apos;apply.shop.url&apos;, &apos;/app/static/apply_store/apply_store.html&apos;, &apos;the relative path for user shop apply&apos;)
13:30:31.647 [main] DEBUG o.s.jdbc.datasource.init.ScriptUtils - 1 returned as updateCount for SQL: INSERT INTO `eh_configurations` (`namespace_id`, `name`, `value`, `description`) VALUES (0, &apos;manage.shop.url&apos;, &apos;/app/static/my_store/my_store.html&apos;, &apos;the relative path for user shop manage&apos;)
13:30:31.680 [main] DEBUG o.s.jdbc.datasource.init.ScriptUtils - 1 returned as updateCount for SQL: INSERT INTO `eh_configurations` (`namespace_id`, `name`, `value`, `description`) VALUES (0, &apos;user.order.url&apos;, &apos;/app/static/indent/indent.html&apos;, &apos;the relative path for user order&apos;)
13:30:31.714 [main] DEBUG o.s.jdbc.datasource.init.ScriptUtils - 1 returned as updateCount for SQL: INSERT INTO `eh_configurations` (`namespace_id`, `name`, `value`, `description`) VALUES (0, &apos;user.coupon.url&apos;, &apos;/app/static/coupon/coupon.html&apos;, &apos;the relative path for user coupon&apos;)
13:30:31.747 [main] DEBUG o.s.jdbc.datasource.init.ScriptUtils - 1 returned as updateCount for SQL: INSERT INTO `eh_configurations` (`namespace_id`, `name`, `value`, `description`) VALUES (0, &apos;business.detail.url&apos;, &apos;/web/app/user/index.html#/store/details/&apos;, &apos;business details&apos;)
13:30:31.781 [main] DEBUG o.s.jdbc.datasource.init.ScriptUtils - 1 returned as updateCount for SQL: INSERT INTO `eh_configurations` (`namespace_id`, `name`, `value`, `description`) VALUES (0, &apos;business.image.url&apos;, &apos;http://121.199.69.107:8081/imageService/&apos;, &apos;business image url&apos;)
13:30:31.823 [main] DEBUG o.s.jdbc.datasource.init.ScriptUtils - 1 returned as updateCount for SQL: INSERT INTO `eh_configurations` (`namespace_id`, `name`, `value`, `description`) VALUES (0, &apos;biz.back.url&apos;, &apos;http://biz.zuolin.com/Zl-MallMgt/bizmgt/main/tokenlogin.ihtml&apos;, &apos;biz.back.url&apos;)
13:30:31.856 [main] DEBUG o.s.jdbc.datasource.init.ScriptUtils - 1 returned as updateCount for SQL: INSERT INTO `eh_configurations`(`namespace_id`, `name`, `value`, `description`) VALUES (0, &apos;user.avatar.male.url&apos;, &apos;cs://1/image/aW1hZ2UvTVRvME1qVTBZalpqT1dGa05USm1aVEE1WVRnMU9EWmhOVE0zTm1Nd1pXSTVZUQ&apos;,&apos;???????????????url&apos;)
13:30:31.889 [main] DEBUG o.s.jdbc.datasource.init.ScriptUtils - 1 returned as updateCount for SQL: INSERT INTO `eh_configurations`(`namespace_id`, `name`, `value`, `description`) VALUES (0, &apos;user.avatar.female.url&apos;, &apos;cs://1/image/aW1hZ2UvTVRvMU1EQTVZVEZrTkdVek9EQXhZbVE0WlRZd1l6UXdOVE0zWVdJNFkyTmlNUQ&apos;,&apos;???????????????url&apos;)
13:30:31.964 [main] DEBUG o.s.jdbc.datasource.init.ScriptUtils - 1 returned as updateCount for SQL: INSERT INTO `eh_configurations`(`namespace_id`, `name`, `value`, `description`) VALUES (0, &apos;user.def.pwd&apos;, &apos;123456&apos;,&apos;??????????????????&apos;)
13:30:31.998 [main] DEBUG o.s.jdbc.datasource.init.ScriptUtils - 1 returned as updateCount for SQL: INSERT INTO `eh_configurations`(`namespace_id`, `name`, `value`, `description`) VALUES (0, &apos;hotusers&apos;, &apos;&apos;, &apos;phone numbers split by ,&apos;)
13:30:32.031 [main] DEBUG o.s.jdbc.datasource.init.ScriptUtils - 1 returned as updateCount for SQL: INSERT INTO `eh_acl_role_assignments`(`id`, `owner_type`, `owner_id`, `target_type`, `target_id`, `role_id`, `creator_uid`, `create_time`) VALUES(1, &apos;system&apos;, NULL, &apos;EhUsers&apos;, 1, 2, 1, &apos;2015-09-28 17:03:22&apos;)
13:30:32.064 [main] DEBUG o.s.jdbc.datasource.init.ScriptUtils - 1 returned as updateCount for SQL: INSERT INTO `eh_acls`(`id`, `owner_type`, `owner_id`, `grant_type`, `privilege_id`, `role_id`, `order_seq`, `creator_uid`, `create_time`) VALUES(1, &apos;system&apos;, NULL, 1, 1, 2, 0, 1, &apos;2015-09-28 17:03:23&apos;)
13:30:32.098 [main] DEBUG o.s.jdbc.datasource.init.ScriptUtils - 1 returned as updateCount for SQL: INSERT INTO `eh_acls`(`id`, `owner_type`, `owner_id`, `grant_type`, `privilege_id`, `role_id`, `order_seq`, `creator_uid`, `create_time`) VALUES(2, &apos;extension&apos;, NULL, 1, 2, 8, 0, 1, &apos;2015-09-28 17:03:23&apos;)
13:30:32.132 [main] DEBUG o.s.jdbc.datasource.init.ScriptUtils - 0 returned as updateCount for SQL: ALTER TABLE `eh_acl_privileges` AUTO_INCREMENT = 4096
13:30:32.189 [main] DEBUG o.s.jdbc.datasource.init.ScriptUtils - 1 returned as updateCount for SQL: INSERT INTO `eh_acl_privileges`(`id`, `app_id`, `name`) VALUES(1, 0, &apos;All&apos;)
13:30:32.223 [main] DEBUG o.s.jdbc.datasource.init.ScriptUtils - 1 returned as updateCount for SQL: INSERT INTO `eh_acl_privileges`(`id`, `app_id`, `name`) VALUES(2, 0, &apos;Visible&apos;)
13:30:32.256 [main] DEBUG o.s.jdbc.datasource.init.ScriptUtils - 1 returned as updateCount for SQL: INSERT INTO `eh_acl_privileges`(`id`, `app_id`, `name`) VALUES(3, 0, &apos;Read&apos;)
13:30:32.307 [main] DEBUG o.s.jdbc.datasource.init.ScriptUtils - 1 returned as updateCount for SQL: INSERT INTO `eh_acl_privileges`(`id`, `app_id`, `name`) VALUES(4, 0, &apos;Create&apos;)
13:30:32.348 [main] DEBUG o.s.jdbc.datasource.init.ScriptUtils - 1 returned as updateCount for SQL: INSERT INTO `eh_acl_privileges`(`id`, `app_id`, `name`) VALUES(5, 0, &apos;Write&apos;)
13:30:32.383 [main] DEBUG o.s.jdbc.datasource.init.ScriptUtils - 1 returned as updateCount for SQL: INSERT INTO `eh_acl_privileges`(`id`, `app_id`, `name`) VALUES(6, 0, &apos;Delete&apos;)
13:30:32.432 [main] DEBUG o.s.jdbc.datasource.init.ScriptUtils - 1 returned as updateCount for SQL: INSERT INTO `eh_acl_privileges`(`id`, `app_id`, `name`) VALUES(100, 2, &apos;forum.topic.new&apos;)
13:30:32.541 [main] DEBUG o.s.jdbc.datasource.init.ScriptUtils - 1 returned as updateCount for SQL: INSERT INTO `eh_acl_privileges`(`id`, `app_id`, `name`) VALUES(101, 2, &apos;forum.topic.delete&apos;)
13:30:32.565 [main] DEBUG o.s.jdbc.datasource.init.ScriptUtils - 1 returned as updateCount for SQL: INSERT INTO `eh_acl_privileges`(`id`, `app_id`, `name`) VALUES(102, 2, &apos;forum.reply.new&apos;)
13:30:32.591 [main] DEBUG o.s.jdbc.datasource.init.ScriptUtils - 1 returned as updateCount for SQL: INSERT INTO `eh_acl_privileges`(`id`, `app_id`, `name`) VALUES(103, 2, &apos;forum.reply.delete&apos;)
13:30:32.625 [main] DEBUG o.s.jdbc.datasource.init.ScriptUtils - 0 returned as updateCount for SQL: ALTER TABLE `eh_acl_roles` AUTO_INCREMENT = 4096
13:30:32.651 [main] DEBUG o.s.jdbc.datasource.init.ScriptUtils - 1 returned as updateCount for SQL: INSERT INTO `eh_acl_roles`(`id`, `app_id`, `name`) VALUES(1, 0, &apos;Anonymous&apos;)
13:30:32.683 [main] DEBUG o.s.jdbc.datasource.init.ScriptUtils - 1 returned as updateCount for SQL: INSERT INTO `eh_acl_roles`(`id`, `app_id`, `name`) VALUES(2, 0, &apos;SystemAdmin&apos;)
13:30:32.708 [main] DEBUG o.s.jdbc.datasource.init.ScriptUtils - 1 returned as updateCount for SQL: INSERT INTO `eh_acl_roles`(`id`, `app_id`, `name`) VALUES(3, 0, &apos;AuthenticatedUser&apos;)
13:30:32.733 [main] DEBUG o.s.jdbc.datasource.init.ScriptUtils - 1 returned as updateCount for SQL: INSERT INTO `eh_acl_roles`(`id`, `app_id`, `name`) VALUES(4, 0, &apos;ResourceCreator&apos;)
13:30:32.758 [main] DEBUG o.s.jdbc.datasource.init.ScriptUtils - 1 returned as updateCount for SQL: INSERT INTO `eh_acl_roles`(`id`, `app_id`, `name`) VALUES(5, 0, &apos;ResourceAdmin&apos;)
13:30:32.783 [main] DEBUG o.s.jdbc.datasource.init.ScriptUtils - 1 returned as updateCount for SQL: INSERT INTO `eh_acl_roles`(`id`, `app_id`, `name`) VALUES(6, 0, &apos;ResourceOperator&apos;)
13:30:32.808 [main] DEBUG o.s.jdbc.datasource.init.ScriptUtils - 1 returned as updateCount for SQL: INSERT INTO `eh_acl_roles`(`id`, `app_id`, `name`) VALUES(7, 0, &apos;ResourceUser&apos;)
13:30:32.834 [main] DEBUG o.s.jdbc.datasource.init.ScriptUtils - 1 returned as updateCount for SQL: INSERT INTO `eh_acl_roles`(`id`, `app_id`, `name`) VALUES(8, 0, &apos;SystemExtension&apos;)
13:30:32.968 [main] DEBUG o.s.jdbc.datasource.init.ScriptUtils - 0 returned as updateCount for SQL: ALTER TABLE `eh_apps` AUTO_INCREMENT = 4096
13:30:33.009 [main] DEBUG o.s.jdbc.datasource.init.ScriptUtils - 0 returned as updateCount for SQL: ALTER TABLE `eh_namespaces` AUTO_INCREMENT = 4096
13:30:33.034 [main] DEBUG o.s.jdbc.datasource.init.ScriptUtils - 1 returned as updateCount for SQL: INSERT INTO `eh_users`(`id`, `namespace_id`, `uuid`, `account_name`, `nick_name`, `status`, `create_time`, `salt`, `password_hash`, `avatar`) VALUES (1, 0, UUID(), &apos;root&apos;, &apos;system user&apos;, 1, NOW(), &apos;3023538e14053565b98fdfb2050c7709&apos;, &apos;3f2d9e5202de37dab7deea632f915a6adc206583b3f228ad7e101e5cb9c4b199&apos;, &apos;cs://1/image/aW1hZ2UvTVRwak5qQm1OVGRqT1RjelpqWXpORFV3WXpsaU9UQm1Nalk1WVRsalltWmlOZw&apos;)
13:30:33.068 [main] DEBUG o.s.jdbc.datasource.init.ScriptUtils - 1 returned as updateCount for SQL: INSERT INTO `eh_users`(`id`, `namespace_id`, `uuid`, `account_name`, `nick_name`, `status`, `create_time`, `salt`, `password_hash`, `avatar`) VALUES (2, 0, UUID(), &apos;system assistant&apos;, &apos;???????????????&apos;, 1, NOW(), &apos;3023538e14053565b98fdfb2050c7709&apos;, &apos;3f2d9e5202de37dab7deea632f915a6adc206583b3f228ad7e101e5cb9c4b199&apos;, &apos;cs://1/image/aW1hZ2UvTVRwak5qQm1OVGRqT1RjelpqWXpORFV3WXpsaU9UQm1Nalk1WVRsalltWmlOZw&apos;)
13:30:33.102 [main] DEBUG o.s.jdbc.datasource.init.ScriptUtils - 1 returned as updateCount for SQL: INSERT INTO `eh_users`(`id`, `namespace_id`, `uuid`, `account_name`, `nick_name`, `status`, `create_time`, `salt`, `password_hash`, `avatar`) VALUES (3, 0, UUID(), &apos;business assistant&apos;, &apos;???????????????&apos;, 1, NOW(), &apos;3023538e14053565b98fdfb2050c7709&apos;, &apos;3f2d9e5202de37dab7deea632f915a6adc206583b3f228ad7e101e5cb9c4b199&apos;, &apos;cs://1/image/aW1hZ2UvTVRwak5qQm1OVGRqT1RjelpqWXpORFV3WXpsaU9UQm1Nalk1WVRsalltWmlOZw&apos;)
13:30:33.135 [main] DEBUG o.s.jdbc.datasource.init.ScriptUtils - 1 returned as updateCount for SQL: INSERT INTO `eh_users`(`id`, `namespace_id`, `uuid`, `account_name`, `nick_name`, `status`, `create_time`, `salt`, `password_hash`, `avatar`) VALUES (11, 999995, UUID(), &apos;tt&apos;, &apos;?????????&apos;, 1, NOW(), &apos;3023538e14053565b98fdfb2050c7709&apos;, &apos;3f2d9e5202de37dab7deea632f915a6adc206583b3f228ad7e101e5cb9c4b199&apos;, &apos;cs://1/image/aW1hZ2UvTVRwak5qQm1OVGRqT1RjelpqWXpORFV3WXpsaU9UQm1Nalk1WVRsalltWmlOZw&apos;)
13:30:33.137 [main] DEBUG o.s.jdbc.datasource.init.ScriptUtils - 0 returned as updateCount for SQL: SET foreign_key_checks = 1
13:30:33.137 [main] INFO  o.s.jdbc.datasource.init.ScriptUtils - Executed SQL script from file [/Users/wuhan/workspace/ehnextgen/ehtest-integration/target/classes/data/tables/3.0.x_ehcore-system-init.sql] in 2350 ms.
13:30:33.138 [main] DEBUG o.s.jdbc.datasource.DataSourceUtils - Returning JDBC Connection to DataSource
13:30:33.138 [main] DEBUG o.s.jdbc.datasource.DataSourceUtils - Fetching JDBC Connection from DataSource
13:30:33.138 [main] DEBUG o.s.j.d.LazyConnectionDataSourceProxy - Connecting to database for operation &apos;createStatement&apos;
13:30:33.138 [main] DEBUG org.jooq.tools.LoggerListener - Executing batch query    : insert into `eh_categories` (`id`, `parent_id`, `link_id`, `name`, `path`, `status`, `create_time`, `namespace_id`) values (&apos;1&apos;, &apos;2&apos;, &apos;0&apos;, &apos;????&apos;, &apos;??????/????&apos;, &apos;2&apos;, &apos;2016-7-27 11:58:34&apos;, &apos;1000000&apos;)
13:30:33.138 [main] DEBUG org.jooq.tools.LoggerListener - Executing batch query    : insert into `eh_categories` (`id`, `parent_id`, `link_id`, `name`, `path`, `status`, `create_time`, `namespace_id`) values (&apos;2&apos;, &apos;0&apos;, &apos;0&apos;, &apos;??????&apos;, &apos;??????&apos;, &apos;2&apos;, &apos;2016-7-27 11:58:34&apos;, &apos;1000000&apos;)
13:30:33.138 [main] DEBUG org.jooq.tools.LoggerListener - Executing batch query    : insert into `eh_yellow_pages` (`id`, `parent_id`, `owner_type`, `owner_id`, `name`, `type`, `address`, `contact`, `description`, `poster_uri`, `status`, `longitude`, `latitude`, `string_tag3`, `integral_tag2`) values (&apos;1&apos;, &apos;2&apos;, &apos;community&apos;, &apos;240111044331048623&apos;, &apos;???????????????&apos;, &apos;2&apos;, &apos;????????????????25?5??&apos;, &apos;13509667165&apos;, &apos; ??????????????????????????????????????????????????????????????????????????&apos;, &apos;cs://1/image/aW1hZ2UvTVRvM01qRmtaalk0Wm1WaE9UVmxNR00wT0RNek5tVXpObVkyT0RZek56VXdZUQ&apos;, &apos;2&apos;, &apos;113.952909&apos;, &apos;22.549597&apos;, &apos;????&apos;, &apos;2&apos;)
13:30:33.138 [main] DEBUG org.jooq.tools.LoggerListener - Executing batch query    : insert into `eh_yellow_pages` (`id`, `parent_id`, `owner_type`, `owner_id`, `name`, `nick_name`, `type`, `contact`, `description`, `poster_uri`, `status`) values (&apos;2&apos;, &apos;0&apos;, &apos;community&apos;, &apos;240111044331048623&apos;, &apos;????&apos;, &apos;??????&apos;, &apos;2&apos;, &apos;0755-86620293&apos;, &apos;???????????????????????????????????????????????????????????????????????????????????????????????????????????????????????????????????? ???????????&apos;, &apos;cs://1/image/aW1hZ2UvTVRvMU56TXpOV0l3T1RKaFlqQTRNVFJpWmpSaVlUazFNall5WldRNVlUZ3dZUQ&apos;, &apos;2&apos;)
13:30:33.243 [main] DEBUG org.jooq.tools.StopWatch - Query executed           : Total: 105.343ms
13:30:33.246 [main] DEBUG o.s.jdbc.datasource.DataSourceUtils - Returning JDBC Connection to DataSource
13:30:33.246 [main] DEBUG o.s.j.d.LazyConnectionDataSourceProxy - Using existing database connection for operation &apos;close&apos;
13:30:33.246 [main] DEBUG org.jooq.tools.StopWatch - Finishing                : Total: 108.316ms, +2.973ms
13:30:33.246 [main] DEBUG o.s.d.r.core.RedisConnectionUtils - Opening RedisConnection
13:30:33.277 [main] DEBUG o.s.d.r.core.RedisConnectionUtils - Closing Redis Connection
13:30:33.277 [main] DEBUG o.a.h.c.protocol.RequestAddCookies - CookieSpec selected: best-match
13:30:33.277 [main] DEBUG o.a.h.c.protocol.RequestAuthCache - Auth cache not set in the context
13:30:33.277 [main] DEBUG o.a.h.i.c.PoolingHttpClientConnectionManager - Connection request: [route: {}-&gt;http://127.0.0.1:8080][total kept alive: 0; route allocated: 0 of 2; total allocated: 0 of 20]
13:30:33.278 [main] DEBUG o.a.h.i.c.PoolingHttpClientConnectionManager - Connection leased: [id: 484][route: {}-&gt;http://127.0.0.1:8080][total kept alive: 0; route allocated: 1 of 2; total allocated: 1 of 20]
13:30:33.278 [main] DEBUG o.a.h.impl.execchain.MainClientExec - Opening connection {}-&gt;http://127.0.0.1:8080
13:30:33.278 [main] DEBUG o.a.h.i.c.HttpClientConnectionOperator - Connecting to /127.0.0.1:8080
13:30:33.278 [main] DEBUG o.a.h.i.c.DefaultManagedHttpClientConnection - http-outgoing-484: Shutdown connection
13:30:33.278 [main] DEBUG o.a.h.impl.execchain.MainClientExec - Connection discarded
13:30:33.278 [main] DEBUG o.a.h.i.c.DefaultManagedHttpClientConnection - http-outgoing-484: Close connection
13:30:33.278 [main] DEBUG o.a.h.i.c.PoolingHttpClientConnectionManager - Connection released: [id: 484][route: {}-&gt;http://127.0.0.1:8080][total kept alive: 0; route allocated: 0 of 2; total allocated: 0 of 20]
13:30:33.278 [main] DEBUG o.s.t.c.s.DirtiesContextTestExecutionListener - After test method: context [DefaultTestContext@784236e1 testClass = YellowPageTest, testInstance = null(com.everhomes.test.junit.yellowpage.YellowPageTest), testMethod = testUpdateServiceAlliance@YellowPageTest, testException = java.lang.IllegalStateException: Failed to login before synchronizing sequence, user=root, error={&quot;version&quot;:&quot;1.0.0&quot;,&quot;errorScope&quot;:&quot;HTTP&quot;,&quot;errorCode&quot;:502,&quot;errorDescription&quot;:&quot;Connect to 127.0.0.1:8080 [/127.0.0.1] failed: Connection refused&quot;}, mergedContextConfiguration = [MergedContextConfiguration@2d14037a testClass = YellowPageTest, locations = &apos;{}&apos;, classes = &apos;{class com.everhomes.test.core.base.BaseServerConfig, class com.everhomes.test.core.persist.PersistConfig, class com.everhomes.test.core.redis.RedisConfig}&apos;, contextInitializerClasses = &apos;[]&apos;, activeProfiles = &apos;{}&apos;, contextLoader = &apos;org.springframework.test.context.support.AnnotationConfigContextLoader&apos;, parent = [null]]], class dirties context [false], class mode [null], method dirties context [false].
</system-out>
  </testcase>
</testsuite>