<?xml version="1.0" encoding="UTF-8" ?>
<testsuite tests="2" failures="0" name="com.everhomes.test.junit.group.GroupInfoTest" time="17.945" errors="2" skipped="0">
  <properties>
[...]
</properties>
  <testcase classname="com.everhomes.test.junit.group.GroupInfoTest" name="testGetGroupInfo" time="11.475">
    <error message="Failed to login before synchronizing sequence, user=root, error={&quot;version&quot;:&quot;1.0.0&quot;,&quot;errorScope&quot;:&quot;HTTP&quot;,&quot;errorCode&quot;:502,&quot;errorDescription&quot;:&quot;Connect to 127.0.0.1:8080 [/127.0.0.1] failed: Connection refused&quot;}" type="java.lang.IllegalStateException">java.lang.IllegalStateException: Failed to login before synchronizing sequence, user=root, error={&quot;version&quot;:&quot;1.0.0&quot;,&quot;errorScope&quot;:&quot;HTTP&quot;,&quot;errorCode&quot;:502,&quot;errorDescription&quot;:&quot;Connect to 127.0.0.1:8080 [/127.0.0.1] failed: Connection refused&quot;}
	at com.everhomes.test.core.api.ApiProviderImpl.syncSequence(ApiProviderImpl.java:36)
	at com.everhomes.test.core.base.BaseLoginAuthTestCase.syncSequence(BaseLoginAuthTestCase.java:74)
	at com.everhomes.test.core.base.BaseLoginAuthTestCase.setUp(BaseLoginAuthTestCase.java:46)
	at com.everhomes.test.junit.group.GroupInfoTest.setUp(GroupInfoTest.java:21)
	at sun.reflect.NativeMethodAccessorImpl.invoke0(Native Method)
	at sun.reflect.NativeMethodAccessorImpl.invoke(NativeMethodAccessorImpl.java:62)
	at sun.reflect.DelegatingMethodAccessorImpl.invoke(DelegatingMethodAccessorImpl.java:43)
	at java.lang.reflect.Method.invoke(Method.java:498)
	at org.junit.runners.model.FrameworkMethod$1.runReflectiveCall(FrameworkMethod.java:47)
	at org.junit.internal.runners.model.ReflectiveCallable.run(ReflectiveCallable.java:12)
	at org.junit.runners.model.FrameworkMethod.invokeExplosively(FrameworkMethod.java:44)
	at org.junit.internal.runners.statements.RunBefores.evaluate(RunBefores.java:24)
	at org.springframework.test.context.junit4.statements.RunBeforeTestMethodCallbacks.evaluate(RunBeforeTestMethodCallbacks.java:74)
	at org.junit.internal.runners.statements.RunAfters.evaluate(RunAfters.java:27)
	at org.springframework.test.context.junit4.statements.RunAfterTestMethodCallbacks.evaluate(RunAfterTestMethodCallbacks.java:83)
	at org.springframework.test.context.junit4.statements.SpringRepeat.evaluate(SpringRepeat.java:72)
	at org.springframework.test.context.junit4.SpringJUnit4ClassRunner.runChild(SpringJUnit4ClassRunner.java:233)
	at org.springframework.test.context.junit4.SpringJUnit4ClassRunner.runChild(SpringJUnit4ClassRunner.java:87)
	at org.junit.runners.ParentRunner$3.run(ParentRunner.java:238)
	at org.junit.runners.ParentRunner$1.schedule(ParentRunner.java:63)
	at org.junit.runners.ParentRunner.runChildren(ParentRunner.java:236)
	at org.junit.runners.ParentRunner.access$000(ParentRunner.java:53)
	at org.junit.runners.ParentRunner$2.evaluate(ParentRunner.java:229)
	at org.springframework.test.context.junit4.statements.RunBeforeTestClassCallbacks.evaluate(RunBeforeTestClassCallbacks.java:61)
	at org.springframework.test.context.junit4.statements.RunAfterTestClassCallbacks.evaluate(RunAfterTestClassCallbacks.java:71)
	at org.junit.runners.ParentRunner.run(ParentRunner.java:309)
	at org.springframework.test.context.junit4.SpringJUnit4ClassRunner.run(SpringJUnit4ClassRunner.java:176)
	at org.apache.maven.surefire.junit4.JUnit4TestSet.execute(JUnit4TestSet.java:53)
	at org.apache.maven.surefire.junit4.JUnit4Provider.executeTestSet(JUnit4Provider.java:123)
	at org.apache.maven.surefire.junit4.JUnit4Provider.invoke(JUnit4Provider.java:104)
	at sun.reflect.NativeMethodAccessorImpl.invoke0(Native Method)
	at sun.reflect.NativeMethodAccessorImpl.invoke(NativeMethodAccessorImpl.java:62)
	at sun.reflect.DelegatingMethodAccessorImpl.invoke(DelegatingMethodAccessorImpl.java:43)
	at java.lang.reflect.Method.invoke(Method.java:498)
	at org.apache.maven.surefire.util.ReflectionUtils.invokeMethodWithArray(ReflectionUtils.java:164)
	at org.apache.maven.surefire.booter.ProviderFactory$ProviderProxy.invoke(ProviderFactory.java:110)
	at org.apache.maven.surefire.booter.SurefireStarter.invokeProvider(SurefireStarter.java:175)
	at org.apache.maven.surefire.booter.SurefireStarter.runSuitesInProcessWhenForked(SurefireStarter.java:107)
	at org.apache.maven.surefire.booter.ForkedBooter.main(ForkedBooter.java:68)
</error>
    <system-out>13:07:18.777 [main] DEBUG o.s.t.c.s.DirtiesContextTestExecutionListener - After test class: context [DefaultTestContext@57cf0f36 testClass = NewTopicBySceneTest, testInstance = [null], testMethod = [null], testException = [null], mergedContextConfiguration = [MergedContextConfiguration@1274b020 testClass = NewTopicBySceneTest, locations = &apos;{}&apos;, classes = &apos;{class com.everhomes.test.core.base.BaseServerConfig, class com.everhomes.test.core.persist.PersistConfig, class com.everhomes.test.core.redis.RedisConfig}&apos;, contextInitializerClasses = &apos;[]&apos;, activeProfiles = &apos;{}&apos;, contextLoader = &apos;org.springframework.test.context.support.AnnotationConfigContextLoader&apos;, parent = [null]]], dirtiesContext [false].
13:07:18.778 [main] DEBUG o.s.t.c.j.SpringJUnit4ClassRunner - SpringJUnit4ClassRunner constructor called with [class com.everhomes.test.junit.group.GroupInfoTest].
13:07:18.778 [main] DEBUG o.s.test.context.ContextLoaderUtils - Found explicit ContextLoader class [org.springframework.test.context.support.AnnotationConfigContextLoader] for context configuration attributes [ContextConfigurationAttributes@4ca7db8e declaringClass = &apos;com.everhomes.test.core.base.BaseServerTestCase&apos;, classes = &apos;{class com.everhomes.test.core.base.BaseServerConfig, class com.everhomes.test.core.persist.PersistConfig, class com.everhomes.test.core.redis.RedisConfig}&apos;, locations = &apos;{}&apos;, inheritLocations = true, initializers = &apos;{}&apos;, inheritInitializers = true, name = [null], contextLoaderClass = &apos;org.springframework.test.context.support.AnnotationConfigContextLoader&apos;]
13:07:18.778 [main] DEBUG o.s.test.context.ContextLoaderUtils - Could not find an &apos;annotation declaring class&apos; for annotation type [org.springframework.test.context.ActiveProfiles] and class [com.everhomes.test.junit.group.GroupInfoTest]
13:07:18.778 [main] DEBUG o.s.test.context.TestContextManager - @TestExecutionListeners is not present for class [com.everhomes.test.junit.group.GroupInfoTest]: using defaults.
13:07:18.778 [main] DEBUG o.s.t.annotation.ProfileValueUtils - Retrieved @ProfileValueSourceConfiguration [null] for test class [com.everhomes.test.junit.group.GroupInfoTest]
13:07:18.778 [main] DEBUG o.s.t.annotation.ProfileValueUtils - Retrieved ProfileValueSource type [class org.springframework.test.annotation.SystemProfileValueSource] for class [com.everhomes.test.junit.group.GroupInfoTest]
13:07:18.778 [main] DEBUG o.s.t.annotation.ProfileValueUtils - Retrieved @ProfileValueSourceConfiguration [null] for test class [com.everhomes.test.junit.group.GroupInfoTest]
13:07:18.778 [main] DEBUG o.s.t.annotation.ProfileValueUtils - Retrieved ProfileValueSource type [class org.springframework.test.annotation.SystemProfileValueSource] for class [com.everhomes.test.junit.group.GroupInfoTest]
13:07:18.779 [main] DEBUG o.s.t.annotation.ProfileValueUtils - Retrieved @ProfileValueSourceConfiguration [null] for test class [com.everhomes.test.junit.group.GroupInfoTest]
13:07:18.779 [main] DEBUG o.s.t.annotation.ProfileValueUtils - Retrieved ProfileValueSource type [class org.springframework.test.annotation.SystemProfileValueSource] for class [com.everhomes.test.junit.group.GroupInfoTest]
13:07:18.779 [main] DEBUG o.s.t.c.s.DependencyInjectionTestExecutionListener - Performing dependency injection for test context [[DefaultTestContext@2a9694bf testClass = GroupInfoTest, testInstance = null(com.everhomes.test.junit.group.GroupInfoTest), testMethod = [null], testException = [null], mergedContextConfiguration = [MergedContextConfiguration@278aefe0 testClass = GroupInfoTest, locations = &apos;{}&apos;, classes = &apos;{class com.everhomes.test.core.base.BaseServerConfig, class com.everhomes.test.core.persist.PersistConfig, class com.everhomes.test.core.redis.RedisConfig}&apos;, contextInitializerClasses = &apos;[]&apos;, activeProfiles = &apos;{}&apos;, contextLoader = &apos;org.springframework.test.context.support.AnnotationConfigContextLoader&apos;, parent = [null]]]].
13:07:18.779 [main] DEBUG o.s.t.c.CacheAwareContextLoaderDelegate - Retrieved ApplicationContext from cache with key [[MergedContextConfiguration@278aefe0 testClass = GroupInfoTest, locations = &apos;{}&apos;, classes = &apos;{class com.everhomes.test.core.base.BaseServerConfig, class com.everhomes.test.core.persist.PersistConfig, class com.everhomes.test.core.redis.RedisConfig}&apos;, contextInitializerClasses = &apos;[]&apos;, activeProfiles = &apos;{}&apos;, contextLoader = &apos;org.springframework.test.context.support.AnnotationConfigContextLoader&apos;, parent = [null]]]
13:07:18.779 [main] DEBUG o.springframework.test.context.cache - Spring test ApplicationContext cache statistics: [ContextCache@5d8445d7 size = 1, hitCount = 337, missCount = 1, parentContextCount = 0]
13:07:18.779 [main] DEBUG o.s.b.f.annotation.InjectionMetadata - Processing injected method of bean &apos;com.everhomes.test.junit.group.GroupInfoTest&apos;: AutowiredFieldElement for protected com.everhomes.test.core.http.HttpClientService com.everhomes.test.core.base.BaseLoginAuthTestCase.httpClientService
13:07:18.779 [main] DEBUG o.s.b.f.s.DefaultListableBeanFactory - Creating instance of bean &apos;httpClientServiceImpl&apos;
13:07:18.779 [main] DEBUG o.s.b.f.annotation.InjectionMetadata - Processing injected method of bean &apos;httpClientServiceImpl&apos;: AutowiredFieldElement for private java.lang.String com.everhomes.test.core.http.HttpClientServiceImpl.serverContextPath
13:07:18.779 [main] DEBUG o.s.c.e.PropertySourcesPropertyResolver - Searching for key &apos;server.contextPath:&apos; in [environmentProperties]
13:07:18.779 [main] DEBUG o.s.c.e.PropertySourcesPropertyResolver - Searching for key &apos;server.contextPath:&apos; in [systemProperties]
13:07:18.779 [main] DEBUG o.s.c.e.PropertySourcesPropertyResolver - Searching for key &apos;server.contextPath:&apos; in [systemEnvironment]
13:07:18.779 [main] DEBUG o.s.c.e.PropertySourcesPropertyResolver - Searching for key &apos;server.contextPath:&apos; in [class path resource [config/ehcore.properties]]
13:07:18.779 [main] DEBUG o.s.c.e.PropertySourcesPropertyResolver - Could not find key &apos;server.contextPath:&apos; in any property source. Returning [null]
13:07:18.779 [main] DEBUG o.s.c.e.PropertySourcesPropertyResolver - Searching for key &apos;server.contextPath:&apos; in [localProperties]
13:07:18.779 [main] DEBUG o.s.c.e.PropertySourcesPropertyResolver - Could not find key &apos;server.contextPath:&apos; in any property source. Returning [null]
13:07:18.779 [main] DEBUG o.s.c.e.PropertySourcesPropertyResolver - Searching for key &apos;server.contextPath&apos; in [environmentProperties]
13:07:18.779 [main] DEBUG o.s.c.e.PropertySourcesPropertyResolver - Searching for key &apos;server.contextPath&apos; in [systemProperties]
13:07:18.779 [main] DEBUG o.s.c.e.PropertySourcesPropertyResolver - Searching for key &apos;server.contextPath&apos; in [systemEnvironment]
13:07:18.779 [main] DEBUG o.s.c.e.PropertySourcesPropertyResolver - Searching for key &apos;server.contextPath&apos; in [class path resource [config/ehcore.properties]]
13:07:18.779 [main] DEBUG o.s.c.e.PropertySourcesPropertyResolver - Found key &apos;server.contextPath&apos; in [class path resource [config/ehcore.properties]] with type [String] and value &apos;/evh&apos;
13:07:18.779 [main] DEBUG o.s.c.e.PropertySourcesPropertyResolver - Found key &apos;server.contextPath&apos; in [environmentProperties] with type [String] and value &apos;/evh&apos;
13:07:18.779 [main] DEBUG o.s.b.f.annotation.InjectionMetadata - Processing injected method of bean &apos;httpClientServiceImpl&apos;: AutowiredFieldElement for private java.lang.String com.everhomes.test.core.http.HttpClientServiceImpl.serverAddress
13:07:18.779 [main] DEBUG o.s.c.e.PropertySourcesPropertyResolver - Searching for key &apos;server.address:&apos; in [environmentProperties]
13:07:18.780 [main] DEBUG o.s.c.e.PropertySourcesPropertyResolver - Searching for key &apos;server.address:&apos; in [systemProperties]
13:07:18.780 [main] DEBUG o.s.c.e.PropertySourcesPropertyResolver - Searching for key &apos;server.address:&apos; in [systemEnvironment]
13:07:18.780 [main] DEBUG o.s.c.e.PropertySourcesPropertyResolver - Searching for key &apos;server.address:&apos; in [class path resource [config/ehcore.properties]]
13:07:18.780 [main] DEBUG o.s.c.e.PropertySourcesPropertyResolver - Could not find key &apos;server.address:&apos; in any property source. Returning [null]
13:07:18.780 [main] DEBUG o.s.c.e.PropertySourcesPropertyResolver - Searching for key &apos;server.address:&apos; in [localProperties]
13:07:18.780 [main] DEBUG o.s.c.e.PropertySourcesPropertyResolver - Could not find key &apos;server.address:&apos; in any property source. Returning [null]
13:07:18.780 [main] DEBUG o.s.c.e.PropertySourcesPropertyResolver - Searching for key &apos;server.address&apos; in [environmentProperties]
13:07:18.780 [main] DEBUG o.s.c.e.PropertySourcesPropertyResolver - Searching for key &apos;server.address&apos; in [systemProperties]
13:07:18.780 [main] DEBUG o.s.c.e.PropertySourcesPropertyResolver - Searching for key &apos;server.address&apos; in [systemEnvironment]
13:07:18.780 [main] DEBUG o.s.c.e.PropertySourcesPropertyResolver - Searching for key &apos;server.address&apos; in [class path resource [config/ehcore.properties]]
13:07:18.780 [main] DEBUG o.s.c.e.PropertySourcesPropertyResolver - Found key &apos;server.address&apos; in [class path resource [config/ehcore.properties]] with type [String] and value &apos;http://127.0.0.1:8080&apos;
13:07:18.780 [main] DEBUG o.s.c.e.PropertySourcesPropertyResolver - Found key &apos;server.address&apos; in [environmentProperties] with type [String] and value &apos;http://127.0.0.1:8080&apos;
13:07:18.780 [main] DEBUG o.s.c.a.CommonAnnotationBeanPostProcessor - Invoking init method on bean &apos;httpClientServiceImpl&apos;: private org.apache.http.impl.client.CloseableHttpClient com.everhomes.test.core.http.HttpClientServiceImpl.openHttpClient()
13:07:18.781 [main] DEBUG o.s.b.f.s.DefaultListableBeanFactory - Finished creating instance of bean &apos;httpClientServiceImpl&apos;
13:07:18.781 [main] DEBUG o.s.b.f.annotation.InjectionMetadata - Processing injected method of bean &apos;com.everhomes.test.junit.group.GroupInfoTest&apos;: AutowiredFieldElement for protected com.everhomes.test.core.persist.DbProvider com.everhomes.test.core.base.BaseLoginAuthTestCase.dbProvider
13:07:18.781 [main] DEBUG o.s.b.f.s.DefaultListableBeanFactory - Returning cached instance of singleton bean &apos;dbProviderImpl&apos;
13:07:18.781 [main] DEBUG o.s.b.f.annotation.InjectionMetadata - Processing injected method of bean &apos;com.everhomes.test.junit.group.GroupInfoTest&apos;: AutowiredFieldElement for protected com.everhomes.test.core.redis.RedisProvider com.everhomes.test.core.base.BaseLoginAuthTestCase.redisProvider
13:07:18.781 [main] DEBUG o.s.b.f.s.DefaultListableBeanFactory - Returning cached instance of singleton bean &apos;redisProviderImpl&apos;
13:07:18.781 [main] DEBUG o.s.b.f.annotation.InjectionMetadata - Processing injected method of bean &apos;com.everhomes.test.junit.group.GroupInfoTest&apos;: AutowiredFieldElement for protected com.everhomes.test.core.api.ApiProvider com.everhomes.test.core.base.BaseLoginAuthTestCase.apiProvider
13:07:18.781 [main] DEBUG o.s.b.f.s.DefaultListableBeanFactory - Returning cached instance of singleton bean &apos;apiProviderImpl&apos;
13:07:18.781 [main] DEBUG org.jooq.tools.LoggerListener - Executing query          : select `information_schema`.`TABLES`.`TABLE_SCHEMA`, `information_schema`.`TABLES`.`TABLE_NAME`, `information_schema`.`TABLES`.`TABLE_ROWS` from `information_schema`.`TABLES` where `information_schema`.`TABLES`.`TABLE_SCHEMA` in (?)
13:07:18.781 [main] DEBUG org.jooq.tools.LoggerListener - -&gt; with bind values      : select `information_schema`.`TABLES`.`TABLE_SCHEMA`, `information_schema`.`TABLES`.`TABLE_NAME`, `information_schema`.`TABLES`.`TABLE_ROWS` from `information_schema`.`TABLES` where `information_schema`.`TABLES`.`TABLE_SCHEMA` in (&apos;ehcore_test&apos;)
13:07:18.781 [main] DEBUG o.s.jdbc.datasource.DataSourceUtils - Fetching JDBC Connection from DataSource
13:07:18.781 [main] DEBUG o.s.j.d.LazyConnectionDataSourceProxy - Connecting to database for operation &apos;prepareStatement&apos;
13:07:18.788 [main] DEBUG org.jooq.tools.StopWatch - Query executed           : Total: 7.495ms
13:07:18.792 [main] DEBUG o.s.jdbc.datasource.DataSourceUtils - Returning JDBC Connection to DataSource
13:07:18.792 [main] DEBUG o.s.j.d.LazyConnectionDataSourceProxy - Using existing database connection for operation &apos;close&apos;
13:07:18.792 [main] DEBUG org.jooq.tools.LoggerListener - Fetched result           : +------------+-----------------------+----------+
13:07:18.792 [main] DEBUG org.jooq.tools.LoggerListener -                          : |TABLE_SCHEMA|TABLE_NAME             |TABLE_ROWS|
13:07:18.792 [main] DEBUG org.jooq.tools.LoggerListener -                          : +------------+-----------------------+----------+
13:07:18.792 [main] DEBUG org.jooq.tools.LoggerListener -                          : |ehcore_test |eh_acl_privileges      |        10|
13:07:18.792 [main] DEBUG org.jooq.tools.LoggerListener -                          : |ehcore_test |eh_acl_role_assignments|         1|
13:07:18.792 [main] DEBUG org.jooq.tools.LoggerListener -                          : |ehcore_test |eh_acl_roles           |         8|
13:07:18.792 [main] DEBUG org.jooq.tools.LoggerListener -                          : |ehcore_test |eh_aclink_firmware     |         0|
13:07:18.792 [main] DEBUG org.jooq.tools.LoggerListener -                          : |ehcore_test |eh_aclink_logs         |         0|
13:07:18.792 [main] DEBUG org.jooq.tools.LoggerListener -                          : +------------+-----------------------+----------+
13:07:18.792 [main] DEBUG org.jooq.tools.LoggerListener -                          : |...330 record(s) truncated...
13:07:18.792 [main] DEBUG org.jooq.tools.StopWatch - Finishing                : Total: 11.247ms, +3.752ms
13:07:18.792 [main] DEBUG org.jooq.tools.LoggerListener - Executing query          : SET foreign_key_checks = 0
13:07:18.793 [main] DEBUG o.s.jdbc.datasource.DataSourceUtils - Fetching JDBC Connection from DataSource
13:07:18.793 [main] DEBUG o.s.j.d.LazyConnectionDataSourceProxy - Connecting to database for operation &apos;prepareStatement&apos;
13:07:18.795 [main] DEBUG org.jooq.tools.LoggerListener - Affected row(s)          : 0
13:07:18.795 [main] DEBUG org.jooq.tools.StopWatch - Query executed           : Total: 2.645ms
13:07:18.798 [main] DEBUG o.s.jdbc.datasource.DataSourceUtils - Returning JDBC Connection to DataSource
13:07:18.798 [main] DEBUG o.s.j.d.LazyConnectionDataSourceProxy - Using existing database connection for operation &apos;close&apos;
13:07:18.798 [main] DEBUG org.jooq.tools.StopWatch - Finishing                : Total: 5.364ms, +2.718ms
13:07:18.798 [main] DEBUG org.jooq.tools.LoggerListener - Executing query          : truncate table eh_acl_privileges
13:07:18.798 [main] DEBUG o.s.jdbc.datasource.DataSourceUtils - Fetching JDBC Connection from DataSource
13:07:18.798 [main] DEBUG o.s.j.d.LazyConnectionDataSourceProxy - Connecting to database for operation &apos;prepareStatement&apos;
13:07:19.225 [main] DEBUG org.jooq.tools.LoggerListener - Affected row(s)          : 0
13:07:19.225 [main] DEBUG org.jooq.tools.StopWatch - Query executed           : Total: 427.531ms
13:07:19.230 [main] DEBUG o.s.jdbc.datasource.DataSourceUtils - Returning JDBC Connection to DataSource
13:07:19.230 [main] DEBUG o.s.j.d.LazyConnectionDataSourceProxy - Using existing database connection for operation &apos;close&apos;
13:07:19.230 [main] DEBUG org.jooq.tools.StopWatch - Finishing                : Total: 432.058ms, +4.527ms
13:07:19.230 [main] DEBUG org.jooq.tools.LoggerListener - Executing query          : SET foreign_key_checks = 1
13:07:19.230 [main] DEBUG o.s.jdbc.datasource.DataSourceUtils - Fetching JDBC Connection from DataSource
13:07:19.230 [main] DEBUG o.s.j.d.LazyConnectionDataSourceProxy - Connecting to database for operation &apos;prepareStatement&apos;
13:07:19.232 [main] DEBUG org.jooq.tools.LoggerListener - Affected row(s)          : 0
13:07:19.232 [main] DEBUG org.jooq.tools.StopWatch - Query executed           : Total: 2.41ms
13:07:19.235 [main] DEBUG o.s.jdbc.datasource.DataSourceUtils - Returning JDBC Connection to DataSource
13:07:19.235 [main] DEBUG o.s.j.d.LazyConnectionDataSourceProxy - Using existing database connection for operation &apos;close&apos;
13:07:19.235 [main] DEBUG org.jooq.tools.StopWatch - Finishing                : Total: 5.182ms, +2.772ms
13:07:19.235 [main] DEBUG org.jooq.tools.LoggerListener - Executing query          : SET foreign_key_checks = 0
13:07:19.235 [main] DEBUG o.s.jdbc.datasource.DataSourceUtils - Fetching JDBC Connection from DataSource
13:07:19.235 [main] DEBUG o.s.j.d.LazyConnectionDataSourceProxy - Connecting to database for operation &apos;prepareStatement&apos;
13:07:19.238 [main] DEBUG org.jooq.tools.LoggerListener - Affected row(s)          : 0
13:07:19.238 [main] DEBUG org.jooq.tools.StopWatch - Query executed           : Total: 2.596ms
13:07:19.240 [main] DEBUG o.s.jdbc.datasource.DataSourceUtils - Returning JDBC Connection to DataSource
13:07:19.240 [main] DEBUG o.s.j.d.LazyConnectionDataSourceProxy - Using existing database connection for operation &apos;close&apos;
13:07:19.240 [main] DEBUG org.jooq.tools.StopWatch - Finishing                : Total: 5.28ms, +2.684ms
13:07:19.240 [main] DEBUG org.jooq.tools.LoggerListener - Executing query          : truncate table eh_acl_role_assignments
13:07:19.240 [main] DEBUG o.s.jdbc.datasource.DataSourceUtils - Fetching JDBC Connection from DataSource
13:07:19.241 [main] DEBUG o.s.j.d.LazyConnectionDataSourceProxy - Connecting to database for operation &apos;prepareStatement&apos;
13:07:19.637 [main] DEBUG org.jooq.tools.LoggerListener - Affected row(s)          : 0
13:07:19.637 [main] DEBUG org.jooq.tools.StopWatch - Query executed           : Total: 396.867ms
13:07:19.641 [main] DEBUG o.s.jdbc.datasource.DataSourceUtils - Returning JDBC Connection to DataSource
13:07:19.641 [main] DEBUG o.s.j.d.LazyConnectionDataSourceProxy - Using existing database connection for operation &apos;close&apos;
13:07:19.641 [main] DEBUG org.jooq.tools.StopWatch - Finishing                : Total: 400.886ms, +4.019ms
13:07:19.641 [main] DEBUG org.jooq.tools.LoggerListener - Executing query          : SET foreign_key_checks = 1
13:07:19.641 [main] DEBUG o.s.jdbc.datasource.DataSourceUtils - Fetching JDBC Connection from DataSource
13:07:19.641 [main] DEBUG o.s.j.d.LazyConnectionDataSourceProxy - Connecting to database for operation &apos;prepareStatement&apos;
13:07:19.644 [main] DEBUG org.jooq.tools.LoggerListener - Affected row(s)          : 0
13:07:19.644 [main] DEBUG org.jooq.tools.StopWatch - Query executed           : Total: 2.808ms
13:07:19.647 [main] DEBUG o.s.jdbc.datasource.DataSourceUtils - Returning JDBC Connection to DataSource
13:07:19.647 [main] DEBUG o.s.j.d.LazyConnectionDataSourceProxy - Using existing database connection for operation &apos;close&apos;
13:07:19.647 [main] DEBUG org.jooq.tools.StopWatch - Finishing                : Total: 5.34ms, +2.531ms
13:07:19.647 [main] DEBUG org.jooq.tools.LoggerListener - Executing query          : SET foreign_key_checks = 0
13:07:19.647 [main] DEBUG o.s.jdbc.datasource.DataSourceUtils - Fetching JDBC Connection from DataSource
13:07:19.647 [main] DEBUG o.s.j.d.LazyConnectionDataSourceProxy - Connecting to database for operation &apos;prepareStatement&apos;
13:07:19.649 [main] DEBUG org.jooq.tools.LoggerListener - Affected row(s)          : 0
13:07:19.649 [main] DEBUG org.jooq.tools.StopWatch - Query executed           : Total: 2.624ms
13:07:19.652 [main] DEBUG o.s.jdbc.datasource.DataSourceUtils - Returning JDBC Connection to DataSource
13:07:19.652 [main] DEBUG o.s.j.d.LazyConnectionDataSourceProxy - Using existing database connection for operation &apos;close&apos;
13:07:19.652 [main] DEBUG org.jooq.tools.StopWatch - Finishing                : Total: 5.323ms, +2.699ms
13:07:19.652 [main] DEBUG org.jooq.tools.LoggerListener - Executing query          : truncate table eh_acl_roles
13:07:19.652 [main] DEBUG o.s.jdbc.datasource.DataSourceUtils - Fetching JDBC Connection from DataSource
13:07:19.652 [main] DEBUG o.s.j.d.LazyConnectionDataSourceProxy - Connecting to database for operation &apos;prepareStatement&apos;
13:07:20.045 [main] DEBUG org.jooq.tools.LoggerListener - Affected row(s)          : 0
13:07:20.045 [main] DEBUG org.jooq.tools.StopWatch - Query executed           : Total: 393.068ms
13:07:20.048 [main] DEBUG o.s.jdbc.datasource.DataSourceUtils - Returning JDBC Connection to DataSource
13:07:20.048 [main] DEBUG o.s.j.d.LazyConnectionDataSourceProxy - Using existing database connection for operation &apos;close&apos;
13:07:20.048 [main] DEBUG org.jooq.tools.StopWatch - Finishing                : Total: 395.724ms, +2.656ms
13:07:20.048 [main] DEBUG org.jooq.tools.LoggerListener - Executing query          : SET foreign_key_checks = 1
13:07:20.048 [main] DEBUG o.s.jdbc.datasource.DataSourceUtils - Fetching JDBC Connection from DataSource
13:07:20.048 [main] DEBUG o.s.j.d.LazyConnectionDataSourceProxy - Connecting to database for operation &apos;prepareStatement&apos;
13:07:20.050 [main] DEBUG org.jooq.tools.LoggerListener - Affected row(s)          : 0
13:07:20.050 [main] DEBUG org.jooq.tools.StopWatch - Query executed           : Total: 2.642ms
13:07:20.053 [main] DEBUG o.s.jdbc.datasource.DataSourceUtils - Returning JDBC Connection to DataSource
13:07:20.053 [main] DEBUG o.s.j.d.LazyConnectionDataSourceProxy - Using existing database connection for operation &apos;close&apos;
13:07:20.053 [main] DEBUG org.jooq.tools.StopWatch - Finishing                : Total: 5.512ms, +2.869ms
13:07:20.053 [main] DEBUG org.jooq.tools.LoggerListener - Executing query          : SET foreign_key_checks = 0
13:07:20.053 [main] DEBUG o.s.jdbc.datasource.DataSourceUtils - Fetching JDBC Connection from DataSource
13:07:20.053 [main] DEBUG o.s.j.d.LazyConnectionDataSourceProxy - Connecting to database for operation &apos;prepareStatement&apos;
13:07:20.056 [main] DEBUG org.jooq.tools.LoggerListener - Affected row(s)          : 0
13:07:20.056 [main] DEBUG org.jooq.tools.StopWatch - Query executed           : Total: 2.593ms
13:07:20.059 [main] DEBUG o.s.jdbc.datasource.DataSourceUtils - Returning JDBC Connection to DataSource
13:07:20.059 [main] DEBUG o.s.j.d.LazyConnectionDataSourceProxy - Using existing database connection for operation &apos;close&apos;
13:07:20.059 [main] DEBUG org.jooq.tools.StopWatch - Finishing                : Total: 5.253ms, +2.659ms
13:07:20.059 [main] DEBUG org.jooq.tools.LoggerListener - Executing query          : truncate table eh_acls
13:07:20.059 [main] DEBUG o.s.jdbc.datasource.DataSourceUtils - Fetching JDBC Connection from DataSource
13:07:20.059 [main] DEBUG o.s.j.d.LazyConnectionDataSourceProxy - Connecting to database for operation &apos;prepareStatement&apos;
13:07:20.455 [main] DEBUG org.jooq.tools.LoggerListener - Affected row(s)          : 0
13:07:20.455 [main] DEBUG org.jooq.tools.StopWatch - Query executed           : Total: 396.742ms
13:07:20.458 [main] DEBUG o.s.jdbc.datasource.DataSourceUtils - Returning JDBC Connection to DataSource
13:07:20.458 [main] DEBUG o.s.j.d.LazyConnectionDataSourceProxy - Using existing database connection for operation &apos;close&apos;
13:07:20.458 [main] DEBUG org.jooq.tools.StopWatch - Finishing                : Total: 399.532ms, +2.79ms
13:07:20.458 [main] DEBUG org.jooq.tools.LoggerListener - Executing query          : SET foreign_key_checks = 1
13:07:20.458 [main] DEBUG o.s.jdbc.datasource.DataSourceUtils - Fetching JDBC Connection from DataSource
13:07:20.458 [main] DEBUG o.s.j.d.LazyConnectionDataSourceProxy - Connecting to database for operation &apos;prepareStatement&apos;
13:07:20.461 [main] DEBUG org.jooq.tools.LoggerListener - Affected row(s)          : 0
13:07:20.461 [main] DEBUG org.jooq.tools.StopWatch - Query executed           : Total: 3.206ms
13:07:20.466 [main] DEBUG o.s.jdbc.datasource.DataSourceUtils - Returning JDBC Connection to DataSource
13:07:20.466 [main] DEBUG o.s.j.d.LazyConnectionDataSourceProxy - Using existing database connection for operation &apos;close&apos;
13:07:20.466 [main] DEBUG org.jooq.tools.StopWatch - Finishing                : Total: 7.806ms, +4.599ms
13:07:20.466 [main] DEBUG org.jooq.tools.LoggerListener - Executing query          : SET foreign_key_checks = 0
13:07:20.466 [main] DEBUG o.s.jdbc.datasource.DataSourceUtils - Fetching JDBC Connection from DataSource
13:07:20.466 [main] DEBUG o.s.j.d.LazyConnectionDataSourceProxy - Connecting to database for operation &apos;prepareStatement&apos;
13:07:20.468 [main] DEBUG org.jooq.tools.LoggerListener - Affected row(s)          : 0
13:07:20.469 [main] DEBUG org.jooq.tools.StopWatch - Query executed           : Total: 2.438ms
13:07:20.471 [main] DEBUG o.s.jdbc.datasource.DataSourceUtils - Returning JDBC Connection to DataSource
13:07:20.471 [main] DEBUG o.s.j.d.LazyConnectionDataSourceProxy - Using existing database connection for operation &apos;close&apos;
13:07:20.471 [main] DEBUG org.jooq.tools.StopWatch - Finishing                : Total: 5.204ms, +2.765ms
13:07:20.471 [main] DEBUG org.jooq.tools.LoggerListener - Executing query          : truncate table eh_addresses
13:07:20.471 [main] DEBUG o.s.jdbc.datasource.DataSourceUtils - Fetching JDBC Connection from DataSource
13:07:20.471 [main] DEBUG o.s.j.d.LazyConnectionDataSourceProxy - Connecting to database for operation &apos;prepareStatement&apos;
13:07:20.865 [main] DEBUG org.jooq.tools.LoggerListener - Affected row(s)          : 0
13:07:20.865 [main] DEBUG org.jooq.tools.StopWatch - Query executed           : Total: 393.586ms
13:07:20.869 [main] DEBUG o.s.jdbc.datasource.DataSourceUtils - Returning JDBC Connection to DataSource
13:07:20.870 [main] DEBUG o.s.j.d.LazyConnectionDataSourceProxy - Using existing database connection for operation &apos;close&apos;
13:07:20.870 [main] DEBUG org.jooq.tools.StopWatch - Finishing                : Total: 398.231ms, +4.644ms
13:07:20.870 [main] DEBUG org.jooq.tools.LoggerListener - Executing query          : SET foreign_key_checks = 1
13:07:20.870 [main] DEBUG o.s.jdbc.datasource.DataSourceUtils - Fetching JDBC Connection from DataSource
13:07:20.870 [main] DEBUG o.s.j.d.LazyConnectionDataSourceProxy - Connecting to database for operation &apos;prepareStatement&apos;
13:07:20.873 [main] DEBUG org.jooq.tools.LoggerListener - Affected row(s)          : 0
13:07:20.874 [main] DEBUG org.jooq.tools.StopWatch - Query executed           : Total: 3.919ms
13:07:20.876 [main] DEBUG o.s.jdbc.datasource.DataSourceUtils - Returning JDBC Connection to DataSource
13:07:20.876 [main] DEBUG o.s.j.d.LazyConnectionDataSourceProxy - Using existing database connection for operation &apos;close&apos;
13:07:20.876 [main] DEBUG org.jooq.tools.StopWatch - Finishing                : Total: 6.523ms, +2.603ms
13:07:20.876 [main] DEBUG org.jooq.tools.LoggerListener - Executing query          : SET foreign_key_checks = 0
13:07:20.876 [main] DEBUG o.s.jdbc.datasource.DataSourceUtils - Fetching JDBC Connection from DataSource
13:07:20.876 [main] DEBUG o.s.j.d.LazyConnectionDataSourceProxy - Connecting to database for operation &apos;prepareStatement&apos;
13:07:20.879 [main] DEBUG org.jooq.tools.LoggerListener - Affected row(s)          : 0
13:07:20.879 [main] DEBUG org.jooq.tools.StopWatch - Query executed           : Total: 2.629ms
13:07:20.881 [main] DEBUG o.s.jdbc.datasource.DataSourceUtils - Returning JDBC Connection to DataSource
13:07:20.881 [main] DEBUG o.s.j.d.LazyConnectionDataSourceProxy - Using existing database connection for operation &apos;close&apos;
13:07:20.881 [main] DEBUG org.jooq.tools.StopWatch - Finishing                : Total: 5.321ms, +2.691ms
13:07:20.882 [main] DEBUG org.jooq.tools.LoggerListener - Executing query          : truncate table eh_categories
13:07:20.882 [main] DEBUG o.s.jdbc.datasource.DataSourceUtils - Fetching JDBC Connection from DataSource
13:07:20.882 [main] DEBUG o.s.j.d.LazyConnectionDataSourceProxy - Connecting to database for operation &apos;prepareStatement&apos;
13:07:21.232 [main] DEBUG org.jooq.tools.LoggerListener - Affected row(s)          : 0
13:07:21.232 [main] DEBUG org.jooq.tools.StopWatch - Query executed           : Total: 350.617ms
13:07:21.236 [main] DEBUG o.s.jdbc.datasource.DataSourceUtils - Returning JDBC Connection to DataSource
13:07:21.236 [main] DEBUG o.s.j.d.LazyConnectionDataSourceProxy - Using existing database connection for operation &apos;close&apos;
13:07:21.236 [main] DEBUG org.jooq.tools.StopWatch - Finishing                : Total: 354.365ms, +3.748ms
13:07:21.236 [main] DEBUG org.jooq.tools.LoggerListener - Executing query          : SET foreign_key_checks = 1
13:07:21.236 [main] DEBUG o.s.jdbc.datasource.DataSourceUtils - Fetching JDBC Connection from DataSource
13:07:21.236 [main] DEBUG o.s.j.d.LazyConnectionDataSourceProxy - Connecting to database for operation &apos;prepareStatement&apos;
13:07:21.238 [main] DEBUG org.jooq.tools.LoggerListener - Affected row(s)          : 0
13:07:21.238 [main] DEBUG org.jooq.tools.StopWatch - Query executed           : Total: 1.897ms
13:07:21.242 [main] DEBUG o.s.jdbc.datasource.DataSourceUtils - Returning JDBC Connection to DataSource
13:07:21.242 [main] DEBUG o.s.j.d.LazyConnectionDataSourceProxy - Using existing database connection for operation &apos;close&apos;
13:07:21.242 [main] DEBUG org.jooq.tools.StopWatch - Finishing                : Total: 6.304ms, +4.406ms
13:07:21.242 [main] DEBUG org.jooq.tools.LoggerListener - Executing query          : SET foreign_key_checks = 0
13:07:21.242 [main] DEBUG o.s.jdbc.datasource.DataSourceUtils - Fetching JDBC Connection from DataSource
13:07:21.242 [main] DEBUG o.s.j.d.LazyConnectionDataSourceProxy - Connecting to database for operation &apos;prepareStatement&apos;
13:07:21.245 [main] DEBUG org.jooq.tools.LoggerListener - Affected row(s)          : 0
13:07:21.245 [main] DEBUG org.jooq.tools.StopWatch - Query executed           : Total: 2.636ms
13:07:21.247 [main] DEBUG o.s.jdbc.datasource.DataSourceUtils - Returning JDBC Connection to DataSource
13:07:21.247 [main] DEBUG o.s.j.d.LazyConnectionDataSourceProxy - Using existing database connection for operation &apos;close&apos;
13:07:21.247 [main] DEBUG org.jooq.tools.StopWatch - Finishing                : Total: 5.226ms, +2.589ms
13:07:21.247 [main] DEBUG org.jooq.tools.LoggerListener - Executing query          : truncate table eh_communities
13:07:21.248 [main] DEBUG o.s.jdbc.datasource.DataSourceUtils - Fetching JDBC Connection from DataSource
13:07:21.248 [main] DEBUG o.s.j.d.LazyConnectionDataSourceProxy - Connecting to database for operation &apos;prepareStatement&apos;
13:07:21.889 [main] DEBUG org.jooq.tools.LoggerListener - Affected row(s)          : 0
13:07:21.889 [main] DEBUG org.jooq.tools.StopWatch - Query executed           : Total: 641.368ms
13:07:21.892 [main] DEBUG o.s.jdbc.datasource.DataSourceUtils - Returning JDBC Connection to DataSource
13:07:21.892 [main] DEBUG o.s.j.d.LazyConnectionDataSourceProxy - Using existing database connection for operation &apos;close&apos;
13:07:21.892 [main] DEBUG org.jooq.tools.StopWatch - Finishing                : Total: 644.718ms, +3.349ms
13:07:21.892 [main] DEBUG org.jooq.tools.LoggerListener - Executing query          : SET foreign_key_checks = 1
13:07:21.892 [main] DEBUG o.s.jdbc.datasource.DataSourceUtils - Fetching JDBC Connection from DataSource
13:07:21.892 [main] DEBUG o.s.j.d.LazyConnectionDataSourceProxy - Connecting to database for operation &apos;prepareStatement&apos;
13:07:21.894 [main] DEBUG org.jooq.tools.LoggerListener - Affected row(s)          : 0
13:07:21.895 [main] DEBUG org.jooq.tools.StopWatch - Query executed           : Total: 2.302ms
13:07:21.898 [main] DEBUG o.s.jdbc.datasource.DataSourceUtils - Returning JDBC Connection to DataSource
13:07:21.898 [main] DEBUG o.s.j.d.LazyConnectionDataSourceProxy - Using existing database connection for operation &apos;close&apos;
13:07:21.899 [main] DEBUG org.jooq.tools.StopWatch - Finishing                : Total: 6.285ms, +3.983ms
13:07:21.899 [main] DEBUG org.jooq.tools.LoggerListener - Executing query          : SET foreign_key_checks = 0
13:07:21.899 [main] DEBUG o.s.jdbc.datasource.DataSourceUtils - Fetching JDBC Connection from DataSource
13:07:21.899 [main] DEBUG o.s.j.d.LazyConnectionDataSourceProxy - Connecting to database for operation &apos;prepareStatement&apos;
13:07:21.901 [main] DEBUG org.jooq.tools.LoggerListener - Affected row(s)          : 0
13:07:21.901 [main] DEBUG org.jooq.tools.StopWatch - Query executed           : Total: 2.624ms
13:07:21.904 [main] DEBUG o.s.jdbc.datasource.DataSourceUtils - Returning JDBC Connection to DataSource
13:07:21.904 [main] DEBUG o.s.j.d.LazyConnectionDataSourceProxy - Using existing database connection for operation &apos;close&apos;
13:07:21.904 [main] DEBUG org.jooq.tools.StopWatch - Finishing                : Total: 5.262ms, +2.638ms
13:07:21.904 [main] DEBUG org.jooq.tools.LoggerListener - Executing query          : truncate table eh_community_geopoints
13:07:21.904 [main] DEBUG o.s.jdbc.datasource.DataSourceUtils - Fetching JDBC Connection from DataSource
13:07:21.904 [main] DEBUG o.s.j.d.LazyConnectionDataSourceProxy - Connecting to database for operation &apos;prepareStatement&apos;
13:07:22.195 [main] DEBUG org.jooq.tools.LoggerListener - Affected row(s)          : 0
13:07:22.195 [main] DEBUG org.jooq.tools.StopWatch - Query executed           : Total: 291.468ms
13:07:22.200 [main] DEBUG o.s.jdbc.datasource.DataSourceUtils - Returning JDBC Connection to DataSource
13:07:22.200 [main] DEBUG o.s.j.d.LazyConnectionDataSourceProxy - Using existing database connection for operation &apos;close&apos;
13:07:22.200 [main] DEBUG org.jooq.tools.StopWatch - Finishing                : Total: 295.898ms, +4.43ms
13:07:22.200 [main] DEBUG org.jooq.tools.LoggerListener - Executing query          : SET foreign_key_checks = 1
13:07:22.200 [main] DEBUG o.s.jdbc.datasource.DataSourceUtils - Fetching JDBC Connection from DataSource
13:07:22.200 [main] DEBUG o.s.j.d.LazyConnectionDataSourceProxy - Connecting to database for operation &apos;prepareStatement&apos;
13:07:22.203 [main] DEBUG org.jooq.tools.LoggerListener - Affected row(s)          : 0
13:07:22.203 [main] DEBUG org.jooq.tools.StopWatch - Query executed           : Total: 2.881ms
13:07:22.205 [main] DEBUG o.s.jdbc.datasource.DataSourceUtils - Returning JDBC Connection to DataSource
13:07:22.206 [main] DEBUG o.s.j.d.LazyConnectionDataSourceProxy - Using existing database connection for operation &apos;close&apos;
13:07:22.206 [main] DEBUG org.jooq.tools.StopWatch - Finishing                : Total: 5.924ms, +3.043ms
13:07:22.206 [main] DEBUG org.jooq.tools.LoggerListener - Executing query          : SET foreign_key_checks = 0
13:07:22.206 [main] DEBUG o.s.jdbc.datasource.DataSourceUtils - Fetching JDBC Connection from DataSource
13:07:22.206 [main] DEBUG o.s.j.d.LazyConnectionDataSourceProxy - Connecting to database for operation &apos;prepareStatement&apos;
13:07:22.209 [main] DEBUG org.jooq.tools.LoggerListener - Affected row(s)          : 0
13:07:22.209 [main] DEBUG org.jooq.tools.StopWatch - Query executed           : Total: 3.674ms
13:07:22.212 [main] DEBUG o.s.jdbc.datasource.DataSourceUtils - Returning JDBC Connection to DataSource
13:07:22.212 [main] DEBUG o.s.j.d.LazyConnectionDataSourceProxy - Using existing database connection for operation &apos;close&apos;
13:07:22.212 [main] DEBUG org.jooq.tools.StopWatch - Finishing                : Total: 6.374ms, +2.699ms
13:07:22.212 [main] DEBUG org.jooq.tools.LoggerListener - Executing query          : truncate table eh_configurations
13:07:22.212 [main] DEBUG o.s.jdbc.datasource.DataSourceUtils - Fetching JDBC Connection from DataSource
13:07:22.212 [main] DEBUG o.s.j.d.LazyConnectionDataSourceProxy - Connecting to database for operation &apos;prepareStatement&apos;
13:07:22.383 [main] DEBUG org.jooq.tools.LoggerListener - Affected row(s)          : 0
13:07:22.383 [main] DEBUG org.jooq.tools.StopWatch - Query executed           : Total: 170.675ms
13:07:22.385 [main] DEBUG o.s.jdbc.datasource.DataSourceUtils - Returning JDBC Connection to DataSource
13:07:22.385 [main] DEBUG o.s.j.d.LazyConnectionDataSourceProxy - Using existing database connection for operation &apos;close&apos;
13:07:22.385 [main] DEBUG org.jooq.tools.StopWatch - Finishing                : Total: 173.278ms, +2.602ms
13:07:22.385 [main] DEBUG org.jooq.tools.LoggerListener - Executing query          : SET foreign_key_checks = 1
13:07:22.386 [main] DEBUG o.s.jdbc.datasource.DataSourceUtils - Fetching JDBC Connection from DataSource
13:07:22.386 [main] DEBUG o.s.j.d.LazyConnectionDataSourceProxy - Connecting to database for operation &apos;prepareStatement&apos;
13:07:22.390 [main] DEBUG org.jooq.tools.LoggerListener - Affected row(s)          : 0
13:07:22.390 [main] DEBUG org.jooq.tools.StopWatch - Query executed           : Total: 4.978ms
13:07:22.393 [main] DEBUG o.s.jdbc.datasource.DataSourceUtils - Returning JDBC Connection to DataSource
13:07:22.393 [main] DEBUG o.s.j.d.LazyConnectionDataSourceProxy - Using existing database connection for operation &apos;close&apos;
13:07:22.393 [main] DEBUG org.jooq.tools.StopWatch - Finishing                : Total: 7.654ms, +2.675ms
13:07:22.393 [main] DEBUG org.jooq.tools.LoggerListener - Executing query          : SET foreign_key_checks = 0
13:07:22.393 [main] DEBUG o.s.jdbc.datasource.DataSourceUtils - Fetching JDBC Connection from DataSource
13:07:22.393 [main] DEBUG o.s.j.d.LazyConnectionDataSourceProxy - Connecting to database for operation &apos;prepareStatement&apos;
13:07:22.396 [main] DEBUG org.jooq.tools.LoggerListener - Affected row(s)          : 0
13:07:22.396 [main] DEBUG org.jooq.tools.StopWatch - Query executed           : Total: 2.383ms
13:07:22.398 [main] DEBUG o.s.jdbc.datasource.DataSourceUtils - Returning JDBC Connection to DataSource
13:07:22.398 [main] DEBUG o.s.j.d.LazyConnectionDataSourceProxy - Using existing database connection for operation &apos;close&apos;
13:07:22.399 [main] DEBUG org.jooq.tools.StopWatch - Finishing                : Total: 5.348ms, +2.965ms
13:07:22.399 [main] DEBUG org.jooq.tools.LoggerListener - Executing query          : truncate table eh_forums
13:07:22.399 [main] DEBUG o.s.jdbc.datasource.DataSourceUtils - Fetching JDBC Connection from DataSource
13:07:22.399 [main] DEBUG o.s.j.d.LazyConnectionDataSourceProxy - Connecting to database for operation &apos;prepareStatement&apos;
13:07:22.845 [main] DEBUG org.jooq.tools.LoggerListener - Affected row(s)          : 0
13:07:22.845 [main] DEBUG org.jooq.tools.StopWatch - Query executed           : Total: 446.924ms
13:07:22.848 [main] DEBUG o.s.jdbc.datasource.DataSourceUtils - Returning JDBC Connection to DataSource
13:07:22.848 [main] DEBUG o.s.j.d.LazyConnectionDataSourceProxy - Using existing database connection for operation &apos;close&apos;
13:07:22.848 [main] DEBUG org.jooq.tools.StopWatch - Finishing                : Total: 449.69ms, +2.765ms
13:07:22.848 [main] DEBUG org.jooq.tools.LoggerListener - Executing query          : SET foreign_key_checks = 1
13:07:22.848 [main] DEBUG o.s.jdbc.datasource.DataSourceUtils - Fetching JDBC Connection from DataSource
13:07:22.848 [main] DEBUG o.s.j.d.LazyConnectionDataSourceProxy - Connecting to database for operation &apos;prepareStatement&apos;
13:07:22.850 [main] DEBUG org.jooq.tools.LoggerListener - Affected row(s)          : 0
13:07:22.850 [main] DEBUG org.jooq.tools.StopWatch - Query executed           : Total: 1.786ms
13:07:22.854 [main] DEBUG o.s.jdbc.datasource.DataSourceUtils - Returning JDBC Connection to DataSource
13:07:22.854 [main] DEBUG o.s.j.d.LazyConnectionDataSourceProxy - Using existing database connection for operation &apos;close&apos;
13:07:22.854 [main] DEBUG org.jooq.tools.StopWatch - Finishing                : Total: 5.679ms, +3.892ms
13:07:22.854 [main] DEBUG org.jooq.tools.LoggerListener - Executing query          : SET foreign_key_checks = 0
13:07:22.854 [main] DEBUG o.s.jdbc.datasource.DataSourceUtils - Fetching JDBC Connection from DataSource
13:07:22.854 [main] DEBUG o.s.j.d.LazyConnectionDataSourceProxy - Connecting to database for operation &apos;prepareStatement&apos;
13:07:22.857 [main] DEBUG org.jooq.tools.LoggerListener - Affected row(s)          : 0
13:07:22.857 [main] DEBUG org.jooq.tools.StopWatch - Query executed           : Total: 2.722ms
13:07:22.859 [main] DEBUG o.s.jdbc.datasource.DataSourceUtils - Returning JDBC Connection to DataSource
13:07:22.859 [main] DEBUG o.s.j.d.LazyConnectionDataSourceProxy - Using existing database connection for operation &apos;close&apos;
13:07:22.859 [main] DEBUG org.jooq.tools.StopWatch - Finishing                : Total: 5.468ms, +2.745ms
13:07:22.859 [main] DEBUG org.jooq.tools.LoggerListener - Executing query          : truncate table eh_group_members
13:07:22.860 [main] DEBUG o.s.jdbc.datasource.DataSourceUtils - Fetching JDBC Connection from DataSource
13:07:22.860 [main] DEBUG o.s.j.d.LazyConnectionDataSourceProxy - Connecting to database for operation &apos;prepareStatement&apos;
13:07:23.425 [main] DEBUG org.jooq.tools.LoggerListener - Affected row(s)          : 0
13:07:23.425 [main] DEBUG org.jooq.tools.StopWatch - Query executed           : Total: 565.554ms
13:07:23.428 [main] DEBUG o.s.jdbc.datasource.DataSourceUtils - Returning JDBC Connection to DataSource
13:07:23.428 [main] DEBUG o.s.j.d.LazyConnectionDataSourceProxy - Using existing database connection for operation &apos;close&apos;
13:07:23.428 [main] DEBUG org.jooq.tools.StopWatch - Finishing                : Total: 568.641ms, +3.086ms
13:07:23.428 [main] DEBUG org.jooq.tools.LoggerListener - Executing query          : SET foreign_key_checks = 1
13:07:23.428 [main] DEBUG o.s.jdbc.datasource.DataSourceUtils - Fetching JDBC Connection from DataSource
13:07:23.428 [main] DEBUG o.s.j.d.LazyConnectionDataSourceProxy - Connecting to database for operation &apos;prepareStatement&apos;
13:07:23.431 [main] DEBUG org.jooq.tools.LoggerListener - Affected row(s)          : 0
13:07:23.431 [main] DEBUG org.jooq.tools.StopWatch - Query executed           : Total: 2.685ms
13:07:23.433 [main] DEBUG o.s.jdbc.datasource.DataSourceUtils - Returning JDBC Connection to DataSource
13:07:23.433 [main] DEBUG o.s.j.d.LazyConnectionDataSourceProxy - Using existing database connection for operation &apos;close&apos;
13:07:23.433 [main] DEBUG org.jooq.tools.StopWatch - Finishing                : Total: 5.334ms, +2.649ms
13:07:23.433 [main] DEBUG org.jooq.tools.LoggerListener - Executing query          : SET foreign_key_checks = 0
13:07:23.433 [main] DEBUG o.s.jdbc.datasource.DataSourceUtils - Fetching JDBC Connection from DataSource
13:07:23.433 [main] DEBUG o.s.j.d.LazyConnectionDataSourceProxy - Connecting to database for operation &apos;prepareStatement&apos;
13:07:23.436 [main] DEBUG org.jooq.tools.LoggerListener - Affected row(s)          : 0
13:07:23.436 [main] DEBUG org.jooq.tools.StopWatch - Query executed           : Total: 2.678ms
13:07:23.439 [main] DEBUG o.s.jdbc.datasource.DataSourceUtils - Returning JDBC Connection to DataSource
13:07:23.439 [main] DEBUG o.s.j.d.LazyConnectionDataSourceProxy - Using existing database connection for operation &apos;close&apos;
13:07:23.439 [main] DEBUG org.jooq.tools.StopWatch - Finishing                : Total: 5.189ms, +2.511ms
13:07:23.439 [main] DEBUG org.jooq.tools.LoggerListener - Executing query          : truncate table eh_groups
13:07:23.439 [main] DEBUG o.s.jdbc.datasource.DataSourceUtils - Fetching JDBC Connection from DataSource
13:07:23.439 [main] DEBUG o.s.j.d.LazyConnectionDataSourceProxy - Connecting to database for operation &apos;prepareStatement&apos;
13:07:23.936 [main] DEBUG org.jooq.tools.LoggerListener - Affected row(s)          : 0
13:07:23.936 [main] DEBUG org.jooq.tools.StopWatch - Query executed           : Total: 497.621ms
13:07:23.939 [main] DEBUG o.s.jdbc.datasource.DataSourceUtils - Returning JDBC Connection to DataSource
13:07:23.939 [main] DEBUG o.s.j.d.LazyConnectionDataSourceProxy - Using existing database connection for operation &apos;close&apos;
13:07:23.939 [main] DEBUG org.jooq.tools.StopWatch - Finishing                : Total: 500.306ms, +2.684ms
13:07:23.939 [main] DEBUG org.jooq.tools.LoggerListener - Executing query          : SET foreign_key_checks = 1
13:07:23.939 [main] DEBUG o.s.jdbc.datasource.DataSourceUtils - Fetching JDBC Connection from DataSource
13:07:23.939 [main] DEBUG o.s.j.d.LazyConnectionDataSourceProxy - Connecting to database for operation &apos;prepareStatement&apos;
13:07:23.943 [main] DEBUG org.jooq.tools.LoggerListener - Affected row(s)          : 0
13:07:23.943 [main] DEBUG org.jooq.tools.StopWatch - Query executed           : Total: 4.049ms
13:07:23.945 [main] DEBUG o.s.jdbc.datasource.DataSourceUtils - Returning JDBC Connection to DataSource
13:07:23.945 [main] DEBUG o.s.j.d.LazyConnectionDataSourceProxy - Using existing database connection for operation &apos;close&apos;
13:07:23.945 [main] DEBUG org.jooq.tools.StopWatch - Finishing                : Total: 6.352ms, +2.302ms
13:07:23.945 [main] DEBUG org.jooq.tools.LoggerListener - Executing query          : SET foreign_key_checks = 0
13:07:23.945 [main] DEBUG o.s.jdbc.datasource.DataSourceUtils - Fetching JDBC Connection from DataSource
13:07:23.945 [main] DEBUG o.s.j.d.LazyConnectionDataSourceProxy - Connecting to database for operation &apos;prepareStatement&apos;
13:07:23.948 [main] DEBUG org.jooq.tools.LoggerListener - Affected row(s)          : 0
13:07:23.948 [main] DEBUG org.jooq.tools.StopWatch - Query executed           : Total: 2.571ms
13:07:23.950 [main] DEBUG o.s.jdbc.datasource.DataSourceUtils - Returning JDBC Connection to DataSource
13:07:23.950 [main] DEBUG o.s.j.d.LazyConnectionDataSourceProxy - Using existing database connection for operation &apos;close&apos;
13:07:23.950 [main] DEBUG org.jooq.tools.StopWatch - Finishing                : Total: 5.103ms, +2.531ms
13:07:23.951 [main] DEBUG org.jooq.tools.LoggerListener - Executing query          : truncate table eh_locale_templates
13:07:23.951 [main] DEBUG o.s.jdbc.datasource.DataSourceUtils - Fetching JDBC Connection from DataSource
13:07:23.951 [main] DEBUG o.s.j.d.LazyConnectionDataSourceProxy - Connecting to database for operation &apos;prepareStatement&apos;
13:07:24.159 [main] DEBUG org.jooq.tools.LoggerListener - Affected row(s)          : 0
13:07:24.159 [main] DEBUG org.jooq.tools.StopWatch - Query executed           : Total: 208.322ms
13:07:24.161 [main] DEBUG o.s.jdbc.datasource.DataSourceUtils - Returning JDBC Connection to DataSource
13:07:24.161 [main] DEBUG o.s.j.d.LazyConnectionDataSourceProxy - Using existing database connection for operation &apos;close&apos;
13:07:24.161 [main] DEBUG org.jooq.tools.StopWatch - Finishing                : Total: 210.8ms, +2.478ms
13:07:24.161 [main] DEBUG org.jooq.tools.LoggerListener - Executing query          : SET foreign_key_checks = 1
13:07:24.161 [main] DEBUG o.s.jdbc.datasource.DataSourceUtils - Fetching JDBC Connection from DataSource
13:07:24.161 [main] DEBUG o.s.j.d.LazyConnectionDataSourceProxy - Connecting to database for operation &apos;prepareStatement&apos;
13:07:24.164 [main] DEBUG org.jooq.tools.LoggerListener - Affected row(s)          : 0
13:07:24.164 [main] DEBUG org.jooq.tools.StopWatch - Query executed           : Total: 2.421ms
13:07:24.167 [main] DEBUG o.s.jdbc.datasource.DataSourceUtils - Returning JDBC Connection to DataSource
13:07:24.167 [main] DEBUG o.s.j.d.LazyConnectionDataSourceProxy - Using existing database connection for operation &apos;close&apos;
13:07:24.167 [main] DEBUG org.jooq.tools.StopWatch - Finishing                : Total: 5.22ms, +2.798ms
13:07:24.167 [main] DEBUG org.jooq.tools.LoggerListener - Executing query          : SET foreign_key_checks = 0
13:07:24.167 [main] DEBUG o.s.jdbc.datasource.DataSourceUtils - Fetching JDBC Connection from DataSource
13:07:24.167 [main] DEBUG o.s.j.d.LazyConnectionDataSourceProxy - Connecting to database for operation &apos;prepareStatement&apos;
13:07:24.169 [main] DEBUG org.jooq.tools.LoggerListener - Affected row(s)          : 0
13:07:24.169 [main] DEBUG org.jooq.tools.StopWatch - Query executed           : Total: 2.645ms
13:07:24.172 [main] DEBUG o.s.jdbc.datasource.DataSourceUtils - Returning JDBC Connection to DataSource
13:07:24.172 [main] DEBUG o.s.j.d.LazyConnectionDataSourceProxy - Using existing database connection for operation &apos;close&apos;
13:07:24.172 [main] DEBUG org.jooq.tools.StopWatch - Finishing                : Total: 5.7ms, +3.055ms
13:07:24.172 [main] DEBUG org.jooq.tools.LoggerListener - Executing query          : truncate table eh_organization_communities
13:07:24.172 [main] DEBUG o.s.jdbc.datasource.DataSourceUtils - Fetching JDBC Connection from DataSource
13:07:24.172 [main] DEBUG o.s.j.d.LazyConnectionDataSourceProxy - Connecting to database for operation &apos;prepareStatement&apos;
13:07:24.551 [main] DEBUG org.jooq.tools.LoggerListener - Affected row(s)          : 0
13:07:24.551 [main] DEBUG org.jooq.tools.StopWatch - Query executed           : Total: 378.241ms
13:07:24.553 [main] DEBUG o.s.jdbc.datasource.DataSourceUtils - Returning JDBC Connection to DataSource
13:07:24.553 [main] DEBUG o.s.j.d.LazyConnectionDataSourceProxy - Using existing database connection for operation &apos;close&apos;
13:07:24.553 [main] DEBUG org.jooq.tools.StopWatch - Finishing                : Total: 380.866ms, +2.624ms
13:07:24.553 [main] DEBUG org.jooq.tools.LoggerListener - Executing query          : SET foreign_key_checks = 1
13:07:24.553 [main] DEBUG o.s.jdbc.datasource.DataSourceUtils - Fetching JDBC Connection from DataSource
13:07:24.553 [main] DEBUG o.s.j.d.LazyConnectionDataSourceProxy - Connecting to database for operation &apos;prepareStatement&apos;
13:07:24.556 [main] DEBUG org.jooq.tools.LoggerListener - Affected row(s)          : 0
13:07:24.556 [main] DEBUG org.jooq.tools.StopWatch - Query executed           : Total: 2.647ms
13:07:24.558 [main] DEBUG o.s.jdbc.datasource.DataSourceUtils - Returning JDBC Connection to DataSource
13:07:24.558 [main] DEBUG o.s.j.d.LazyConnectionDataSourceProxy - Using existing database connection for operation &apos;close&apos;
13:07:24.558 [main] DEBUG org.jooq.tools.StopWatch - Finishing                : Total: 5.224ms, +2.576ms
13:07:24.558 [main] DEBUG org.jooq.tools.LoggerListener - Executing query          : SET foreign_key_checks = 0
13:07:24.559 [main] DEBUG o.s.jdbc.datasource.DataSourceUtils - Fetching JDBC Connection from DataSource
13:07:24.559 [main] DEBUG o.s.j.d.LazyConnectionDataSourceProxy - Connecting to database for operation &apos;prepareStatement&apos;
13:07:24.561 [main] DEBUG org.jooq.tools.LoggerListener - Affected row(s)          : 0
13:07:24.561 [main] DEBUG org.jooq.tools.StopWatch - Query executed           : Total: 2.512ms
13:07:24.564 [main] DEBUG o.s.jdbc.datasource.DataSourceUtils - Returning JDBC Connection to DataSource
13:07:24.564 [main] DEBUG o.s.j.d.LazyConnectionDataSourceProxy - Using existing database connection for operation &apos;close&apos;
13:07:24.564 [main] DEBUG org.jooq.tools.StopWatch - Finishing                : Total: 5.205ms, +2.692ms
13:07:24.564 [main] DEBUG org.jooq.tools.LoggerListener - Executing query          : truncate table eh_organization_community_requests
13:07:24.564 [main] DEBUG o.s.jdbc.datasource.DataSourceUtils - Fetching JDBC Connection from DataSource
13:07:24.564 [main] DEBUG o.s.j.d.LazyConnectionDataSourceProxy - Connecting to database for operation &apos;prepareStatement&apos;
13:07:24.734 [main] DEBUG org.jooq.tools.LoggerListener - Affected row(s)          : 0
13:07:24.734 [main] DEBUG org.jooq.tools.StopWatch - Query executed           : Total: 169.855ms
13:07:24.735 [main] DEBUG o.s.jdbc.datasource.DataSourceUtils - Returning JDBC Connection to DataSource
13:07:24.735 [main] DEBUG o.s.j.d.LazyConnectionDataSourceProxy - Using existing database connection for operation &apos;close&apos;
13:07:24.735 [main] DEBUG org.jooq.tools.StopWatch - Finishing                : Total: 171.781ms, +1.926ms
13:07:24.736 [main] DEBUG org.jooq.tools.LoggerListener - Executing query          : SET foreign_key_checks = 1
13:07:24.736 [main] DEBUG o.s.jdbc.datasource.DataSourceUtils - Fetching JDBC Connection from DataSource
13:07:24.736 [main] DEBUG o.s.j.d.LazyConnectionDataSourceProxy - Connecting to database for operation &apos;prepareStatement&apos;
13:07:24.740 [main] DEBUG org.jooq.tools.LoggerListener - Affected row(s)          : 0
13:07:24.740 [main] DEBUG org.jooq.tools.StopWatch - Query executed           : Total: 4.853ms
13:07:24.743 [main] DEBUG o.s.jdbc.datasource.DataSourceUtils - Returning JDBC Connection to DataSource
13:07:24.743 [main] DEBUG o.s.j.d.LazyConnectionDataSourceProxy - Using existing database connection for operation &apos;close&apos;
13:07:24.743 [main] DEBUG org.jooq.tools.StopWatch - Finishing                : Total: 7.438ms, +2.584ms
13:07:24.743 [main] DEBUG org.jooq.tools.LoggerListener - Executing query          : SET foreign_key_checks = 0
13:07:24.743 [main] DEBUG o.s.jdbc.datasource.DataSourceUtils - Fetching JDBC Connection from DataSource
13:07:24.743 [main] DEBUG o.s.j.d.LazyConnectionDataSourceProxy - Connecting to database for operation &apos;prepareStatement&apos;
13:07:24.745 [main] DEBUG org.jooq.tools.LoggerListener - Affected row(s)          : 0
13:07:24.745 [main] DEBUG org.jooq.tools.StopWatch - Query executed           : Total: 2.461ms
13:07:24.748 [main] DEBUG o.s.jdbc.datasource.DataSourceUtils - Returning JDBC Connection to DataSource
13:07:24.748 [main] DEBUG o.s.j.d.LazyConnectionDataSourceProxy - Using existing database connection for operation &apos;close&apos;
13:07:24.748 [main] DEBUG org.jooq.tools.StopWatch - Finishing                : Total: 5.123ms, +2.662ms
13:07:24.748 [main] DEBUG org.jooq.tools.LoggerListener - Executing query          : truncate table eh_organization_members
13:07:24.748 [main] DEBUG o.s.jdbc.datasource.DataSourceUtils - Fetching JDBC Connection from DataSource
13:07:24.748 [main] DEBUG o.s.j.d.LazyConnectionDataSourceProxy - Connecting to database for operation &apos;prepareStatement&apos;
13:07:25.062 [main] DEBUG org.jooq.tools.LoggerListener - Affected row(s)          : 0
13:07:25.062 [main] DEBUG org.jooq.tools.StopWatch - Query executed           : Total: 313.895ms
13:07:25.065 [main] DEBUG o.s.jdbc.datasource.DataSourceUtils - Returning JDBC Connection to DataSource
13:07:25.065 [main] DEBUG o.s.j.d.LazyConnectionDataSourceProxy - Using existing database connection for operation &apos;close&apos;
13:07:25.065 [main] DEBUG org.jooq.tools.StopWatch - Finishing                : Total: 316.679ms, +2.784ms
13:07:25.065 [main] DEBUG org.jooq.tools.LoggerListener - Executing query          : SET foreign_key_checks = 1
13:07:25.065 [main] DEBUG o.s.jdbc.datasource.DataSourceUtils - Fetching JDBC Connection from DataSource
13:07:25.065 [main] DEBUG o.s.j.d.LazyConnectionDataSourceProxy - Connecting to database for operation &apos;prepareStatement&apos;
13:07:25.067 [main] DEBUG org.jooq.tools.LoggerListener - Affected row(s)          : 0
13:07:25.067 [main] DEBUG org.jooq.tools.StopWatch - Query executed           : Total: 2.477ms
13:07:25.069 [main] DEBUG o.s.jdbc.datasource.DataSourceUtils - Returning JDBC Connection to DataSource
13:07:25.069 [main] DEBUG o.s.j.d.LazyConnectionDataSourceProxy - Using existing database connection for operation &apos;close&apos;
13:07:25.069 [main] DEBUG org.jooq.tools.StopWatch - Finishing                : Total: 4.648ms, +2.17ms
13:07:25.069 [main] DEBUG org.jooq.tools.LoggerListener - Executing query          : SET foreign_key_checks = 0
13:07:25.070 [main] DEBUG o.s.jdbc.datasource.DataSourceUtils - Fetching JDBC Connection from DataSource
13:07:25.070 [main] DEBUG o.s.j.d.LazyConnectionDataSourceProxy - Connecting to database for operation &apos;prepareStatement&apos;
13:07:25.072 [main] DEBUG org.jooq.tools.LoggerListener - Affected row(s)          : 0
13:07:25.072 [main] DEBUG org.jooq.tools.StopWatch - Query executed           : Total: 2.717ms
13:07:25.075 [main] DEBUG o.s.jdbc.datasource.DataSourceUtils - Returning JDBC Connection to DataSource
13:07:25.075 [main] DEBUG o.s.j.d.LazyConnectionDataSourceProxy - Using existing database connection for operation &apos;close&apos;
13:07:25.075 [main] DEBUG org.jooq.tools.StopWatch - Finishing                : Total: 5.302ms, +2.585ms
13:07:25.075 [main] DEBUG org.jooq.tools.LoggerListener - Executing query          : truncate table eh_organization_task_targets
13:07:25.075 [main] DEBUG o.s.jdbc.datasource.DataSourceUtils - Fetching JDBC Connection from DataSource
13:07:25.075 [main] DEBUG o.s.j.d.LazyConnectionDataSourceProxy - Connecting to database for operation &apos;prepareStatement&apos;
13:07:25.254 [main] DEBUG org.jooq.tools.LoggerListener - Affected row(s)          : 0
13:07:25.254 [main] DEBUG org.jooq.tools.StopWatch - Query executed           : Total: 178.798ms
13:07:25.256 [main] DEBUG o.s.jdbc.datasource.DataSourceUtils - Returning JDBC Connection to DataSource
13:07:25.256 [main] DEBUG o.s.j.d.LazyConnectionDataSourceProxy - Using existing database connection for operation &apos;close&apos;
13:07:25.256 [main] DEBUG org.jooq.tools.StopWatch - Finishing                : Total: 181.365ms, +2.567ms
13:07:25.256 [main] DEBUG org.jooq.tools.LoggerListener - Executing query          : SET foreign_key_checks = 1
13:07:25.256 [main] DEBUG o.s.jdbc.datasource.DataSourceUtils - Fetching JDBC Connection from DataSource
13:07:25.256 [main] DEBUG o.s.j.d.LazyConnectionDataSourceProxy - Connecting to database for operation &apos;prepareStatement&apos;
13:07:25.259 [main] DEBUG org.jooq.tools.LoggerListener - Affected row(s)          : 0
13:07:25.259 [main] DEBUG org.jooq.tools.StopWatch - Query executed           : Total: 2.774ms
13:07:25.262 [main] DEBUG o.s.jdbc.datasource.DataSourceUtils - Returning JDBC Connection to DataSource
13:07:25.262 [main] DEBUG o.s.j.d.LazyConnectionDataSourceProxy - Using existing database connection for operation &apos;close&apos;
13:07:25.262 [main] DEBUG org.jooq.tools.StopWatch - Finishing                : Total: 5.601ms, +2.827ms
13:07:25.262 [main] DEBUG org.jooq.tools.LoggerListener - Executing query          : SET foreign_key_checks = 0
13:07:25.262 [main] DEBUG o.s.jdbc.datasource.DataSourceUtils - Fetching JDBC Connection from DataSource
13:07:25.262 [main] DEBUG o.s.j.d.LazyConnectionDataSourceProxy - Connecting to database for operation &apos;prepareStatement&apos;
13:07:25.265 [main] DEBUG org.jooq.tools.LoggerListener - Affected row(s)          : 0
13:07:25.265 [main] DEBUG org.jooq.tools.StopWatch - Query executed           : Total: 2.863ms
13:07:25.267 [main] DEBUG o.s.jdbc.datasource.DataSourceUtils - Returning JDBC Connection to DataSource
13:07:25.267 [main] DEBUG o.s.j.d.LazyConnectionDataSourceProxy - Using existing database connection for operation &apos;close&apos;
13:07:25.267 [main] DEBUG org.jooq.tools.StopWatch - Finishing                : Total: 5.671ms, +2.808ms
13:07:25.268 [main] DEBUG org.jooq.tools.LoggerListener - Executing query          : truncate table eh_organizations
13:07:25.268 [main] DEBUG o.s.jdbc.datasource.DataSourceUtils - Fetching JDBC Connection from DataSource
13:07:25.268 [main] DEBUG o.s.j.d.LazyConnectionDataSourceProxy - Connecting to database for operation &apos;prepareStatement&apos;
13:07:25.575 [main] DEBUG org.jooq.tools.LoggerListener - Affected row(s)          : 0
13:07:25.575 [main] DEBUG org.jooq.tools.StopWatch - Query executed           : Total: 307.827ms
13:07:25.579 [main] DEBUG o.s.jdbc.datasource.DataSourceUtils - Returning JDBC Connection to DataSource
13:07:25.579 [main] DEBUG o.s.j.d.LazyConnectionDataSourceProxy - Using existing database connection for operation &apos;close&apos;
13:07:25.579 [main] DEBUG org.jooq.tools.StopWatch - Finishing                : Total: 311.141ms, +3.313ms
13:07:25.579 [main] DEBUG org.jooq.tools.LoggerListener - Executing query          : SET foreign_key_checks = 1
13:07:25.579 [main] DEBUG o.s.jdbc.datasource.DataSourceUtils - Fetching JDBC Connection from DataSource
13:07:25.579 [main] DEBUG o.s.j.d.LazyConnectionDataSourceProxy - Connecting to database for operation &apos;prepareStatement&apos;
13:07:25.581 [main] DEBUG org.jooq.tools.LoggerListener - Affected row(s)          : 0
13:07:25.581 [main] DEBUG org.jooq.tools.StopWatch - Query executed           : Total: 2.479ms
13:07:25.584 [main] DEBUG o.s.jdbc.datasource.DataSourceUtils - Returning JDBC Connection to DataSource
13:07:25.584 [main] DEBUG o.s.j.d.LazyConnectionDataSourceProxy - Using existing database connection for operation &apos;close&apos;
13:07:25.584 [main] DEBUG org.jooq.tools.StopWatch - Finishing                : Total: 5.271ms, +2.792ms
13:07:25.584 [main] DEBUG org.jooq.tools.LoggerListener - Executing query          : SET foreign_key_checks = 0
13:07:25.584 [main] DEBUG o.s.jdbc.datasource.DataSourceUtils - Fetching JDBC Connection from DataSource
13:07:25.584 [main] DEBUG o.s.j.d.LazyConnectionDataSourceProxy - Connecting to database for operation &apos;prepareStatement&apos;
13:07:25.587 [main] DEBUG org.jooq.tools.LoggerListener - Affected row(s)          : 0
13:07:25.588 [main] DEBUG org.jooq.tools.StopWatch - Query executed           : Total: 3.553ms
13:07:25.590 [main] DEBUG o.s.jdbc.datasource.DataSourceUtils - Returning JDBC Connection to DataSource
13:07:25.590 [main] DEBUG o.s.j.d.LazyConnectionDataSourceProxy - Using existing database connection for operation &apos;close&apos;
13:07:25.590 [main] DEBUG org.jooq.tools.StopWatch - Finishing                : Total: 6.134ms, +2.581ms
13:07:25.590 [main] DEBUG org.jooq.tools.LoggerListener - Executing query          : truncate table eh_regions
13:07:25.590 [main] DEBUG o.s.jdbc.datasource.DataSourceUtils - Fetching JDBC Connection from DataSource
13:07:25.590 [main] DEBUG o.s.j.d.LazyConnectionDataSourceProxy - Connecting to database for operation &apos;prepareStatement&apos;
13:07:25.890 [main] DEBUG org.jooq.tools.LoggerListener - Affected row(s)          : 0
13:07:25.890 [main] DEBUG org.jooq.tools.StopWatch - Query executed           : Total: 299.431ms
13:07:25.891 [main] DEBUG o.s.jdbc.datasource.DataSourceUtils - Returning JDBC Connection to DataSource
13:07:25.892 [main] DEBUG o.s.j.d.LazyConnectionDataSourceProxy - Using existing database connection for operation &apos;close&apos;
13:07:25.892 [main] DEBUG org.jooq.tools.StopWatch - Finishing                : Total: 301.396ms, +1.965ms
13:07:25.892 [main] DEBUG org.jooq.tools.LoggerListener - Executing query          : SET foreign_key_checks = 1
13:07:25.892 [main] DEBUG o.s.jdbc.datasource.DataSourceUtils - Fetching JDBC Connection from DataSource
13:07:25.892 [main] DEBUG o.s.j.d.LazyConnectionDataSourceProxy - Connecting to database for operation &apos;prepareStatement&apos;
13:07:25.893 [main] DEBUG org.jooq.tools.LoggerListener - Affected row(s)          : 0
13:07:25.893 [main] DEBUG org.jooq.tools.StopWatch - Query executed           : Total: 1.846ms
13:07:25.898 [main] DEBUG o.s.jdbc.datasource.DataSourceUtils - Returning JDBC Connection to DataSource
13:07:25.898 [main] DEBUG o.s.j.d.LazyConnectionDataSourceProxy - Using existing database connection for operation &apos;close&apos;
13:07:25.898 [main] DEBUG org.jooq.tools.StopWatch - Finishing                : Total: 6.03ms, +4.184ms
13:07:25.898 [main] DEBUG org.jooq.tools.LoggerListener - Executing query          : SET foreign_key_checks = 0
13:07:25.898 [main] DEBUG o.s.jdbc.datasource.DataSourceUtils - Fetching JDBC Connection from DataSource
13:07:25.898 [main] DEBUG o.s.j.d.LazyConnectionDataSourceProxy - Connecting to database for operation &apos;prepareStatement&apos;
13:07:25.900 [main] DEBUG org.jooq.tools.LoggerListener - Affected row(s)          : 0
13:07:25.900 [main] DEBUG org.jooq.tools.StopWatch - Query executed           : Total: 2.275ms
13:07:25.903 [main] DEBUG o.s.jdbc.datasource.DataSourceUtils - Returning JDBC Connection to DataSource
13:07:25.903 [main] DEBUG o.s.j.d.LazyConnectionDataSourceProxy - Using existing database connection for operation &apos;close&apos;
13:07:25.903 [main] DEBUG org.jooq.tools.StopWatch - Finishing                : Total: 4.953ms, +2.678ms
13:07:25.903 [main] DEBUG org.jooq.tools.LoggerListener - Executing query          : truncate table eh_scene_types
13:07:25.903 [main] DEBUG o.s.jdbc.datasource.DataSourceUtils - Fetching JDBC Connection from DataSource
13:07:25.903 [main] DEBUG o.s.j.d.LazyConnectionDataSourceProxy - Connecting to database for operation &apos;prepareStatement&apos;
13:07:26.149 [main] DEBUG org.jooq.tools.LoggerListener - Affected row(s)          : 0
13:07:26.149 [main] DEBUG org.jooq.tools.StopWatch - Query executed           : Total: 246.827ms
13:07:26.151 [main] DEBUG o.s.jdbc.datasource.DataSourceUtils - Returning JDBC Connection to DataSource
13:07:26.152 [main] DEBUG o.s.j.d.LazyConnectionDataSourceProxy - Using existing database connection for operation &apos;close&apos;
13:07:26.152 [main] DEBUG org.jooq.tools.StopWatch - Finishing                : Total: 249.021ms, +2.194ms
13:07:26.152 [main] DEBUG org.jooq.tools.LoggerListener - Executing query          : SET foreign_key_checks = 1
13:07:26.152 [main] DEBUG o.s.jdbc.datasource.DataSourceUtils - Fetching JDBC Connection from DataSource
13:07:26.152 [main] DEBUG o.s.j.d.LazyConnectionDataSourceProxy - Connecting to database for operation &apos;prepareStatement&apos;
13:07:26.154 [main] DEBUG org.jooq.tools.LoggerListener - Affected row(s)          : 0
13:07:26.154 [main] DEBUG org.jooq.tools.StopWatch - Query executed           : Total: 2.754ms
13:07:26.157 [main] DEBUG o.s.jdbc.datasource.DataSourceUtils - Returning JDBC Connection to DataSource
13:07:26.157 [main] DEBUG o.s.j.d.LazyConnectionDataSourceProxy - Using existing database connection for operation &apos;close&apos;
13:07:26.157 [main] DEBUG org.jooq.tools.StopWatch - Finishing                : Total: 5.537ms, +2.782ms
13:07:26.157 [main] DEBUG org.jooq.tools.LoggerListener - Executing query          : SET foreign_key_checks = 0
13:07:26.157 [main] DEBUG o.s.jdbc.datasource.DataSourceUtils - Fetching JDBC Connection from DataSource
13:07:26.157 [main] DEBUG o.s.j.d.LazyConnectionDataSourceProxy - Connecting to database for operation &apos;prepareStatement&apos;
13:07:26.159 [main] DEBUG org.jooq.tools.LoggerListener - Affected row(s)          : 0
13:07:26.160 [main] DEBUG org.jooq.tools.StopWatch - Query executed           : Total: 2.271ms
13:07:26.162 [main] DEBUG o.s.jdbc.datasource.DataSourceUtils - Returning JDBC Connection to DataSource
13:07:26.162 [main] DEBUG o.s.j.d.LazyConnectionDataSourceProxy - Using existing database connection for operation &apos;close&apos;
13:07:26.162 [main] DEBUG org.jooq.tools.StopWatch - Finishing                : Total: 4.822ms, +2.55ms
13:07:26.162 [main] DEBUG org.jooq.tools.LoggerListener - Executing query          : truncate table eh_user_groups
13:07:26.162 [main] DEBUG o.s.jdbc.datasource.DataSourceUtils - Fetching JDBC Connection from DataSource
13:07:26.162 [main] DEBUG o.s.j.d.LazyConnectionDataSourceProxy - Connecting to database for operation &apos;prepareStatement&apos;
13:07:26.400 [main] DEBUG org.jooq.tools.LoggerListener - Affected row(s)          : 0
13:07:26.400 [main] DEBUG org.jooq.tools.StopWatch - Query executed           : Total: 238.055ms
13:07:26.403 [main] DEBUG o.s.jdbc.datasource.DataSourceUtils - Returning JDBC Connection to DataSource
13:07:26.403 [main] DEBUG o.s.j.d.LazyConnectionDataSourceProxy - Using existing database connection for operation &apos;close&apos;
13:07:26.403 [main] DEBUG org.jooq.tools.StopWatch - Finishing                : Total: 240.492ms, +2.436ms
13:07:26.403 [main] DEBUG org.jooq.tools.LoggerListener - Executing query          : SET foreign_key_checks = 1
13:07:26.403 [main] DEBUG o.s.jdbc.datasource.DataSourceUtils - Fetching JDBC Connection from DataSource
13:07:26.403 [main] DEBUG o.s.j.d.LazyConnectionDataSourceProxy - Connecting to database for operation &apos;prepareStatement&apos;
13:07:26.405 [main] DEBUG org.jooq.tools.LoggerListener - Affected row(s)          : 0
13:07:26.405 [main] DEBUG org.jooq.tools.StopWatch - Query executed           : Total: 2.257ms
13:07:26.408 [main] DEBUG o.s.jdbc.datasource.DataSourceUtils - Returning JDBC Connection to DataSource
13:07:26.408 [main] DEBUG o.s.j.d.LazyConnectionDataSourceProxy - Using existing database connection for operation &apos;close&apos;
13:07:26.408 [main] DEBUG org.jooq.tools.StopWatch - Finishing                : Total: 5.09ms, +2.833ms
13:07:26.408 [main] DEBUG org.jooq.tools.LoggerListener - Executing query          : SET foreign_key_checks = 0
13:07:26.408 [main] DEBUG o.s.jdbc.datasource.DataSourceUtils - Fetching JDBC Connection from DataSource
13:07:26.408 [main] DEBUG o.s.j.d.LazyConnectionDataSourceProxy - Connecting to database for operation &apos;prepareStatement&apos;
13:07:26.410 [main] DEBUG org.jooq.tools.LoggerListener - Affected row(s)          : 0
13:07:26.410 [main] DEBUG org.jooq.tools.StopWatch - Query executed           : Total: 2.461ms
13:07:26.413 [main] DEBUG o.s.jdbc.datasource.DataSourceUtils - Returning JDBC Connection to DataSource
13:07:26.413 [main] DEBUG o.s.j.d.LazyConnectionDataSourceProxy - Using existing database connection for operation &apos;close&apos;
13:07:26.413 [main] DEBUG org.jooq.tools.StopWatch - Finishing                : Total: 5.109ms, +2.647ms
13:07:26.413 [main] DEBUG org.jooq.tools.LoggerListener - Executing query          : truncate table eh_user_identifiers
13:07:26.413 [main] DEBUG o.s.jdbc.datasource.DataSourceUtils - Fetching JDBC Connection from DataSource
13:07:26.413 [main] DEBUG o.s.j.d.LazyConnectionDataSourceProxy - Connecting to database for operation &apos;prepareStatement&apos;
13:07:26.804 [main] DEBUG org.jooq.tools.LoggerListener - Affected row(s)          : 0
13:07:26.804 [main] DEBUG org.jooq.tools.StopWatch - Query executed           : Total: 391.217ms
13:07:26.807 [main] DEBUG o.s.jdbc.datasource.DataSourceUtils - Returning JDBC Connection to DataSource
13:07:26.807 [main] DEBUG o.s.j.d.LazyConnectionDataSourceProxy - Using existing database connection for operation &apos;close&apos;
13:07:26.807 [main] DEBUG org.jooq.tools.StopWatch - Finishing                : Total: 393.955ms, +2.738ms
13:07:26.807 [main] DEBUG org.jooq.tools.LoggerListener - Executing query          : SET foreign_key_checks = 1
13:07:26.807 [main] DEBUG o.s.jdbc.datasource.DataSourceUtils - Fetching JDBC Connection from DataSource
13:07:26.807 [main] DEBUG o.s.j.d.LazyConnectionDataSourceProxy - Connecting to database for operation &apos;prepareStatement&apos;
13:07:26.809 [main] DEBUG org.jooq.tools.LoggerListener - Affected row(s)          : 0
13:07:26.809 [main] DEBUG org.jooq.tools.StopWatch - Query executed           : Total: 2.315ms
13:07:26.812 [main] DEBUG o.s.jdbc.datasource.DataSourceUtils - Returning JDBC Connection to DataSource
13:07:26.812 [main] DEBUG o.s.j.d.LazyConnectionDataSourceProxy - Using existing database connection for operation &apos;close&apos;
13:07:26.812 [main] DEBUG org.jooq.tools.StopWatch - Finishing                : Total: 4.71ms, +2.394ms
13:07:26.812 [main] DEBUG org.jooq.tools.LoggerListener - Executing query          : SET foreign_key_checks = 0
13:07:26.812 [main] DEBUG o.s.jdbc.datasource.DataSourceUtils - Fetching JDBC Connection from DataSource
13:07:26.812 [main] DEBUG o.s.j.d.LazyConnectionDataSourceProxy - Connecting to database for operation &apos;prepareStatement&apos;
13:07:26.814 [main] DEBUG org.jooq.tools.LoggerListener - Affected row(s)          : 0
13:07:26.814 [main] DEBUG org.jooq.tools.StopWatch - Query executed           : Total: 2.627ms
13:07:26.817 [main] DEBUG o.s.jdbc.datasource.DataSourceUtils - Returning JDBC Connection to DataSource
13:07:26.817 [main] DEBUG o.s.j.d.LazyConnectionDataSourceProxy - Using existing database connection for operation &apos;close&apos;
13:07:26.817 [main] DEBUG org.jooq.tools.StopWatch - Finishing                : Total: 5.494ms, +2.867ms
13:07:26.817 [main] DEBUG org.jooq.tools.LoggerListener - Executing query          : truncate table eh_user_profiles
13:07:26.817 [main] DEBUG o.s.jdbc.datasource.DataSourceUtils - Fetching JDBC Connection from DataSource
13:07:26.817 [main] DEBUG o.s.j.d.LazyConnectionDataSourceProxy - Connecting to database for operation &apos;prepareStatement&apos;
13:07:27.419 [main] DEBUG org.jooq.tools.LoggerListener - Affected row(s)          : 0
13:07:27.419 [main] DEBUG org.jooq.tools.StopWatch - Query executed           : Total: 601.693ms
13:07:27.421 [main] DEBUG o.s.jdbc.datasource.DataSourceUtils - Returning JDBC Connection to DataSource
13:07:27.421 [main] DEBUG o.s.j.d.LazyConnectionDataSourceProxy - Using existing database connection for operation &apos;close&apos;
13:07:27.421 [main] DEBUG org.jooq.tools.StopWatch - Finishing                : Total: 604.326ms, +2.632ms
13:07:27.422 [main] DEBUG org.jooq.tools.LoggerListener - Executing query          : SET foreign_key_checks = 1
13:07:27.422 [main] DEBUG o.s.jdbc.datasource.DataSourceUtils - Fetching JDBC Connection from DataSource
13:07:27.422 [main] DEBUG o.s.j.d.LazyConnectionDataSourceProxy - Connecting to database for operation &apos;prepareStatement&apos;
13:07:27.424 [main] DEBUG org.jooq.tools.LoggerListener - Affected row(s)          : 0
13:07:27.424 [main] DEBUG org.jooq.tools.StopWatch - Query executed           : Total: 2.212ms
13:07:27.427 [main] DEBUG o.s.jdbc.datasource.DataSourceUtils - Returning JDBC Connection to DataSource
13:07:27.427 [main] DEBUG o.s.j.d.LazyConnectionDataSourceProxy - Using existing database connection for operation &apos;close&apos;
13:07:27.427 [main] DEBUG org.jooq.tools.StopWatch - Finishing                : Total: 5.673ms, +3.46ms
13:07:27.427 [main] DEBUG org.jooq.tools.LoggerListener - Executing query          : SET foreign_key_checks = 0
13:07:27.427 [main] DEBUG o.s.jdbc.datasource.DataSourceUtils - Fetching JDBC Connection from DataSource
13:07:27.427 [main] DEBUG o.s.j.d.LazyConnectionDataSourceProxy - Connecting to database for operation &apos;prepareStatement&apos;
13:07:27.429 [main] DEBUG org.jooq.tools.LoggerListener - Affected row(s)          : 0
13:07:27.429 [main] DEBUG org.jooq.tools.StopWatch - Query executed           : Total: 2.184ms
13:07:27.432 [main] DEBUG o.s.jdbc.datasource.DataSourceUtils - Returning JDBC Connection to DataSource
13:07:27.432 [main] DEBUG o.s.j.d.LazyConnectionDataSourceProxy - Using existing database connection for operation &apos;close&apos;
13:07:27.432 [main] DEBUG org.jooq.tools.StopWatch - Finishing                : Total: 4.566ms, +2.382ms
[...]
13:07:34.867 [main] DEBUG o.s.jdbc.datasource.init.ScriptUtils - 1 returned as updateCount for SQL: INSERT INTO `eh_configurations`(`namespace_id`, `name`, `value`, `description`) VALUES (0, &apos;user.avatar.male.url&apos;, &apos;cs://1/image/aW1hZ2UvTVRvME1qVTBZalpqT1dGa05USm1aVEE1WVRnMU9EWmhOVE0zTm1Nd1pXSTVZUQ&apos;,&apos;???????????????url&apos;)
13:07:34.900 [main] DEBUG o.s.jdbc.datasource.init.ScriptUtils - 1 returned as updateCount for SQL: INSERT INTO `eh_configurations`(`namespace_id`, `name`, `value`, `description`) VALUES (0, &apos;user.avatar.female.url&apos;, &apos;cs://1/image/aW1hZ2UvTVRvMU1EQTVZVEZrTkdVek9EQXhZbVE0WlRZd1l6UXdOVE0zWVdJNFkyTmlNUQ&apos;,&apos;???????????????url&apos;)
13:07:34.961 [main] DEBUG o.s.jdbc.datasource.init.ScriptUtils - 1 returned as updateCount for SQL: INSERT INTO `eh_configurations`(`namespace_id`, `name`, `value`, `description`) VALUES (0, &apos;user.def.pwd&apos;, &apos;123456&apos;,&apos;??????????????????&apos;)
13:07:34.992 [main] DEBUG o.s.jdbc.datasource.init.ScriptUtils - 1 returned as updateCount for SQL: INSERT INTO `eh_configurations`(`namespace_id`, `name`, `value`, `description`) VALUES (0, &apos;hotusers&apos;, &apos;&apos;, &apos;phone numbers split by ,&apos;)
13:07:35.026 [main] DEBUG o.s.jdbc.datasource.init.ScriptUtils - 1 returned as updateCount for SQL: INSERT INTO `eh_acl_role_assignments`(`id`, `owner_type`, `owner_id`, `target_type`, `target_id`, `role_id`, `creator_uid`, `create_time`) VALUES(1, &apos;system&apos;, NULL, &apos;EhUsers&apos;, 1, 2, 1, &apos;2015-09-28 17:03:22&apos;)
13:07:35.059 [main] DEBUG o.s.jdbc.datasource.init.ScriptUtils - 1 returned as updateCount for SQL: INSERT INTO `eh_acls`(`id`, `owner_type`, `owner_id`, `grant_type`, `privilege_id`, `role_id`, `order_seq`, `creator_uid`, `create_time`) VALUES(1, &apos;system&apos;, NULL, 1, 1, 2, 0, 1, &apos;2015-09-28 17:03:23&apos;)
13:07:35.092 [main] DEBUG o.s.jdbc.datasource.init.ScriptUtils - 1 returned as updateCount for SQL: INSERT INTO `eh_acls`(`id`, `owner_type`, `owner_id`, `grant_type`, `privilege_id`, `role_id`, `order_seq`, `creator_uid`, `create_time`) VALUES(2, &apos;extension&apos;, NULL, 1, 2, 8, 0, 1, &apos;2015-09-28 17:03:23&apos;)
13:07:35.136 [main] DEBUG o.s.jdbc.datasource.init.ScriptUtils - 0 returned as updateCount for SQL: ALTER TABLE `eh_acl_privileges` AUTO_INCREMENT = 4096
13:07:35.168 [main] DEBUG o.s.jdbc.datasource.init.ScriptUtils - 1 returned as updateCount for SQL: INSERT INTO `eh_acl_privileges`(`id`, `app_id`, `name`) VALUES(1, 0, &apos;All&apos;)
13:07:35.195 [main] DEBUG o.s.jdbc.datasource.init.ScriptUtils - 1 returned as updateCount for SQL: INSERT INTO `eh_acl_privileges`(`id`, `app_id`, `name`) VALUES(2, 0, &apos;Visible&apos;)
13:07:35.232 [main] DEBUG o.s.jdbc.datasource.init.ScriptUtils - 1 returned as updateCount for SQL: INSERT INTO `eh_acl_privileges`(`id`, `app_id`, `name`) VALUES(3, 0, &apos;Read&apos;)
13:07:35.297 [main] DEBUG o.s.jdbc.datasource.init.ScriptUtils - 1 returned as updateCount for SQL: INSERT INTO `eh_acl_privileges`(`id`, `app_id`, `name`) VALUES(4, 0, &apos;Create&apos;)
13:07:35.337 [main] DEBUG o.s.jdbc.datasource.init.ScriptUtils - 1 returned as updateCount for SQL: INSERT INTO `eh_acl_privileges`(`id`, `app_id`, `name`) VALUES(5, 0, &apos;Write&apos;)
13:07:35.362 [main] DEBUG o.s.jdbc.datasource.init.ScriptUtils - 1 returned as updateCount for SQL: INSERT INTO `eh_acl_privileges`(`id`, `app_id`, `name`) VALUES(6, 0, &apos;Delete&apos;)
13:07:35.387 [main] DEBUG o.s.jdbc.datasource.init.ScriptUtils - 1 returned as updateCount for SQL: INSERT INTO `eh_acl_privileges`(`id`, `app_id`, `name`) VALUES(100, 2, &apos;forum.topic.new&apos;)
13:07:35.412 [main] DEBUG o.s.jdbc.datasource.init.ScriptUtils - 1 returned as updateCount for SQL: INSERT INTO `eh_acl_privileges`(`id`, `app_id`, `name`) VALUES(101, 2, &apos;forum.topic.delete&apos;)
13:07:35.437 [main] DEBUG o.s.jdbc.datasource.init.ScriptUtils - 1 returned as updateCount for SQL: INSERT INTO `eh_acl_privileges`(`id`, `app_id`, `name`) VALUES(102, 2, &apos;forum.reply.new&apos;)
13:07:35.462 [main] DEBUG o.s.jdbc.datasource.init.ScriptUtils - 1 returned as updateCount for SQL: INSERT INTO `eh_acl_privileges`(`id`, `app_id`, `name`) VALUES(103, 2, &apos;forum.reply.delete&apos;)
13:07:35.504 [main] DEBUG o.s.jdbc.datasource.init.ScriptUtils - 0 returned as updateCount for SQL: ALTER TABLE `eh_acl_roles` AUTO_INCREMENT = 4096
13:07:35.538 [main] DEBUG o.s.jdbc.datasource.init.ScriptUtils - 1 returned as updateCount for SQL: INSERT INTO `eh_acl_roles`(`id`, `app_id`, `name`) VALUES(1, 0, &apos;Anonymous&apos;)
13:07:35.604 [main] DEBUG o.s.jdbc.datasource.init.ScriptUtils - 1 returned as updateCount for SQL: INSERT INTO `eh_acl_roles`(`id`, `app_id`, `name`) VALUES(2, 0, &apos;SystemAdmin&apos;)
13:07:35.638 [main] DEBUG o.s.jdbc.datasource.init.ScriptUtils - 1 returned as updateCount for SQL: INSERT INTO `eh_acl_roles`(`id`, `app_id`, `name`) VALUES(3, 0, &apos;AuthenticatedUser&apos;)
13:07:35.671 [main] DEBUG o.s.jdbc.datasource.init.ScriptUtils - 1 returned as updateCount for SQL: INSERT INTO `eh_acl_roles`(`id`, `app_id`, `name`) VALUES(4, 0, &apos;ResourceCreator&apos;)
13:07:35.705 [main] DEBUG o.s.jdbc.datasource.init.ScriptUtils - 1 returned as updateCount for SQL: INSERT INTO `eh_acl_roles`(`id`, `app_id`, `name`) VALUES(5, 0, &apos;ResourceAdmin&apos;)
13:07:35.738 [main] DEBUG o.s.jdbc.datasource.init.ScriptUtils - 1 returned as updateCount for SQL: INSERT INTO `eh_acl_roles`(`id`, `app_id`, `name`) VALUES(6, 0, &apos;ResourceOperator&apos;)
13:07:35.772 [main] DEBUG o.s.jdbc.datasource.init.ScriptUtils - 1 returned as updateCount for SQL: INSERT INTO `eh_acl_roles`(`id`, `app_id`, `name`) VALUES(7, 0, &apos;ResourceUser&apos;)
13:07:35.838 [main] DEBUG o.s.jdbc.datasource.init.ScriptUtils - 1 returned as updateCount for SQL: INSERT INTO `eh_acl_roles`(`id`, `app_id`, `name`) VALUES(8, 0, &apos;SystemExtension&apos;)
13:07:35.881 [main] DEBUG o.s.jdbc.datasource.init.ScriptUtils - 0 returned as updateCount for SQL: ALTER TABLE `eh_apps` AUTO_INCREMENT = 4096
13:07:35.946 [main] DEBUG o.s.jdbc.datasource.init.ScriptUtils - 0 returned as updateCount for SQL: ALTER TABLE `eh_namespaces` AUTO_INCREMENT = 4096
13:07:36.004 [main] DEBUG o.s.jdbc.datasource.init.ScriptUtils - 1 returned as updateCount for SQL: INSERT INTO `eh_users`(`id`, `namespace_id`, `uuid`, `account_name`, `nick_name`, `status`, `create_time`, `salt`, `password_hash`, `avatar`) VALUES (1, 0, UUID(), &apos;root&apos;, &apos;system user&apos;, 1, NOW(), &apos;3023538e14053565b98fdfb2050c7709&apos;, &apos;3f2d9e5202de37dab7deea632f915a6adc206583b3f228ad7e101e5cb9c4b199&apos;, &apos;cs://1/image/aW1hZ2UvTVRwak5qQm1OVGRqT1RjelpqWXpORFV3WXpsaU9UQm1Nalk1WVRsalltWmlOZw&apos;)
13:07:36.090 [main] DEBUG o.s.jdbc.datasource.init.ScriptUtils - 1 returned as updateCount for SQL: INSERT INTO `eh_users`(`id`, `namespace_id`, `uuid`, `account_name`, `nick_name`, `status`, `create_time`, `salt`, `password_hash`, `avatar`) VALUES (2, 0, UUID(), &apos;system assistant&apos;, &apos;???????????????&apos;, 1, NOW(), &apos;3023538e14053565b98fdfb2050c7709&apos;, &apos;3f2d9e5202de37dab7deea632f915a6adc206583b3f228ad7e101e5cb9c4b199&apos;, &apos;cs://1/image/aW1hZ2UvTVRwak5qQm1OVGRqT1RjelpqWXpORFV3WXpsaU9UQm1Nalk1WVRsalltWmlOZw&apos;)
13:07:36.187 [main] DEBUG o.s.jdbc.datasource.init.ScriptUtils - 1 returned as updateCount for SQL: INSERT INTO `eh_users`(`id`, `namespace_id`, `uuid`, `account_name`, `nick_name`, `status`, `create_time`, `salt`, `password_hash`, `avatar`) VALUES (3, 0, UUID(), &apos;business assistant&apos;, &apos;???????????????&apos;, 1, NOW(), &apos;3023538e14053565b98fdfb2050c7709&apos;, &apos;3f2d9e5202de37dab7deea632f915a6adc206583b3f228ad7e101e5cb9c4b199&apos;, &apos;cs://1/image/aW1hZ2UvTVRwak5qQm1OVGRqT1RjelpqWXpORFV3WXpsaU9UQm1Nalk1WVRsalltWmlOZw&apos;)
13:07:36.262 [main] DEBUG o.s.jdbc.datasource.init.ScriptUtils - 1 returned as updateCount for SQL: INSERT INTO `eh_users`(`id`, `namespace_id`, `uuid`, `account_name`, `nick_name`, `status`, `create_time`, `salt`, `password_hash`, `avatar`) VALUES (11, 999995, UUID(), &apos;tt&apos;, &apos;?????????&apos;, 1, NOW(), &apos;3023538e14053565b98fdfb2050c7709&apos;, &apos;3f2d9e5202de37dab7deea632f915a6adc206583b3f228ad7e101e5cb9c4b199&apos;, &apos;cs://1/image/aW1hZ2UvTVRwak5qQm1OVGRqT1RjelpqWXpORFV3WXpsaU9UQm1Nalk1WVRsalltWmlOZw&apos;)
13:07:36.265 [main] DEBUG o.s.jdbc.datasource.init.ScriptUtils - 0 returned as updateCount for SQL: SET foreign_key_checks = 1
13:07:36.265 [main] INFO  o.s.jdbc.datasource.init.ScriptUtils - Executed SQL script from file [/Users/wuhan/workspace/ehnextgen/ehtest-integration/target/classes/data/tables/3.0.x_ehcore-system-init.sql] in 2433 ms.
13:07:36.265 [main] DEBUG o.s.jdbc.datasource.DataSourceUtils - Returning JDBC Connection to DataSource
13:07:36.266 [main] DEBUG o.s.jdbc.datasource.DataSourceUtils - Fetching JDBC Connection from DataSource
13:07:36.266 [main] DEBUG o.s.j.d.LazyConnectionDataSourceProxy - Connecting to database for operation &apos;createStatement&apos;
13:07:36.266 [main] DEBUG org.jooq.tools.LoggerListener - Executing batch query    : insert into `eh_users` (`gender`, `locale`, `uuid`, `points`, `community_id`, `reg_channel_id`, `account_name`, `password_hash`, `id`, `namespace_user_token`, `address`, `salt`, `create_time`, `level`, `address_id`, `namespace_id`, `nick_name`, `reg_ip`, `reg_city_id`, `status`) values (&apos;0&apos;, &apos;zh_CN&apos;, &apos;cd06a34b-5107-11e5-87bd-00163e005fce&apos;, &apos;165&apos;, &apos;24210090697426103&apos;, &apos;0&apos;, &apos;10001&apos;, &apos;3f2d9e5202de37dab7deea632f915a6adc206583b3f228ad7e101e5cb9c4b199&apos;, &apos;10001&apos;, &apos;&apos;, &apos;16-17A&apos;, &apos;3023538e14053565b98fdfb2050c7709&apos;, &apos;2016-06-03 18:26:05&apos;, &apos;2&apos;, &apos;24210090697628420&apos;, &apos;0&apos;, &apos;????&apos;, &apos;&apos;, &apos;0&apos;, &apos;1&apos;)
13:07:36.266 [main] DEBUG org.jooq.tools.LoggerListener - Executing batch query    : insert into `eh_users` (`gender`, `uuid`, `points`, `reg_channel_id`, `account_name`, `password_hash`, `id`, `namespace_user_token`, `salt`, `create_time`, `level`, `avatar`, `namespace_id`, `nick_name`, `reg_ip`, `reg_city_id`, `status`) values (&apos;0&apos;, &apos;6ad9e080-65a7-11e5-adde-00163e005fce&apos;, &apos;0&apos;, &apos;0&apos;, &apos;10002&apos;, &apos;3f2d9e5202de37dab7deea632f915a6adc206583b3f228ad7e101e5cb9c4b199&apos;, &apos;10002&apos;, &apos;&apos;, &apos;3023538e14053565b98fdfb2050c7709&apos;, &apos;2016-06-03 18:26:05&apos;, &apos;1&apos;, &apos;cs://1/image/aW1hZ2UvTVRwak5qQm1OVGRqT1RjelpqWXpORFV3WXpsaU9UQm1Nalk1WVRsalltWmlOZw&apos;, &apos;1000000&apos;, &apos;?????&apos;, &apos;&apos;, &apos;0&apos;, &apos;1&apos;)
13:07:36.266 [main] DEBUG org.jooq.tools.LoggerListener - Executing batch query    : insert into `eh_user_identifiers` (`identifier_token`, `claim_status`, `create_time`, `namespace_id`, `owner_uid`, `identifier_type`, `id`) values (&apos;12000000001&apos;, &apos;3&apos;, &apos;2016-06-03 18:26:05&apos;, &apos;0&apos;, &apos;10001&apos;, &apos;0&apos;, &apos;0&apos;)
13:07:36.266 [main] DEBUG org.jooq.tools.LoggerListener - Executing batch query    : insert into `eh_user_identifiers` (`identifier_token`, `claim_status`, `create_time`, `namespace_id`, `owner_uid`, `identifier_type`, `id`) values (&apos;12000000001&apos;, &apos;3&apos;, &apos;2016-06-03 18:26:05&apos;, &apos;1000000&apos;, &apos;10002&apos;, &apos;0&apos;, &apos;1&apos;)
13:07:36.456 [main] DEBUG org.jooq.tools.StopWatch - Query executed           : Total: 190.888ms
13:07:36.459 [main] DEBUG o.s.jdbc.datasource.DataSourceUtils - Returning JDBC Connection to DataSource
13:07:36.459 [main] DEBUG o.s.j.d.LazyConnectionDataSourceProxy - Using existing database connection for operation &apos;close&apos;
13:07:36.459 [main] DEBUG org.jooq.tools.StopWatch - Finishing                : Total: 193.768ms, +2.88ms
13:07:36.460 [main] DEBUG o.s.jdbc.datasource.DataSourceUtils - Fetching JDBC Connection from DataSource
13:07:36.460 [main] DEBUG o.s.j.d.LazyConnectionDataSourceProxy - Connecting to database for operation &apos;createStatement&apos;
13:07:36.460 [main] DEBUG org.jooq.tools.LoggerListener - Executing batch query    : insert into `eh_groups` (`visible_region_type`, `description`, `private_flag`, `uuid`, `update_time`, `visible_region_id`, `creator_uid`, `id`, `member_count`, `join_policy`, `create_time`, `avatar`, `display_name`, `discriminator`, `share_count`, `string_tag5`, `namespace_id`, `post_flag`, `name`, `integral_tag3`, `integral_tag5`, `integral_tag1`, `status`, `integral_tag2`) values (&apos;0&apos;, &apos;&apos;, &apos;1&apos;, &apos;52a45b50-65b1-11e5-8405-00163e0018d7&apos;, &apos;2014-07-30 09:15:12&apos;, &apos;0&apos;, &apos;0&apos;, &apos;100597&apos;, &apos;1&apos;, &apos;1&apos;, &apos;2014-07-30 09:15:12&apos;, &apos;&apos;, &apos;???-1001&apos;, &apos;family&apos;, &apos;0&apos;, &apos;&apos;, &apos;0&apos;, &apos;0&apos;, &apos;????-1001&apos;, &apos;13905&apos;, &apos;24210090697437558&apos;, &apos;24210090697437558&apos;, &apos;1&apos;, &apos;24210090697425925&apos;)
13:07:36.460 [main] DEBUG org.jooq.tools.LoggerListener - Executing batch query    : insert into `eh_groups` (`visible_region_type`, `description`, `private_flag`, `uuid`, `update_time`, `visible_region_id`, `creator_uid`, `id`, `member_count`, `join_policy`, `create_time`, `avatar`, `display_name`, `discriminator`, `share_count`, `string_tag5`, `namespace_id`, `post_flag`, `name`, `integral_tag3`, `integral_tag5`, `integral_tag1`, `status`, `integral_tag2`) values (&apos;0&apos;, &apos;&apos;, &apos;1&apos;, &apos;52a506a4-65b1-11e5-8405-00163e0018d8&apos;, &apos;2015-10-22 14:42:50&apos;, &apos;0&apos;, &apos;0&apos;, &apos;100615&apos;, &apos;1&apos;, &apos;1&apos;, &apos;2014-07-30 09:15:12&apos;, &apos;cs://1/image/aW1hZ2UvTVRvek5ESXhZV1ZtTnpJMVptUTJNV1kxTkdFMFl6STBZekEzTkdKak16UXhaQQ&apos;, &apos;??&apos;, &apos;group&apos;, &apos;0&apos;, &apos;&apos;, &apos;0&apos;, &apos;0&apos;, &apos;??&apos;, &apos;13905&apos;, &apos;24210090697438825&apos;, &apos;24210090697438825&apos;, &apos;1&apos;, &apos;24210090697425925&apos;)
13:07:36.460 [main] DEBUG org.jooq.tools.LoggerListener - Executing batch query    : insert into `eh_group_members` (`member_type`, `member_nick_name`, `member_role`, `uuid`, `update_time`, `member_status`, `creator_uid`, `id`, `member_avatar`, `invite_time`, `member_id`, `create_time`, `group_id`, `integral_tag4`, `integral_tag5`) values (&apos;EhUsers&apos;, &apos;zhangsan&apos;, &apos;7&apos;, &apos;0835d75d-80f4-4df1-a578-ec952579ce20&apos;, &apos;2016-05-13 09:55:10&apos;, &apos;1&apos;, &apos;17447&apos;, &apos;10102&apos;, &apos;cs://1/image/aW1hZ2UvTVRvNFpqQmtPVGd4WVRjNE5UTTFNekZrTXpJMll6VmlNVFk1WVRVNE1qWTBOZw&apos;, &apos;2016-05-13 09:55:10&apos;, &apos;10001&apos;, &apos;2016-05-13 09:55:10&apos;, &apos;100597&apos;, &apos;1&apos;, &apos;0&apos;)
13:07:36.460 [main] DEBUG org.jooq.tools.LoggerListener - Executing batch query    : insert into `eh_group_members` (`member_type`, `member_nick_name`, `member_role`, `uuid`, `update_time`, `member_status`, `creator_uid`, `id`, `member_avatar`, `invite_time`, `member_id`, `create_time`, `group_id`, `integral_tag4`, `integral_tag5`) values (&apos;EhUsers&apos;, &apos;zhang-46&apos;, &apos;7&apos;, &apos;0835d75e-80f4-4df1-a578-ec952579ce20&apos;, &apos;2016-06-10 19:25:10&apos;, &apos;1&apos;, &apos;17447&apos;, &apos;10103&apos;, &apos;cs://1/image/aW1hZ2UvTVRvNFpqQmtPVGd4WVRjNE5UTTFNekZrTXpJMll6VmlNVFk1WVRVNE1qWTBOZw&apos;, &apos;2016-06-10 19:25:10&apos;, &apos;10001&apos;, &apos;2016-06-10 19:25:10&apos;, &apos;100615&apos;, &apos;1&apos;, &apos;0&apos;)
13:07:36.460 [main] DEBUG org.jooq.tools.LoggerListener - Executing batch query    : insert into `eh_user_groups` (`create_time`, `group_id`, `member_role`, `owner_uid`, `member_status`, `group_discriminator`, `region_scope`, `region_scope_id`, `id`) values (&apos;2016-05-13 09:55:10&apos;, &apos;100597&apos;, &apos;7&apos;, &apos;10001&apos;, &apos;1&apos;, &apos;family&apos;, &apos;4&apos;, &apos;24210090697425925&apos;, &apos;10202&apos;)
13:07:36.460 [main] DEBUG org.jooq.tools.LoggerListener - Executing batch query    : insert into `eh_user_groups` (`create_time`, `group_id`, `member_role`, `owner_uid`, `member_status`, `group_discriminator`, `region_scope`, `region_scope_id`, `id`) values (&apos;2016-05-13 09:55:10&apos;, &apos;100615&apos;, &apos;7&apos;, &apos;10001&apos;, &apos;1&apos;, &apos;group&apos;, &apos;4&apos;, &apos;24210090697425925&apos;, &apos;10203&apos;)
13:07:36.690 [main] DEBUG org.jooq.tools.StopWatch - Query executed           : Total: 230.162ms
13:07:36.693 [main] DEBUG o.s.jdbc.datasource.DataSourceUtils - Returning JDBC Connection to DataSource
13:07:36.693 [main] DEBUG o.s.j.d.LazyConnectionDataSourceProxy - Using existing database connection for operation &apos;close&apos;
13:07:36.693 [main] DEBUG org.jooq.tools.StopWatch - Finishing                : Total: 233.584ms, +3.421ms
13:07:36.693 [main] DEBUG o.s.d.r.core.RedisConnectionUtils - Opening RedisConnection
13:07:36.721 [main] DEBUG o.s.d.r.core.RedisConnectionUtils - Closing Redis Connection
13:07:36.722 [main] DEBUG o.a.h.c.protocol.RequestAddCookies - CookieSpec selected: best-match
13:07:36.722 [main] DEBUG o.a.h.c.protocol.RequestAuthCache - Auth cache not set in the context
13:07:36.722 [main] DEBUG o.a.h.i.c.PoolingHttpClientConnectionManager - Connection request: [route: {}-&gt;http://127.0.0.1:8080][total kept alive: 0; route allocated: 0 of 2; total allocated: 0 of 20]
13:07:36.722 [main] DEBUG o.a.h.i.c.PoolingHttpClientConnectionManager - Connection leased: [id: 334][route: {}-&gt;http://127.0.0.1:8080][total kept alive: 0; route allocated: 1 of 2; total allocated: 1 of 20]
13:07:36.722 [main] DEBUG o.a.h.impl.execchain.MainClientExec - Opening connection {}-&gt;http://127.0.0.1:8080
13:07:36.723 [main] DEBUG o.a.h.i.c.HttpClientConnectionOperator - Connecting to /127.0.0.1:8080
13:07:36.723 [main] DEBUG o.a.h.i.c.DefaultManagedHttpClientConnection - http-outgoing-334: Shutdown connection
13:07:36.723 [main] DEBUG o.a.h.impl.execchain.MainClientExec - Connection discarded
13:07:36.723 [main] DEBUG o.a.h.i.c.DefaultManagedHttpClientConnection - http-outgoing-334: Close connection
13:07:36.723 [main] DEBUG o.a.h.i.c.PoolingHttpClientConnectionManager - Connection released: [id: 334][route: {}-&gt;http://127.0.0.1:8080][total kept alive: 0; route allocated: 0 of 2; total allocated: 0 of 20]
13:07:36.724 [main] DEBUG o.s.t.c.s.DirtiesContextTestExecutionListener - After test method: context [DefaultTestContext@2a9694bf testClass = GroupInfoTest, testInstance = null(com.everhomes.test.junit.group.GroupInfoTest), testMethod = testCreateGroupInfo@GroupInfoTest, testException = java.lang.IllegalStateException: Failed to login before synchronizing sequence, user=root, error={&quot;version&quot;:&quot;1.0.0&quot;,&quot;errorScope&quot;:&quot;HTTP&quot;,&quot;errorCode&quot;:502,&quot;errorDescription&quot;:&quot;Connect to 127.0.0.1:8080 [/127.0.0.1] failed: Connection refused&quot;}, mergedContextConfiguration = [MergedContextConfiguration@278aefe0 testClass = GroupInfoTest, locations = &apos;{}&apos;, classes = &apos;{class com.everhomes.test.core.base.BaseServerConfig, class com.everhomes.test.core.persist.PersistConfig, class com.everhomes.test.core.redis.RedisConfig}&apos;, contextInitializerClasses = &apos;[]&apos;, activeProfiles = &apos;{}&apos;, contextLoader = &apos;org.springframework.test.context.support.AnnotationConfigContextLoader&apos;, parent = [null]]], class dirties context [false], class mode [null], method dirties context [false].
</system-out>
  </testcase>
</testsuite>