<?xml version="1.0" encoding="UTF-8" ?>
<testsuite tests="4" failures="0" name="com.everhomes.test.junit.ui.launchpad.GetLaunchPadItemsBySceneTest" time="62.912" errors="4" skipped="0">
  <properties>
[...]
</properties>
  <testcase classname="com.everhomes.test.junit.ui.launchpad.GetLaunchPadItemsBySceneTest" name="testGetLaunchPadItemsByScene1" time="15.432">
    <error message="Failed to login before synchronizing sequence, user=root, error={&quot;version&quot;:&quot;1.0.0&quot;,&quot;errorScope&quot;:&quot;HTTP&quot;,&quot;errorCode&quot;:502,&quot;errorDescription&quot;:&quot;Connect to 127.0.0.1:8080 [/127.0.0.1] failed: Connection refused&quot;}" type="java.lang.IllegalStateException">java.lang.IllegalStateException: Failed to login before synchronizing sequence, user=root, error={&quot;version&quot;:&quot;1.0.0&quot;,&quot;errorScope&quot;:&quot;HTTP&quot;,&quot;errorCode&quot;:502,&quot;errorDescription&quot;:&quot;Connect to 127.0.0.1:8080 [/127.0.0.1] failed: Connection refused&quot;}
	at com.everhomes.test.core.api.ApiProviderImpl.syncSequence(ApiProviderImpl.java:36)
	at com.everhomes.test.core.base.BaseLoginAuthTestCase.syncSequence(BaseLoginAuthTestCase.java:74)
	at com.everhomes.test.core.base.BaseLoginAuthTestCase.setUp(BaseLoginAuthTestCase.java:46)
	at com.everhomes.test.junit.ui.launchpad.GetLaunchPadItemsBySceneTest.setUp(GetLaunchPadItemsBySceneTest.java:31)
	at sun.reflect.NativeMethodAccessorImpl.invoke0(Native Method)
	at sun.reflect.NativeMethodAccessorImpl.invoke(NativeMethodAccessorImpl.java:62)
	at sun.reflect.DelegatingMethodAccessorImpl.invoke(DelegatingMethodAccessorImpl.java:43)
	at java.lang.reflect.Method.invoke(Method.java:498)
	at org.junit.runners.model.FrameworkMethod$1.runReflectiveCall(FrameworkMethod.java:47)
	at org.junit.internal.runners.model.ReflectiveCallable.run(ReflectiveCallable.java:12)
	at org.junit.runners.model.FrameworkMethod.invokeExplosively(FrameworkMethod.java:44)
	at org.junit.internal.runners.statements.RunBefores.evaluate(RunBefores.java:24)
	at org.springframework.test.context.junit4.statements.RunBeforeTestMethodCallbacks.evaluate(RunBeforeTestMethodCallbacks.java:74)
	at org.junit.internal.runners.statements.RunAfters.evaluate(RunAfters.java:27)
	at org.springframework.test.context.junit4.statements.RunAfterTestMethodCallbacks.evaluate(RunAfterTestMethodCallbacks.java:83)
	at org.springframework.test.context.junit4.statements.SpringRepeat.evaluate(SpringRepeat.java:72)
	at org.springframework.test.context.junit4.SpringJUnit4ClassRunner.runChild(SpringJUnit4ClassRunner.java:233)
	at org.springframework.test.context.junit4.SpringJUnit4ClassRunner.runChild(SpringJUnit4ClassRunner.java:87)
	at org.junit.runners.ParentRunner$3.run(ParentRunner.java:238)
	at org.junit.runners.ParentRunner$1.schedule(ParentRunner.java:63)
	at org.junit.runners.ParentRunner.runChildren(ParentRunner.java:236)
	at org.junit.runners.ParentRunner.access$000(ParentRunner.java:53)
	at org.junit.runners.ParentRunner$2.evaluate(ParentRunner.java:229)
	at org.springframework.test.context.junit4.statements.RunBeforeTestClassCallbacks.evaluate(RunBeforeTestClassCallbacks.java:61)
	at org.springframework.test.context.junit4.statements.RunAfterTestClassCallbacks.evaluate(RunAfterTestClassCallbacks.java:71)
	at org.junit.runners.ParentRunner.run(ParentRunner.java:309)
	at org.springframework.test.context.junit4.SpringJUnit4ClassRunner.run(SpringJUnit4ClassRunner.java:176)
	at org.apache.maven.surefire.junit4.JUnit4TestSet.execute(JUnit4TestSet.java:53)
	at org.apache.maven.surefire.junit4.JUnit4Provider.executeTestSet(JUnit4Provider.java:123)
	at org.apache.maven.surefire.junit4.JUnit4Provider.invoke(JUnit4Provider.java:104)
	at sun.reflect.NativeMethodAccessorImpl.invoke0(Native Method)
	at sun.reflect.NativeMethodAccessorImpl.invoke(NativeMethodAccessorImpl.java:62)
	at sun.reflect.DelegatingMethodAccessorImpl.invoke(DelegatingMethodAccessorImpl.java:43)
	at java.lang.reflect.Method.invoke(Method.java:498)
	at org.apache.maven.surefire.util.ReflectionUtils.invokeMethodWithArray(ReflectionUtils.java:164)
	at org.apache.maven.surefire.booter.ProviderFactory$ProviderProxy.invoke(ProviderFactory.java:110)
	at org.apache.maven.surefire.booter.SurefireStarter.invokeProvider(SurefireStarter.java:175)
	at org.apache.maven.surefire.booter.SurefireStarter.runSuitesInProcessWhenForked(SurefireStarter.java:107)
	at org.apache.maven.surefire.booter.ForkedBooter.main(ForkedBooter.java:68)
</error>
    <system-out>13:25:46.408 [main] DEBUG o.s.t.c.s.DirtiesContextTestExecutionListener - After test class: context [DefaultTestContext@18629246 testClass = GetLastLaunchPadLayoutBySceneTest, testInstance = [null], testMethod = [null], testException = [null], mergedContextConfiguration = [MergedContextConfiguration@6ce423d5 testClass = GetLastLaunchPadLayoutBySceneTest, locations = &apos;{}&apos;, classes = &apos;{class com.everhomes.test.core.base.BaseServerConfig, class com.everhomes.test.core.persist.PersistConfig, class com.everhomes.test.core.redis.RedisConfig}&apos;, contextInitializerClasses = &apos;[]&apos;, activeProfiles = &apos;{}&apos;, contextLoader = &apos;org.springframework.test.context.support.AnnotationConfigContextLoader&apos;, parent = [null]]], dirtiesContext [false].
13:25:46.408 [main] DEBUG o.s.t.c.j.SpringJUnit4ClassRunner - SpringJUnit4ClassRunner constructor called with [class com.everhomes.test.junit.ui.launchpad.GetLaunchPadItemsBySceneTest].
13:25:46.408 [main] DEBUG o.s.test.context.ContextLoaderUtils - Found explicit ContextLoader class [org.springframework.test.context.support.AnnotationConfigContextLoader] for context configuration attributes [ContextConfigurationAttributes@47c4a295 declaringClass = &apos;com.everhomes.test.core.base.BaseServerTestCase&apos;, classes = &apos;{class com.everhomes.test.core.base.BaseServerConfig, class com.everhomes.test.core.persist.PersistConfig, class com.everhomes.test.core.redis.RedisConfig}&apos;, locations = &apos;{}&apos;, inheritLocations = true, initializers = &apos;{}&apos;, inheritInitializers = true, name = [null], contextLoaderClass = &apos;org.springframework.test.context.support.AnnotationConfigContextLoader&apos;]
13:25:46.408 [main] DEBUG o.s.test.context.ContextLoaderUtils - Could not find an &apos;annotation declaring class&apos; for annotation type [org.springframework.test.context.ActiveProfiles] and class [com.everhomes.test.junit.ui.launchpad.GetLaunchPadItemsBySceneTest]
13:25:46.408 [main] DEBUG o.s.test.context.TestContextManager - @TestExecutionListeners is not present for class [com.everhomes.test.junit.ui.launchpad.GetLaunchPadItemsBySceneTest]: using defaults.
13:25:46.408 [main] DEBUG o.s.t.annotation.ProfileValueUtils - Retrieved @ProfileValueSourceConfiguration [null] for test class [com.everhomes.test.junit.ui.launchpad.GetLaunchPadItemsBySceneTest]
13:25:46.408 [main] DEBUG o.s.t.annotation.ProfileValueUtils - Retrieved ProfileValueSource type [class org.springframework.test.annotation.SystemProfileValueSource] for class [com.everhomes.test.junit.ui.launchpad.GetLaunchPadItemsBySceneTest]
13:25:46.408 [main] DEBUG o.s.t.annotation.ProfileValueUtils - Retrieved @ProfileValueSourceConfiguration [null] for test class [com.everhomes.test.junit.ui.launchpad.GetLaunchPadItemsBySceneTest]
13:25:46.408 [main] DEBUG o.s.t.annotation.ProfileValueUtils - Retrieved ProfileValueSource type [class org.springframework.test.annotation.SystemProfileValueSource] for class [com.everhomes.test.junit.ui.launchpad.GetLaunchPadItemsBySceneTest]
13:25:46.408 [main] DEBUG o.s.t.annotation.ProfileValueUtils - Retrieved @ProfileValueSourceConfiguration [null] for test class [com.everhomes.test.junit.ui.launchpad.GetLaunchPadItemsBySceneTest]
13:25:46.408 [main] DEBUG o.s.t.annotation.ProfileValueUtils - Retrieved ProfileValueSource type [class org.springframework.test.annotation.SystemProfileValueSource] for class [com.everhomes.test.junit.ui.launchpad.GetLaunchPadItemsBySceneTest]
13:25:46.409 [main] DEBUG o.s.t.c.s.DependencyInjectionTestExecutionListener - Performing dependency injection for test context [[DefaultTestContext@2434de7 testClass = GetLaunchPadItemsBySceneTest, testInstance = null(com.everhomes.test.junit.ui.launchpad.GetLaunchPadItemsBySceneTest), testMethod = [null], testException = [null], mergedContextConfiguration = [MergedContextConfiguration@2da2027b testClass = GetLaunchPadItemsBySceneTest, locations = &apos;{}&apos;, classes = &apos;{class com.everhomes.test.core.base.BaseServerConfig, class com.everhomes.test.core.persist.PersistConfig, class com.everhomes.test.core.redis.RedisConfig}&apos;, contextInitializerClasses = &apos;[]&apos;, activeProfiles = &apos;{}&apos;, contextLoader = &apos;org.springframework.test.context.support.AnnotationConfigContextLoader&apos;, parent = [null]]]].
13:25:46.409 [main] DEBUG o.s.t.c.CacheAwareContextLoaderDelegate - Retrieved ApplicationContext from cache with key [[MergedContextConfiguration@2da2027b testClass = GetLaunchPadItemsBySceneTest, locations = &apos;{}&apos;, classes = &apos;{class com.everhomes.test.core.base.BaseServerConfig, class com.everhomes.test.core.persist.PersistConfig, class com.everhomes.test.core.redis.RedisConfig}&apos;, contextInitializerClasses = &apos;[]&apos;, activeProfiles = &apos;{}&apos;, contextLoader = &apos;org.springframework.test.context.support.AnnotationConfigContextLoader&apos;, parent = [null]]]
13:25:46.409 [main] DEBUG o.springframework.test.context.cache - Spring test ApplicationContext cache statistics: [ContextCache@5d8445d7 size = 1, hitCount = 452, missCount = 1, parentContextCount = 0]
13:25:46.409 [main] DEBUG o.s.b.f.annotation.InjectionMetadata - Processing injected method of bean &apos;com.everhomes.test.junit.ui.launchpad.GetLaunchPadItemsBySceneTest&apos;: AutowiredFieldElement for protected com.everhomes.test.core.http.HttpClientService com.everhomes.test.core.base.BaseLoginAuthTestCase.httpClientService
13:25:46.409 [main] DEBUG o.s.b.f.s.DefaultListableBeanFactory - Creating instance of bean &apos;httpClientServiceImpl&apos;
13:25:46.409 [main] DEBUG o.s.b.f.annotation.InjectionMetadata - Processing injected method of bean &apos;httpClientServiceImpl&apos;: AutowiredFieldElement for private java.lang.String com.everhomes.test.core.http.HttpClientServiceImpl.serverContextPath
13:25:46.409 [main] DEBUG o.s.c.e.PropertySourcesPropertyResolver - Searching for key &apos;server.contextPath:&apos; in [environmentProperties]
13:25:46.409 [main] DEBUG o.s.c.e.PropertySourcesPropertyResolver - Searching for key &apos;server.contextPath:&apos; in [systemProperties]
13:25:46.409 [main] DEBUG o.s.c.e.PropertySourcesPropertyResolver - Searching for key &apos;server.contextPath:&apos; in [systemEnvironment]
13:25:46.409 [main] DEBUG o.s.c.e.PropertySourcesPropertyResolver - Searching for key &apos;server.contextPath:&apos; in [class path resource [config/ehcore.properties]]
13:25:46.409 [main] DEBUG o.s.c.e.PropertySourcesPropertyResolver - Could not find key &apos;server.contextPath:&apos; in any property source. Returning [null]
13:25:46.409 [main] DEBUG o.s.c.e.PropertySourcesPropertyResolver - Searching for key &apos;server.contextPath:&apos; in [localProperties]
13:25:46.409 [main] DEBUG o.s.c.e.PropertySourcesPropertyResolver - Could not find key &apos;server.contextPath:&apos; in any property source. Returning [null]
13:25:46.409 [main] DEBUG o.s.c.e.PropertySourcesPropertyResolver - Searching for key &apos;server.contextPath&apos; in [environmentProperties]
13:25:46.409 [main] DEBUG o.s.c.e.PropertySourcesPropertyResolver - Searching for key &apos;server.contextPath&apos; in [systemProperties]
13:25:46.409 [main] DEBUG o.s.c.e.PropertySourcesPropertyResolver - Searching for key &apos;server.contextPath&apos; in [systemEnvironment]
13:25:46.409 [main] DEBUG o.s.c.e.PropertySourcesPropertyResolver - Searching for key &apos;server.contextPath&apos; in [class path resource [config/ehcore.properties]]
13:25:46.409 [main] DEBUG o.s.c.e.PropertySourcesPropertyResolver - Found key &apos;server.contextPath&apos; in [class path resource [config/ehcore.properties]] with type [String] and value &apos;/evh&apos;
13:25:46.409 [main] DEBUG o.s.c.e.PropertySourcesPropertyResolver - Found key &apos;server.contextPath&apos; in [environmentProperties] with type [String] and value &apos;/evh&apos;
13:25:46.409 [main] DEBUG o.s.b.f.annotation.InjectionMetadata - Processing injected method of bean &apos;httpClientServiceImpl&apos;: AutowiredFieldElement for private java.lang.String com.everhomes.test.core.http.HttpClientServiceImpl.serverAddress
13:25:46.409 [main] DEBUG o.s.c.e.PropertySourcesPropertyResolver - Searching for key &apos;server.address:&apos; in [environmentProperties]
13:25:46.409 [main] DEBUG o.s.c.e.PropertySourcesPropertyResolver - Searching for key &apos;server.address:&apos; in [systemProperties]
13:25:46.409 [main] DEBUG o.s.c.e.PropertySourcesPropertyResolver - Searching for key &apos;server.address:&apos; in [systemEnvironment]
13:25:46.409 [main] DEBUG o.s.c.e.PropertySourcesPropertyResolver - Searching for key &apos;server.address:&apos; in [class path resource [config/ehcore.properties]]
13:25:46.409 [main] DEBUG o.s.c.e.PropertySourcesPropertyResolver - Could not find key &apos;server.address:&apos; in any property source. Returning [null]
13:25:46.409 [main] DEBUG o.s.c.e.PropertySourcesPropertyResolver - Searching for key &apos;server.address:&apos; in [localProperties]
13:25:46.409 [main] DEBUG o.s.c.e.PropertySourcesPropertyResolver - Could not find key &apos;server.address:&apos; in any property source. Returning [null]
13:25:46.409 [main] DEBUG o.s.c.e.PropertySourcesPropertyResolver - Searching for key &apos;server.address&apos; in [environmentProperties]
13:25:46.409 [main] DEBUG o.s.c.e.PropertySourcesPropertyResolver - Searching for key &apos;server.address&apos; in [systemProperties]
13:25:46.409 [main] DEBUG o.s.c.e.PropertySourcesPropertyResolver - Searching for key &apos;server.address&apos; in [systemEnvironment]
13:25:46.409 [main] DEBUG o.s.c.e.PropertySourcesPropertyResolver - Searching for key &apos;server.address&apos; in [class path resource [config/ehcore.properties]]
13:25:46.409 [main] DEBUG o.s.c.e.PropertySourcesPropertyResolver - Found key &apos;server.address&apos; in [class path resource [config/ehcore.properties]] with type [String] and value &apos;http://127.0.0.1:8080&apos;
13:25:46.409 [main] DEBUG o.s.c.e.PropertySourcesPropertyResolver - Found key &apos;server.address&apos; in [environmentProperties] with type [String] and value &apos;http://127.0.0.1:8080&apos;
13:25:46.409 [main] DEBUG o.s.c.a.CommonAnnotationBeanPostProcessor - Invoking init method on bean &apos;httpClientServiceImpl&apos;: private org.apache.http.impl.client.CloseableHttpClient com.everhomes.test.core.http.HttpClientServiceImpl.openHttpClient()
13:25:46.410 [main] DEBUG o.s.b.f.s.DefaultListableBeanFactory - Finished creating instance of bean &apos;httpClientServiceImpl&apos;
13:25:46.410 [main] DEBUG o.s.b.f.annotation.InjectionMetadata - Processing injected method of bean &apos;com.everhomes.test.junit.ui.launchpad.GetLaunchPadItemsBySceneTest&apos;: AutowiredFieldElement for protected com.everhomes.test.core.persist.DbProvider com.everhomes.test.core.base.BaseLoginAuthTestCase.dbProvider
13:25:46.410 [main] DEBUG o.s.b.f.s.DefaultListableBeanFactory - Returning cached instance of singleton bean &apos;dbProviderImpl&apos;
13:25:46.410 [main] DEBUG o.s.b.f.annotation.InjectionMetadata - Processing injected method of bean &apos;com.everhomes.test.junit.ui.launchpad.GetLaunchPadItemsBySceneTest&apos;: AutowiredFieldElement for protected com.everhomes.test.core.redis.RedisProvider com.everhomes.test.core.base.BaseLoginAuthTestCase.redisProvider
13:25:46.410 [main] DEBUG o.s.b.f.s.DefaultListableBeanFactory - Returning cached instance of singleton bean &apos;redisProviderImpl&apos;
13:25:46.410 [main] DEBUG o.s.b.f.annotation.InjectionMetadata - Processing injected method of bean &apos;com.everhomes.test.junit.ui.launchpad.GetLaunchPadItemsBySceneTest&apos;: AutowiredFieldElement for protected com.everhomes.test.core.api.ApiProvider com.everhomes.test.core.base.BaseLoginAuthTestCase.apiProvider
13:25:46.410 [main] DEBUG o.s.b.f.s.DefaultListableBeanFactory - Returning cached instance of singleton bean &apos;apiProviderImpl&apos;
13:25:46.410 [main] DEBUG org.jooq.tools.LoggerListener - Executing query          : select `information_schema`.`TABLES`.`TABLE_SCHEMA`, `information_schema`.`TABLES`.`TABLE_NAME`, `information_schema`.`TABLES`.`TABLE_ROWS` from `information_schema`.`TABLES` where `information_schema`.`TABLES`.`TABLE_SCHEMA` in (?)
13:25:46.410 [main] DEBUG org.jooq.tools.LoggerListener - -&gt; with bind values      : select `information_schema`.`TABLES`.`TABLE_SCHEMA`, `information_schema`.`TABLES`.`TABLE_NAME`, `information_schema`.`TABLES`.`TABLE_ROWS` from `information_schema`.`TABLES` where `information_schema`.`TABLES`.`TABLE_SCHEMA` in (&apos;ehcore_test&apos;)
13:25:46.410 [main] DEBUG o.s.jdbc.datasource.DataSourceUtils - Fetching JDBC Connection from DataSource
13:25:46.410 [main] DEBUG o.s.j.d.LazyConnectionDataSourceProxy - Connecting to database for operation &apos;prepareStatement&apos;
13:25:46.418 [main] DEBUG org.jooq.tools.StopWatch - Query executed           : Total: 7.308ms
13:25:46.421 [main] DEBUG o.s.jdbc.datasource.DataSourceUtils - Returning JDBC Connection to DataSource
13:25:46.421 [main] DEBUG o.s.j.d.LazyConnectionDataSourceProxy - Using existing database connection for operation &apos;close&apos;
13:25:46.421 [main] DEBUG org.jooq.tools.LoggerListener - Fetched result           : +------------+-----------------------+----------+
13:25:46.421 [main] DEBUG org.jooq.tools.LoggerListener -                          : |TABLE_SCHEMA|TABLE_NAME             |TABLE_ROWS|
13:25:46.421 [main] DEBUG org.jooq.tools.LoggerListener -                          : +------------+-----------------------+----------+
13:25:46.421 [main] DEBUG org.jooq.tools.LoggerListener -                          : |ehcore_test |eh_acl_privileges      |        10|
13:25:46.421 [main] DEBUG org.jooq.tools.LoggerListener -                          : |ehcore_test |eh_acl_role_assignments|         1|
13:25:46.421 [main] DEBUG org.jooq.tools.LoggerListener -                          : |ehcore_test |eh_acl_roles           |         8|
13:25:46.421 [main] DEBUG org.jooq.tools.LoggerListener -                          : |ehcore_test |eh_aclink_firmware     |         0|
13:25:46.421 [main] DEBUG org.jooq.tools.LoggerListener -                          : |ehcore_test |eh_aclink_logs         |         0|
13:25:46.421 [main] DEBUG org.jooq.tools.LoggerListener -                          : +------------+-----------------------+----------+
13:25:46.421 [main] DEBUG org.jooq.tools.LoggerListener -                          : |...330 record(s) truncated...
13:25:46.421 [main] DEBUG org.jooq.tools.StopWatch - Finishing                : Total: 10.537ms, +3.229ms
13:25:46.421 [main] DEBUG org.jooq.tools.LoggerListener - Executing query          : SET foreign_key_checks = 0
13:25:46.421 [main] DEBUG o.s.jdbc.datasource.DataSourceUtils - Fetching JDBC Connection from DataSource
13:25:46.421 [main] DEBUG o.s.j.d.LazyConnectionDataSourceProxy - Connecting to database for operation &apos;prepareStatement&apos;
13:25:46.423 [main] DEBUG org.jooq.tools.LoggerListener - Affected row(s)          : 0
13:25:46.423 [main] DEBUG org.jooq.tools.StopWatch - Query executed           : Total: 2.322ms
13:25:46.426 [main] DEBUG o.s.jdbc.datasource.DataSourceUtils - Returning JDBC Connection to DataSource
13:25:46.426 [main] DEBUG o.s.j.d.LazyConnectionDataSourceProxy - Using existing database connection for operation &apos;close&apos;
13:25:46.426 [main] DEBUG org.jooq.tools.StopWatch - Finishing                : Total: 5.292ms, +2.97ms
13:25:46.426 [main] DEBUG org.jooq.tools.LoggerListener - Executing query          : truncate table eh_acl_privileges
13:25:46.426 [main] DEBUG o.s.jdbc.datasource.DataSourceUtils - Fetching JDBC Connection from DataSource
13:25:46.426 [main] DEBUG o.s.j.d.LazyConnectionDataSourceProxy - Connecting to database for operation &apos;prepareStatement&apos;
13:25:46.799 [main] DEBUG org.jooq.tools.LoggerListener - Affected row(s)          : 0
13:25:46.799 [main] DEBUG org.jooq.tools.StopWatch - Query executed           : Total: 372.52ms
13:25:46.801 [main] DEBUG o.s.jdbc.datasource.DataSourceUtils - Returning JDBC Connection to DataSource
13:25:46.801 [main] DEBUG o.s.j.d.LazyConnectionDataSourceProxy - Using existing database connection for operation &apos;close&apos;
13:25:46.801 [main] DEBUG org.jooq.tools.StopWatch - Finishing                : Total: 374.897ms, +2.377ms
13:25:46.801 [main] DEBUG org.jooq.tools.LoggerListener - Executing query          : SET foreign_key_checks = 1
13:25:46.801 [main] DEBUG o.s.jdbc.datasource.DataSourceUtils - Fetching JDBC Connection from DataSource
13:25:46.801 [main] DEBUG o.s.j.d.LazyConnectionDataSourceProxy - Connecting to database for operation &apos;prepareStatement&apos;
13:25:46.803 [main] DEBUG org.jooq.tools.LoggerListener - Affected row(s)          : 0
13:25:46.804 [main] DEBUG org.jooq.tools.StopWatch - Query executed           : Total: 2.251ms
13:25:46.806 [main] DEBUG o.s.jdbc.datasource.DataSourceUtils - Returning JDBC Connection to DataSource
13:25:46.807 [main] DEBUG o.s.j.d.LazyConnectionDataSourceProxy - Using existing database connection for operation &apos;close&apos;
13:25:46.807 [main] DEBUG org.jooq.tools.StopWatch - Finishing                : Total: 5.302ms, +3.05ms
13:25:46.807 [main] DEBUG org.jooq.tools.LoggerListener - Executing query          : SET foreign_key_checks = 0
13:25:46.807 [main] DEBUG o.s.jdbc.datasource.DataSourceUtils - Fetching JDBC Connection from DataSource
13:25:46.807 [main] DEBUG o.s.j.d.LazyConnectionDataSourceProxy - Connecting to database for operation &apos;prepareStatement&apos;
13:25:46.809 [main] DEBUG org.jooq.tools.LoggerListener - Affected row(s)          : 0
13:25:46.809 [main] DEBUG org.jooq.tools.StopWatch - Query executed           : Total: 2.335ms
13:25:46.811 [main] DEBUG o.s.jdbc.datasource.DataSourceUtils - Returning JDBC Connection to DataSource
13:25:46.812 [main] DEBUG o.s.j.d.LazyConnectionDataSourceProxy - Using existing database connection for operation &apos;close&apos;
13:25:46.812 [main] DEBUG org.jooq.tools.StopWatch - Finishing                : Total: 4.891ms, +2.555ms
13:25:46.812 [main] DEBUG org.jooq.tools.LoggerListener - Executing query          : truncate table eh_acl_role_assignments
13:25:46.812 [main] DEBUG o.s.jdbc.datasource.DataSourceUtils - Fetching JDBC Connection from DataSource
13:25:46.812 [main] DEBUG o.s.j.d.LazyConnectionDataSourceProxy - Connecting to database for operation &apos;prepareStatement&apos;
13:25:47.208 [main] DEBUG org.jooq.tools.LoggerListener - Affected row(s)          : 0
13:25:47.208 [main] DEBUG org.jooq.tools.StopWatch - Query executed           : Total: 396.007ms
13:25:47.210 [main] DEBUG o.s.jdbc.datasource.DataSourceUtils - Returning JDBC Connection to DataSource
13:25:47.210 [main] DEBUG o.s.j.d.LazyConnectionDataSourceProxy - Using existing database connection for operation &apos;close&apos;
13:25:47.210 [main] DEBUG org.jooq.tools.StopWatch - Finishing                : Total: 398.74ms, +2.732ms
13:25:47.210 [main] DEBUG org.jooq.tools.LoggerListener - Executing query          : SET foreign_key_checks = 1
13:25:47.210 [main] DEBUG o.s.jdbc.datasource.DataSourceUtils - Fetching JDBC Connection from DataSource
13:25:47.210 [main] DEBUG o.s.j.d.LazyConnectionDataSourceProxy - Connecting to database for operation &apos;prepareStatement&apos;
13:25:47.213 [main] DEBUG org.jooq.tools.LoggerListener - Affected row(s)          : 0
13:25:47.213 [main] DEBUG org.jooq.tools.StopWatch - Query executed           : Total: 2.555ms
13:25:47.218 [main] DEBUG o.s.jdbc.datasource.DataSourceUtils - Returning JDBC Connection to DataSource
13:25:47.218 [main] DEBUG o.s.j.d.LazyConnectionDataSourceProxy - Using existing database connection for operation &apos;close&apos;
13:25:47.218 [main] DEBUG org.jooq.tools.StopWatch - Finishing                : Total: 7.347ms, +4.792ms
13:25:47.218 [main] DEBUG org.jooq.tools.LoggerListener - Executing query          : SET foreign_key_checks = 0
13:25:47.218 [main] DEBUG o.s.jdbc.datasource.DataSourceUtils - Fetching JDBC Connection from DataSource
13:25:47.218 [main] DEBUG o.s.j.d.LazyConnectionDataSourceProxy - Connecting to database for operation &apos;prepareStatement&apos;
13:25:47.219 [main] DEBUG org.jooq.tools.LoggerListener - Affected row(s)          : 0
13:25:47.219 [main] DEBUG org.jooq.tools.StopWatch - Query executed           : Total: 1.653ms
13:25:47.223 [main] DEBUG o.s.jdbc.datasource.DataSourceUtils - Returning JDBC Connection to DataSource
13:25:47.224 [main] DEBUG o.s.j.d.LazyConnectionDataSourceProxy - Using existing database connection for operation &apos;close&apos;
13:25:47.224 [main] DEBUG org.jooq.tools.StopWatch - Finishing                : Total: 5.818ms, +4.165ms
13:25:47.224 [main] DEBUG org.jooq.tools.LoggerListener - Executing query          : truncate table eh_acl_roles
13:25:47.224 [main] DEBUG o.s.jdbc.datasource.DataSourceUtils - Fetching JDBC Connection from DataSource
13:25:47.224 [main] DEBUG o.s.j.d.LazyConnectionDataSourceProxy - Connecting to database for operation &apos;prepareStatement&apos;
13:25:47.720 [main] DEBUG org.jooq.tools.LoggerListener - Affected row(s)          : 0
13:25:47.720 [main] DEBUG org.jooq.tools.StopWatch - Query executed           : Total: 496.265ms
13:25:47.722 [main] DEBUG o.s.jdbc.datasource.DataSourceUtils - Returning JDBC Connection to DataSource
13:25:47.722 [main] DEBUG o.s.j.d.LazyConnectionDataSourceProxy - Using existing database connection for operation &apos;close&apos;
13:25:47.723 [main] DEBUG org.jooq.tools.StopWatch - Finishing                : Total: 498.939ms, +2.673ms
13:25:47.723 [main] DEBUG org.jooq.tools.LoggerListener - Executing query          : SET foreign_key_checks = 1
13:25:47.723 [main] DEBUG o.s.jdbc.datasource.DataSourceUtils - Fetching JDBC Connection from DataSource
13:25:47.723 [main] DEBUG o.s.j.d.LazyConnectionDataSourceProxy - Connecting to database for operation &apos;prepareStatement&apos;
13:25:47.725 [main] DEBUG org.jooq.tools.LoggerListener - Affected row(s)          : 0
13:25:47.726 [main] DEBUG org.jooq.tools.StopWatch - Query executed           : Total: 2.982ms
13:25:47.729 [main] DEBUG o.s.jdbc.datasource.DataSourceUtils - Returning JDBC Connection to DataSource
13:25:47.729 [main] DEBUG o.s.j.d.LazyConnectionDataSourceProxy - Using existing database connection for operation &apos;close&apos;
13:25:47.729 [main] DEBUG org.jooq.tools.StopWatch - Finishing                : Total: 6.131ms, +3.148ms
13:25:47.729 [main] DEBUG org.jooq.tools.LoggerListener - Executing query          : SET foreign_key_checks = 0
13:25:47.729 [main] DEBUG o.s.jdbc.datasource.DataSourceUtils - Fetching JDBC Connection from DataSource
13:25:47.729 [main] DEBUG o.s.j.d.LazyConnectionDataSourceProxy - Connecting to database for operation &apos;prepareStatement&apos;
13:25:47.733 [main] DEBUG org.jooq.tools.LoggerListener - Affected row(s)          : 0
13:25:47.733 [main] DEBUG org.jooq.tools.StopWatch - Query executed           : Total: 4.254ms
13:25:47.737 [main] DEBUG o.s.jdbc.datasource.DataSourceUtils - Returning JDBC Connection to DataSource
13:25:47.737 [main] DEBUG o.s.j.d.LazyConnectionDataSourceProxy - Using existing database connection for operation &apos;close&apos;
13:25:47.737 [main] DEBUG org.jooq.tools.StopWatch - Finishing                : Total: 7.873ms, +3.618ms
13:25:47.737 [main] DEBUG org.jooq.tools.LoggerListener - Executing query          : truncate table eh_acls
13:25:47.737 [main] DEBUG o.s.jdbc.datasource.DataSourceUtils - Fetching JDBC Connection from DataSource
13:25:47.737 [main] DEBUG o.s.j.d.LazyConnectionDataSourceProxy - Connecting to database for operation &apos;prepareStatement&apos;
13:25:48.130 [main] DEBUG org.jooq.tools.LoggerListener - Affected row(s)          : 0
13:25:48.130 [main] DEBUG org.jooq.tools.StopWatch - Query executed           : Total: 393.74ms
13:25:48.133 [main] DEBUG o.s.jdbc.datasource.DataSourceUtils - Returning JDBC Connection to DataSource
13:25:48.133 [main] DEBUG o.s.j.d.LazyConnectionDataSourceProxy - Using existing database connection for operation &apos;close&apos;
13:25:48.133 [main] DEBUG org.jooq.tools.StopWatch - Finishing                : Total: 396.647ms, +2.906ms
13:25:48.133 [main] DEBUG org.jooq.tools.LoggerListener - Executing query          : SET foreign_key_checks = 1
13:25:48.133 [main] DEBUG o.s.jdbc.datasource.DataSourceUtils - Fetching JDBC Connection from DataSource
13:25:48.133 [main] DEBUG o.s.j.d.LazyConnectionDataSourceProxy - Connecting to database for operation &apos;prepareStatement&apos;
13:25:48.136 [main] DEBUG org.jooq.tools.LoggerListener - Affected row(s)          : 0
13:25:48.136 [main] DEBUG org.jooq.tools.StopWatch - Query executed           : Total: 2.298ms
13:25:48.138 [main] DEBUG o.s.jdbc.datasource.DataSourceUtils - Returning JDBC Connection to DataSource
13:25:48.138 [main] DEBUG o.s.j.d.LazyConnectionDataSourceProxy - Using existing database connection for operation &apos;close&apos;
13:25:48.139 [main] DEBUG org.jooq.tools.StopWatch - Finishing                : Total: 5.228ms, +2.929ms
13:25:48.139 [main] DEBUG org.jooq.tools.LoggerListener - Executing query          : SET foreign_key_checks = 0
13:25:48.139 [main] DEBUG o.s.jdbc.datasource.DataSourceUtils - Fetching JDBC Connection from DataSource
13:25:48.139 [main] DEBUG o.s.j.d.LazyConnectionDataSourceProxy - Connecting to database for operation &apos;prepareStatement&apos;
13:25:48.141 [main] DEBUG org.jooq.tools.LoggerListener - Affected row(s)          : 0
13:25:48.141 [main] DEBUG org.jooq.tools.StopWatch - Query executed           : Total: 2.737ms
13:25:48.144 [main] DEBUG o.s.jdbc.datasource.DataSourceUtils - Returning JDBC Connection to DataSource
13:25:48.144 [main] DEBUG o.s.j.d.LazyConnectionDataSourceProxy - Using existing database connection for operation &apos;close&apos;
13:25:48.144 [main] DEBUG org.jooq.tools.StopWatch - Finishing                : Total: 5.273ms, +2.535ms
13:25:48.144 [main] DEBUG org.jooq.tools.LoggerListener - Executing query          : truncate table eh_addresses
13:25:48.144 [main] DEBUG o.s.jdbc.datasource.DataSourceUtils - Fetching JDBC Connection from DataSource
13:25:48.144 [main] DEBUG o.s.j.d.LazyConnectionDataSourceProxy - Connecting to database for operation &apos;prepareStatement&apos;
13:25:48.642 [main] DEBUG org.jooq.tools.LoggerListener - Affected row(s)          : 0
13:25:48.642 [main] DEBUG org.jooq.tools.StopWatch - Query executed           : Total: 498.385ms
13:25:48.646 [main] DEBUG o.s.jdbc.datasource.DataSourceUtils - Returning JDBC Connection to DataSource
13:25:48.646 [main] DEBUG o.s.j.d.LazyConnectionDataSourceProxy - Using existing database connection for operation &apos;close&apos;
13:25:48.646 [main] DEBUG org.jooq.tools.StopWatch - Finishing                : Total: 501.767ms, +3.382ms
13:25:48.646 [main] DEBUG org.jooq.tools.LoggerListener - Executing query          : SET foreign_key_checks = 1
13:25:48.646 [main] DEBUG o.s.jdbc.datasource.DataSourceUtils - Fetching JDBC Connection from DataSource
13:25:48.646 [main] DEBUG o.s.j.d.LazyConnectionDataSourceProxy - Connecting to database for operation &apos;prepareStatement&apos;
13:25:48.648 [main] DEBUG org.jooq.tools.LoggerListener - Affected row(s)          : 0
13:25:48.648 [main] DEBUG org.jooq.tools.StopWatch - Query executed           : Total: 2.756ms
13:25:48.651 [main] DEBUG o.s.jdbc.datasource.DataSourceUtils - Returning JDBC Connection to DataSource
13:25:48.651 [main] DEBUG o.s.j.d.LazyConnectionDataSourceProxy - Using existing database connection for operation &apos;close&apos;
13:25:48.651 [main] DEBUG org.jooq.tools.StopWatch - Finishing                : Total: 5.497ms, +2.74ms
13:25:48.651 [main] DEBUG org.jooq.tools.LoggerListener - Executing query          : SET foreign_key_checks = 0
13:25:48.651 [main] DEBUG o.s.jdbc.datasource.DataSourceUtils - Fetching JDBC Connection from DataSource
13:25:48.651 [main] DEBUG o.s.j.d.LazyConnectionDataSourceProxy - Connecting to database for operation &apos;prepareStatement&apos;
13:25:48.654 [main] DEBUG org.jooq.tools.LoggerListener - Affected row(s)          : 0
13:25:48.654 [main] DEBUG org.jooq.tools.StopWatch - Query executed           : Total: 2.589ms
13:25:48.656 [main] DEBUG o.s.jdbc.datasource.DataSourceUtils - Returning JDBC Connection to DataSource
13:25:48.656 [main] DEBUG o.s.j.d.LazyConnectionDataSourceProxy - Using existing database connection for operation &apos;close&apos;
13:25:48.656 [main] DEBUG org.jooq.tools.StopWatch - Finishing                : Total: 5.088ms, +2.499ms
13:25:48.656 [main] DEBUG org.jooq.tools.LoggerListener - Executing query          : truncate table eh_communities
13:25:48.656 [main] DEBUG o.s.jdbc.datasource.DataSourceUtils - Fetching JDBC Connection from DataSource
13:25:48.656 [main] DEBUG o.s.j.d.LazyConnectionDataSourceProxy - Connecting to database for operation &apos;prepareStatement&apos;
13:25:49.359 [main] DEBUG org.jooq.tools.LoggerListener - Affected row(s)          : 0
13:25:49.359 [main] DEBUG org.jooq.tools.StopWatch - Query executed           : Total: 702.453ms
13:25:49.361 [main] DEBUG o.s.jdbc.datasource.DataSourceUtils - Returning JDBC Connection to DataSource
13:25:49.361 [main] DEBUG o.s.j.d.LazyConnectionDataSourceProxy - Using existing database connection for operation &apos;close&apos;
13:25:49.361 [main] DEBUG org.jooq.tools.StopWatch - Finishing                : Total: 705.017ms, +2.563ms
13:25:49.361 [main] DEBUG org.jooq.tools.LoggerListener - Executing query          : SET foreign_key_checks = 1
13:25:49.361 [main] DEBUG o.s.jdbc.datasource.DataSourceUtils - Fetching JDBC Connection from DataSource
13:25:49.361 [main] DEBUG o.s.j.d.LazyConnectionDataSourceProxy - Connecting to database for operation &apos;prepareStatement&apos;
13:25:49.364 [main] DEBUG org.jooq.tools.LoggerListener - Affected row(s)          : 0
13:25:49.364 [main] DEBUG org.jooq.tools.StopWatch - Query executed           : Total: 2.633ms
13:25:49.366 [main] DEBUG o.s.jdbc.datasource.DataSourceUtils - Returning JDBC Connection to DataSource
13:25:49.366 [main] DEBUG o.s.j.d.LazyConnectionDataSourceProxy - Using existing database connection for operation &apos;close&apos;
13:25:49.366 [main] DEBUG org.jooq.tools.StopWatch - Finishing                : Total: 5.034ms, +2.401ms
13:25:49.366 [main] DEBUG org.jooq.tools.LoggerListener - Executing query          : SET foreign_key_checks = 0
13:25:49.366 [main] DEBUG o.s.jdbc.datasource.DataSourceUtils - Fetching JDBC Connection from DataSource
13:25:49.367 [main] DEBUG o.s.j.d.LazyConnectionDataSourceProxy - Connecting to database for operation &apos;prepareStatement&apos;
13:25:49.369 [main] DEBUG org.jooq.tools.LoggerListener - Affected row(s)          : 0
13:25:49.369 [main] DEBUG org.jooq.tools.StopWatch - Query executed           : Total: 2.767ms
13:25:49.372 [main] DEBUG o.s.jdbc.datasource.DataSourceUtils - Returning JDBC Connection to DataSource
13:25:49.372 [main] DEBUG o.s.j.d.LazyConnectionDataSourceProxy - Using existing database connection for operation &apos;close&apos;
13:25:49.372 [main] DEBUG org.jooq.tools.StopWatch - Finishing                : Total: 5.395ms, +2.628ms
13:25:49.372 [main] DEBUG org.jooq.tools.LoggerListener - Executing query          : truncate table eh_community_geopoints
13:25:49.372 [main] DEBUG o.s.jdbc.datasource.DataSourceUtils - Fetching JDBC Connection from DataSource
13:25:49.372 [main] DEBUG o.s.j.d.LazyConnectionDataSourceProxy - Connecting to database for operation &apos;prepareStatement&apos;
13:25:49.768 [main] DEBUG org.jooq.tools.LoggerListener - Affected row(s)          : 0
13:25:49.768 [main] DEBUG org.jooq.tools.StopWatch - Query executed           : Total: 396.015ms
13:25:49.772 [main] DEBUG o.s.jdbc.datasource.DataSourceUtils - Returning JDBC Connection to DataSource
13:25:49.772 [main] DEBUG o.s.j.d.LazyConnectionDataSourceProxy - Using existing database connection for operation &apos;close&apos;
13:25:49.772 [main] DEBUG org.jooq.tools.StopWatch - Finishing                : Total: 400.229ms, +4.213ms
13:25:49.772 [main] DEBUG org.jooq.tools.LoggerListener - Executing query          : SET foreign_key_checks = 1
13:25:49.772 [main] DEBUG o.s.jdbc.datasource.DataSourceUtils - Fetching JDBC Connection from DataSource
13:25:49.772 [main] DEBUG o.s.j.d.LazyConnectionDataSourceProxy - Connecting to database for operation &apos;prepareStatement&apos;
13:25:49.775 [main] DEBUG org.jooq.tools.LoggerListener - Affected row(s)          : 0
13:25:49.775 [main] DEBUG org.jooq.tools.StopWatch - Query executed           : Total: 2.776ms
13:25:49.778 [main] DEBUG o.s.jdbc.datasource.DataSourceUtils - Returning JDBC Connection to DataSource
13:25:49.778 [main] DEBUG o.s.j.d.LazyConnectionDataSourceProxy - Using existing database connection for operation &apos;close&apos;
13:25:49.778 [main] DEBUG org.jooq.tools.StopWatch - Finishing                : Total: 5.504ms, +2.728ms
13:25:49.778 [main] DEBUG org.jooq.tools.LoggerListener - Executing query          : SET foreign_key_checks = 0
13:25:49.778 [main] DEBUG o.s.jdbc.datasource.DataSourceUtils - Fetching JDBC Connection from DataSource
13:25:49.778 [main] DEBUG o.s.j.d.LazyConnectionDataSourceProxy - Connecting to database for operation &apos;prepareStatement&apos;
13:25:49.781 [main] DEBUG org.jooq.tools.LoggerListener - Affected row(s)          : 0
13:25:49.781 [main] DEBUG org.jooq.tools.StopWatch - Query executed           : Total: 2.993ms
13:25:49.784 [main] DEBUG o.s.jdbc.datasource.DataSourceUtils - Returning JDBC Connection to DataSource
13:25:49.784 [main] DEBUG o.s.j.d.LazyConnectionDataSourceProxy - Using existing database connection for operation &apos;close&apos;
13:25:49.784 [main] DEBUG org.jooq.tools.StopWatch - Finishing                : Total: 5.916ms, +2.922ms
13:25:49.784 [main] DEBUG org.jooq.tools.LoggerListener - Executing query          : truncate table eh_configurations
13:25:49.784 [main] DEBUG o.s.jdbc.datasource.DataSourceUtils - Fetching JDBC Connection from DataSource
13:25:49.784 [main] DEBUG o.s.j.d.LazyConnectionDataSourceProxy - Connecting to database for operation &apos;prepareStatement&apos;
13:25:49.966 [main] DEBUG org.jooq.tools.LoggerListener - Affected row(s)          : 0
13:25:49.966 [main] DEBUG org.jooq.tools.StopWatch - Query executed           : Total: 182.574ms
13:25:49.970 [main] DEBUG o.s.jdbc.datasource.DataSourceUtils - Returning JDBC Connection to DataSource
13:25:49.970 [main] DEBUG o.s.j.d.LazyConnectionDataSourceProxy - Using existing database connection for operation &apos;close&apos;
13:25:49.970 [main] DEBUG org.jooq.tools.StopWatch - Finishing                : Total: 185.934ms, +3.36ms
13:25:49.970 [main] DEBUG org.jooq.tools.LoggerListener - Executing query          : SET foreign_key_checks = 1
13:25:49.970 [main] DEBUG o.s.jdbc.datasource.DataSourceUtils - Fetching JDBC Connection from DataSource
13:25:49.970 [main] DEBUG o.s.j.d.LazyConnectionDataSourceProxy - Connecting to database for operation &apos;prepareStatement&apos;
13:25:49.972 [main] DEBUG org.jooq.tools.LoggerListener - Affected row(s)          : 0
13:25:49.972 [main] DEBUG org.jooq.tools.StopWatch - Query executed           : Total: 2.755ms
13:25:49.975 [main] DEBUG o.s.jdbc.datasource.DataSourceUtils - Returning JDBC Connection to DataSource
13:25:49.975 [main] DEBUG o.s.j.d.LazyConnectionDataSourceProxy - Using existing database connection for operation &apos;close&apos;
13:25:49.975 [main] DEBUG org.jooq.tools.StopWatch - Finishing                : Total: 5.689ms, +2.934ms
13:25:49.975 [main] DEBUG org.jooq.tools.LoggerListener - Executing query          : SET foreign_key_checks = 0
13:25:49.976 [main] DEBUG o.s.jdbc.datasource.DataSourceUtils - Fetching JDBC Connection from DataSource
13:25:49.976 [main] DEBUG o.s.j.d.LazyConnectionDataSourceProxy - Connecting to database for operation &apos;prepareStatement&apos;
13:25:49.978 [main] DEBUG org.jooq.tools.LoggerListener - Affected row(s)          : 0
13:25:49.978 [main] DEBUG org.jooq.tools.StopWatch - Query executed           : Total: 3.059ms
13:25:49.981 [main] DEBUG o.s.jdbc.datasource.DataSourceUtils - Returning JDBC Connection to DataSource
13:25:49.981 [main] DEBUG o.s.j.d.LazyConnectionDataSourceProxy - Using existing database connection for operation &apos;close&apos;
13:25:49.981 [main] DEBUG org.jooq.tools.StopWatch - Finishing                : Total: 5.855ms, +2.796ms
13:25:49.981 [main] DEBUG org.jooq.tools.LoggerListener - Executing query          : truncate table eh_forums
13:25:49.981 [main] DEBUG o.s.jdbc.datasource.DataSourceUtils - Fetching JDBC Connection from DataSource
13:25:49.981 [main] DEBUG o.s.j.d.LazyConnectionDataSourceProxy - Connecting to database for operation &apos;prepareStatement&apos;
13:25:50.485 [main] DEBUG org.jooq.tools.LoggerListener - Affected row(s)          : 0
13:25:50.485 [main] DEBUG org.jooq.tools.StopWatch - Query executed           : Total: 503.989ms
13:25:50.489 [main] DEBUG o.s.jdbc.datasource.DataSourceUtils - Returning JDBC Connection to DataSource
13:25:50.489 [main] DEBUG o.s.j.d.LazyConnectionDataSourceProxy - Using existing database connection for operation &apos;close&apos;
13:25:50.489 [main] DEBUG org.jooq.tools.StopWatch - Finishing                : Total: 507.567ms, +3.578ms
13:25:50.489 [main] DEBUG org.jooq.tools.LoggerListener - Executing query          : SET foreign_key_checks = 1
13:25:50.489 [main] DEBUG o.s.jdbc.datasource.DataSourceUtils - Fetching JDBC Connection from DataSource
13:25:50.489 [main] DEBUG o.s.j.d.LazyConnectionDataSourceProxy - Connecting to database for operation &apos;prepareStatement&apos;
13:25:50.491 [main] DEBUG org.jooq.tools.LoggerListener - Affected row(s)          : 0
13:25:50.491 [main] DEBUG org.jooq.tools.StopWatch - Query executed           : Total: 2.341ms
13:25:50.494 [main] DEBUG o.s.jdbc.datasource.DataSourceUtils - Returning JDBC Connection to DataSource
13:25:50.494 [main] DEBUG o.s.j.d.LazyConnectionDataSourceProxy - Using existing database connection for operation &apos;close&apos;
13:25:50.494 [main] DEBUG org.jooq.tools.StopWatch - Finishing                : Total: 4.986ms, +2.645ms
13:25:50.494 [main] DEBUG org.jooq.tools.LoggerListener - Executing query          : SET foreign_key_checks = 0
13:25:50.494 [main] DEBUG o.s.jdbc.datasource.DataSourceUtils - Fetching JDBC Connection from DataSource
13:25:50.494 [main] DEBUG o.s.j.d.LazyConnectionDataSourceProxy - Connecting to database for operation &apos;prepareStatement&apos;
13:25:50.497 [main] DEBUG org.jooq.tools.LoggerListener - Affected row(s)          : 0
13:25:50.497 [main] DEBUG org.jooq.tools.StopWatch - Query executed           : Total: 2.675ms
13:25:50.501 [main] DEBUG o.s.jdbc.datasource.DataSourceUtils - Returning JDBC Connection to DataSource
13:25:50.501 [main] DEBUG o.s.j.d.LazyConnectionDataSourceProxy - Using existing database connection for operation &apos;close&apos;
13:25:50.501 [main] DEBUG org.jooq.tools.StopWatch - Finishing                : Total: 6.714ms, +4.039ms
13:25:50.501 [main] DEBUG org.jooq.tools.LoggerListener - Executing query          : truncate table eh_group_members
13:25:50.501 [main] DEBUG o.s.jdbc.datasource.DataSourceUtils - Fetching JDBC Connection from DataSource
13:25:50.501 [main] DEBUG o.s.j.d.LazyConnectionDataSourceProxy - Connecting to database for operation &apos;prepareStatement&apos;
13:25:51.202 [main] DEBUG org.jooq.tools.LoggerListener - Affected row(s)          : 0
13:25:51.202 [main] DEBUG org.jooq.tools.StopWatch - Query executed           : Total: 701.682ms
13:25:51.206 [main] DEBUG o.s.jdbc.datasource.DataSourceUtils - Returning JDBC Connection to DataSource
13:25:51.206 [main] DEBUG o.s.j.d.LazyConnectionDataSourceProxy - Using existing database connection for operation &apos;close&apos;
13:25:51.206 [main] DEBUG org.jooq.tools.StopWatch - Finishing                : Total: 705.367ms, +3.685ms
13:25:51.206 [main] DEBUG org.jooq.tools.LoggerListener - Executing query          : SET foreign_key_checks = 1
13:25:51.206 [main] DEBUG o.s.jdbc.datasource.DataSourceUtils - Fetching JDBC Connection from DataSource
13:25:51.206 [main] DEBUG o.s.j.d.LazyConnectionDataSourceProxy - Connecting to database for operation &apos;prepareStatement&apos;
13:25:51.208 [main] DEBUG org.jooq.tools.LoggerListener - Affected row(s)          : 0
13:25:51.208 [main] DEBUG org.jooq.tools.StopWatch - Query executed           : Total: 2.414ms
13:25:51.211 [main] DEBUG o.s.jdbc.datasource.DataSourceUtils - Returning JDBC Connection to DataSource
13:25:51.211 [main] DEBUG o.s.j.d.LazyConnectionDataSourceProxy - Using existing database connection for operation &apos;close&apos;
13:25:51.211 [main] DEBUG org.jooq.tools.StopWatch - Finishing                : Total: 4.943ms, +2.528ms
13:25:51.211 [main] DEBUG org.jooq.tools.LoggerListener - Executing query          : SET foreign_key_checks = 0
13:25:51.211 [main] DEBUG o.s.jdbc.datasource.DataSourceUtils - Fetching JDBC Connection from DataSource
13:25:51.211 [main] DEBUG o.s.j.d.LazyConnectionDataSourceProxy - Connecting to database for operation &apos;prepareStatement&apos;
13:25:51.214 [main] DEBUG org.jooq.tools.LoggerListener - Affected row(s)          : 0
13:25:51.214 [main] DEBUG org.jooq.tools.StopWatch - Query executed           : Total: 2.69ms
13:25:51.216 [main] DEBUG o.s.jdbc.datasource.DataSourceUtils - Returning JDBC Connection to DataSource
13:25:51.216 [main] DEBUG o.s.j.d.LazyConnectionDataSourceProxy - Using existing database connection for operation &apos;close&apos;
13:25:51.216 [main] DEBUG org.jooq.tools.StopWatch - Finishing                : Total: 5.096ms, +2.405ms
13:25:51.216 [main] DEBUG org.jooq.tools.LoggerListener - Executing query          : truncate table eh_groups
13:25:51.216 [main] DEBUG o.s.jdbc.datasource.DataSourceUtils - Fetching JDBC Connection from DataSource
13:25:51.216 [main] DEBUG o.s.j.d.LazyConnectionDataSourceProxy - Connecting to database for operation &apos;prepareStatement&apos;
13:25:51.714 [main] DEBUG org.jooq.tools.LoggerListener - Affected row(s)          : 0
13:25:51.714 [main] DEBUG org.jooq.tools.StopWatch - Query executed           : Total: 497.886ms
13:25:51.717 [main] DEBUG o.s.jdbc.datasource.DataSourceUtils - Returning JDBC Connection to DataSource
13:25:51.717 [main] DEBUG o.s.j.d.LazyConnectionDataSourceProxy - Using existing database connection for operation &apos;close&apos;
13:25:51.717 [main] DEBUG org.jooq.tools.StopWatch - Finishing                : Total: 500.558ms, +2.671ms
13:25:51.717 [main] DEBUG org.jooq.tools.LoggerListener - Executing query          : SET foreign_key_checks = 1
13:25:51.717 [main] DEBUG o.s.jdbc.datasource.DataSourceUtils - Fetching JDBC Connection from DataSource
13:25:51.717 [main] DEBUG o.s.j.d.LazyConnectionDataSourceProxy - Connecting to database for operation &apos;prepareStatement&apos;
13:25:51.719 [main] DEBUG org.jooq.tools.LoggerListener - Affected row(s)          : 0
13:25:51.719 [main] DEBUG org.jooq.tools.StopWatch - Query executed           : Total: 2.375ms
13:25:51.722 [main] DEBUG o.s.jdbc.datasource.DataSourceUtils - Returning JDBC Connection to DataSource
13:25:51.722 [main] DEBUG o.s.j.d.LazyConnectionDataSourceProxy - Using existing database connection for operation &apos;close&apos;
13:25:51.722 [main] DEBUG org.jooq.tools.StopWatch - Finishing                : Total: 5.017ms, +2.641ms
13:25:51.722 [main] DEBUG org.jooq.tools.LoggerListener - Executing query          : SET foreign_key_checks = 0
13:25:51.722 [main] DEBUG o.s.jdbc.datasource.DataSourceUtils - Fetching JDBC Connection from DataSource
13:25:51.722 [main] DEBUG o.s.j.d.LazyConnectionDataSourceProxy - Connecting to database for operation &apos;prepareStatement&apos;
13:25:51.724 [main] DEBUG org.jooq.tools.LoggerListener - Affected row(s)          : 0
13:25:51.724 [main] DEBUG org.jooq.tools.StopWatch - Query executed           : Total: 2.533ms
13:25:51.727 [main] DEBUG o.s.jdbc.datasource.DataSourceUtils - Returning JDBC Connection to DataSource
13:25:51.727 [main] DEBUG o.s.j.d.LazyConnectionDataSourceProxy - Using existing database connection for operation &apos;close&apos;
13:25:51.727 [main] DEBUG org.jooq.tools.StopWatch - Finishing                : Total: 5.263ms, +2.729ms
13:25:51.727 [main] DEBUG org.jooq.tools.LoggerListener - Executing query          : truncate table eh_organization_communities
13:25:51.727 [main] DEBUG o.s.jdbc.datasource.DataSourceUtils - Fetching JDBC Connection from DataSource
13:25:51.727 [main] DEBUG o.s.j.d.LazyConnectionDataSourceProxy - Connecting to database for operation &apos;prepareStatement&apos;
13:25:52.021 [main] DEBUG org.jooq.tools.LoggerListener - Affected row(s)          : 0
13:25:52.021 [main] DEBUG org.jooq.tools.StopWatch - Query executed           : Total: 293.935ms
13:25:52.024 [main] DEBUG o.s.jdbc.datasource.DataSourceUtils - Returning JDBC Connection to DataSource
13:25:52.024 [main] DEBUG o.s.j.d.LazyConnectionDataSourceProxy - Using existing database connection for operation &apos;close&apos;
13:25:52.024 [main] DEBUG org.jooq.tools.StopWatch - Finishing                : Total: 297.086ms, +3.15ms
13:25:52.024 [main] DEBUG org.jooq.tools.LoggerListener - Executing query          : SET foreign_key_checks = 1
13:25:52.024 [main] DEBUG o.s.jdbc.datasource.DataSourceUtils - Fetching JDBC Connection from DataSource
13:25:52.024 [main] DEBUG o.s.j.d.LazyConnectionDataSourceProxy - Connecting to database for operation &apos;prepareStatement&apos;
13:25:52.027 [main] DEBUG org.jooq.tools.LoggerListener - Affected row(s)          : 0
13:25:52.027 [main] DEBUG org.jooq.tools.StopWatch - Query executed           : Total: 2.964ms
13:25:52.030 [main] DEBUG o.s.jdbc.datasource.DataSourceUtils - Returning JDBC Connection to DataSource
13:25:52.030 [main] DEBUG o.s.j.d.LazyConnectionDataSourceProxy - Using existing database connection for operation &apos;close&apos;
13:25:52.030 [main] DEBUG org.jooq.tools.StopWatch - Finishing                : Total: 6.156ms, +3.192ms
13:25:52.030 [main] DEBUG org.jooq.tools.LoggerListener - Executing query          : SET foreign_key_checks = 0
13:25:52.031 [main] DEBUG o.s.jdbc.datasource.DataSourceUtils - Fetching JDBC Connection from DataSource
13:25:52.031 [main] DEBUG o.s.j.d.LazyConnectionDataSourceProxy - Connecting to database for operation &apos;prepareStatement&apos;
13:25:52.033 [main] DEBUG org.jooq.tools.LoggerListener - Affected row(s)          : 0
13:25:52.033 [main] DEBUG org.jooq.tools.StopWatch - Query executed           : Total: 2.907ms
13:25:52.036 [main] DEBUG o.s.jdbc.datasource.DataSourceUtils - Returning JDBC Connection to DataSource
13:25:52.036 [main] DEBUG o.s.j.d.LazyConnectionDataSourceProxy - Using existing database connection for operation &apos;close&apos;
13:25:52.036 [main] DEBUG org.jooq.tools.StopWatch - Finishing                : Total: 5.751ms, +2.843ms
13:25:52.036 [main] DEBUG org.jooq.tools.LoggerListener - Executing query          : truncate table eh_organization_community_requests
13:25:52.036 [main] DEBUG o.s.jdbc.datasource.DataSourceUtils - Fetching JDBC Connection from DataSource
13:25:52.036 [main] DEBUG o.s.j.d.LazyConnectionDataSourceProxy - Connecting to database for operation &apos;prepareStatement&apos;
13:25:52.209 [main] DEBUG org.jooq.tools.LoggerListener - Affected row(s)          : 0
13:25:52.209 [main] DEBUG org.jooq.tools.StopWatch - Query executed           : Total: 172.81ms
13:25:52.212 [main] DEBUG o.s.jdbc.datasource.DataSourceUtils - Returning JDBC Connection to DataSource
13:25:52.212 [main] DEBUG o.s.j.d.LazyConnectionDataSourceProxy - Using existing database connection for operation &apos;close&apos;
13:25:52.212 [main] DEBUG org.jooq.tools.StopWatch - Finishing                : Total: 175.605ms, +2.795ms
13:25:52.212 [main] DEBUG org.jooq.tools.LoggerListener - Executing query          : SET foreign_key_checks = 1
13:25:52.212 [main] DEBUG o.s.jdbc.datasource.DataSourceUtils - Fetching JDBC Connection from DataSource
13:25:52.212 [main] DEBUG o.s.j.d.LazyConnectionDataSourceProxy - Connecting to database for operation &apos;prepareStatement&apos;
13:25:52.215 [main] DEBUG org.jooq.tools.LoggerListener - Affected row(s)          : 0
13:25:52.215 [main] DEBUG org.jooq.tools.StopWatch - Query executed           : Total: 3.323ms
13:25:52.218 [main] DEBUG o.s.jdbc.datasource.DataSourceUtils - Returning JDBC Connection to DataSource
13:25:52.218 [main] DEBUG o.s.j.d.LazyConnectionDataSourceProxy - Using existing database connection for operation &apos;close&apos;
13:25:52.218 [main] DEBUG org.jooq.tools.StopWatch - Finishing                : Total: 5.867ms, +2.544ms
13:25:52.218 [main] DEBUG org.jooq.tools.LoggerListener - Executing query          : SET foreign_key_checks = 0
13:25:52.218 [main] DEBUG o.s.jdbc.datasource.DataSourceUtils - Fetching JDBC Connection from DataSource
13:25:52.218 [main] DEBUG o.s.j.d.LazyConnectionDataSourceProxy - Connecting to database for operation &apos;prepareStatement&apos;
13:25:52.219 [main] DEBUG org.jooq.tools.LoggerListener - Affected row(s)          : 0
13:25:52.219 [main] DEBUG org.jooq.tools.StopWatch - Query executed           : Total: 1.642ms
13:25:52.226 [main] DEBUG o.s.jdbc.datasource.DataSourceUtils - Returning JDBC Connection to DataSource
13:25:52.226 [main] DEBUG o.s.j.d.LazyConnectionDataSourceProxy - Using existing database connection for operation &apos;close&apos;
13:25:52.226 [main] DEBUG org.jooq.tools.StopWatch - Finishing                : Total: 7.856ms, +6.214ms
13:25:52.226 [main] DEBUG org.jooq.tools.LoggerListener - Executing query          : truncate table eh_organization_members
13:25:52.226 [main] DEBUG o.s.jdbc.datasource.DataSourceUtils - Fetching JDBC Connection from DataSource
13:25:52.226 [main] DEBUG o.s.j.d.LazyConnectionDataSourceProxy - Connecting to database for operation &apos;prepareStatement&apos;
13:25:52.533 [main] DEBUG org.jooq.tools.LoggerListener - Affected row(s)          : 0
13:25:52.533 [main] DEBUG org.jooq.tools.StopWatch - Query executed           : Total: 307.578ms
13:25:52.538 [main] DEBUG o.s.jdbc.datasource.DataSourceUtils - Returning JDBC Connection to DataSource
13:25:52.538 [main] DEBUG o.s.j.d.LazyConnectionDataSourceProxy - Using existing database connection for operation &apos;close&apos;
13:25:52.538 [main] DEBUG org.jooq.tools.StopWatch - Finishing                : Total: 312.083ms, +4.505ms
13:25:52.538 [main] DEBUG org.jooq.tools.LoggerListener - Executing query          : SET foreign_key_checks = 1
13:25:52.538 [main] DEBUG o.s.jdbc.datasource.DataSourceUtils - Fetching JDBC Connection from DataSource
13:25:52.538 [main] DEBUG o.s.j.d.LazyConnectionDataSourceProxy - Connecting to database for operation &apos;prepareStatement&apos;
13:25:52.540 [main] DEBUG org.jooq.tools.LoggerListener - Affected row(s)          : 0
13:25:52.540 [main] DEBUG org.jooq.tools.StopWatch - Query executed           : Total: 2.514ms
13:25:52.543 [main] DEBUG o.s.jdbc.datasource.DataSourceUtils - Returning JDBC Connection to DataSource
13:25:52.543 [main] DEBUG o.s.j.d.LazyConnectionDataSourceProxy - Using existing database connection for operation &apos;close&apos;
13:25:52.543 [main] DEBUG org.jooq.tools.StopWatch - Finishing                : Total: 5.188ms, +2.674ms
13:25:52.543 [main] DEBUG org.jooq.tools.LoggerListener - Executing query          : SET foreign_key_checks = 0
13:25:52.543 [main] DEBUG o.s.jdbc.datasource.DataSourceUtils - Fetching JDBC Connection from DataSource
13:25:52.543 [main] DEBUG o.s.j.d.LazyConnectionDataSourceProxy - Connecting to database for operation &apos;prepareStatement&apos;
13:25:52.544 [main] DEBUG org.jooq.tools.LoggerListener - Affected row(s)          : 0
13:25:52.544 [main] DEBUG org.jooq.tools.StopWatch - Query executed           : Total: 1.374ms
13:25:52.548 [main] DEBUG o.s.jdbc.datasource.DataSourceUtils - Returning JDBC Connection to DataSource
13:25:52.548 [main] DEBUG o.s.j.d.LazyConnectionDataSourceProxy - Using existing database connection for operation &apos;close&apos;
13:25:52.548 [main] DEBUG org.jooq.tools.StopWatch - Finishing                : Total: 5.315ms, +3.94ms
13:25:52.548 [main] DEBUG org.jooq.tools.LoggerListener - Executing query          : truncate table eh_organization_task_targets
13:25:52.548 [main] DEBUG o.s.jdbc.datasource.DataSourceUtils - Fetching JDBC Connection from DataSource
13:25:52.548 [main] DEBUG o.s.j.d.LazyConnectionDataSourceProxy - Connecting to database for operation &apos;prepareStatement&apos;
13:25:52.750 [main] DEBUG org.jooq.tools.LoggerListener - Affected row(s)          : 0
13:25:52.750 [main] DEBUG org.jooq.tools.StopWatch - Query executed           : Total: 201.65ms
13:25:52.752 [main] DEBUG o.s.jdbc.datasource.DataSourceUtils - Returning JDBC Connection to DataSource
13:25:52.752 [main] DEBUG o.s.j.d.LazyConnectionDataSourceProxy - Using existing database connection for operation &apos;close&apos;
13:25:52.752 [main] DEBUG org.jooq.tools.StopWatch - Finishing                : Total: 204.028ms, +2.378ms
13:25:52.752 [main] DEBUG org.jooq.tools.LoggerListener - Executing query          : SET foreign_key_checks = 1
13:25:52.752 [main] DEBUG o.s.jdbc.datasource.DataSourceUtils - Fetching JDBC Connection from DataSource
13:25:52.752 [main] DEBUG o.s.j.d.LazyConnectionDataSourceProxy - Connecting to database for operation &apos;prepareStatement&apos;
13:25:52.755 [main] DEBUG org.jooq.tools.LoggerListener - Affected row(s)          : 0
13:25:52.755 [main] DEBUG org.jooq.tools.StopWatch - Query executed           : Total: 2.764ms
13:25:52.757 [main] DEBUG o.s.jdbc.datasource.DataSourceUtils - Returning JDBC Connection to DataSource
13:25:52.757 [main] DEBUG o.s.j.d.LazyConnectionDataSourceProxy - Using existing database connection for operation &apos;close&apos;
13:25:52.757 [main] DEBUG org.jooq.tools.StopWatch - Finishing                : Total: 4.922ms, +2.158ms
13:25:52.757 [main] DEBUG org.jooq.tools.LoggerListener - Executing query          : SET foreign_key_checks = 0
13:25:52.757 [main] DEBUG o.s.jdbc.datasource.DataSourceUtils - Fetching JDBC Connection from DataSource
13:25:52.757 [main] DEBUG o.s.j.d.LazyConnectionDataSourceProxy - Connecting to database for operation &apos;prepareStatement&apos;
13:25:52.760 [main] DEBUG org.jooq.tools.LoggerListener - Affected row(s)          : 0
13:25:52.760 [main] DEBUG org.jooq.tools.StopWatch - Query executed           : Total: 2.624ms
13:25:52.763 [main] DEBUG o.s.jdbc.datasource.DataSourceUtils - Returning JDBC Connection to DataSource
13:25:52.763 [main] DEBUG o.s.j.d.LazyConnectionDataSourceProxy - Using existing database connection for operation &apos;close&apos;
13:25:52.763 [main] DEBUG org.jooq.tools.StopWatch - Finishing                : Total: 6.093ms, +3.469ms
13:25:52.763 [main] DEBUG org.jooq.tools.LoggerListener - Executing query          : truncate table eh_organizations
13:25:52.764 [main] DEBUG o.s.jdbc.datasource.DataSourceUtils - Fetching JDBC Connection from DataSource
13:25:52.764 [main] DEBUG o.s.j.d.LazyConnectionDataSourceProxy - Connecting to database for operation &apos;prepareStatement&apos;
13:25:53.251 [main] DEBUG org.jooq.tools.LoggerListener - Affected row(s)          : 0
13:25:53.251 [main] DEBUG org.jooq.tools.StopWatch - Query executed           : Total: 487.499ms
13:25:53.254 [main] DEBUG o.s.jdbc.datasource.DataSourceUtils - Returning JDBC Connection to DataSource
13:25:53.254 [main] DEBUG o.s.j.d.LazyConnectionDataSourceProxy - Using existing database connection for operation &apos;close&apos;
13:25:53.254 [main] DEBUG org.jooq.tools.StopWatch - Finishing                : Total: 490.972ms, +3.473ms
13:25:53.254 [main] DEBUG org.jooq.tools.LoggerListener - Executing query          : SET foreign_key_checks = 1
13:25:53.254 [main] DEBUG o.s.jdbc.datasource.DataSourceUtils - Fetching JDBC Connection from DataSource
13:25:53.254 [main] DEBUG o.s.j.d.LazyConnectionDataSourceProxy - Connecting to database for operation &apos;prepareStatement&apos;
13:25:53.257 [main] DEBUG org.jooq.tools.LoggerListener - Affected row(s)          : 0
13:25:53.257 [main] DEBUG org.jooq.tools.StopWatch - Query executed           : Total: 2.833ms
13:25:53.260 [main] DEBUG o.s.jdbc.datasource.DataSourceUtils - Returning JDBC Connection to DataSource
13:25:53.260 [main] DEBUG o.s.j.d.LazyConnectionDataSourceProxy - Using existing database connection for operation &apos;close&apos;
13:25:53.260 [main] DEBUG org.jooq.tools.StopWatch - Finishing                : Total: 5.552ms, +2.718ms
13:25:53.260 [main] DEBUG org.jooq.tools.LoggerListener - Executing query          : SET foreign_key_checks = 0
13:25:53.260 [main] DEBUG o.s.jdbc.datasource.DataSourceUtils - Fetching JDBC Connection from DataSource
13:25:53.260 [main] DEBUG o.s.j.d.LazyConnectionDataSourceProxy - Connecting to database for operation &apos;prepareStatement&apos;
13:25:53.264 [main] DEBUG org.jooq.tools.LoggerListener - Affected row(s)          : 0
13:25:53.264 [main] DEBUG org.jooq.tools.StopWatch - Query executed           : Total: 4.198ms
13:25:53.267 [main] DEBUG o.s.jdbc.datasource.DataSourceUtils - Returning JDBC Connection to DataSource
13:25:53.267 [main] DEBUG o.s.j.d.LazyConnectionDataSourceProxy - Using existing database connection for operation &apos;close&apos;
13:25:53.267 [main] DEBUG org.jooq.tools.StopWatch - Finishing                : Total: 7.012ms, +2.813ms
13:25:53.267 [main] DEBUG org.jooq.tools.LoggerListener - Executing query          : truncate table eh_regions
13:25:53.267 [main] DEBUG o.s.jdbc.datasource.DataSourceUtils - Fetching JDBC Connection from DataSource
13:25:53.267 [main] DEBUG o.s.j.d.LazyConnectionDataSourceProxy - Connecting to database for operation &apos;prepareStatement&apos;
13:25:53.660 [main] DEBUG org.jooq.tools.LoggerListener - Affected row(s)          : 0
13:25:53.660 [main] DEBUG org.jooq.tools.StopWatch - Query executed           : Total: 392.868ms
13:25:53.663 [main] DEBUG o.s.jdbc.datasource.DataSourceUtils - Returning JDBC Connection to DataSource
13:25:53.663 [main] DEBUG o.s.j.d.LazyConnectionDataSourceProxy - Using existing database connection for operation &apos;close&apos;
13:25:53.663 [main] DEBUG org.jooq.tools.StopWatch - Finishing                : Total: 395.669ms, +2.801ms
13:25:53.663 [main] DEBUG org.jooq.tools.LoggerListener - Executing query          : SET foreign_key_checks = 1
13:25:53.663 [main] DEBUG o.s.jdbc.datasource.DataSourceUtils - Fetching JDBC Connection from DataSource
13:25:53.663 [main] DEBUG o.s.j.d.LazyConnectionDataSourceProxy - Connecting to database for operation &apos;prepareStatement&apos;
13:25:53.667 [main] DEBUG org.jooq.tools.LoggerListener - Affected row(s)          : 0
13:25:53.667 [main] DEBUG org.jooq.tools.StopWatch - Query executed           : Total: 4.445ms
13:25:53.670 [main] DEBUG o.s.jdbc.datasource.DataSourceUtils - Returning JDBC Connection to DataSource
13:25:53.670 [main] DEBUG o.s.j.d.LazyConnectionDataSourceProxy - Using existing database connection for operation &apos;close&apos;
13:25:53.670 [main] DEBUG org.jooq.tools.StopWatch - Finishing                : Total: 6.971ms, +2.526ms
13:25:53.670 [main] DEBUG org.jooq.tools.LoggerListener - Executing query          : SET foreign_key_checks = 0
13:25:53.670 [main] DEBUG o.s.jdbc.datasource.DataSourceUtils - Fetching JDBC Connection from DataSource
13:25:53.670 [main] DEBUG o.s.j.d.LazyConnectionDataSourceProxy - Connecting to database for operation &apos;prepareStatement&apos;
13:25:53.672 [main] DEBUG org.jooq.tools.LoggerListener - Affected row(s)          : 0
13:25:53.672 [main] DEBUG org.jooq.tools.StopWatch - Query executed           : Total: 2.395ms
13:25:53.675 [main] DEBUG o.s.jdbc.datasource.DataSourceUtils - Returning JDBC Connection to DataSource
13:25:53.675 [main] DEBUG o.s.j.d.LazyConnectionDataSourceProxy - Using existing database connection for operation &apos;close&apos;
13:25:53.675 [main] DEBUG org.jooq.tools.StopWatch - Finishing                : Total: 5.13ms, +2.734ms
13:25:53.675 [main] DEBUG org.jooq.tools.LoggerListener - Executing query          : truncate table eh_scene_types
13:25:53.675 [main] DEBUG o.s.jdbc.datasource.DataSourceUtils - Fetching JDBC Connection from DataSource
13:25:53.675 [main] DEBUG o.s.j.d.LazyConnectionDataSourceProxy - Connecting to database for operation &apos;prepareStatement&apos;
13:25:53.881 [main] DEBUG org.jooq.tools.LoggerListener - Affected row(s)          : 0
13:25:53.881 [main] DEBUG org.jooq.tools.StopWatch - Query executed           : Total: 206.164ms
13:25:53.883 [main] DEBUG o.s.jdbc.datasource.DataSourceUtils - Returning JDBC Connection to DataSource
13:25:53.883 [main] DEBUG o.s.j.d.LazyConnectionDataSourceProxy - Using existing database connection for operation &apos;close&apos;
13:25:53.883 [main] DEBUG org.jooq.tools.StopWatch - Finishing                : Total: 208.305ms, +2.141ms
13:25:53.883 [main] DEBUG org.jooq.tools.LoggerListener - Executing query          : SET foreign_key_checks = 1
13:25:53.883 [main] DEBUG o.s.jdbc.datasource.DataSourceUtils - Fetching JDBC Connection from DataSource
13:25:53.883 [main] DEBUG o.s.j.d.LazyConnectionDataSourceProxy - Connecting to database for operation &apos;prepareStatement&apos;
13:25:53.885 [main] DEBUG org.jooq.tools.LoggerListener - Affected row(s)          : 0
13:25:53.885 [main] DEBUG org.jooq.tools.StopWatch - Query executed           : Total: 2.152ms
13:25:53.887 [main] DEBUG o.s.jdbc.datasource.DataSourceUtils - Returning JDBC Connection to DataSource
13:25:53.887 [main] DEBUG o.s.j.d.LazyConnectionDataSourceProxy - Using existing database connection for operation &apos;close&apos;
13:25:53.887 [main] DEBUG org.jooq.tools.StopWatch - Finishing                : Total: 4.143ms, +1.99ms
13:25:53.887 [main] DEBUG org.jooq.tools.LoggerListener - Executing query          : SET foreign_key_checks = 0
13:25:53.887 [main] DEBUG o.s.jdbc.datasource.DataSourceUtils - Fetching JDBC Connection from DataSource
13:25:53.887 [main] DEBUG o.s.j.d.LazyConnectionDataSourceProxy - Connecting to database for operation &apos;prepareStatement&apos;
13:25:53.889 [main] DEBUG org.jooq.tools.LoggerListener - Affected row(s)          : 0
13:25:53.889 [main] DEBUG org.jooq.tools.StopWatch - Query executed           : Total: 1.858ms
13:25:53.893 [main] DEBUG o.s.jdbc.datasource.DataSourceUtils - Returning JDBC Connection to DataSource
13:25:53.893 [main] DEBUG o.s.j.d.LazyConnectionDataSourceProxy - Using existing database connection for operation &apos;close&apos;
13:25:53.893 [main] DEBUG org.jooq.tools.StopWatch - Finishing                : Total: 6.025ms, +4.167ms
13:25:53.893 [main] DEBUG org.jooq.tools.LoggerListener - Executing query          : truncate table eh_user_groups
13:25:53.894 [main] DEBUG o.s.jdbc.datasource.DataSourceUtils - Fetching JDBC Connection from DataSource
13:25:53.894 [main] DEBUG o.s.j.d.LazyConnectionDataSourceProxy - Connecting to database for operation &apos;prepareStatement&apos;
13:25:54.274 [main] DEBUG org.jooq.tools.LoggerListener - Affected row(s)          : 0
13:25:54.274 [main] DEBUG org.jooq.tools.StopWatch - Query executed           : Total: 380.753ms
13:25:54.277 [main] DEBUG o.s.jdbc.datasource.DataSourceUtils - Returning JDBC Connection to DataSource
13:25:54.277 [main] DEBUG o.s.j.d.LazyConnectionDataSourceProxy - Using existing database connection for operation &apos;close&apos;
13:25:54.277 [main] DEBUG org.jooq.tools.StopWatch - Finishing                : Total: 383.527ms, +2.773ms
13:25:54.277 [main] DEBUG org.jooq.tools.LoggerListener - Executing query          : SET foreign_key_checks = 1
13:25:54.277 [main] DEBUG o.s.jdbc.datasource.DataSourceUtils - Fetching JDBC Connection from DataSource
13:25:54.277 [main] DEBUG o.s.j.d.LazyConnectionDataSourceProxy - Connecting to database for operation &apos;prepareStatement&apos;
13:25:54.280 [main] DEBUG org.jooq.tools.LoggerListener - Affected row(s)          : 0
13:25:54.280 [main] DEBUG org.jooq.tools.StopWatch - Query executed           : Total: 2.742ms
13:25:54.283 [main] DEBUG o.s.jdbc.datasource.DataSourceUtils - Returning JDBC Connection to DataSource
13:25:54.283 [main] DEBUG o.s.j.d.LazyConnectionDataSourceProxy - Using existing database connection for operation &apos;close&apos;
13:25:54.283 [main] DEBUG org.jooq.tools.StopWatch - Finishing                : Total: 5.562ms, +2.82ms
13:25:54.283 [main] DEBUG org.jooq.tools.LoggerListener - Executing query          : SET foreign_key_checks = 0
13:25:54.283 [main] DEBUG o.s.jdbc.datasource.DataSourceUtils - Fetching JDBC Connection from DataSource
13:25:54.283 [main] DEBUG o.s.j.d.LazyConnectionDataSourceProxy - Connecting to database for operation &apos;prepareStatement&apos;
13:25:54.285 [main] DEBUG org.jooq.tools.LoggerListener - Affected row(s)          : 0
13:25:54.285 [main] DEBUG org.jooq.tools.StopWatch - Query executed           : Total: 2.712ms
13:25:54.288 [main] DEBUG o.s.jdbc.datasource.DataSourceUtils - Returning JDBC Connection to DataSource
13:25:54.288 [main] DEBUG o.s.j.d.LazyConnectionDataSourceProxy - Using existing database connection for operation &apos;close&apos;
13:25:54.288 [main] DEBUG org.jooq.tools.StopWatch - Finishing                : Total: 5.158ms, +2.445ms
13:25:54.288 [main] DEBUG org.jooq.tools.LoggerListener - Executing query          : truncate table eh_user_identifiers
13:25:54.288 [main] DEBUG o.s.jdbc.datasource.DataSourceUtils - Fetching JDBC Connection from DataSource
13:25:54.288 [main] DEBUG o.s.j.d.LazyConnectionDataSourceProxy - Connecting to database for operation &apos;prepareStatement&apos;
13:25:54.786 [main] DEBUG org.jooq.tools.LoggerListener - Affected row(s)          : 0
13:25:54.786 [main] DEBUG org.jooq.tools.StopWatch - Query executed           : Total: 498.133ms
13:25:54.790 [main] DEBUG o.s.jdbc.datasource.DataSourceUtils - Returning JDBC Connection to DataSource
13:25:54.790 [main] DEBUG o.s.j.d.LazyConnectionDataSourceProxy - Using existing database connection for operation &apos;close&apos;
13:25:54.790 [main] DEBUG org.jooq.tools.StopWatch - Finishing                : Total: 501.854ms, +3.72ms
13:25:54.790 [main] DEBUG org.jooq.tools.LoggerListener - Executing query          : SET foreign_key_checks = 1
13:25:54.790 [main] DEBUG o.s.jdbc.datasource.DataSourceUtils - Fetching JDBC Connection from DataSource
13:25:54.790 [main] DEBUG o.s.j.d.LazyConnectionDataSourceProxy - Connecting to database for operation &apos;prepareStatement&apos;
13:25:54.792 [main] DEBUG org.jooq.tools.LoggerListener - Affected row(s)          : 0
13:25:54.792 [main] DEBUG org.jooq.tools.StopWatch - Query executed           : Total: 2.27ms
13:25:54.794 [main] DEBUG o.s.jdbc.datasource.DataSourceUtils - Returning JDBC Connection to DataSource
13:25:54.794 [main] DEBUG o.s.j.d.LazyConnectionDataSourceProxy - Using existing database connection for operation &apos;close&apos;
13:25:54.794 [main] DEBUG org.jooq.tools.StopWatch - Finishing                : Total: 4.622ms, +2.352ms
13:25:54.794 [main] DEBUG org.jooq.tools.LoggerListener - Executing query          : SET foreign_key_checks = 0
13:25:54.794 [main] DEBUG o.s.jdbc.datasource.DataSourceUtils - Fetching JDBC Connection from DataSource
13:25:54.794 [main] DEBUG o.s.j.d.LazyConnectionDataSourceProxy - Connecting to database for operation &apos;prepareStatement&apos;
13:25:54.797 [main] DEBUG org.jooq.tools.LoggerListener - Affected row(s)          : 0
13:25:54.797 [main] DEBUG org.jooq.tools.StopWatch - Query executed           : Total: 2.691ms
13:25:54.800 [main] DEBUG o.s.jdbc.datasource.DataSourceUtils - Returning JDBC Connection to DataSource
13:25:54.800 [main] DEBUG o.s.j.d.LazyConnectionDataSourceProxy - Using existing database connection for operation &apos;close&apos;
13:25:54.800 [main] DEBUG org.jooq.tools.StopWatch - Finishing                : Total: 5.194ms, +2.503ms
13:25:54.800 [main] DEBUG org.jooq.tools.LoggerListener - Executing query          : truncate table eh_user_profiles
13:25:54.800 [main] DEBUG o.s.jdbc.datasource.DataSourceUtils - Fetching JDBC Connection from DataSource
13:25:54.800 [main] DEBUG o.s.j.d.LazyConnectionDataSourceProxy - Connecting to database for operation &apos;prepareStatement&apos;
13:25:55.167 [main] DEBUG org.jooq.tools.LoggerListener - Affected row(s)          : 0
13:25:55.167 [main] DEBUG org.jooq.tools.StopWatch - Query executed           : Total: 367.158ms
13:25:55.169 [main] DEBUG o.s.jdbc.datasource.DataSourceUtils - Returning JDBC Connection to DataSource
13:25:55.169 [main] DEBUG o.s.j.d.LazyConnectionDataSourceProxy - Using existing database connection for operation &apos;close&apos;
13:25:55.169 [main] DEBUG org.jooq.tools.StopWatch - Finishing                : Total: 369.653ms, +2.494ms
13:25:55.169 [main] DEBUG org.jooq.tools.LoggerListener - Executing query          : SET foreign_key_checks = 1
13:25:55.169 [main] DEBUG o.s.jdbc.datasource.DataSourceUtils - Fetching JDBC Connection from DataSource
13:25:55.169 [main] DEBUG o.s.j.d.LazyConnectionDataSourceProxy - Connecting to database for operation &apos;prepareStatement&apos;
13:25:55.172 [main] DEBUG org.jooq.tools.LoggerListener - Affected row(s)          : 0
13:25:55.172 [main] DEBUG org.jooq.tools.StopWatch - Query executed           : Total: 2.467ms
13:25:55.175 [main] DEBUG o.s.jdbc.datasource.DataSourceUtils - Returning JDBC Connection to DataSource
13:25:55.175 [main] DEBUG o.s.j.d.LazyConnectionDataSourceProxy - Using existing database connection for operation &apos;close&apos;
13:25:55.175 [main] DEBUG org.jooq.tools.StopWatch - Finishing                : Total: 5.419ms, +2.951ms
13:25:55.175 [main] DEBUG org.jooq.tools.LoggerListener - Executing query          : SET foreign_key_checks = 0
13:25:55.175 [main] DEBUG o.s.jdbc.datasource.DataSourceUtils - Fetching JDBC Connection from DataSource
13:25:55.175 [main] DEBUG o.s.j.d.LazyConnectionDataSourceProxy - Connecting to database for operation &apos;prepareStatement&apos;
13:25:55.177 [main] DEBUG org.jooq.tools.LoggerListener - Affected row(s)          : 0
13:25:55.177 [main] DEBUG org.jooq.tools.StopWatch - Query executed           : Total: 2.416ms
13:25:55.180 [main] DEBUG o.s.jdbc.datasource.DataSourceUtils - Returning JDBC Connection to DataSource
13:25:55.180 [main] DEBUG o.s.j.d.LazyConnectionDataSourceProxy - Using existing database connection for operation &apos;close&apos;
13:25:55.180 [main] DEBUG org.jooq.tools.StopWatch - Finishing                : Total: 5.081ms, +2.665ms
13:25:55.180 [main] DEBUG org.jooq.tools.LoggerListener - Executing query          : truncate table eh_users
13:25:55.180 [main] DEBUG o.s.jdbc.datasource.DataSourceUtils - Fetching JDBC Connection from DataSource
13:25:55.180 [main] DEBUG o.s.j.d.LazyConnectionDataSourceProxy - Connecting to database for operation &apos;prepareStatement&apos;
13:25:55.503 [main] DEBUG org.jooq.tools.LoggerListener - Affected row(s)          : 0
13:25:55.503 [main] DEBUG org.jooq.tools.StopWatch - Query executed           : Total: 323.077ms
13:25:55.505 [main] DEBUG o.s.jdbc.datasource.DataSourceUtils - Returning JDBC Connection to DataSource
13:25:55.505 [main] DEBUG o.s.j.d.LazyConnectionDataSourceProxy - Using existing database connection for operation &apos;close&apos;
13:25:55.505 [main] DEBUG org.jooq.tools.StopWatch - Finishing                : Total: 325.194ms, +2.116ms
13:25:55.505 [main] DEBUG org.jooq.tools.LoggerListener - Executing query          : SET foreign_key_checks = 1
13:25:55.505 [main] DEBUG o.s.jdbc.datasource.DataSourceUtils - Fetching JDBC Connection from DataSource
13:25:55.505 [main] DEBUG o.s.j.d.LazyConnectionDataSourceProxy - Connecting to database for operation &apos;prepareStatement&apos;
13:25:55.510 [main] DEBUG org.jooq.tools.LoggerListener - Affected row(s)          : 0
13:25:55.510 [main] DEBUG org.jooq.tools.StopWatch - Query executed           : Total: 4.593ms
13:25:55.514 [main] DEBUG o.s.jdbc.datasource.DataSourceUtils - Returning JDBC Connection to DataSource
13:25:55.514 [main] DEBUG o.s.j.d.LazyConnectionDataSourceProxy - Using existing database connection for operation &apos;close&apos;
13:25:55.514 [main] DEBUG org.jooq.tools.StopWatch - Finishing                : Total: 9.199ms, +4.605ms
13:25:55.514 [main] DEBUG o.s.jdbc.datasource.DataSourceUtils - Fetching JDBC Connection from DataSource
13:25:55.514 [main] INFO  o.s.jdbc.datasource.init.ScriptUtils - Executing SQL script from file [/Users/wuhan/workspace/ehnextgen/ehtest-integration/target/classes/data/tables/3.0.x_ehcore-system-init.sql]
13:25:55.517 [main] DEBUG o.s.jdbc.datasource.init.ScriptUtils - 0 returned as updateCount for SQL: SET foreign_key_checks = 0
13:25:55.553 [main] DEBUG o.s.jdbc.datasource.init.ScriptUtils - 1 returned as updateCount for SQL: INSERT INTO `eh_configurations`(`namespace_id`, `name`, `value`, `description`) VALUES (0, &apos;db.init.timestamp&apos;, UTC_TIMESTAMP(), &apos;Database seeding timestamp&apos;)
13:25:55.586 [main] DEBUG o.s.jdbc.datasource.init.ScriptUtils - 1 returned as updateCount for SQL: INSERT INTO `eh_configurations`(`namespace_id`, `name`, `value`, `description`) VALUES (0, &apos;sms.handler.type&apos;,&apos;MW&apos;,&apos;sms handler&apos;)
13:25:55.684 [main] DEBUG o.s.jdbc.datasource.init.ScriptUtils - 1 returned as updateCount for SQL: INSERT INTO `eh_configurations`(`namespace_id`, `name`, `value`, `description`) VALUES (0, &apos;mw.port&apos;,&apos;9003&apos;,&apos;sms handler&apos;)
13:25:55.737 [main] DEBUG o.s.jdbc.datasource.init.ScriptUtils - 1 returned as updateCount for SQL: INSERT INTO `eh_configurations`(`namespace_id`, `name`, `value`, `description`) VALUES (0, &apos;mw.password&apos;,&apos;223651&apos;,&apos;mw password&apos;)
13:25:55.770 [main] DEBUG o.s.jdbc.datasource.init.ScriptUtils - 1 returned as updateCount for SQL: INSERT INTO `eh_configurations`(`namespace_id`, `name`, `value`, `description`) VALUES (0, &apos;mw.user&apos;,&apos;J02300&apos;,&apos;mw user&apos;)
13:25:55.803 [main] DEBUG o.s.jdbc.datasource.init.ScriptUtils - 1 returned as updateCount for SQL: INSERT INTO `eh_configurations`(`namespace_id`, `name`, `value`, `description`) VALUES (0, &apos;mw.host&apos;,&apos;61.145.229.29&apos;,&apos;mw host ,special line&apos;)
13:25:55.837 [main] DEBUG o.s.jdbc.datasource.init.ScriptUtils - 1 returned as updateCount for SQL: INSERT INTO `eh_configurations` (`namespace_id`, `name`, `value`, `description`) VALUES (0, &apos;etag.timeout&apos;, &apos;300&apos;, &apos;the timeout for etag&apos;)
13:25:55.870 [main] DEBUG o.s.jdbc.datasource.init.ScriptUtils - 1 returned as updateCount for SQL: INSERT INTO `eh_configurations` (`namespace_id`, `name`, `value`, `description`) VALUES (0, &apos;home.url&apos;, &apos;http://10.1.1.91:8080&apos;, &apos;the home url&apos;)
13:25:55.904 [main] DEBUG o.s.jdbc.datasource.init.ScriptUtils - 1 returned as updateCount for SQL: INSERT INTO `eh_configurations` (`namespace_id`, `name`, `value`, `description`) VALUES (0, &apos;user.score.url&apos;, &apos;/app/static/score/score.html&apos;, &apos;the relative path for user score&apos;)
[...]
13:26:47.590 [main] DEBUG org.jooq.tools.LoggerListener - Executing batch query    : insert into `eh_groups` (`visible_region_type`, `description`, `private_flag`, `uuid`, `update_time`, `visible_region_id`, `creator_uid`, `id`, `member_count`, `join_policy`, `create_time`, `avatar`, `display_name`, `discriminator`, `share_count`, `string_tag5`, `namespace_id`, `post_flag`, `name`, `integral_tag3`, `integral_tag5`, `integral_tag1`, `status`, `integral_tag2`) values (&apos;0&apos;, &apos;&apos;, &apos;1&apos;, &apos;52a506a4-65b1-11e5-8405-00163e0018d7&apos;, &apos;2015-10-22 14:42:50&apos;, &apos;0&apos;, &apos;0&apos;, &apos;100615&apos;, &apos;1&apos;, &apos;1&apos;, &apos;2014-07-30 09:15:12&apos;, &apos;cs://1/image/aW1hZ2UvTVRvek5ESXhZV1ZtTnpJMVptUTJNV1kxTkdFMFl6STBZekEzTkdKak16UXhaQQ&apos;, &apos;A-510&apos;, &apos;family&apos;, &apos;0&apos;, &apos;&apos;, &apos;0&apos;, &apos;0&apos;, &apos;1802&apos;, &apos;13905&apos;, &apos;24210090697438825&apos;, &apos;24210090697438825&apos;, &apos;1&apos;, &apos;24210090697425925&apos;)
13:26:47.590 [main] DEBUG org.jooq.tools.LoggerListener - Executing batch query    : insert into `eh_group_members` (`member_type`, `member_nick_name`, `member_role`, `uuid`, `update_time`, `member_status`, `creator_uid`, `id`, `member_avatar`, `invite_time`, `member_id`, `create_time`, `group_id`, `integral_tag4`, `integral_tag5`) values (&apos;EhUsers&apos;, &apos;zhangsan&apos;, &apos;7&apos;, &apos;0835d75d-80f4-4df1-a578-ec952579ce20&apos;, &apos;2016-05-13 09:55:10&apos;, &apos;1&apos;, &apos;17447&apos;, &apos;10102&apos;, &apos;cs://1/image/aW1hZ2UvTVRvNFpqQmtPVGd4WVRjNE5UTTFNekZrTXpJMll6VmlNVFk1WVRVNE1qWTBOZw&apos;, &apos;2016-05-13 09:55:10&apos;, &apos;10001&apos;, &apos;2016-05-13 09:55:10&apos;, &apos;100597&apos;, &apos;1&apos;, &apos;0&apos;)
13:26:47.590 [main] DEBUG org.jooq.tools.LoggerListener - Executing batch query    : insert into `eh_group_members` (`member_type`, `member_nick_name`, `member_role`, `uuid`, `update_time`, `member_status`, `creator_uid`, `id`, `member_avatar`, `invite_time`, `member_id`, `create_time`, `group_id`, `integral_tag4`, `integral_tag5`) values (&apos;EhUsers&apos;, &apos;zhang-46&apos;, &apos;7&apos;, &apos;0835d75e-80f4-4df1-a578-ec952579ce20&apos;, &apos;2016-06-10 19:25:10&apos;, &apos;1&apos;, &apos;17447&apos;, &apos;10103&apos;, &apos;cs://1/image/aW1hZ2UvTVRvNFpqQmtPVGd4WVRjNE5UTTFNekZrTXpJMll6VmlNVFk1WVRVNE1qWTBOZw&apos;, &apos;2016-06-10 19:25:10&apos;, &apos;10001&apos;, &apos;2016-06-10 19:25:10&apos;, &apos;100615&apos;, &apos;1&apos;, &apos;0&apos;)
13:26:47.590 [main] DEBUG org.jooq.tools.LoggerListener - Executing batch query    : insert into `eh_user_groups` (`create_time`, `group_id`, `member_role`, `owner_uid`, `member_status`, `group_discriminator`, `region_scope`, `region_scope_id`, `id`) values (&apos;2016-05-13 09:55:10&apos;, &apos;100597&apos;, &apos;7&apos;, &apos;10001&apos;, &apos;1&apos;, &apos;family&apos;, &apos;4&apos;, &apos;24210090697425925&apos;, &apos;10202&apos;)
13:26:47.590 [main] DEBUG org.jooq.tools.LoggerListener - Executing batch query    : insert into `eh_user_groups` (`create_time`, `group_id`, `member_role`, `owner_uid`, `member_status`, `group_discriminator`, `region_scope`, `region_scope_id`, `id`) values (&apos;2016-05-13 09:55:10&apos;, &apos;100615&apos;, &apos;7&apos;, &apos;10001&apos;, &apos;1&apos;, &apos;family&apos;, &apos;4&apos;, &apos;24210090697425925&apos;, &apos;10203&apos;)
13:26:47.922 [main] DEBUG org.jooq.tools.StopWatch - Query executed           : Total: 332.276ms
13:26:47.925 [main] DEBUG o.s.jdbc.datasource.DataSourceUtils - Returning JDBC Connection to DataSource
13:26:47.925 [main] DEBUG o.s.j.d.LazyConnectionDataSourceProxy - Using existing database connection for operation &apos;close&apos;
13:26:47.925 [main] DEBUG org.jooq.tools.StopWatch - Finishing                : Total: 335.622ms, +3.345ms
13:26:47.925 [main] DEBUG o.s.jdbc.datasource.DataSourceUtils - Fetching JDBC Connection from DataSource
13:26:47.925 [main] DEBUG o.s.j.d.LazyConnectionDataSourceProxy - Connecting to database for operation &apos;createStatement&apos;
13:26:47.925 [main] DEBUG org.jooq.tools.LoggerListener - Executing batch query    : insert into `eh_scene_types` (`namespace_id`, `create_time`, `parent_id`, `name`, `id`, `display_name`) values (&apos;0&apos;, &apos;2016-03-06 10:50:32&apos;, &apos;0&apos;, &apos;default&apos;, &apos;1&apos;, &apos;????&apos;)
13:26:47.925 [main] DEBUG org.jooq.tools.LoggerListener - Executing batch query    : insert into `eh_scene_types` (`namespace_id`, `create_time`, `parent_id`, `name`, `id`, `display_name`) values (&apos;0&apos;, &apos;2016-03-06 10:50:32&apos;, &apos;0&apos;, &apos;pm_admin&apos;, &apos;2&apos;, &apos;???????&apos;)
13:26:47.925 [main] DEBUG org.jooq.tools.LoggerListener - Executing batch query    : insert into `eh_scene_types` (`namespace_id`, `create_time`, `parent_id`, `name`, `id`, `display_name`) values (&apos;0&apos;, &apos;2016-05-11 09:15:50&apos;, &apos;1&apos;, &apos;family&apos;, &apos;3&apos;, &apos;????&apos;)
13:26:47.926 [main] DEBUG org.jooq.tools.LoggerListener - Executing batch query    : insert into `eh_scene_types` (`namespace_id`, `create_time`, `parent_id`, `name`, `id`, `display_name`) values (&apos;0&apos;, &apos;2016-05-11 09:15:50&apos;, &apos;0&apos;, &apos;park_tourist&apos;, &apos;4&apos;, &apos;??????&apos;)
13:26:47.926 [main] DEBUG org.jooq.tools.LoggerListener - Executing batch query    : insert into `eh_scene_types` (`namespace_id`, `create_time`, `parent_id`, `name`, `id`, `display_name`) values (&apos;0&apos;, &apos;2016-05-11 09:15:50&apos;, &apos;4&apos;, &apos;enterprise&apos;, &apos;5&apos;, &apos;?????????????????????&apos;)
13:26:47.926 [main] DEBUG org.jooq.tools.LoggerListener - Executing batch query    : insert into `eh_scene_types` (`namespace_id`, `create_time`, `parent_id`, `name`, `id`, `display_name`) values (&apos;0&apos;, &apos;2016-05-11 09:15:50&apos;, &apos;4&apos;, &apos;enterprise_noauth&apos;, &apos;6&apos;, &apos;???????????????????????&apos;)
13:26:48.161 [main] DEBUG org.jooq.tools.StopWatch - Query executed           : Total: 236.066ms
13:26:48.164 [main] DEBUG o.s.jdbc.datasource.DataSourceUtils - Returning JDBC Connection to DataSource
13:26:48.164 [main] DEBUG o.s.j.d.LazyConnectionDataSourceProxy - Using existing database connection for operation &apos;close&apos;
13:26:48.164 [main] DEBUG org.jooq.tools.StopWatch - Finishing                : Total: 238.663ms, +2.596ms
13:26:48.164 [main] DEBUG o.s.jdbc.datasource.DataSourceUtils - Fetching JDBC Connection from DataSource
13:26:48.164 [main] DEBUG o.s.j.d.LazyConnectionDataSourceProxy - Connecting to database for operation &apos;createStatement&apos;
13:26:48.165 [main] DEBUG org.jooq.tools.LoggerListener - Executing batch query    : insert into `eh_organizations` (`id`, `parent_id`, `organization_type`, `name`, `address_id`, `description`, `path`, `level`, `status`, `department_type`, `group_type`, `group_id`, `directly_enterprise_id`) values (&apos;1000750&apos;, &apos;0&apos;, &apos;PM&apos;, &apos;????????????????&apos;, &apos;0&apos;, &apos;&apos;, &apos;/1000750&apos;, &apos;1&apos;, &apos;2&apos;, &apos;&apos;, &apos;ENTERPRISE&apos;, &apos;122&apos;, &apos;0&apos;)
13:26:48.165 [main] DEBUG org.jooq.tools.LoggerListener - Executing batch query    : insert into `eh_organizations` (`id`, `parent_id`, `organization_type`, `name`, `address_id`, `description`, `path`, `level`, `status`, `department_type`, `group_type`, `group_id`, `directly_enterprise_id`) values (&apos;1000760&apos;, &apos;0&apos;, &apos;ENTERPRISE&apos;, &apos;??&apos;, &apos;0&apos;, &apos;&apos;, &apos;/1000760&apos;, &apos;1&apos;, &apos;2&apos;, &apos;&apos;, &apos;ENTERPRISE&apos;, &apos;122&apos;, &apos;0&apos;)
13:26:48.165 [main] DEBUG org.jooq.tools.LoggerListener - Executing batch query    : insert into `eh_organization_members` (`id`, `organization_id`, `target_type`, `target_id`, `contact_type`, `contact_token`, `status`) values (&apos;1&apos;, &apos;1000750&apos;, &apos;user&apos;, &apos;10001&apos;, &apos;0&apos;, &apos;12000000001&apos;, &apos;3&apos;)
13:26:48.165 [main] DEBUG org.jooq.tools.LoggerListener - Executing batch query    : insert into `eh_organization_members` (`id`, `organization_id`, `target_type`, `target_id`, `contact_type`, `contact_token`, `status`) values (&apos;2&apos;, &apos;1000760&apos;, &apos;user&apos;, &apos;10020&apos;, &apos;0&apos;, &apos;12000000020&apos;, &apos;3&apos;)
13:26:48.165 [main] DEBUG org.jooq.tools.LoggerListener - Executing batch query    : insert into `eh_user_profiles` (`id`, `app_id`, `owner_id`, `item_name`, `item_kind`, `item_value`, `integral_tag2`) values (&apos;1&apos;, &apos;0&apos;, &apos;10010&apos;, &apos;user-current-community&apos;, &apos;1&apos;, &apos;24210090697425925&apos;, &apos;0&apos;)
13:26:48.165 [main] DEBUG org.jooq.tools.LoggerListener - Executing batch query    : insert into `eh_organization_community_requests` (`id`, `community_id`, `member_type`, `member_id`, `member_status`) values (&apos;1&apos;, &apos;24210090697425925&apos;, &apos;organization&apos;, &apos;1000750&apos;, &apos;3&apos;)
13:26:48.165 [main] DEBUG org.jooq.tools.LoggerListener - Executing batch query    : insert into `eh_organization_community_requests` (`id`, `community_id`, `member_type`, `member_id`, `member_status`) values (&apos;2&apos;, &apos;24210090697425925&apos;, &apos;organization&apos;, &apos;1000760&apos;, &apos;3&apos;)
13:26:48.165 [main] DEBUG org.jooq.tools.LoggerListener - Executing batch query    : insert into `eh_organization_communities` (`id`, `community_id`, `organization_id`) values (&apos;1&apos;, &apos;24210090697425925&apos;, &apos;1000750&apos;)
13:26:48.165 [main] DEBUG org.jooq.tools.LoggerListener - Executing batch query    : insert into `eh_organization_task_targets` (`id`, `owner_type`, `owner_id`, `target_type`, `target_id`, `task_type`, `message_type`) values (&apos;1&apos;, &apos;EhCommunities&apos;, &apos;24210090697425925&apos;, &apos;EhUsers&apos;, &apos;10001&apos;, &apos;REPAIRS&apos;, &apos;push&apos;)
13:26:48.706 [main] DEBUG org.jooq.tools.StopWatch - Query executed           : Total: 542.11ms
13:26:48.709 [main] DEBUG o.s.jdbc.datasource.DataSourceUtils - Returning JDBC Connection to DataSource
13:26:48.709 [main] DEBUG o.s.j.d.LazyConnectionDataSourceProxy - Using existing database connection for operation &apos;close&apos;
13:26:48.709 [main] DEBUG org.jooq.tools.StopWatch - Finishing                : Total: 544.854ms, +2.744ms
13:26:48.710 [main] DEBUG o.s.jdbc.datasource.DataSourceUtils - Fetching JDBC Connection from DataSource
13:26:48.710 [main] DEBUG o.s.j.d.LazyConnectionDataSourceProxy - Connecting to database for operation &apos;createStatement&apos;
13:26:48.710 [main] DEBUG org.jooq.tools.LoggerListener - Executing batch query    : insert into `eh_user_launch_pad_items` (`id`, `item_id`, `owner_type`, `owner_id`, `user_id`, `default_order`, `apply_policy`, `display_flag`, `scene_type`) values (&apos;1&apos;, &apos;31&apos;, &apos;EhCommunities&apos;, &apos;24210090697425925&apos;, &apos;10001&apos;, &apos;90&apos;, &apos;1&apos;, &apos;0&apos;, &apos;pm_admin&apos;)
13:26:48.710 [main] DEBUG org.jooq.tools.LoggerListener - Executing batch query    : insert into `eh_user_launch_pad_items` (`id`, `item_id`, `owner_type`, `owner_id`, `user_id`, `default_order`, `apply_policy`, `display_flag`, `scene_type`) values (&apos;2&apos;, &apos;32&apos;, &apos;EhCommunities&apos;, &apos;24210090697425925&apos;, &apos;10001&apos;, &apos;90&apos;, &apos;1&apos;, &apos;0&apos;, &apos;park_tourist&apos;)
13:26:48.710 [main] DEBUG org.jooq.tools.LoggerListener - Executing batch query    : insert into `eh_user_launch_pad_items` (`id`, `item_id`, `owner_type`, `owner_id`, `user_id`, `default_order`, `apply_policy`, `display_flag`, `scene_type`) values (&apos;3&apos;, &apos;33&apos;, &apos;EhCommunities&apos;, &apos;24210090697425925&apos;, &apos;10001&apos;, &apos;90&apos;, &apos;1&apos;, &apos;0&apos;, &apos;default&apos;)
13:26:48.710 [main] DEBUG org.jooq.tools.LoggerListener - Executing batch query    : insert into `eh_user_launch_pad_items` (`id`, `item_id`, `owner_type`, `owner_id`, `user_id`, `default_order`, `apply_policy`, `display_flag`, `scene_type`) values (&apos;4&apos;, &apos;34&apos;, &apos;EhCommunities&apos;, &apos;24210090697425925&apos;, &apos;10001&apos;, &apos;80&apos;, &apos;1&apos;, &apos;1&apos;, &apos;pm_admin&apos;)
13:26:48.710 [main] DEBUG org.jooq.tools.LoggerListener - Executing batch query    : insert into `eh_user_launch_pad_items` (`id`, `item_id`, `owner_type`, `owner_id`, `user_id`, `default_order`, `apply_policy`, `display_flag`, `scene_type`) values (&apos;5&apos;, &apos;35&apos;, &apos;EhCommunities&apos;, &apos;24210090697425925&apos;, &apos;10001&apos;, &apos;80&apos;, &apos;1&apos;, &apos;1&apos;, &apos;park_tourist&apos;)
13:26:48.710 [main] DEBUG org.jooq.tools.LoggerListener - Executing batch query    : insert into `eh_user_launch_pad_items` (`id`, `item_id`, `owner_type`, `owner_id`, `user_id`, `default_order`, `apply_policy`, `display_flag`, `scene_type`) values (&apos;6&apos;, &apos;36&apos;, &apos;EhCommunities&apos;, &apos;24210090697425925&apos;, &apos;10001&apos;, &apos;80&apos;, &apos;1&apos;, &apos;1&apos;, &apos;default&apos;)
13:26:48.710 [main] DEBUG org.jooq.tools.LoggerListener - Executing batch query    : insert into `eh_user_launch_pad_items` (`id`, `item_id`, `owner_type`, `owner_id`, `user_id`, `default_order`, `apply_policy`, `display_flag`, `scene_type`) values (&apos;7&apos;, &apos;38&apos;, &apos;EhOrganizations&apos;, &apos;1000750&apos;, &apos;10001&apos;, &apos;70&apos;, &apos;1&apos;, &apos;0&apos;, &apos;park_tourist&apos;)
13:26:48.710 [main] DEBUG org.jooq.tools.LoggerListener - Executing batch query    : insert into `eh_user_launch_pad_items` (`id`, `item_id`, `owner_type`, `owner_id`, `user_id`, `default_order`, `apply_policy`, `display_flag`, `scene_type`) values (&apos;8&apos;, &apos;37&apos;, &apos;EhOrganizations&apos;, &apos;1000750&apos;, &apos;10001&apos;, &apos;70&apos;, &apos;1&apos;, &apos;0&apos;, &apos;pm_admin&apos;)
13:26:48.710 [main] DEBUG org.jooq.tools.LoggerListener - Executing batch query    : insert into `eh_user_launch_pad_items` (`id`, `item_id`, `owner_type`, `owner_id`, `user_id`, `default_order`, `apply_policy`, `display_flag`, `scene_type`) values (&apos;9&apos;, &apos;40&apos;, &apos;EhOrganizations&apos;, &apos;1000750&apos;, &apos;10001&apos;, &apos;75&apos;, &apos;1&apos;, &apos;1&apos;, &apos;park_tourist&apos;)
13:26:48.710 [main] DEBUG org.jooq.tools.LoggerListener - Executing batch query    : insert into `eh_user_launch_pad_items` (`id`, `item_id`, `owner_type`, `owner_id`, `user_id`, `default_order`, `apply_policy`, `display_flag`, `scene_type`) values (&apos;10&apos;, &apos;39&apos;, &apos;EhOrganizations&apos;, &apos;1000750&apos;, &apos;10001&apos;, &apos;75&apos;, &apos;1&apos;, &apos;1&apos;, &apos;pm_admin&apos;)
13:26:48.710 [main] DEBUG org.jooq.tools.LoggerListener - Executing batch query    : insert into `eh_user_launch_pad_items` (`id`, `item_id`, `owner_type`, `owner_id`, `user_id`, `default_order`, `apply_policy`, `display_flag`, `scene_type`) values (&apos;11&apos;, &apos;43&apos;, &apos;EhOrganizations&apos;, &apos;1000760&apos;, &apos;10020&apos;, &apos;88&apos;, &apos;1&apos;, &apos;1&apos;, &apos;park_tourist&apos;)
13:26:48.710 [main] DEBUG org.jooq.tools.LoggerListener - Executing batch query    : insert into `eh_user_launch_pad_items` (`id`, `item_id`, `owner_type`, `owner_id`, `user_id`, `default_order`, `apply_policy`, `display_flag`, `scene_type`) values (&apos;12&apos;, &apos;44&apos;, &apos;EhOrganizations&apos;, &apos;1000760&apos;, &apos;10020&apos;, &apos;88&apos;, &apos;1&apos;, &apos;0&apos;, &apos;park_tourist&apos;)
13:26:49.291 [main] DEBUG org.jooq.tools.StopWatch - Query executed           : Total: 581.209ms
13:26:49.294 [main] DEBUG o.s.jdbc.datasource.DataSourceUtils - Returning JDBC Connection to DataSource
13:26:49.294 [main] DEBUG o.s.j.d.LazyConnectionDataSourceProxy - Using existing database connection for operation &apos;close&apos;
13:26:49.294 [main] DEBUG org.jooq.tools.StopWatch - Finishing                : Total: 584.044ms, +2.834ms
13:26:49.294 [main] DEBUG o.s.d.r.core.RedisConnectionUtils - Opening RedisConnection
13:26:49.324 [main] DEBUG o.s.d.r.core.RedisConnectionUtils - Closing Redis Connection
13:26:49.325 [main] DEBUG o.a.h.c.protocol.RequestAddCookies - CookieSpec selected: best-match
13:26:49.325 [main] DEBUG o.a.h.c.protocol.RequestAuthCache - Auth cache not set in the context
13:26:49.325 [main] DEBUG o.a.h.i.c.PoolingHttpClientConnectionManager - Connection request: [route: {}-&gt;http://127.0.0.1:8080][total kept alive: 0; route allocated: 0 of 2; total allocated: 0 of 20]
13:26:49.325 [main] DEBUG o.a.h.i.c.PoolingHttpClientConnectionManager - Connection leased: [id: 453][route: {}-&gt;http://127.0.0.1:8080][total kept alive: 0; route allocated: 1 of 2; total allocated: 1 of 20]
13:26:49.325 [main] DEBUG o.a.h.impl.execchain.MainClientExec - Opening connection {}-&gt;http://127.0.0.1:8080
13:26:49.325 [main] DEBUG o.a.h.i.c.HttpClientConnectionOperator - Connecting to /127.0.0.1:8080
13:26:49.325 [main] DEBUG o.a.h.i.c.DefaultManagedHttpClientConnection - http-outgoing-453: Shutdown connection
13:26:49.325 [main] DEBUG o.a.h.impl.execchain.MainClientExec - Connection discarded
13:26:49.325 [main] DEBUG o.a.h.i.c.DefaultManagedHttpClientConnection - http-outgoing-453: Close connection
13:26:49.325 [main] DEBUG o.a.h.i.c.PoolingHttpClientConnectionManager - Connection released: [id: 453][route: {}-&gt;http://127.0.0.1:8080][total kept alive: 0; route allocated: 0 of 2; total allocated: 0 of 20]
13:26:49.326 [main] DEBUG o.s.t.c.s.DirtiesContextTestExecutionListener - After test method: context [DefaultTestContext@2434de7 testClass = GetLaunchPadItemsBySceneTest, testInstance = null(com.everhomes.test.junit.ui.launchpad.GetLaunchPadItemsBySceneTest), testMethod = testGetLaunchPadItemsByScene4@GetLaunchPadItemsBySceneTest, testException = java.lang.IllegalStateException: Failed to login before synchronizing sequence, user=root, error={&quot;version&quot;:&quot;1.0.0&quot;,&quot;errorScope&quot;:&quot;HTTP&quot;,&quot;errorCode&quot;:502,&quot;errorDescription&quot;:&quot;Connect to 127.0.0.1:8080 [/127.0.0.1] failed: Connection refused&quot;}, mergedContextConfiguration = [MergedContextConfiguration@2da2027b testClass = GetLaunchPadItemsBySceneTest, locations = &apos;{}&apos;, classes = &apos;{class com.everhomes.test.core.base.BaseServerConfig, class com.everhomes.test.core.persist.PersistConfig, class com.everhomes.test.core.redis.RedisConfig}&apos;, contextInitializerClasses = &apos;[]&apos;, activeProfiles = &apos;{}&apos;, contextLoader = &apos;org.springframework.test.context.support.AnnotationConfigContextLoader&apos;, parent = [null]]], class dirties context [false], class mode [null], method dirties context [false].
</system-out>
  </testcase>
</testsuite>